2021-03-14 09:45:46.487 | INFO     | __main__:main:28 - Load config from configs/gcpa_gald_net_config.yaml
2021-03-14 09:45:46.487 | INFO     | __main__:main:29 - {'dataset': {'data_path': '/home/admin_mcn/hung/polyp_segmentation/data/Kvasir_fold_new', 'train_data_path': ['/home/admin_mcn/hung/polyp_segmentation/data/kvasir-seg/TrainDataset'], 'test_data_path': ['/home/admin_mcn/hung/polyp_segmentation/data/kvasir-seg/TestDataset/CVC-300'], 'fold': 5, 'img_size': 352}, 'model': {'save_dir': '/home/admin_mcn/hung/polyp_segmentation/snapshots/noaug_GCPAPSPSmallNet_kfold', 'arch': 'GCPAPSPSmallNet', 'save_from': 80, 'start_from': 0, 'num_epochs': 100}, 'optimizer': {'name': 'adam', 'lr': 0.0001, 'clip': 0.5, 'scheduler': 'cosine_warmup', 'num_warmup_epoch': 5, 'loss': 'structure_loss'}, 'train': {'fold': 5, 'is_val': False, 'size_rates': [0.75, 1, 1.25], 'dataloader': {'batchsize': 40, 'shuffle': True, 'img_size': 352, 'pin_memory': True, 'drop_last': True}, 'augment': {'prob': 0, 'blur_prob': 0.7, 'jitter_prob': 0.7, 'rotate_prob': 0.7, 'flip_prob': 0.7}}, 'test': {'folds': {5: [130, 150]}, 'visualize': False, 'visualize_dir': '/home/admin_mcn/hung/polyp_segmentation/results/PraNet_kfold', 'vis_x': 180, 'vis_overwrite': False, 'dataloader': {'batchsize': 1, 'shuffle': False, 'img_size': 352, 'pin_memory': True, 'drop_last': True}, 'augment': {'prob': 0, 'blur_prob': 0, 'jitter_prob': 0, 'rotate_prob': 0, 'flip_prob': 0}}}
2021-03-14 09:45:46.487 | INFO     | __main__:main:32 - Getting datapath
2021-03-14 09:45:46.494 | INFO     | __main__:main:53 - Loading data
2021-03-14 09:45:46.494 | INFO     | __main__:main:77 - Loading model
2021-03-14 09:45:48.279 | INFO     | __main__:main:142 - ####################Start Training Fold 5####################
2021-03-14 09:46:43.684 | INFO     | network.models.trainer:fit:211 - 2021-03-14 09:46:43.684136 Epoch [000/000], with lr = 1.25e-05, Step [0025/0036],                        [loss_record2: 1.2485,loss_record3: 1.2244,loss_record4: 1.2777,loss_record5: 1.2962, loss_all: 3.5131]
2021-03-14 09:47:06.658 | INFO     | network.models.trainer:fit:211 - 2021-03-14 09:47:06.657842 Epoch [000/000], with lr = 1.25e-05, Step [0036/0036],                        [loss_record2: 1.1746,loss_record3: 1.1543,loss_record4: 1.2088,loss_record5: 1.2322, loss_all: 3.3162]
2021-03-14 09:48:00.944 | INFO     | network.models.trainer:fit:211 - 2021-03-14 09:48:00.943612 Epoch [001/001], with lr = 3e-05, Step [0025/0036],                        [loss_record2: 0.7707,loss_record3: 0.7775,loss_record4: 0.8406,loss_record5: 0.9044, loss_all: 2.2588]
2021-03-14 09:48:23.821 | INFO     | network.models.trainer:fit:211 - 2021-03-14 09:48:23.821095 Epoch [001/001], with lr = 3e-05, Step [0036/0036],                        [loss_record2: 0.7127,loss_record3: 0.7252,loss_record4: 0.7945,loss_record5: 0.8689, loss_all: 2.1172]
2021-03-14 09:49:16.158 | INFO     | network.models.trainer:fit:211 - 2021-03-14 09:49:16.158093 Epoch [002/002], with lr = 4.75e-05, Step [0025/0036],                        [loss_record2: 0.4034,loss_record3: 0.4347,loss_record4: 0.5313,loss_record5: 0.6558, loss_all: 1.3323]
2021-03-14 09:49:41.014 | INFO     | network.models.trainer:fit:211 - 2021-03-14 09:49:41.014287 Epoch [002/002], with lr = 4.75e-05, Step [0036/0036],                        [loss_record2: 0.3900,loss_record3: 0.4203,loss_record4: 0.5148,loss_record5: 0.6405, loss_all: 1.2913]
2021-03-14 09:50:33.195 | INFO     | network.models.trainer:fit:211 - 2021-03-14 09:50:33.194913 Epoch [003/003], with lr = 6.500000000000001e-05, Step [0025/0036],                        [loss_record2: 0.2739,loss_record3: 0.2988,loss_record4: 0.3813,loss_record5: 0.5153, loss_all: 0.9478]
2021-03-14 09:50:57.253 | INFO     | network.models.trainer:fit:211 - 2021-03-14 09:50:57.252994 Epoch [003/003], with lr = 6.500000000000001e-05, Step [0036/0036],                        [loss_record2: 0.2630,loss_record3: 0.2864,loss_record4: 0.3666,loss_record5: 0.4992, loss_all: 0.9118]
2021-03-14 09:51:50.219 | INFO     | network.models.trainer:fit:211 - 2021-03-14 09:51:50.219026 Epoch [004/004], with lr = 8.25e-05, Step [0025/0036],                        [loss_record2: 0.2106,loss_record3: 0.2302,loss_record4: 0.2990,loss_record5: 0.4304, loss_all: 0.7463]
2021-03-14 09:52:13.424 | INFO     | network.models.trainer:fit:211 - 2021-03-14 09:52:13.423489 Epoch [004/004], with lr = 8.25e-05, Step [0036/0036],                        [loss_record2: 0.2098,loss_record3: 0.2285,loss_record4: 0.2962,loss_record5: 0.4261, loss_all: 0.7407]
2021-03-14 09:53:07.186 | INFO     | network.models.trainer:fit:211 - 2021-03-14 09:53:07.185989 Epoch [005/005], with lr = 0.0001, Step [0025/0036],                        [loss_record2: 0.1899,loss_record3: 0.2042,loss_record4: 0.2595,loss_record5: 0.3800, loss_all: 0.6610]
2021-03-14 09:53:29.932 | INFO     | network.models.trainer:fit:211 - 2021-03-14 09:53:29.932422 Epoch [005/005], with lr = 0.0001, Step [0036/0036],                        [loss_record2: 0.1902,loss_record3: 0.2041,loss_record4: 0.2584,loss_record5: 0.3769, loss_all: 0.6594]
2021-03-14 09:54:23.923 | INFO     | network.models.trainer:fit:211 - 2021-03-14 09:54:23.922425 Epoch [006/006], with lr = 0.0001, Step [0025/0036],                        [loss_record2: 0.1683,loss_record3: 0.1810,loss_record4: 0.2322,loss_record5: 0.3425, loss_all: 0.5894]
2021-03-14 09:54:47.013 | INFO     | network.models.trainer:fit:211 - 2021-03-14 09:54:47.012742 Epoch [006/006], with lr = 0.0001, Step [0036/0036],                        [loss_record2: 0.1676,loss_record3: 0.1798,loss_record4: 0.2298,loss_record5: 0.3374, loss_all: 0.5844]
2021-03-14 09:55:39.931 | INFO     | network.models.trainer:fit:211 - 2021-03-14 09:55:39.930659 Epoch [007/007], with lr = 9.997532801828658e-05, Step [0025/0036],                        [loss_record2: 0.1454,loss_record3: 0.1562,loss_record4: 0.2006,loss_record5: 0.3061, loss_all: 0.5132]
2021-03-14 09:56:04.502 | INFO     | network.models.trainer:fit:211 - 2021-03-14 09:56:04.502143 Epoch [007/007], with lr = 9.997532801828658e-05, Step [0036/0036],                        [loss_record2: 0.1476,loss_record3: 0.1581,loss_record4: 0.2016,loss_record5: 0.3037, loss_all: 0.5166]
2021-03-14 09:56:57.125 | INFO     | network.models.trainer:fit:211 - 2021-03-14 09:56:57.124662 Epoch [008/008], with lr = 9.990133642141359e-05, Step [0025/0036],                        [loss_record2: 0.1282,loss_record3: 0.1383,loss_record4: 0.1787,loss_record5: 0.2756, loss_all: 0.4563]
2021-03-14 09:57:21.738 | INFO     | network.models.trainer:fit:211 - 2021-03-14 09:57:21.738200 Epoch [008/008], with lr = 9.990133642141359e-05, Step [0036/0036],                        [loss_record2: 0.1287,loss_record3: 0.1387,loss_record4: 0.1787,loss_record5: 0.2745, loss_all: 0.4567]
2021-03-14 09:58:14.265 | INFO     | network.models.trainer:fit:211 - 2021-03-14 09:58:14.264955 Epoch [009/009], with lr = 9.977809823015401e-05, Step [0025/0036],                        [loss_record2: 0.1158,loss_record3: 0.1245,loss_record4: 0.1614,loss_record5: 0.2542, loss_all: 0.4139]
2021-03-14 09:58:37.099 | INFO     | network.models.trainer:fit:211 - 2021-03-14 09:58:37.098796 Epoch [009/009], with lr = 9.977809823015401e-05, Step [0036/0036],                        [loss_record2: 0.1165,loss_record3: 0.1253,loss_record4: 0.1617,loss_record5: 0.2543, loss_all: 0.4154]
2021-03-14 09:59:31.470 | INFO     | network.models.trainer:fit:211 - 2021-03-14 09:59:31.470154 Epoch [010/010], with lr = 9.960573506572391e-05, Step [0025/0036],                        [loss_record2: 0.1097,loss_record3: 0.1176,loss_record4: 0.1533,loss_record5: 0.2451, loss_all: 0.3938]
2021-03-14 09:59:54.587 | INFO     | network.models.trainer:fit:211 - 2021-03-14 09:59:54.586662 Epoch [010/010], with lr = 9.960573506572391e-05, Step [0036/0036],                        [loss_record2: 0.1104,loss_record3: 0.1181,loss_record4: 0.1529,loss_record5: 0.2436, loss_all: 0.3940]
2021-03-14 10:00:49.130 | INFO     | network.models.trainer:fit:211 - 2021-03-14 10:00:49.130099 Epoch [011/011], with lr = 9.93844170297569e-05, Step [0025/0036],                        [loss_record2: 0.1032,loss_record3: 0.1107,loss_record4: 0.1437,loss_record5: 0.2326, loss_all: 0.3710]
2021-03-14 10:01:12.038 | INFO     | network.models.trainer:fit:211 - 2021-03-14 10:01:12.038260 Epoch [011/011], with lr = 9.93844170297569e-05, Step [0036/0036],                        [loss_record2: 0.1033,loss_record3: 0.1106,loss_record4: 0.1438,loss_record5: 0.2312, loss_all: 0.3706]
2021-03-14 10:02:06.054 | INFO     | network.models.trainer:fit:211 - 2021-03-14 10:02:06.053569 Epoch [012/012], with lr = 9.911436253643445e-05, Step [0025/0036],                        [loss_record2: 0.0976,loss_record3: 0.1045,loss_record4: 0.1365,loss_record5: 0.2245, loss_all: 0.3530]
2021-03-14 10:02:29.719 | INFO     | network.models.trainer:fit:211 - 2021-03-14 10:02:29.719213 Epoch [012/012], with lr = 9.911436253643445e-05, Step [0036/0036],                        [loss_record2: 0.0975,loss_record3: 0.1043,loss_record4: 0.1363,loss_record5: 0.2240, loss_all: 0.3524]
2021-03-14 10:03:22.512 | INFO     | network.models.trainer:fit:211 - 2021-03-14 10:03:22.511683 Epoch [013/013], with lr = 9.879583809693738e-05, Step [0025/0036],                        [loss_record2: 0.0918,loss_record3: 0.0981,loss_record4: 0.1290,loss_record5: 0.2147, loss_all: 0.3335]
2021-03-14 10:03:47.026 | INFO     | network.models.trainer:fit:211 - 2021-03-14 10:03:47.025310 Epoch [013/013], with lr = 9.879583809693738e-05, Step [0036/0036],                        [loss_record2: 0.0921,loss_record3: 0.0986,loss_record4: 0.1295,loss_record5: 0.2143, loss_all: 0.3345]
2021-03-14 10:04:39.223 | INFO     | network.models.trainer:fit:211 - 2021-03-14 10:04:39.222631 Epoch [014/014], with lr = 9.842915805643157e-05, Step [0025/0036],                        [loss_record2: 0.0882,loss_record3: 0.0941,loss_record4: 0.1237,loss_record5: 0.2079, loss_all: 0.3208]
2021-03-14 10:05:02.678 | INFO     | network.models.trainer:fit:211 - 2021-03-14 10:05:02.678364 Epoch [014/014], with lr = 9.842915805643157e-05, Step [0036/0036],                        [loss_record2: 0.0887,loss_record3: 0.0948,loss_record4: 0.1241,loss_record5: 0.2080, loss_all: 0.3222]
2021-03-14 10:05:56.558 | INFO     | network.models.trainer:fit:211 - 2021-03-14 10:05:56.558235 Epoch [015/015], with lr = 9.801468428384717e-05, Step [0025/0036],                        [loss_record2: 0.0857,loss_record3: 0.0911,loss_record4: 0.1202,loss_record5: 0.1999, loss_all: 0.3106]
2021-03-14 10:06:19.734 | INFO     | network.models.trainer:fit:211 - 2021-03-14 10:06:19.733675 Epoch [015/015], with lr = 9.801468428384717e-05, Step [0036/0036],                        [loss_record2: 0.0857,loss_record3: 0.0913,loss_record4: 0.1205,loss_record5: 0.2015, loss_all: 0.3116]
2021-03-14 10:07:13.366 | INFO     | network.models.trainer:fit:211 - 2021-03-14 10:07:13.365737 Epoch [016/016], with lr = 9.75528258147577e-05, Step [0025/0036],                        [loss_record2: 0.0778,loss_record3: 0.0834,loss_record4: 0.1119,loss_record5: 0.1902, loss_all: 0.2877]
2021-03-14 10:07:36.797 | INFO     | network.models.trainer:fit:211 - 2021-03-14 10:07:36.796560 Epoch [016/016], with lr = 9.75528258147577e-05, Step [0036/0036],                        [loss_record2: 0.0772,loss_record3: 0.0831,loss_record4: 0.1120,loss_record5: 0.1919, loss_all: 0.2877]
2021-03-14 10:08:30.288 | INFO     | network.models.trainer:fit:211 - 2021-03-14 10:08:30.287728 Epoch [017/017], with lr = 9.70440384477113e-05, Step [0025/0036],                        [loss_record2: 0.0754,loss_record3: 0.0808,loss_record4: 0.1095,loss_record5: 0.1892, loss_all: 0.2814]
2021-03-14 10:08:53.832 | INFO     | network.models.trainer:fit:211 - 2021-03-14 10:08:53.832010 Epoch [017/017], with lr = 9.70440384477113e-05, Step [0036/0036],                        [loss_record2: 0.0758,loss_record3: 0.0813,loss_record4: 0.1095,loss_record5: 0.1892, loss_all: 0.2822]
2021-03-14 10:09:47.379 | INFO     | network.models.trainer:fit:211 - 2021-03-14 10:09:47.378848 Epoch [018/018], with lr = 9.64888242944126e-05, Step [0025/0036],                        [loss_record2: 0.0707,loss_record3: 0.0764,loss_record4: 0.1049,loss_record5: 0.1839, loss_all: 0.2682]
2021-03-14 10:10:12.430 | INFO     | network.models.trainer:fit:211 - 2021-03-14 10:10:12.429792 Epoch [018/018], with lr = 9.64888242944126e-05, Step [0036/0036],                        [loss_record2: 0.0711,loss_record3: 0.0767,loss_record4: 0.1050,loss_record5: 0.1834, loss_all: 0.2689]
2021-03-14 10:11:05.444 | INFO     | network.models.trainer:fit:211 - 2021-03-14 10:11:05.443568 Epoch [019/019], with lr = 9.588773128419907e-05, Step [0025/0036],                        [loss_record2: 0.0665,loss_record3: 0.0726,loss_record4: 0.1000,loss_record5: 0.1777, loss_all: 0.2557]
2021-03-14 10:11:28.425 | INFO     | network.models.trainer:fit:211 - 2021-03-14 10:11:28.424853 Epoch [019/019], with lr = 9.588773128419907e-05, Step [0036/0036],                        [loss_record2: 0.0670,loss_record3: 0.0729,loss_record4: 0.1003,loss_record5: 0.1780, loss_all: 0.2567]
2021-03-14 10:12:22.908 | INFO     | network.models.trainer:fit:211 - 2021-03-14 10:12:22.907873 Epoch [020/020], with lr = 9.5241352623301e-05, Step [0025/0036],                        [loss_record2: 0.0682,loss_record3: 0.0730,loss_record4: 0.1002,loss_record5: 0.1768, loss_all: 0.2575]
2021-03-14 10:12:46.460 | INFO     | network.models.trainer:fit:211 - 2021-03-14 10:12:46.459485 Epoch [020/020], with lr = 9.5241352623301e-05, Step [0036/0036],                        [loss_record2: 0.0674,loss_record3: 0.0724,loss_record4: 0.0996,loss_record5: 0.1756, loss_all: 0.2553]
2021-03-14 10:13:39.981 | INFO     | network.models.trainer:fit:211 - 2021-03-14 10:13:39.981284 Epoch [021/021], with lr = 9.455032620941843e-05, Step [0025/0036],                        [loss_record2: 0.0647,loss_record3: 0.0699,loss_record4: 0.0963,loss_record5: 0.1716, loss_all: 0.2470]
2021-03-14 10:14:03.333 | INFO     | network.models.trainer:fit:211 - 2021-03-14 10:14:03.332544 Epoch [021/021], with lr = 9.455032620941843e-05, Step [0036/0036],                        [loss_record2: 0.0652,loss_record3: 0.0704,loss_record4: 0.0974,loss_record5: 0.1728, loss_all: 0.2490]
2021-03-14 10:14:57.223 | INFO     | network.models.trainer:fit:211 - 2021-03-14 10:14:57.223154 Epoch [022/022], with lr = 9.381533400219321e-05, Step [0025/0036],                        [loss_record2: 0.0614,loss_record3: 0.0668,loss_record4: 0.0938,loss_record5: 0.1696, loss_all: 0.2391]
2021-03-14 10:15:21.091 | INFO     | network.models.trainer:fit:211 - 2021-03-14 10:15:21.090646 Epoch [022/022], with lr = 9.381533400219321e-05, Step [0036/0036],                        [loss_record2: 0.0630,loss_record3: 0.0679,loss_record4: 0.0946,loss_record5: 0.1697, loss_all: 0.2419]
2021-03-14 10:16:12.888 | INFO     | network.models.trainer:fit:211 - 2021-03-14 10:16:12.887513 Epoch [023/023], with lr = 9.303710135019722e-05, Step [0025/0036],                        [loss_record2: 0.0621,loss_record3: 0.0670,loss_record4: 0.0932,loss_record5: 0.1679, loss_all: 0.2387]
2021-03-14 10:16:37.291 | INFO     | network.models.trainer:fit:211 - 2021-03-14 10:16:37.291260 Epoch [023/023], with lr = 9.303710135019722e-05, Step [0036/0036],                        [loss_record2: 0.0613,loss_record3: 0.0663,loss_record4: 0.0924,loss_record5: 0.1663, loss_all: 0.2363]
2021-03-14 10:16:37.434 | INFO     | network.models.trainer:fit:232 - [Saving Snapshot:]/home/admin_mcn/hung/polyp_segmentation/snapshots/noaug_GCPAPSPSmallNet_kfold/PraNetDG-fold5-23.pth
2021-03-14 10:17:30.256 | INFO     | network.models.trainer:fit:211 - 2021-03-14 10:17:30.256542 Epoch [024/024], with lr = 9.22163962751008e-05, Step [0025/0036],                        [loss_record2: 0.0607,loss_record3: 0.0656,loss_record4: 0.0913,loss_record5: 0.1641, loss_all: 0.2336]
2021-03-14 10:17:53.145 | INFO     | network.models.trainer:fit:211 - 2021-03-14 10:17:53.144844 Epoch [024/024], with lr = 9.22163962751008e-05, Step [0036/0036],                        [loss_record2: 0.0595,loss_record3: 0.0645,loss_record4: 0.0906,loss_record5: 0.1632, loss_all: 0.2308]
2021-03-14 10:18:47.136 | INFO     | network.models.trainer:fit:211 - 2021-03-14 10:18:47.135709 Epoch [025/025], with lr = 9.135402871372814e-05, Step [0025/0036],                        [loss_record2: 0.0592,loss_record3: 0.0636,loss_record4: 0.0890,loss_record5: 0.1609, loss_all: 0.2279]
2021-03-14 10:19:10.445 | INFO     | network.models.trainer:fit:211 - 2021-03-14 10:19:10.444900 Epoch [025/025], with lr = 9.135402871372814e-05, Step [0036/0036],                        [loss_record2: 0.0596,loss_record3: 0.0639,loss_record4: 0.0892,loss_record5: 0.1623, loss_all: 0.2292]
2021-03-14 10:20:04.027 | INFO     | network.models.trainer:fit:211 - 2021-03-14 10:20:04.026999 Epoch [026/026], with lr = 9.045084971874742e-05, Step [0025/0036],                        [loss_record2: 0.0553,loss_record3: 0.0603,loss_record4: 0.0860,loss_record5: 0.1592, loss_all: 0.2188]
2021-03-14 10:20:26.871 | INFO     | network.models.trainer:fit:211 - 2021-03-14 10:20:26.871274 Epoch [026/026], with lr = 9.045084971874742e-05, Step [0036/0036],                        [loss_record2: 0.0554,loss_record3: 0.0605,loss_record4: 0.0860,loss_record5: 0.1583, loss_all: 0.2188]
2021-03-14 10:21:20.850 | INFO     | network.models.trainer:fit:211 - 2021-03-14 10:21:20.850118 Epoch [027/027], with lr = 8.950775061878456e-05, Step [0025/0036],                        [loss_record2: 0.0526,loss_record3: 0.0576,loss_record4: 0.0829,loss_record5: 0.1550, loss_all: 0.2104]
2021-03-14 10:21:44.096 | INFO     | network.models.trainer:fit:211 - 2021-03-14 10:21:44.095504 Epoch [027/027], with lr = 8.950775061878456e-05, Step [0036/0036],                        [loss_record2: 0.0532,loss_record3: 0.0581,loss_record4: 0.0831,loss_record5: 0.1550, loss_all: 0.2115]
2021-03-14 10:22:36.433 | INFO     | network.models.trainer:fit:211 - 2021-03-14 10:22:36.432751 Epoch [028/028], with lr = 8.852566213878951e-05, Step [0025/0036],                        [loss_record2: 0.0514,loss_record3: 0.0565,loss_record4: 0.0818,loss_record5: 0.1522, loss_all: 0.2065]
2021-03-14 10:23:01.473 | INFO     | network.models.trainer:fit:211 - 2021-03-14 10:23:01.472699 Epoch [028/028], with lr = 8.852566213878951e-05, Step [0036/0036],                        [loss_record2: 0.0515,loss_record3: 0.0564,loss_record4: 0.0816,loss_record5: 0.1522, loss_all: 0.2065]
2021-03-14 10:23:53.781 | INFO     | network.models.trainer:fit:211 - 2021-03-14 10:23:53.781270 Epoch [029/029], with lr = 8.750555348152303e-05, Step [0025/0036],                        [loss_record2: 0.0503,loss_record3: 0.0554,loss_record4: 0.0800,loss_record5: 0.1509, loss_all: 0.2030]
2021-03-14 10:24:16.867 | INFO     | network.models.trainer:fit:211 - 2021-03-14 10:24:16.866735 Epoch [029/029], with lr = 8.750555348152303e-05, Step [0036/0036],                        [loss_record2: 0.0503,loss_record3: 0.0553,loss_record4: 0.0799,loss_record5: 0.1505, loss_all: 0.2026]
2021-03-14 10:25:11.061 | INFO     | network.models.trainer:fit:211 - 2021-03-14 10:25:11.060959 Epoch [030/030], with lr = 8.644843137107063e-05, Step [0025/0036],                        [loss_record2: 0.0484,loss_record3: 0.0533,loss_record4: 0.0779,loss_record5: 0.1486, loss_all: 0.1972]
2021-03-14 10:25:34.279 | INFO     | network.models.trainer:fit:211 - 2021-03-14 10:25:34.278500 Epoch [030/030], with lr = 8.644843137107063e-05, Step [0036/0036],                        [loss_record2: 0.0483,loss_record3: 0.0531,loss_record4: 0.0777,loss_record5: 0.1482, loss_all: 0.1967]
2021-03-14 10:26:28.417 | INFO     | network.models.trainer:fit:211 - 2021-03-14 10:26:28.417130 Epoch [031/031], with lr = 8.535533905932742e-05, Step [0025/0036],                        [loss_record2: 0.0474,loss_record3: 0.0523,loss_record4: 0.0768,loss_record5: 0.1479, loss_all: 0.1945]
2021-03-14 10:26:51.531 | INFO     | network.models.trainer:fit:211 - 2021-03-14 10:26:51.531086 Epoch [031/031], with lr = 8.535533905932742e-05, Step [0036/0036],                        [loss_record2: 0.0469,loss_record3: 0.0517,loss_record4: 0.0759,loss_record5: 0.1457, loss_all: 0.1921]
2021-03-14 10:27:46.048 | INFO     | network.models.trainer:fit:211 - 2021-03-14 10:27:46.048350 Epoch [032/032], with lr = 8.422735529643448e-05, Step [0025/0036],                        [loss_record2: 0.0463,loss_record3: 0.0509,loss_record4: 0.0749,loss_record5: 0.1436, loss_all: 0.1894]
2021-03-14 10:28:09.462 | INFO     | network.models.trainer:fit:211 - 2021-03-14 10:28:09.462391 Epoch [032/032], with lr = 8.422735529643448e-05, Step [0036/0036],                        [loss_record2: 0.0466,loss_record3: 0.0512,loss_record4: 0.0750,loss_record5: 0.1442, loss_all: 0.1903]
2021-03-14 10:29:01.436 | INFO     | network.models.trainer:fit:211 - 2021-03-14 10:29:01.435919 Epoch [033/033], with lr = 8.306559326618263e-05, Step [0025/0036],                        [loss_record2: 0.0445,loss_record3: 0.0495,loss_record4: 0.0732,loss_record5: 0.1423, loss_all: 0.1849]
2021-03-14 10:29:26.130 | INFO     | network.models.trainer:fit:211 - 2021-03-14 10:29:26.130034 Epoch [033/033], with lr = 8.306559326618263e-05, Step [0036/0036],                        [loss_record2: 0.0440,loss_record3: 0.0491,loss_record4: 0.0729,loss_record5: 0.1419, loss_all: 0.1837]
2021-03-14 10:30:18.756 | INFO     | network.models.trainer:fit:211 - 2021-03-14 10:30:18.756359 Epoch [034/034], with lr = 8.187119948743452e-05, Step [0025/0036],                        [loss_record2: 0.0426,loss_record3: 0.0476,loss_record4: 0.0717,loss_record5: 0.1419, loss_all: 0.1805]
2021-03-14 10:30:42.442 | INFO     | network.models.trainer:fit:211 - 2021-03-14 10:30:42.442216 Epoch [034/034], with lr = 8.187119948743452e-05, Step [0036/0036],                        [loss_record2: 0.0427,loss_record3: 0.0476,loss_record4: 0.0711,loss_record5: 0.1394, loss_all: 0.1791]
2021-03-14 10:31:36.135 | INFO     | network.models.trainer:fit:211 - 2021-03-14 10:31:36.135485 Epoch [035/035], with lr = 8.064535268264887e-05, Step [0025/0036],                        [loss_record2: 0.0427,loss_record3: 0.0476,loss_record4: 0.0711,loss_record5: 0.1388, loss_all: 0.1790]
2021-03-14 10:31:58.845 | INFO     | network.models.trainer:fit:211 - 2021-03-14 10:31:58.844625 Epoch [035/035], with lr = 8.064535268264887e-05, Step [0036/0036],                        [loss_record2: 0.0432,loss_record3: 0.0478,loss_record4: 0.0710,loss_record5: 0.1380, loss_all: 0.1793]
2021-03-14 10:32:52.571 | INFO     | network.models.trainer:fit:211 - 2021-03-14 10:32:52.571239 Epoch [036/036], with lr = 7.938926261462371e-05, Step [0025/0036],                        [loss_record2: 0.0440,loss_record3: 0.0483,loss_record4: 0.0714,loss_record5: 0.1392, loss_all: 0.1812]
2021-03-14 10:33:15.641 | INFO     | network.models.trainer:fit:211 - 2021-03-14 10:33:15.640903 Epoch [036/036], with lr = 7.938926261462371e-05, Step [0036/0036],                        [loss_record2: 0.0436,loss_record3: 0.0480,loss_record4: 0.0709,loss_record5: 0.1372, loss_all: 0.1794]
2021-03-14 10:34:10.224 | INFO     | network.models.trainer:fit:211 - 2021-03-14 10:34:10.223545 Epoch [037/037], with lr = 7.810416889260659e-05, Step [0025/0036],                        [loss_record2: 0.0437,loss_record3: 0.0481,loss_record4: 0.0702,loss_record5: 0.1354, loss_all: 0.1784]
2021-03-14 10:34:32.860 | INFO     | network.models.trainer:fit:211 - 2021-03-14 10:34:32.860027 Epoch [037/037], with lr = 7.810416889260659e-05, Step [0036/0036],                        [loss_record2: 0.0431,loss_record3: 0.0475,loss_record4: 0.0699,loss_record5: 0.1357, loss_all: 0.1773]
2021-03-14 10:35:24.824 | INFO     | network.models.trainer:fit:211 - 2021-03-14 10:35:24.824007 Epoch [038/038], with lr = 7.679133974894988e-05, Step [0025/0036],                        [loss_record2: 0.0404,loss_record3: 0.0451,loss_record4: 0.0681,loss_record5: 0.1328, loss_all: 0.1705]
2021-03-14 10:35:49.526 | INFO     | network.models.trainer:fit:211 - 2021-03-14 10:35:49.525597 Epoch [038/038], with lr = 7.679133974894988e-05, Step [0036/0036],                        [loss_record2: 0.0405,loss_record3: 0.0452,loss_record4: 0.0680,loss_record5: 0.1339, loss_all: 0.1711]
2021-03-14 10:36:41.868 | INFO     | network.models.trainer:fit:211 - 2021-03-14 10:36:41.867891 Epoch [039/039], with lr = 7.545207078751862e-05, Step [0025/0036],                        [loss_record2: 0.0402,loss_record3: 0.0445,loss_record4: 0.0667,loss_record5: 0.1325, loss_all: 0.1688]
2021-03-14 10:37:06.802 | INFO     | network.models.trainer:fit:211 - 2021-03-14 10:37:06.802007 Epoch [039/039], with lr = 7.545207078751862e-05, Step [0036/0036],                        [loss_record2: 0.0403,loss_record3: 0.0446,loss_record4: 0.0669,loss_record5: 0.1326, loss_all: 0.1692]
2021-03-14 10:37:59.118 | INFO     | network.models.trainer:fit:211 - 2021-03-14 10:37:59.118030 Epoch [040/040], with lr = 7.408768370508582e-05, Step [0025/0036],                        [loss_record2: 0.0395,loss_record3: 0.0441,loss_record4: 0.0655,loss_record5: 0.1303, loss_all: 0.1662]
2021-03-14 10:38:22.148 | INFO     | network.models.trainer:fit:211 - 2021-03-14 10:38:22.147726 Epoch [040/040], with lr = 7.408768370508582e-05, Step [0036/0036],                        [loss_record2: 0.0397,loss_record3: 0.0441,loss_record4: 0.0659,loss_record5: 0.1321, loss_all: 0.1673]
2021-03-14 10:39:16.046 | INFO     | network.models.trainer:fit:211 - 2021-03-14 10:39:16.046056 Epoch [041/041], with lr = 7.26995249869774e-05, Step [0025/0036],                        [loss_record2: 0.0386,loss_record3: 0.0431,loss_record4: 0.0647,loss_record5: 0.1301, loss_all: 0.1639]
2021-03-14 10:39:39.397 | INFO     | network.models.trainer:fit:211 - 2021-03-14 10:39:39.397336 Epoch [041/041], with lr = 7.26995249869774e-05, Step [0036/0036],                        [loss_record2: 0.0383,loss_record3: 0.0429,loss_record4: 0.0647,loss_record5: 0.1302, loss_all: 0.1635]
2021-03-14 10:40:32.811 | INFO     | network.models.trainer:fit:211 - 2021-03-14 10:40:32.811436 Epoch [042/042], with lr = 7.12889645782537e-05, Step [0025/0036],                        [loss_record2: 0.0397,loss_record3: 0.0438,loss_record4: 0.0656,loss_record5: 0.1310, loss_all: 0.1665]
2021-03-14 10:40:55.964 | INFO     | network.models.trainer:fit:211 - 2021-03-14 10:40:55.963675 Epoch [042/042], with lr = 7.12889645782537e-05, Step [0036/0036],                        [loss_record2: 0.0392,loss_record3: 0.0433,loss_record4: 0.0650,loss_record5: 0.1302, loss_all: 0.1649]
2021-03-14 10:41:49.234 | INFO     | network.models.trainer:fit:211 - 2021-03-14 10:41:49.234123 Epoch [043/043], with lr = 6.985739453173908e-05, Step [0025/0036],                        [loss_record2: 0.0387,loss_record3: 0.0431,loss_record4: 0.0649,loss_record5: 0.1300, loss_all: 0.1642]
2021-03-14 10:42:13.790 | INFO     | network.models.trainer:fit:211 - 2021-03-14 10:42:13.790257 Epoch [043/043], with lr = 6.985739453173908e-05, Step [0036/0036],                        [loss_record2: 0.0381,loss_record3: 0.0425,loss_record4: 0.0640,loss_record5: 0.1290, loss_all: 0.1621]
2021-03-14 10:43:06.083 | INFO     | network.models.trainer:fit:211 - 2021-03-14 10:43:06.083450 Epoch [044/044], with lr = 6.840622763423397e-05, Step [0025/0036],                        [loss_record2: 0.0368,loss_record3: 0.0411,loss_record4: 0.0624,loss_record5: 0.1261, loss_all: 0.1576]
2021-03-14 10:43:30.362 | INFO     | network.models.trainer:fit:211 - 2021-03-14 10:43:30.360906 Epoch [044/044], with lr = 6.840622763423397e-05, Step [0036/0036],                        [loss_record2: 0.0482,loss_record3: 0.0522,loss_record4: 0.0754,loss_record5: 0.1424, loss_all: 0.1922]
2021-03-14 10:44:23.879 | INFO     | network.models.trainer:fit:211 - 2021-03-14 10:44:23.879278 Epoch [045/045], with lr = 6.693689601226464e-05, Step [0025/0036],                        [loss_record2: 0.1066,loss_record3: 0.1118,loss_record4: 0.1425,loss_record5: 0.2209, loss_all: 0.3699]
2021-03-14 10:44:46.707 | INFO     | network.models.trainer:fit:211 - 2021-03-14 10:44:46.706848 Epoch [045/045], with lr = 6.693689601226464e-05, Step [0036/0036],                        [loss_record2: 0.1016,loss_record3: 0.1067,loss_record4: 0.1372,loss_record5: 0.2124, loss_all: 0.3543]
2021-03-14 10:45:41.380 | INFO     | network.models.trainer:fit:211 - 2021-03-14 10:45:41.380337 Epoch [046/046], with lr = 6.545084971874744e-05, Step [0025/0036],                        [loss_record2: 0.0749,loss_record3: 0.0800,loss_record4: 0.1089,loss_record5: 0.1785, loss_all: 0.2756]
2021-03-14 10:46:04.680 | INFO     | network.models.trainer:fit:211 - 2021-03-14 10:46:04.679801 Epoch [046/046], with lr = 6.545084971874744e-05, Step [0036/0036],                        [loss_record2: 0.0713,loss_record3: 0.0764,loss_record4: 0.1050,loss_record5: 0.1739, loss_all: 0.2650]
2021-03-14 10:46:58.592 | INFO     | network.models.trainer:fit:211 - 2021-03-14 10:46:58.592243 Epoch [047/047], with lr = 6.394955530196154e-05, Step [0025/0036],                        [loss_record2: 0.0531,loss_record3: 0.0581,loss_record4: 0.0844,loss_record5: 0.1515, loss_all: 0.2109]
2021-03-14 10:47:21.914 | INFO     | network.models.trainer:fit:211 - 2021-03-14 10:47:21.914323 Epoch [047/047], with lr = 6.394955530196154e-05, Step [0036/0036],                        [loss_record2: 0.0520,loss_record3: 0.0570,loss_record4: 0.0834,loss_record5: 0.1508, loss_all: 0.2080]
2021-03-14 10:48:15.855 | INFO     | network.models.trainer:fit:211 - 2021-03-14 10:48:15.855285 Epoch [048/048], with lr = 6.24344943582428e-05, Step [0025/0036],                        [loss_record2: 0.0459,loss_record3: 0.0506,loss_record4: 0.0765,loss_record5: 0.1451, loss_all: 0.1903]
2021-03-14 10:48:39.656 | INFO     | network.models.trainer:fit:211 - 2021-03-14 10:48:39.655506 Epoch [048/048], with lr = 6.24344943582428e-05, Step [0036/0036],                        [loss_record2: 0.0469,loss_record3: 0.0517,loss_record4: 0.0773,loss_record5: 0.1451, loss_all: 0.1926]
2021-03-14 10:49:32.165 | INFO     | network.models.trainer:fit:211 - 2021-03-14 10:49:32.164709 Epoch [049/049], with lr = 6.0907162069827195e-05, Step [0025/0036],                        [loss_record2: 0.0433,loss_record3: 0.0479,loss_record4: 0.0721,loss_record5: 0.1381, loss_all: 0.1801]
2021-03-14 10:49:57.228 | INFO     | network.models.trainer:fit:211 - 2021-03-14 10:49:57.227650 Epoch [049/049], with lr = 6.0907162069827195e-05, Step [0036/0036],                        [loss_record2: 0.0425,loss_record3: 0.0471,loss_record4: 0.0713,loss_record5: 0.1376, loss_all: 0.1780]
2021-03-14 10:50:49.434 | INFO     | network.models.trainer:fit:211 - 2021-03-14 10:50:49.433832 Epoch [050/050], with lr = 5.93690657292863e-05, Step [0025/0036],                        [loss_record2: 0.0387,loss_record3: 0.0430,loss_record4: 0.0664,loss_record5: 0.1322, loss_all: 0.1658]
2021-03-14 10:51:12.829 | INFO     | network.models.trainer:fit:211 - 2021-03-14 10:51:12.828707 Epoch [050/050], with lr = 5.93690657292863e-05, Step [0036/0036],                        [loss_record2: 0.0385,loss_record3: 0.0430,loss_record4: 0.0664,loss_record5: 0.1319, loss_all: 0.1655]
2021-03-14 10:52:06.962 | INFO     | network.models.trainer:fit:211 - 2021-03-14 10:52:06.961728 Epoch [051/051], with lr = 5.7821723252011606e-05, Step [0025/0036],                        [loss_record2: 0.0352,loss_record3: 0.0400,loss_record4: 0.0628,loss_record5: 0.1280, loss_all: 0.1561]
2021-03-14 10:52:29.938 | INFO     | network.models.trainer:fit:211 - 2021-03-14 10:52:29.937843 Epoch [051/051], with lr = 5.7821723252011606e-05, Step [0036/0036],                        [loss_record2: 0.0359,loss_record3: 0.0405,loss_record4: 0.0634,loss_record5: 0.1285, loss_all: 0.1577]
2021-03-14 10:53:24.549 | INFO     | network.models.trainer:fit:211 - 2021-03-14 10:53:24.549435 Epoch [052/052], with lr = 5.6266661678215284e-05, Step [0025/0036],                        [loss_record2: 0.0348,loss_record3: 0.0393,loss_record4: 0.0617,loss_record5: 0.1256, loss_all: 0.1534]
2021-03-14 10:53:47.506 | INFO     | network.models.trainer:fit:211 - 2021-03-14 10:53:47.505583 Epoch [052/052], with lr = 5.6266661678215284e-05, Step [0036/0036],                        [loss_record2: 0.0350,loss_record3: 0.0395,loss_record4: 0.0618,loss_record5: 0.1263, loss_all: 0.1541]
2021-03-14 10:54:42.064 | INFO     | network.models.trainer:fit:211 - 2021-03-14 10:54:42.063967 Epoch [053/053], with lr = 5.470541566592577e-05, Step [0025/0036],                        [loss_record2: 0.0340,loss_record3: 0.0387,loss_record4: 0.0608,loss_record5: 0.1243, loss_all: 0.1511]
2021-03-14 10:55:05.050 | INFO     | network.models.trainer:fit:211 - 2021-03-14 10:55:05.050029 Epoch [053/053], with lr = 5.470541566592577e-05, Step [0036/0036],                        [loss_record2: 0.0338,loss_record3: 0.0385,loss_record4: 0.0605,loss_record5: 0.1244, loss_all: 0.1507]
2021-03-14 10:55:56.974 | INFO     | network.models.trainer:fit:211 - 2021-03-14 10:55:56.974363 Epoch [054/054], with lr = 5.313952597646573e-05, Step [0025/0036],                        [loss_record2: 0.0329,loss_record3: 0.0374,loss_record4: 0.0594,loss_record5: 0.1230, loss_all: 0.1477]
2021-03-14 10:56:21.497 | INFO     | network.models.trainer:fit:211 - 2021-03-14 10:56:21.497030 Epoch [054/054], with lr = 5.313952597646573e-05, Step [0036/0036],                        [loss_record2: 0.0329,loss_record3: 0.0375,loss_record4: 0.0594,loss_record5: 0.1229, loss_all: 0.1477]
2021-03-14 10:57:14.001 | INFO     | network.models.trainer:fit:211 - 2021-03-14 10:57:14.000873 Epoch [055/055], with lr = 5.1570537953906474e-05, Step [0025/0036],                        [loss_record2: 0.0329,loss_record3: 0.0373,loss_record4: 0.0588,loss_record5: 0.1226, loss_all: 0.1470]
2021-03-14 10:57:37.185 | INFO     | network.models.trainer:fit:211 - 2021-03-14 10:57:37.185444 Epoch [055/055], with lr = 5.1570537953906474e-05, Step [0036/0036],                        [loss_record2: 0.0327,loss_record3: 0.0372,loss_record4: 0.0587,loss_record5: 0.1219, loss_all: 0.1464]
2021-03-14 10:58:31.043 | INFO     | network.models.trainer:fit:211 - 2021-03-14 10:58:31.042580 Epoch [056/056], with lr = 5.0000000000000057e-05, Step [0025/0036],                        [loss_record2: 0.0318,loss_record3: 0.0363,loss_record4: 0.0573,loss_record5: 0.1193, loss_all: 0.1430]
2021-03-14 10:58:54.245 | INFO     | network.models.trainer:fit:211 - 2021-03-14 10:58:54.244604 Epoch [056/056], with lr = 5.0000000000000057e-05, Step [0036/0036],                        [loss_record2: 0.0322,loss_record3: 0.0366,loss_record4: 0.0577,loss_record5: 0.1203, loss_all: 0.1442]
2021-03-14 10:59:49.071 | INFO     | network.models.trainer:fit:211 - 2021-03-14 10:59:49.071229 Epoch [057/057], with lr = 4.842946204609364e-05, Step [0025/0036],                        [loss_record2: 0.0314,loss_record3: 0.0359,loss_record4: 0.0568,loss_record5: 0.1186, loss_all: 0.1417]
2021-03-14 11:00:11.662 | INFO     | network.models.trainer:fit:211 - 2021-03-14 11:00:11.661618 Epoch [057/057], with lr = 4.842946204609364e-05, Step [0036/0036],                        [loss_record2: 0.0314,loss_record3: 0.0360,loss_record4: 0.0571,loss_record5: 0.1192, loss_all: 0.1421]
2021-03-14 11:01:06.323 | INFO     | network.models.trainer:fit:211 - 2021-03-14 11:01:06.323105 Epoch [058/058], with lr = 4.686047402353438e-05, Step [0025/0036],                        [loss_record2: 0.0309,loss_record3: 0.0353,loss_record4: 0.0561,loss_record5: 0.1173, loss_all: 0.1397]
2021-03-14 11:01:29.583 | INFO     | network.models.trainer:fit:211 - 2021-03-14 11:01:29.583050 Epoch [058/058], with lr = 4.686047402353438e-05, Step [0036/0036],                        [loss_record2: 0.0309,loss_record3: 0.0354,loss_record4: 0.0562,loss_record5: 0.1182, loss_all: 0.1403]
2021-03-14 11:02:22.232 | INFO     | network.models.trainer:fit:211 - 2021-03-14 11:02:22.232008 Epoch [059/059], with lr = 4.529458433407433e-05, Step [0025/0036],                        [loss_record2: 0.0304,loss_record3: 0.0350,loss_record4: 0.0557,loss_record5: 0.1176, loss_all: 0.1389]
2021-03-14 11:02:46.751 | INFO     | network.models.trainer:fit:211 - 2021-03-14 11:02:46.751458 Epoch [059/059], with lr = 4.529458433407433e-05, Step [0036/0036],                        [loss_record2: 0.0308,loss_record3: 0.0352,loss_record4: 0.0557,loss_record5: 0.1172, loss_all: 0.1392]
2021-03-14 11:03:38.534 | INFO     | network.models.trainer:fit:211 - 2021-03-14 11:03:38.534180 Epoch [060/060], with lr = 4.3733338321784836e-05, Step [0025/0036],                        [loss_record2: 0.0303,loss_record3: 0.0349,loss_record4: 0.0554,loss_record5: 0.1162, loss_all: 0.1379]
2021-03-14 11:04:02.781 | INFO     | network.models.trainer:fit:211 - 2021-03-14 11:04:02.780760 Epoch [060/060], with lr = 4.3733338321784836e-05, Step [0036/0036],                        [loss_record2: 0.0306,loss_record3: 0.0350,loss_record4: 0.0554,loss_record5: 0.1169, loss_all: 0.1386]
2021-03-14 11:04:56.449 | INFO     | network.models.trainer:fit:211 - 2021-03-14 11:04:56.449237 Epoch [061/061], with lr = 4.21782767479885e-05, Step [0025/0036],                        [loss_record2: 0.0304,loss_record3: 0.0346,loss_record4: 0.0545,loss_record5: 0.1152, loss_all: 0.1368]
2021-03-14 11:05:19.435 | INFO     | network.models.trainer:fit:211 - 2021-03-14 11:05:19.435213 Epoch [061/061], with lr = 4.21782767479885e-05, Step [0036/0036],                        [loss_record2: 0.0304,loss_record3: 0.0346,loss_record4: 0.0546,loss_record5: 0.1155, loss_all: 0.1371]
2021-03-14 11:06:13.736 | INFO     | network.models.trainer:fit:211 - 2021-03-14 11:06:13.735814 Epoch [062/062], with lr = 4.0630934270713814e-05, Step [0025/0036],                        [loss_record2: 0.0295,loss_record3: 0.0339,loss_record4: 0.0537,loss_record5: 0.1131, loss_all: 0.1341]
2021-03-14 11:06:36.875 | INFO     | network.models.trainer:fit:211 - 2021-03-14 11:06:36.874733 Epoch [062/062], with lr = 4.0630934270713814e-05, Step [0036/0036],                        [loss_record2: 0.0295,loss_record3: 0.0340,loss_record4: 0.0540,loss_record5: 0.1149, loss_all: 0.1351]
2021-03-14 11:07:30.444 | INFO     | network.models.trainer:fit:211 - 2021-03-14 11:07:30.444014 Epoch [063/063], with lr = 3.909283793017293e-05, Step [0025/0036],                        [loss_record2: 0.0294,loss_record3: 0.0338,loss_record4: 0.0538,loss_record5: 0.1151, loss_all: 0.1348]
2021-03-14 11:07:53.742 | INFO     | network.models.trainer:fit:211 - 2021-03-14 11:07:53.742342 Epoch [063/063], with lr = 3.909283793017293e-05, Step [0036/0036],                        [loss_record2: 0.0294,loss_record3: 0.0339,loss_record4: 0.0537,loss_record5: 0.1141, loss_all: 0.1344]
2021-03-14 11:08:46.728 | INFO     | network.models.trainer:fit:211 - 2021-03-14 11:08:46.728410 Epoch [064/064], with lr = 3.75655056417573e-05, Step [0025/0036],                        [loss_record2: 0.0293,loss_record3: 0.0337,loss_record4: 0.0534,loss_record5: 0.1142, loss_all: 0.1339]
2021-03-14 11:09:11.499 | INFO     | network.models.trainer:fit:211 - 2021-03-14 11:09:11.499004 Epoch [064/064], with lr = 3.75655056417573e-05, Step [0036/0036],                        [loss_record2: 0.0291,loss_record3: 0.0335,loss_record4: 0.0530,loss_record5: 0.1133, loss_all: 0.1331]
2021-03-14 11:10:03.231 | INFO     | network.models.trainer:fit:211 - 2021-03-14 11:10:03.231149 Epoch [065/065], with lr = 3.605044469803859e-05, Step [0025/0036],                        [loss_record2: 0.0292,loss_record3: 0.0336,loss_record4: 0.0538,loss_record5: 0.1147, loss_all: 0.1342]
2021-03-14 11:10:27.282 | INFO     | network.models.trainer:fit:211 - 2021-03-14 11:10:27.282206 Epoch [065/065], with lr = 3.605044469803859e-05, Step [0036/0036],                        [loss_record2: 0.0291,loss_record3: 0.0334,loss_record4: 0.0531,loss_record5: 0.1132, loss_all: 0.1330]
2021-03-14 11:11:19.431 | INFO     | network.models.trainer:fit:211 - 2021-03-14 11:11:19.431468 Epoch [066/066], with lr = 3.454915028125269e-05, Step [0025/0036],                        [loss_record2: 0.0288,loss_record3: 0.0332,loss_record4: 0.0526,loss_record5: 0.1127, loss_all: 0.1320]
2021-03-14 11:11:42.460 | INFO     | network.models.trainer:fit:211 - 2021-03-14 11:11:42.459753 Epoch [066/066], with lr = 3.454915028125269e-05, Step [0036/0036],                        [loss_record2: 0.0289,loss_record3: 0.0333,loss_record4: 0.0526,loss_record5: 0.1125, loss_all: 0.1321]
2021-03-14 11:12:36.095 | INFO     | network.models.trainer:fit:211 - 2021-03-14 11:12:36.094751 Epoch [067/067], with lr = 3.3063103987735474e-05, Step [0025/0036],                        [loss_record2: 0.0283,loss_record3: 0.0327,loss_record4: 0.0521,loss_record5: 0.1122, loss_all: 0.1306]
2021-03-14 11:12:59.268 | INFO     | network.models.trainer:fit:211 - 2021-03-14 11:12:59.268367 Epoch [067/067], with lr = 3.3063103987735474e-05, Step [0036/0036],                        [loss_record2: 0.0283,loss_record3: 0.0327,loss_record4: 0.0521,loss_record5: 0.1121, loss_all: 0.1305]
2021-03-14 11:13:53.672 | INFO     | network.models.trainer:fit:211 - 2021-03-14 11:13:53.671732 Epoch [068/068], with lr = 3.159377236576616e-05, Step [0025/0036],                        [loss_record2: 0.0280,loss_record3: 0.0325,loss_record4: 0.0520,loss_record5: 0.1121, loss_all: 0.1300]
2021-03-14 11:14:17.289 | INFO     | network.models.trainer:fit:211 - 2021-03-14 11:14:17.288843 Epoch [068/068], with lr = 3.159377236576616e-05, Step [0036/0036],                        [loss_record2: 0.0279,loss_record3: 0.0323,loss_record4: 0.0516,loss_record5: 0.1113, loss_all: 0.1292]
2021-03-14 11:15:11.334 | INFO     | network.models.trainer:fit:211 - 2021-03-14 11:15:11.333974 Epoch [069/069], with lr = 3.0142605468261005e-05, Step [0025/0036],                        [loss_record2: 0.0274,loss_record3: 0.0318,loss_record4: 0.0510,loss_record5: 0.1118, loss_all: 0.1282]
2021-03-14 11:15:34.785 | INFO     | network.models.trainer:fit:211 - 2021-03-14 11:15:34.785224 Epoch [069/069], with lr = 3.0142605468261005e-05, Step [0036/0036],                        [loss_record2: 0.0275,loss_record3: 0.0320,loss_record4: 0.0513,loss_record5: 0.1112, loss_all: 0.1283]
2021-03-14 11:16:27.334 | INFO     | network.models.trainer:fit:211 - 2021-03-14 11:16:27.333711 Epoch [070/070], with lr = 2.8711035421746404e-05, Step [0025/0036],                        [loss_record2: 0.0274,loss_record3: 0.0318,loss_record4: 0.0506,loss_record5: 0.1104, loss_all: 0.1274]
2021-03-14 11:16:52.037 | INFO     | network.models.trainer:fit:211 - 2021-03-14 11:16:52.036863 Epoch [070/070], with lr = 2.8711035421746404e-05, Step [0036/0036],                        [loss_record2: 0.0274,loss_record3: 0.0318,loss_record4: 0.0509,loss_record5: 0.1103, loss_all: 0.1275]
2021-03-14 11:17:44.282 | INFO     | network.models.trainer:fit:211 - 2021-03-14 11:17:44.281697 Epoch [071/071], with lr = 2.73004750130227e-05, Step [0025/0036],                        [loss_record2: 0.0271,loss_record3: 0.0313,loss_record4: 0.0497,loss_record5: 0.1096, loss_all: 0.1259]
2021-03-14 11:18:07.787 | INFO     | network.models.trainer:fit:211 - 2021-03-14 11:18:07.787152 Epoch [071/071], with lr = 2.73004750130227e-05, Step [0036/0036],                        [loss_record2: 0.0273,loss_record3: 0.0317,loss_record4: 0.0506,loss_record5: 0.1101, loss_all: 0.1271]
2021-03-14 11:19:02.389 | INFO     | network.models.trainer:fit:211 - 2021-03-14 11:19:02.389226 Epoch [072/072], with lr = 2.5912316294914263e-05, Step [0025/0036],                        [loss_record2: 0.0274,loss_record3: 0.0318,loss_record4: 0.0505,loss_record5: 0.1087, loss_all: 0.1266]
2021-03-14 11:19:25.260 | INFO     | network.models.trainer:fit:211 - 2021-03-14 11:19:25.260036 Epoch [072/072], with lr = 2.5912316294914263e-05, Step [0036/0036],                        [loss_record2: 0.0274,loss_record3: 0.0317,loss_record4: 0.0504,loss_record5: 0.1095, loss_all: 0.1268]
2021-03-14 11:20:19.493 | INFO     | network.models.trainer:fit:211 - 2021-03-14 11:20:19.492736 Epoch [073/073], with lr = 2.4547929212481466e-05, Step [0025/0036],                        [loss_record2: 0.0274,loss_record3: 0.0317,loss_record4: 0.0503,loss_record5: 0.1089, loss_all: 0.1265]
2021-03-14 11:20:42.298 | INFO     | network.models.trainer:fit:211 - 2021-03-14 11:20:42.297372 Epoch [073/073], with lr = 2.4547929212481466e-05, Step [0036/0036],                        [loss_record2: 0.0273,loss_record3: 0.0317,loss_record4: 0.0504,loss_record5: 0.1094, loss_all: 0.1267]
2021-03-14 11:21:35.658 | INFO     | network.models.trainer:fit:211 - 2021-03-14 11:21:35.657670 Epoch [074/074], with lr = 2.320866025105019e-05, Step [0025/0036],                        [loss_record2: 0.0270,loss_record3: 0.0314,loss_record4: 0.0501,loss_record5: 0.1101, loss_all: 0.1262]
2021-03-14 11:21:59.585 | INFO     | network.models.trainer:fit:211 - 2021-03-14 11:21:59.585034 Epoch [074/074], with lr = 2.320866025105019e-05, Step [0036/0036],                        [loss_record2: 0.0271,loss_record3: 0.0314,loss_record4: 0.0501,loss_record5: 0.1090, loss_all: 0.1259]
2021-03-14 11:22:51.977 | INFO     | network.models.trainer:fit:211 - 2021-03-14 11:22:51.976770 Epoch [075/075], with lr = 2.1895831107393498e-05, Step [0025/0036],                        [loss_record2: 0.0266,loss_record3: 0.0310,loss_record4: 0.0495,loss_record5: 0.1083, loss_all: 0.1244]
2021-03-14 11:23:16.838 | INFO     | network.models.trainer:fit:211 - 2021-03-14 11:23:16.838281 Epoch [075/075], with lr = 2.1895831107393498e-05, Step [0036/0036],                        [loss_record2: 0.0266,loss_record3: 0.0310,loss_record4: 0.0496,loss_record5: 0.1085, loss_all: 0.1246]
2021-03-14 11:24:08.968 | INFO     | network.models.trainer:fit:211 - 2021-03-14 11:24:08.967664 Epoch [076/076], with lr = 2.061073738537638e-05, Step [0025/0036],                        [loss_record2: 0.0261,loss_record3: 0.0304,loss_record4: 0.0488,loss_record5: 0.1074, loss_all: 0.1227]
2021-03-14 11:24:32.066 | INFO     | network.models.trainer:fit:211 - 2021-03-14 11:24:32.065583 Epoch [076/076], with lr = 2.061073738537638e-05, Step [0036/0036],                        [loss_record2: 0.0265,loss_record3: 0.0308,loss_record4: 0.0493,loss_record5: 0.1079, loss_all: 0.1239]
2021-03-14 11:25:26.255 | INFO     | network.models.trainer:fit:211 - 2021-03-14 11:25:26.254907 Epoch [077/077], with lr = 1.9354647317351198e-05, Step [0025/0036],                        [loss_record2: 0.0265,loss_record3: 0.0309,loss_record4: 0.0493,loss_record5: 0.1082, loss_all: 0.1241]
2021-03-14 11:25:49.392 | INFO     | network.models.trainer:fit:211 - 2021-03-14 11:25:49.391873 Epoch [077/077], with lr = 1.9354647317351198e-05, Step [0036/0036],                        [loss_record2: 0.0264,loss_record3: 0.0308,loss_record4: 0.0492,loss_record5: 0.1076, loss_all: 0.1236]
2021-03-14 11:26:43.683 | INFO     | network.models.trainer:fit:211 - 2021-03-14 11:26:43.682947 Epoch [078/078], with lr = 1.812880051256554e-05, Step [0025/0036],                        [loss_record2: 0.0259,loss_record3: 0.0303,loss_record4: 0.0486,loss_record5: 0.1063, loss_all: 0.1219]
2021-03-14 11:27:06.671 | INFO     | network.models.trainer:fit:211 - 2021-03-14 11:27:06.671144 Epoch [078/078], with lr = 1.812880051256554e-05, Step [0036/0036],                        [loss_record2: 0.0260,loss_record3: 0.0304,loss_record4: 0.0489,loss_record5: 0.1077, loss_all: 0.1227]
2021-03-14 11:28:00.741 | INFO     | network.models.trainer:fit:211 - 2021-03-14 11:28:00.741086 Epoch [079/079], with lr = 1.693440673381744e-05, Step [0025/0036],                        [loss_record2: 0.0257,loss_record3: 0.0302,loss_record4: 0.0490,loss_record5: 0.1086, loss_all: 0.1227]
2021-03-14 11:28:23.991 | INFO     | network.models.trainer:fit:211 - 2021-03-14 11:28:23.990495 Epoch [079/079], with lr = 1.693440673381744e-05, Step [0036/0036],                        [loss_record2: 0.0258,loss_record3: 0.0302,loss_record4: 0.0487,loss_record5: 0.1072, loss_all: 0.1220]
2021-03-14 11:29:16.180 | INFO     | network.models.trainer:fit:211 - 2021-03-14 11:29:16.180061 Epoch [080/080], with lr = 1.577264470356559e-05, Step [0025/0036],                        [loss_record2: 0.0259,loss_record3: 0.0303,loss_record4: 0.0485,loss_record5: 0.1062, loss_all: 0.1217]
2021-03-14 11:29:40.804 | INFO     | network.models.trainer:fit:211 - 2021-03-14 11:29:40.804349 Epoch [080/080], with lr = 1.577264470356559e-05, Step [0036/0036],                        [loss_record2: 0.0258,loss_record3: 0.0302,loss_record4: 0.0486,loss_record5: 0.1070, loss_all: 0.1219]
2021-03-14 11:30:33.151 | INFO     | network.models.trainer:fit:211 - 2021-03-14 11:30:33.150530 Epoch [081/081], with lr = 1.464466094067265e-05, Step [0025/0036],                        [loss_record2: 0.0261,loss_record3: 0.0304,loss_record4: 0.0486,loss_record5: 0.1057, loss_all: 0.1219]
2021-03-14 11:30:56.480 | INFO     | network.models.trainer:fit:211 - 2021-03-14 11:30:56.479873 Epoch [081/081], with lr = 1.464466094067265e-05, Step [0036/0036],                        [loss_record2: 0.0259,loss_record3: 0.0302,loss_record4: 0.0485,loss_record5: 0.1064, loss_all: 0.1218]
2021-03-14 11:30:56.639 | INFO     | network.models.trainer:fit:232 - [Saving Snapshot:]/home/admin_mcn/hung/polyp_segmentation/snapshots/noaug_GCPAPSPSmallNet_kfold/PraNetDG-fold5-81.pth
2021-03-14 11:31:51.066 | INFO     | network.models.trainer:fit:211 - 2021-03-14 11:31:51.066455 Epoch [082/082], with lr = 1.3551568628929456e-05, Step [0025/0036],                        [loss_record2: 0.0253,loss_record3: 0.0298,loss_record4: 0.0480,loss_record5: 0.1065, loss_all: 0.1206]
2021-03-14 11:32:14.060 | INFO     | network.models.trainer:fit:211 - 2021-03-14 11:32:14.060187 Epoch [082/082], with lr = 1.3551568628929456e-05, Step [0036/0036],                        [loss_record2: 0.0254,loss_record3: 0.0298,loss_record4: 0.0480,loss_record5: 0.1062, loss_all: 0.1205]
2021-03-14 11:32:14.204 | INFO     | network.models.trainer:fit:232 - [Saving Snapshot:]/home/admin_mcn/hung/polyp_segmentation/snapshots/noaug_GCPAPSPSmallNet_kfold/PraNetDG-fold5-82.pth
2021-03-14 11:33:07.832 | INFO     | network.models.trainer:fit:211 - 2021-03-14 11:33:07.831684 Epoch [083/083], with lr = 1.249444651847704e-05, Step [0025/0036],                        [loss_record2: 0.0254,loss_record3: 0.0298,loss_record4: 0.0477,loss_record5: 0.1064, loss_all: 0.1205]
2021-03-14 11:33:30.952 | INFO     | network.models.trainer:fit:211 - 2021-03-14 11:33:30.952255 Epoch [083/083], with lr = 1.249444651847704e-05, Step [0036/0036],                        [loss_record2: 0.0255,loss_record3: 0.0299,loss_record4: 0.0482,loss_record5: 0.1062, loss_all: 0.1207]
2021-03-14 11:33:31.078 | INFO     | network.models.trainer:fit:232 - [Saving Snapshot:]/home/admin_mcn/hung/polyp_segmentation/snapshots/noaug_GCPAPSPSmallNet_kfold/PraNetDG-fold5-83.pth
2021-03-14 11:34:25.779 | INFO     | network.models.trainer:fit:211 - 2021-03-14 11:34:25.778890 Epoch [084/084], with lr = 1.1474337861210562e-05, Step [0025/0036],                        [loss_record2: 0.0252,loss_record3: 0.0295,loss_record4: 0.0475,loss_record5: 0.1057, loss_all: 0.1196]
2021-03-14 11:34:48.571 | INFO     | network.models.trainer:fit:211 - 2021-03-14 11:34:48.571321 Epoch [084/084], with lr = 1.1474337861210562e-05, Step [0036/0036],                        [loss_record2: 0.0252,loss_record3: 0.0296,loss_record4: 0.0476,loss_record5: 0.1055, loss_all: 0.1197]
2021-03-14 11:34:48.695 | INFO     | network.models.trainer:fit:232 - [Saving Snapshot:]/home/admin_mcn/hung/polyp_segmentation/snapshots/noaug_GCPAPSPSmallNet_kfold/PraNetDG-fold5-84.pth
2021-03-14 11:35:41.472 | INFO     | network.models.trainer:fit:211 - 2021-03-14 11:35:41.472132 Epoch [085/085], with lr = 1.0492249381215497e-05, Step [0025/0036],                        [loss_record2: 0.0252,loss_record3: 0.0295,loss_record4: 0.0474,loss_record5: 0.1050, loss_all: 0.1192]
2021-03-14 11:36:06.104 | INFO     | network.models.trainer:fit:211 - 2021-03-14 11:36:06.103652 Epoch [085/085], with lr = 1.0492249381215497e-05, Step [0036/0036],                        [loss_record2: 0.0252,loss_record3: 0.0296,loss_record4: 0.0477,loss_record5: 0.1057, loss_all: 0.1197]
2021-03-14 11:36:06.231 | INFO     | network.models.trainer:fit:232 - [Saving Snapshot:]/home/admin_mcn/hung/polyp_segmentation/snapshots/noaug_GCPAPSPSmallNet_kfold/PraNetDG-fold5-85.pth
2021-03-14 11:36:58.847 | INFO     | network.models.trainer:fit:211 - 2021-03-14 11:36:58.846521 Epoch [086/086], with lr = 9.549150281252648e-06, Step [0025/0036],                        [loss_record2: 0.0250,loss_record3: 0.0294,loss_record4: 0.0474,loss_record5: 0.1053, loss_all: 0.1190]
2021-03-14 11:37:22.963 | INFO     | network.models.trainer:fit:211 - 2021-03-14 11:37:22.963255 Epoch [086/086], with lr = 9.549150281252648e-06, Step [0036/0036],                        [loss_record2: 0.0250,loss_record3: 0.0294,loss_record4: 0.0474,loss_record5: 0.1053, loss_all: 0.1191]
2021-03-14 11:37:23.088 | INFO     | network.models.trainer:fit:232 - [Saving Snapshot:]/home/admin_mcn/hung/polyp_segmentation/snapshots/noaug_GCPAPSPSmallNet_kfold/PraNetDG-fold5-86.pth
2021-03-14 11:38:15.258 | INFO     | network.models.trainer:fit:211 - 2021-03-14 11:38:15.257734 Epoch [087/087], with lr = 8.645971286271927e-06, Step [0025/0036],                        [loss_record2: 0.0248,loss_record3: 0.0292,loss_record4: 0.0471,loss_record5: 0.1052, loss_all: 0.1186]
2021-03-14 11:38:38.311 | INFO     | network.models.trainer:fit:211 - 2021-03-14 11:38:38.310658 Epoch [087/087], with lr = 8.645971286271927e-06, Step [0036/0036],                        [loss_record2: 0.0248,loss_record3: 0.0293,loss_record4: 0.0473,loss_record5: 0.1052, loss_all: 0.1187]
2021-03-14 11:38:38.434 | INFO     | network.models.trainer:fit:232 - [Saving Snapshot:]/home/admin_mcn/hung/polyp_segmentation/snapshots/noaug_GCPAPSPSmallNet_kfold/PraNetDG-fold5-87.pth
2021-03-14 11:39:32.816 | INFO     | network.models.trainer:fit:211 - 2021-03-14 11:39:32.816187 Epoch [088/088], with lr = 7.78360372489927e-06, Step [0025/0036],                        [loss_record2: 0.0247,loss_record3: 0.0291,loss_record4: 0.0470,loss_record5: 0.1038, loss_all: 0.1177]
2021-03-14 11:39:56.051 | INFO     | network.models.trainer:fit:211 - 2021-03-14 11:39:56.050596 Epoch [088/088], with lr = 7.78360372489927e-06, Step [0036/0036],                        [loss_record2: 0.0247,loss_record3: 0.0291,loss_record4: 0.0471,loss_record5: 0.1046, loss_all: 0.1180]
2021-03-14 11:39:56.173 | INFO     | network.models.trainer:fit:232 - [Saving Snapshot:]/home/admin_mcn/hung/polyp_segmentation/snapshots/noaug_GCPAPSPSmallNet_kfold/PraNetDG-fold5-88.pth
2021-03-14 11:40:50.802 | INFO     | network.models.trainer:fit:211 - 2021-03-14 11:40:50.801620 Epoch [089/089], with lr = 6.962898649802823e-06, Step [0025/0036],                        [loss_record2: 0.0246,loss_record3: 0.0289,loss_record4: 0.0468,loss_record5: 0.1034, loss_all: 0.1172]
2021-03-14 11:41:13.887 | INFO     | network.models.trainer:fit:211 - 2021-03-14 11:41:13.887267 Epoch [089/089], with lr = 6.962898649802823e-06, Step [0036/0036],                        [loss_record2: 0.0247,loss_record3: 0.0291,loss_record4: 0.0471,loss_record5: 0.1049, loss_all: 0.1182]
2021-03-14 11:41:14.024 | INFO     | network.models.trainer:fit:232 - [Saving Snapshot:]/home/admin_mcn/hung/polyp_segmentation/snapshots/noaug_GCPAPSPSmallNet_kfold/PraNetDG-fold5-89.pth
2021-03-14 11:42:07.649 | INFO     | network.models.trainer:fit:211 - 2021-03-14 11:42:07.648981 Epoch [090/090], with lr = 6.184665997806831e-06, Step [0025/0036],                        [loss_record2: 0.0244,loss_record3: 0.0288,loss_record4: 0.0466,loss_record5: 0.1036, loss_all: 0.1168]
2021-03-14 11:42:31.191 | INFO     | network.models.trainer:fit:211 - 2021-03-14 11:42:31.190423 Epoch [090/090], with lr = 6.184665997806831e-06, Step [0036/0036],                        [loss_record2: 0.0244,loss_record3: 0.0289,loss_record4: 0.0468,loss_record5: 0.1042, loss_all: 0.1173]
2021-03-14 11:42:31.324 | INFO     | network.models.trainer:fit:232 - [Saving Snapshot:]/home/admin_mcn/hung/polyp_segmentation/snapshots/noaug_GCPAPSPSmallNet_kfold/PraNetDG-fold5-90.pth
2021-03-14 11:43:23.183 | INFO     | network.models.trainer:fit:211 - 2021-03-14 11:43:23.183034 Epoch [091/091], with lr = 5.449673790581619e-06, Step [0025/0036],                        [loss_record2: 0.0244,loss_record3: 0.0289,loss_record4: 0.0468,loss_record5: 0.1035, loss_all: 0.1169]
2021-03-14 11:43:47.612 | INFO     | network.models.trainer:fit:211 - 2021-03-14 11:43:47.612056 Epoch [091/091], with lr = 5.449673790581619e-06, Step [0036/0036],                        [loss_record2: 0.0243,loss_record3: 0.0287,loss_record4: 0.0466,loss_record5: 0.1042, loss_all: 0.1169]
2021-03-14 11:43:47.752 | INFO     | network.models.trainer:fit:232 - [Saving Snapshot:]/home/admin_mcn/hung/polyp_segmentation/snapshots/noaug_GCPAPSPSmallNet_kfold/PraNetDG-fold5-91.pth
2021-03-14 11:44:40.388 | INFO     | network.models.trainer:fit:211 - 2021-03-14 11:44:40.388040 Epoch [092/092], with lr = 4.75864737669904e-06, Step [0025/0036],                        [loss_record2: 0.0243,loss_record3: 0.0288,loss_record4: 0.0468,loss_record5: 0.1047, loss_all: 0.1173]
2021-03-14 11:45:03.383 | INFO     | network.models.trainer:fit:211 - 2021-03-14 11:45:03.382488 Epoch [092/092], with lr = 4.75864737669904e-06, Step [0036/0036],                        [loss_record2: 0.0243,loss_record3: 0.0288,loss_record4: 0.0467,loss_record5: 0.1042, loss_all: 0.1170]
2021-03-14 11:45:03.513 | INFO     | network.models.trainer:fit:232 - [Saving Snapshot:]/home/admin_mcn/hung/polyp_segmentation/snapshots/noaug_GCPAPSPSmallNet_kfold/PraNetDG-fold5-92.pth
2021-03-14 11:45:58.041 | INFO     | network.models.trainer:fit:211 - 2021-03-14 11:45:58.041122 Epoch [093/093], with lr = 4.112268715800961e-06, Step [0025/0036],                        [loss_record2: 0.0243,loss_record3: 0.0288,loss_record4: 0.0469,loss_record5: 0.1049, loss_all: 0.1174]
2021-03-14 11:46:20.723 | INFO     | network.models.trainer:fit:211 - 2021-03-14 11:46:20.722547 Epoch [093/093], with lr = 4.112268715800961e-06, Step [0036/0036],                        [loss_record2: 0.0244,loss_record3: 0.0288,loss_record4: 0.0467,loss_record5: 0.1042, loss_all: 0.1171]
2021-03-14 11:46:20.849 | INFO     | network.models.trainer:fit:232 - [Saving Snapshot:]/home/admin_mcn/hung/polyp_segmentation/snapshots/noaug_GCPAPSPSmallNet_kfold/PraNetDG-fold5-93.pth
2021-03-14 11:47:15.184 | INFO     | network.models.trainer:fit:211 - 2021-03-14 11:47:15.183636 Epoch [094/094], with lr = 3.5111757055874383e-06, Step [0025/0036],                        [loss_record2: 0.0240,loss_record3: 0.0285,loss_record4: 0.0465,loss_record5: 0.1037, loss_all: 0.1162]
2021-03-14 11:47:38.346 | INFO     | network.models.trainer:fit:211 - 2021-03-14 11:47:38.345748 Epoch [094/094], with lr = 3.5111757055874383e-06, Step [0036/0036],                        [loss_record2: 0.0241,loss_record3: 0.0286,loss_record4: 0.0464,loss_record5: 0.1036, loss_all: 0.1162]
2021-03-14 11:47:38.473 | INFO     | network.models.trainer:fit:232 - [Saving Snapshot:]/home/admin_mcn/hung/polyp_segmentation/snapshots/noaug_GCPAPSPSmallNet_kfold/PraNetDG-fold5-94.pth
2021-03-14 11:48:32.499 | INFO     | network.models.trainer:fit:211 - 2021-03-14 11:48:32.498576 Epoch [095/095], with lr = 2.9559615522887324e-06, Step [0025/0036],                        [loss_record2: 0.0242,loss_record3: 0.0288,loss_record4: 0.0468,loss_record5: 0.1052, loss_all: 0.1174]
2021-03-14 11:48:56.182 | INFO     | network.models.trainer:fit:211 - 2021-03-14 11:48:56.182320 Epoch [095/095], with lr = 2.9559615522887324e-06, Step [0036/0036],                        [loss_record2: 0.0241,loss_record3: 0.0286,loss_record4: 0.0464,loss_record5: 0.1038, loss_all: 0.1163]
2021-03-14 11:48:56.311 | INFO     | network.models.trainer:fit:232 - [Saving Snapshot:]/home/admin_mcn/hung/polyp_segmentation/snapshots/noaug_GCPAPSPSmallNet_kfold/PraNetDG-fold5-95.pth
2021-03-14 11:49:48.122 | INFO     | network.models.trainer:fit:211 - 2021-03-14 11:49:48.121725 Epoch [096/096], with lr = 2.4471741852423276e-06, Step [0025/0036],                        [loss_record2: 0.0240,loss_record3: 0.0285,loss_record4: 0.0461,loss_record5: 0.1032, loss_all: 0.1157]
2021-03-14 11:50:12.941 | INFO     | network.models.trainer:fit:211 - 2021-03-14 11:50:12.940783 Epoch [096/096], with lr = 2.4471741852423276e-06, Step [0036/0036],                        [loss_record2: 0.0240,loss_record3: 0.0286,loss_record4: 0.0462,loss_record5: 0.1036, loss_all: 0.1161]
2021-03-14 11:50:13.066 | INFO     | network.models.trainer:fit:232 - [Saving Snapshot:]/home/admin_mcn/hung/polyp_segmentation/snapshots/noaug_GCPAPSPSmallNet_kfold/PraNetDG-fold5-96.pth
2021-03-14 11:51:05.163 | INFO     | network.models.trainer:fit:211 - 2021-03-14 11:51:05.162623 Epoch [097/097], with lr = 1.9853157161528557e-06, Step [0025/0036],                        [loss_record2: 0.0242,loss_record3: 0.0288,loss_record4: 0.0469,loss_record5: 0.1046, loss_all: 0.1173]
2021-03-14 11:51:28.366 | INFO     | network.models.trainer:fit:211 - 2021-03-14 11:51:28.366262 Epoch [097/097], with lr = 1.9853157161528557e-06, Step [0036/0036],                        [loss_record2: 0.0241,loss_record3: 0.0286,loss_record4: 0.0464,loss_record5: 0.1037, loss_all: 0.1162]
2021-03-14 11:51:28.495 | INFO     | network.models.trainer:fit:232 - [Saving Snapshot:]/home/admin_mcn/hung/polyp_segmentation/snapshots/noaug_GCPAPSPSmallNet_kfold/PraNetDG-fold5-97.pth
2021-03-14 11:52:23.380 | INFO     | network.models.trainer:fit:211 - 2021-03-14 11:52:23.380126 Epoch [098/098], with lr = 1.5708419435684545e-06, Step [0025/0036],                        [loss_record2: 0.0240,loss_record3: 0.0285,loss_record4: 0.0466,loss_record5: 0.1039, loss_all: 0.1163]
2021-03-14 11:52:46.387 | INFO     | network.models.trainer:fit:211 - 2021-03-14 11:52:46.387073 Epoch [098/098], with lr = 1.5708419435684545e-06, Step [0036/0036],                        [loss_record2: 0.0239,loss_record3: 0.0284,loss_record4: 0.0462,loss_record5: 0.1035, loss_all: 0.1157]
2021-03-14 11:52:46.510 | INFO     | network.models.trainer:fit:232 - [Saving Snapshot:]/home/admin_mcn/hung/polyp_segmentation/snapshots/noaug_GCPAPSPSmallNet_kfold/PraNetDG-fold5-98.pth
2021-03-14 11:53:41.272 | INFO     | network.models.trainer:fit:211 - 2021-03-14 11:53:41.271937 Epoch [099/099], with lr = 1.2041619030626358e-06, Step [0025/0036],                        [loss_record2: 0.0238,loss_record3: 0.0282,loss_record4: 0.0457,loss_record5: 0.1029, loss_all: 0.1150]
2021-03-14 11:54:04.683 | INFO     | network.models.trainer:fit:211 - 2021-03-14 11:54:04.683016 Epoch [099/099], with lr = 1.2041619030626358e-06, Step [0036/0036],                        [loss_record2: 0.0240,loss_record3: 0.0285,loss_record4: 0.0462,loss_record5: 0.1033, loss_all: 0.1158]
2021-03-14 11:54:04.810 | INFO     | network.models.trainer:fit:232 - [Saving Snapshot:]/home/admin_mcn/hung/polyp_segmentation/snapshots/noaug_GCPAPSPSmallNet_kfold/PraNetDG-fold5-99.pth
2021-03-14 11:54:04.811 | INFO     | network.models.trainer:fit:242 - Training cost: 7695.438877139939seconds
