2021-03-02 00:07:04.263 | INFO     | __main__:main:22 - Load config from configs/transunet_config.yaml
2021-03-02 00:07:04.263 | INFO     | __main__:main:23 - {'dataset': {'data_path': '/home/admin_mcn/hung/polyp_segmentation/data/Kvasir_fold_new', 'train_data_path': ['/home/admin_mcn/hung/polyp_segmentation/data/Kvasir_fold_new/fold_0', '/home/admin_mcn/hung/polyp_segmentation/data/Kvasir_fold_new/fold_1', '/home/admin_mcn/hung/polyp_segmentation/data/Kvasir_fold_new/fold_2', '/home/admin_mcn/hung/polyp_segmentation/data/Kvasir_fold_new/fold_3'], 'test_data_path': ['/home/admin_mcn/hung/polyp_segmentation/data/Kvasir_fold_new/fold_4'], 'fold': 4, 'img_size': 224}, 'model': {'save_dir': '/home/admin_mcn/hung/polyp_segmentation/snapshots', 'arch': 'TransUnet', 'save_from': 80, 'start_from': 0, 'num_epochs': 200}, 'optimizer': {'name': 'adam', 'lr': 8e-05, 'clip': 0.5, 'scheduler': 'cosine_warmup', 'num_warmup_epoch': 5, 'loss': 'structure_loss'}, 'train': {'fold': 4, 'is_val': False, 'dataloader': {'batchsize': 16, 'shuffle': True, 'img_size': 224, 'pin_memory': True, 'drop_last': True}, 'augment': {'prob': 0.7, 'blur_prob': 0.7, 'jitter_prob': 0.7, 'rotate_prob': 0.7, 'flip_prob': 0.7}}, 'test': {'folds': {4: 1}, 'visualize': True, 'visualize_dir': '/home/admin_mcn/hung/polyp_segmentation/results/PraNet_kfold', 'vis_x': 180, 'vis_overwrite': False, 'dataloader': {'batchsize': 1, 'shuffle': False, 'img_size': 352, 'pin_memory': True, 'drop_last': True}, 'augment': {'prob': 0, 'blur_prob': 0, 'jitter_prob': 0, 'rotate_prob': 0, 'flip_prob': 0}}}
2021-03-02 00:07:04.263 | INFO     | __main__:main:29 - Getting datapath
2021-03-02 00:07:04.268 | INFO     | __main__:main:50 - Loading data
2021-03-02 00:07:04.268 | INFO     | __main__:main:63 - Loading model
2021-03-02 00:07:07.226 | INFO     | __main__:main:113 - ####################
2021-03-02 00:07:24.715 | INFO     | network.models.trainer:fit:245 - 2021-03-02 00:07:24.713664 Epoch [000/000], with lr = 1e-05, Step [0025/0050],                        [loss_record5: 1.4188]
2021-03-02 00:07:39.676 | INFO     | network.models.trainer:fit:245 - 2021-03-02 00:07:39.674161 Epoch [000/000], with lr = 1e-05, Step [0050/0050],                        [loss_record5: 1.3476]
2021-03-02 00:07:54.523 | INFO     | network.models.trainer:fit:245 - 2021-03-02 00:07:54.521111 Epoch [001/001], with lr = 2.4e-05, Step [0025/0050],                        [loss_record5: 1.2321]
2021-03-02 00:08:09.596 | INFO     | network.models.trainer:fit:245 - 2021-03-02 00:08:09.594346 Epoch [001/001], with lr = 2.4e-05, Step [0050/0050],                        [loss_record5: 1.1839]
2021-03-02 00:08:24.499 | INFO     | network.models.trainer:fit:245 - 2021-03-02 00:08:24.497570 Epoch [002/002], with lr = 3.8e-05, Step [0025/0050],                        [loss_record5: 1.0737]
2021-03-02 00:08:34.848 | INFO     | network.models.trainer:fit:245 - 2021-03-02 00:08:34.848665 Epoch [002/002], with lr = 3.8e-05, Step [0050/0050],                        [loss_record5: 1.0648]
2021-03-02 00:08:44.744 | INFO     | network.models.trainer:fit:245 - 2021-03-02 00:08:44.744579 Epoch [003/003], with lr = 5.2000000000000004e-05, Step [0025/0050],                        [loss_record5: 1.0224]
2021-03-02 00:08:54.674 | INFO     | network.models.trainer:fit:245 - 2021-03-02 00:08:54.673971 Epoch [003/003], with lr = 5.2000000000000004e-05, Step [0050/0050],                        [loss_record5: 0.9831]
2021-03-02 00:09:04.787 | INFO     | network.models.trainer:fit:245 - 2021-03-02 00:09:04.787781 Epoch [004/004], with lr = 6.6e-05, Step [0025/0050],                        [loss_record5: 0.9425]
2021-03-02 00:09:14.677 | INFO     | network.models.trainer:fit:245 - 2021-03-02 00:09:14.676852 Epoch [004/004], with lr = 6.6e-05, Step [0050/0050],                        [loss_record5: 0.9189]
2021-03-02 00:09:24.687 | INFO     | network.models.trainer:fit:245 - 2021-03-02 00:09:24.687101 Epoch [005/005], with lr = 8e-05, Step [0025/0050],                        [loss_record5: 0.8825]
2021-03-02 00:09:34.659 | INFO     | network.models.trainer:fit:245 - 2021-03-02 00:09:34.659214 Epoch [005/005], with lr = 8e-05, Step [0050/0050],                        [loss_record5: 0.8264]
2021-03-02 00:09:44.440 | INFO     | network.models.trainer:fit:245 - 2021-03-02 00:09:44.440588 Epoch [006/006], with lr = 8e-05, Step [0025/0050],                        [loss_record5: 0.7680]
2021-03-02 00:09:54.328 | INFO     | network.models.trainer:fit:245 - 2021-03-02 00:09:54.327972 Epoch [006/006], with lr = 8e-05, Step [0050/0050],                        [loss_record5: 0.7560]
2021-03-02 00:10:04.359 | INFO     | network.models.trainer:fit:245 - 2021-03-02 00:10:04.359101 Epoch [007/007], with lr = 8e-05, Step [0025/0050],                        [loss_record5: 0.7244]
2021-03-02 00:10:14.217 | INFO     | network.models.trainer:fit:245 - 2021-03-02 00:10:14.217749 Epoch [007/007], with lr = 8e-05, Step [0050/0050],                        [loss_record5: 0.7174]
2021-03-02 00:10:24.221 | INFO     | network.models.trainer:fit:245 - 2021-03-02 00:10:24.221544 Epoch [008/008], with lr = 8e-05, Step [0025/0050],                        [loss_record5: 0.6707]
2021-03-02 00:10:34.210 | INFO     | network.models.trainer:fit:245 - 2021-03-02 00:10:34.210716 Epoch [008/008], with lr = 8e-05, Step [0050/0050],                        [loss_record5: 0.6839]
2021-03-02 00:10:44.279 | INFO     | network.models.trainer:fit:245 - 2021-03-02 00:10:44.278824 Epoch [009/009], with lr = 8e-05, Step [0025/0050],                        [loss_record5: 0.6611]
2021-03-02 00:10:54.017 | INFO     | network.models.trainer:fit:245 - 2021-03-02 00:10:54.017732 Epoch [009/009], with lr = 8e-05, Step [0050/0050],                        [loss_record5: 0.6364]
2021-03-02 00:11:03.927 | INFO     | network.models.trainer:fit:245 - 2021-03-02 00:11:03.927139 Epoch [010/010], with lr = 8e-05, Step [0025/0050],                        [loss_record5: 0.6473]
2021-03-02 00:11:13.806 | INFO     | network.models.trainer:fit:245 - 2021-03-02 00:11:13.805841 Epoch [010/010], with lr = 8e-05, Step [0050/0050],                        [loss_record5: 0.6110]
2021-03-02 00:11:23.874 | INFO     | network.models.trainer:fit:245 - 2021-03-02 00:11:23.874145 Epoch [011/011], with lr = 8e-05, Step [0025/0050],                        [loss_record5: 0.5800]
2021-03-02 00:11:33.812 | INFO     | network.models.trainer:fit:245 - 2021-03-02 00:11:33.811856 Epoch [011/011], with lr = 8e-05, Step [0050/0050],                        [loss_record5: 0.5796]
2021-03-02 00:11:43.753 | INFO     | network.models.trainer:fit:245 - 2021-03-02 00:11:43.752944 Epoch [012/012], with lr = 8e-05, Step [0025/0050],                        [loss_record5: 0.5325]
2021-03-02 00:11:53.650 | INFO     | network.models.trainer:fit:245 - 2021-03-02 00:11:53.650518 Epoch [012/012], with lr = 8e-05, Step [0050/0050],                        [loss_record5: 0.5283]
2021-03-02 00:12:03.656 | INFO     | network.models.trainer:fit:245 - 2021-03-02 00:12:03.656640 Epoch [013/013], with lr = 8e-05, Step [0025/0050],                        [loss_record5: 0.5442]
2021-03-02 00:12:13.567 | INFO     | network.models.trainer:fit:245 - 2021-03-02 00:12:13.567109 Epoch [013/013], with lr = 8e-05, Step [0050/0050],                        [loss_record5: 0.5365]
2021-03-02 00:12:23.490 | INFO     | network.models.trainer:fit:245 - 2021-03-02 00:12:23.490003 Epoch [014/014], with lr = 8e-05, Step [0025/0050],                        [loss_record5: 0.4741]
2021-03-02 00:12:33.426 | INFO     | network.models.trainer:fit:245 - 2021-03-02 00:12:33.426426 Epoch [014/014], with lr = 8e-05, Step [0050/0050],                        [loss_record5: 0.5361]
2021-03-02 00:12:43.163 | INFO     | network.models.trainer:fit:245 - 2021-03-02 00:12:43.163382 Epoch [015/015], with lr = 8e-05, Step [0025/0050],                        [loss_record5: 0.5301]
2021-03-02 00:12:52.983 | INFO     | network.models.trainer:fit:245 - 2021-03-02 00:12:52.982986 Epoch [015/015], with lr = 8e-05, Step [0050/0050],                        [loss_record5: 0.4876]
2021-03-02 00:13:02.743 | INFO     | network.models.trainer:fit:245 - 2021-03-02 00:13:02.743333 Epoch [016/016], with lr = 8e-05, Step [0025/0050],                        [loss_record5: 0.4317]
2021-03-02 00:13:12.617 | INFO     | network.models.trainer:fit:245 - 2021-03-02 00:13:12.617447 Epoch [016/016], with lr = 8e-05, Step [0050/0050],                        [loss_record5: 0.4405]
2021-03-02 00:13:22.488 | INFO     | network.models.trainer:fit:245 - 2021-03-02 00:13:22.488130 Epoch [017/017], with lr = 8e-05, Step [0025/0050],                        [loss_record5: 0.5310]
2021-03-02 00:13:32.279 | INFO     | network.models.trainer:fit:245 - 2021-03-02 00:13:32.279031 Epoch [017/017], with lr = 8e-05, Step [0050/0050],                        [loss_record5: 0.4693]
2021-03-02 00:13:42.214 | INFO     | network.models.trainer:fit:245 - 2021-03-02 00:13:42.214308 Epoch [018/018], with lr = 8e-05, Step [0025/0050],                        [loss_record5: 0.4876]
2021-03-02 00:13:52.009 | INFO     | network.models.trainer:fit:245 - 2021-03-02 00:13:52.009494 Epoch [018/018], with lr = 8e-05, Step [0050/0050],                        [loss_record5: 0.4644]
2021-03-02 00:14:01.841 | INFO     | network.models.trainer:fit:245 - 2021-03-02 00:14:01.840823 Epoch [019/019], with lr = 8e-05, Step [0025/0050],                        [loss_record5: 0.4440]
2021-03-02 00:14:11.775 | INFO     | network.models.trainer:fit:245 - 2021-03-02 00:14:11.775517 Epoch [019/019], with lr = 8e-05, Step [0050/0050],                        [loss_record5: 0.4585]
2021-03-02 00:14:21.770 | INFO     | network.models.trainer:fit:245 - 2021-03-02 00:14:21.770479 Epoch [020/020], with lr = 8e-05, Step [0025/0050],                        [loss_record5: 0.4821]
2021-03-02 00:14:31.556 | INFO     | network.models.trainer:fit:245 - 2021-03-02 00:14:31.556372 Epoch [020/020], with lr = 8e-05, Step [0050/0050],                        [loss_record5: 0.4174]
2021-03-02 00:14:41.393 | INFO     | network.models.trainer:fit:245 - 2021-03-02 00:14:41.393591 Epoch [021/021], with lr = 8e-05, Step [0025/0050],                        [loss_record5: 0.4454]
2021-03-02 00:14:51.265 | INFO     | network.models.trainer:fit:245 - 2021-03-02 00:14:51.265398 Epoch [021/021], with lr = 8e-05, Step [0050/0050],                        [loss_record5: 0.4423]
2021-03-02 00:15:00.965 | INFO     | network.models.trainer:fit:245 - 2021-03-02 00:15:00.964882 Epoch [022/022], with lr = 8e-05, Step [0025/0050],                        [loss_record5: 0.3957]
2021-03-02 00:15:10.848 | INFO     | network.models.trainer:fit:245 - 2021-03-02 00:15:10.847941 Epoch [022/022], with lr = 8e-05, Step [0050/0050],                        [loss_record5: 0.4236]
2021-03-02 00:15:20.670 | INFO     | network.models.trainer:fit:245 - 2021-03-02 00:15:20.670746 Epoch [023/023], with lr = 8e-05, Step [0025/0050],                        [loss_record5: 0.3813]
2021-03-02 00:15:30.550 | INFO     | network.models.trainer:fit:245 - 2021-03-02 00:15:30.550263 Epoch [023/023], with lr = 8e-05, Step [0050/0050],                        [loss_record5: 0.4156]
2021-03-02 00:15:31.026 | INFO     | network.models.trainer:fit:254 - [Saving Snapshot:]/home/admin_mcn/hung/polyp_segmentation/snapshots/TransUnet/PraNetDG-fold4-23.pth
2021-03-02 00:15:40.978 | INFO     | network.models.trainer:fit:245 - 2021-03-02 00:15:40.978226 Epoch [024/024], with lr = 8e-05, Step [0025/0050],                        [loss_record5: 0.4004]
2021-03-02 00:15:50.937 | INFO     | network.models.trainer:fit:245 - 2021-03-02 00:15:50.937314 Epoch [024/024], with lr = 8e-05, Step [0050/0050],                        [loss_record5: 0.4263]
2021-03-02 00:16:00.752 | INFO     | network.models.trainer:fit:245 - 2021-03-02 00:16:00.752723 Epoch [025/025], with lr = 8e-05, Step [0025/0050],                        [loss_record5: 0.4911]
2021-03-02 00:16:10.899 | INFO     | network.models.trainer:fit:245 - 2021-03-02 00:16:10.899214 Epoch [025/025], with lr = 8e-05, Step [0050/0050],                        [loss_record5: 0.4466]
2021-03-02 00:16:20.874 | INFO     | network.models.trainer:fit:245 - 2021-03-02 00:16:20.874010 Epoch [026/026], with lr = 8e-05, Step [0025/0050],                        [loss_record5: 0.3572]
2021-03-02 00:16:30.710 | INFO     | network.models.trainer:fit:245 - 2021-03-02 00:16:30.710024 Epoch [026/026], with lr = 8e-05, Step [0050/0050],                        [loss_record5: 0.3621]
2021-03-02 00:16:40.694 | INFO     | network.models.trainer:fit:245 - 2021-03-02 00:16:40.694017 Epoch [027/027], with lr = 8e-05, Step [0025/0050],                        [loss_record5: 0.3752]
2021-03-02 00:16:50.537 | INFO     | network.models.trainer:fit:245 - 2021-03-02 00:16:50.537417 Epoch [027/027], with lr = 8e-05, Step [0050/0050],                        [loss_record5: 0.4128]
2021-03-02 00:17:00.410 | INFO     | network.models.trainer:fit:245 - 2021-03-02 00:17:00.410711 Epoch [028/028], with lr = 8e-05, Step [0025/0050],                        [loss_record5: 0.3818]
2021-03-02 00:17:10.304 | INFO     | network.models.trainer:fit:245 - 2021-03-02 00:17:10.304100 Epoch [028/028], with lr = 8e-05, Step [0050/0050],                        [loss_record5: 0.3670]
2021-03-02 00:17:20.082 | INFO     | network.models.trainer:fit:245 - 2021-03-02 00:17:20.082034 Epoch [029/029], with lr = 8e-05, Step [0025/0050],                        [loss_record5: 0.3854]
2021-03-02 00:17:30.119 | INFO     | network.models.trainer:fit:245 - 2021-03-02 00:17:30.119428 Epoch [029/029], with lr = 8e-05, Step [0050/0050],                        [loss_record5: 0.3848]
2021-03-02 00:17:40.145 | INFO     | network.models.trainer:fit:245 - 2021-03-02 00:17:40.145019 Epoch [030/030], with lr = 8e-05, Step [0025/0050],                        [loss_record5: 0.4067]
2021-03-02 00:17:49.986 | INFO     | network.models.trainer:fit:245 - 2021-03-02 00:17:49.986153 Epoch [030/030], with lr = 8e-05, Step [0050/0050],                        [loss_record5: 0.4334]
2021-03-02 00:17:59.919 | INFO     | network.models.trainer:fit:245 - 2021-03-02 00:17:59.919426 Epoch [031/031], with lr = 8e-05, Step [0025/0050],                        [loss_record5: 0.4094]
2021-03-02 00:18:09.674 | INFO     | network.models.trainer:fit:245 - 2021-03-02 00:18:09.673758 Epoch [031/031], with lr = 8e-05, Step [0050/0050],                        [loss_record5: 0.3794]
2021-03-02 00:18:19.321 | INFO     | network.models.trainer:fit:245 - 2021-03-02 00:18:19.320902 Epoch [032/032], with lr = 8e-05, Step [0025/0050],                        [loss_record5: 0.3297]
2021-03-02 00:18:29.280 | INFO     | network.models.trainer:fit:245 - 2021-03-02 00:18:29.280329 Epoch [032/032], with lr = 8e-05, Step [0050/0050],                        [loss_record5: 0.3434]
2021-03-02 00:18:39.146 | INFO     | network.models.trainer:fit:245 - 2021-03-02 00:18:39.146320 Epoch [033/033], with lr = 8e-05, Step [0025/0050],                        [loss_record5: 0.3519]
2021-03-02 00:18:49.079 | INFO     | network.models.trainer:fit:245 - 2021-03-02 00:18:49.079327 Epoch [033/033], with lr = 8e-05, Step [0050/0050],                        [loss_record5: 0.3701]
2021-03-02 00:18:59.002 | INFO     | network.models.trainer:fit:245 - 2021-03-02 00:18:59.002735 Epoch [034/034], with lr = 8e-05, Step [0025/0050],                        [loss_record5: 0.3736]
2021-03-02 00:19:08.920 | INFO     | network.models.trainer:fit:245 - 2021-03-02 00:19:08.919940 Epoch [034/034], with lr = 8e-05, Step [0050/0050],                        [loss_record5: 0.3689]
2021-03-02 00:19:18.747 | INFO     | network.models.trainer:fit:245 - 2021-03-02 00:19:18.746861 Epoch [035/035], with lr = 8e-05, Step [0025/0050],                        [loss_record5: 0.3545]
2021-03-02 00:19:28.590 | INFO     | network.models.trainer:fit:245 - 2021-03-02 00:19:28.590092 Epoch [035/035], with lr = 8e-05, Step [0050/0050],                        [loss_record5: 0.3981]
2021-03-02 00:19:38.453 | INFO     | network.models.trainer:fit:245 - 2021-03-02 00:19:38.453440 Epoch [036/036], with lr = 8e-05, Step [0025/0050],                        [loss_record5: 0.3322]
2021-03-02 00:19:48.412 | INFO     | network.models.trainer:fit:245 - 2021-03-02 00:19:48.412669 Epoch [036/036], with lr = 8e-05, Step [0050/0050],                        [loss_record5: 0.3384]
2021-03-02 00:19:58.360 | INFO     | network.models.trainer:fit:245 - 2021-03-02 00:19:58.360305 Epoch [037/037], with lr = 8e-05, Step [0025/0050],                        [loss_record5: 0.3354]
2021-03-02 00:20:08.270 | INFO     | network.models.trainer:fit:245 - 2021-03-02 00:20:08.270490 Epoch [037/037], with lr = 8e-05, Step [0050/0050],                        [loss_record5: 0.3757]
2021-03-02 00:20:18.123 | INFO     | network.models.trainer:fit:245 - 2021-03-02 00:20:18.122920 Epoch [038/038], with lr = 8e-05, Step [0025/0050],                        [loss_record5: 0.3248]
2021-03-02 00:20:28.082 | INFO     | network.models.trainer:fit:245 - 2021-03-02 00:20:28.082712 Epoch [038/038], with lr = 8e-05, Step [0050/0050],                        [loss_record5: 0.3722]
2021-03-02 00:20:37.958 | INFO     | network.models.trainer:fit:245 - 2021-03-02 00:20:37.958779 Epoch [039/039], with lr = 8e-05, Step [0025/0050],                        [loss_record5: 0.3642]
2021-03-02 00:20:48.049 | INFO     | network.models.trainer:fit:245 - 2021-03-02 00:20:48.048797 Epoch [039/039], with lr = 8e-05, Step [0050/0050],                        [loss_record5: 0.3482]
2021-03-02 00:20:58.101 | INFO     | network.models.trainer:fit:245 - 2021-03-02 00:20:58.101503 Epoch [040/040], with lr = 8e-05, Step [0025/0050],                        [loss_record5: 0.3586]
2021-03-02 00:21:07.910 | INFO     | network.models.trainer:fit:245 - 2021-03-02 00:21:07.910539 Epoch [040/040], with lr = 8e-05, Step [0050/0050],                        [loss_record5: 0.3597]
2021-03-02 00:21:18.017 | INFO     | network.models.trainer:fit:245 - 2021-03-02 00:21:18.016893 Epoch [041/041], with lr = 8e-05, Step [0025/0050],                        [loss_record5: 0.3766]
2021-03-02 00:21:27.838 | INFO     | network.models.trainer:fit:245 - 2021-03-02 00:21:27.837939 Epoch [041/041], with lr = 8e-05, Step [0050/0050],                        [loss_record5: 0.3774]
2021-03-02 00:21:37.774 | INFO     | network.models.trainer:fit:245 - 2021-03-02 00:21:37.774551 Epoch [042/042], with lr = 8e-05, Step [0025/0050],                        [loss_record5: 0.3730]
2021-03-02 00:21:47.773 | INFO     | network.models.trainer:fit:245 - 2021-03-02 00:21:47.773059 Epoch [042/042], with lr = 8e-05, Step [0050/0050],                        [loss_record5: 0.3772]
2021-03-02 00:21:57.713 | INFO     | network.models.trainer:fit:245 - 2021-03-02 00:21:57.713520 Epoch [043/043], with lr = 8e-05, Step [0025/0050],                        [loss_record5: 0.3487]
2021-03-02 00:22:07.616 | INFO     | network.models.trainer:fit:245 - 2021-03-02 00:22:07.616230 Epoch [043/043], with lr = 8e-05, Step [0050/0050],                        [loss_record5: 0.3491]
2021-03-02 00:22:17.591 | INFO     | network.models.trainer:fit:245 - 2021-03-02 00:22:17.590989 Epoch [044/044], with lr = 8e-05, Step [0025/0050],                        [loss_record5: 0.3659]
2021-03-02 00:22:27.509 | INFO     | network.models.trainer:fit:245 - 2021-03-02 00:22:27.509147 Epoch [044/044], with lr = 8e-05, Step [0050/0050],                        [loss_record5: 0.3539]
2021-03-02 00:22:37.454 | INFO     | network.models.trainer:fit:245 - 2021-03-02 00:22:37.454139 Epoch [045/045], with lr = 8e-05, Step [0025/0050],                        [loss_record5: 0.3162]
2021-03-02 00:22:47.391 | INFO     | network.models.trainer:fit:245 - 2021-03-02 00:22:47.391563 Epoch [045/045], with lr = 8e-05, Step [0050/0050],                        [loss_record5: 0.3345]
2021-03-02 00:22:57.360 | INFO     | network.models.trainer:fit:245 - 2021-03-02 00:22:57.360027 Epoch [046/046], with lr = 8e-05, Step [0025/0050],                        [loss_record5: 0.3641]
2021-03-02 00:23:07.135 | INFO     | network.models.trainer:fit:245 - 2021-03-02 00:23:07.135141 Epoch [046/046], with lr = 8e-05, Step [0050/0050],                        [loss_record5: 0.3395]
2021-03-02 00:23:16.948 | INFO     | network.models.trainer:fit:245 - 2021-03-02 00:23:16.948038 Epoch [047/047], with lr = 8e-05, Step [0025/0050],                        [loss_record5: 0.3739]
2021-03-02 00:23:26.948 | INFO     | network.models.trainer:fit:245 - 2021-03-02 00:23:26.948570 Epoch [047/047], with lr = 8e-05, Step [0050/0050],                        [loss_record5: 0.3542]
2021-03-02 00:23:36.864 | INFO     | network.models.trainer:fit:245 - 2021-03-02 00:23:36.864622 Epoch [048/048], with lr = 8e-05, Step [0025/0050],                        [loss_record5: 0.3600]
2021-03-02 00:23:46.772 | INFO     | network.models.trainer:fit:245 - 2021-03-02 00:23:46.772516 Epoch [048/048], with lr = 8e-05, Step [0050/0050],                        [loss_record5: 0.3611]
2021-03-02 00:23:56.611 | INFO     | network.models.trainer:fit:245 - 2021-03-02 00:23:56.610753 Epoch [049/049], with lr = 8e-05, Step [0025/0050],                        [loss_record5: 0.3696]
2021-03-02 00:24:06.531 | INFO     | network.models.trainer:fit:245 - 2021-03-02 00:24:06.531210 Epoch [049/049], with lr = 8e-05, Step [0050/0050],                        [loss_record5: 0.3583]
2021-03-02 00:24:16.559 | INFO     | network.models.trainer:fit:245 - 2021-03-02 00:24:16.559562 Epoch [050/050], with lr = 8e-05, Step [0025/0050],                        [loss_record5: 0.3310]
2021-03-02 00:24:26.278 | INFO     | network.models.trainer:fit:245 - 2021-03-02 00:24:26.277989 Epoch [050/050], with lr = 8e-05, Step [0050/0050],                        [loss_record5: 0.3332]
2021-03-02 00:24:36.134 | INFO     | network.models.trainer:fit:245 - 2021-03-02 00:24:36.133892 Epoch [051/051], with lr = 8e-05, Step [0025/0050],                        [loss_record5: 0.3453]
2021-03-02 00:24:45.937 | INFO     | network.models.trainer:fit:245 - 2021-03-02 00:24:45.937394 Epoch [051/051], with lr = 8e-05, Step [0050/0050],                        [loss_record5: 0.3409]
2021-03-02 00:24:55.910 | INFO     | network.models.trainer:fit:245 - 2021-03-02 00:24:55.910622 Epoch [052/052], with lr = 8e-05, Step [0025/0050],                        [loss_record5: 0.3425]
2021-03-02 00:25:05.778 | INFO     | network.models.trainer:fit:245 - 2021-03-02 00:25:05.778309 Epoch [052/052], with lr = 8e-05, Step [0050/0050],                        [loss_record5: 0.3356]
2021-03-02 00:25:15.611 | INFO     | network.models.trainer:fit:245 - 2021-03-02 00:25:15.611377 Epoch [053/053], with lr = 8e-05, Step [0025/0050],                        [loss_record5: 0.3651]
2021-03-02 00:25:25.532 | INFO     | network.models.trainer:fit:245 - 2021-03-02 00:25:25.531880 Epoch [053/053], with lr = 8e-05, Step [0050/0050],                        [loss_record5: 0.3449]
2021-03-02 00:25:35.413 | INFO     | network.models.trainer:fit:245 - 2021-03-02 00:25:35.413650 Epoch [054/054], with lr = 8e-05, Step [0025/0050],                        [loss_record5: 0.3321]
2021-03-02 00:25:45.379 | INFO     | network.models.trainer:fit:245 - 2021-03-02 00:25:45.379291 Epoch [054/054], with lr = 8e-05, Step [0050/0050],                        [loss_record5: 0.3588]
2021-03-02 00:25:55.211 | INFO     | network.models.trainer:fit:245 - 2021-03-02 00:25:55.210772 Epoch [055/055], with lr = 8e-05, Step [0025/0050],                        [loss_record5: 0.3413]
2021-03-02 00:26:05.079 | INFO     | network.models.trainer:fit:245 - 2021-03-02 00:26:05.079582 Epoch [055/055], with lr = 8e-05, Step [0050/0050],                        [loss_record5: 0.3183]
2021-03-02 00:26:14.909 | INFO     | network.models.trainer:fit:245 - 2021-03-02 00:26:14.909445 Epoch [056/056], with lr = 8e-05, Step [0025/0050],                        [loss_record5: 0.2870]
2021-03-02 00:26:24.867 | INFO     | network.models.trainer:fit:245 - 2021-03-02 00:26:24.867762 Epoch [056/056], with lr = 8e-05, Step [0050/0050],                        [loss_record5: 0.3130]
2021-03-02 00:26:34.802 | INFO     | network.models.trainer:fit:245 - 2021-03-02 00:26:34.802682 Epoch [057/057], with lr = 8e-05, Step [0025/0050],                        [loss_record5: 0.2768]
2021-03-02 00:26:44.859 | INFO     | network.models.trainer:fit:245 - 2021-03-02 00:26:44.858906 Epoch [057/057], with lr = 8e-05, Step [0050/0050],                        [loss_record5: 0.3142]
2021-03-02 00:26:54.763 | INFO     | network.models.trainer:fit:245 - 2021-03-02 00:26:54.762952 Epoch [058/058], with lr = 8e-05, Step [0025/0050],                        [loss_record5: 0.3594]
2021-03-02 00:27:04.702 | INFO     | network.models.trainer:fit:245 - 2021-03-02 00:27:04.702105 Epoch [058/058], with lr = 8e-05, Step [0050/0050],                        [loss_record5: 0.3373]
2021-03-02 00:27:14.806 | INFO     | network.models.trainer:fit:245 - 2021-03-02 00:27:14.806581 Epoch [059/059], with lr = 8e-05, Step [0025/0050],                        [loss_record5: 0.3004]
2021-03-02 00:27:24.778 | INFO     | network.models.trainer:fit:245 - 2021-03-02 00:27:24.778052 Epoch [059/059], with lr = 8e-05, Step [0050/0050],                        [loss_record5: 0.3232]
2021-03-02 00:27:34.599 | INFO     | network.models.trainer:fit:245 - 2021-03-02 00:27:34.598854 Epoch [060/060], with lr = 8e-05, Step [0025/0050],                        [loss_record5: 0.2933]
2021-03-02 00:27:44.454 | INFO     | network.models.trainer:fit:245 - 2021-03-02 00:27:44.453907 Epoch [060/060], with lr = 8e-05, Step [0050/0050],                        [loss_record5: 0.3116]
2021-03-02 00:27:54.322 | INFO     | network.models.trainer:fit:245 - 2021-03-02 00:27:54.321796 Epoch [061/061], with lr = 8e-05, Step [0025/0050],                        [loss_record5: 0.3091]
2021-03-02 00:28:04.207 | INFO     | network.models.trainer:fit:245 - 2021-03-02 00:28:04.207475 Epoch [061/061], with lr = 8e-05, Step [0050/0050],                        [loss_record5: 0.3101]
2021-03-02 00:28:14.039 | INFO     | network.models.trainer:fit:245 - 2021-03-02 00:28:14.039349 Epoch [062/062], with lr = 8e-05, Step [0025/0050],                        [loss_record5: 0.3227]
2021-03-02 00:28:23.873 | INFO     | network.models.trainer:fit:245 - 2021-03-02 00:28:23.873511 Epoch [062/062], with lr = 8e-05, Step [0050/0050],                        [loss_record5: 0.3179]
2021-03-02 00:28:33.848 | INFO     | network.models.trainer:fit:245 - 2021-03-02 00:28:33.848724 Epoch [063/063], with lr = 8e-05, Step [0025/0050],                        [loss_record5: 0.3195]
2021-03-02 00:28:43.670 | INFO     | network.models.trainer:fit:245 - 2021-03-02 00:28:43.670115 Epoch [063/063], with lr = 8e-05, Step [0050/0050],                        [loss_record5: 0.3221]
2021-03-02 00:28:53.634 | INFO     | network.models.trainer:fit:245 - 2021-03-02 00:28:53.634565 Epoch [064/064], with lr = 8e-05, Step [0025/0050],                        [loss_record5: 0.3152]
2021-03-02 00:29:03.546 | INFO     | network.models.trainer:fit:245 - 2021-03-02 00:29:03.546145 Epoch [064/064], with lr = 8e-05, Step [0050/0050],                        [loss_record5: 0.3412]
2021-03-02 00:29:13.574 | INFO     | network.models.trainer:fit:245 - 2021-03-02 00:29:13.574601 Epoch [065/065], with lr = 8e-05, Step [0025/0050],                        [loss_record5: 0.3027]
2021-03-02 00:29:23.495 | INFO     | network.models.trainer:fit:245 - 2021-03-02 00:29:23.495375 Epoch [065/065], with lr = 8e-05, Step [0050/0050],                        [loss_record5: 0.2793]
2021-03-02 00:29:33.446 | INFO     | network.models.trainer:fit:245 - 2021-03-02 00:29:33.446393 Epoch [066/066], with lr = 8e-05, Step [0025/0050],                        [loss_record5: 0.3215]
2021-03-02 00:29:43.237 | INFO     | network.models.trainer:fit:245 - 2021-03-02 00:29:43.237664 Epoch [066/066], with lr = 8e-05, Step [0050/0050],                        [loss_record5: 0.2964]
2021-03-02 00:29:53.288 | INFO     | network.models.trainer:fit:245 - 2021-03-02 00:29:53.287979 Epoch [067/067], with lr = 8e-05, Step [0025/0050],                        [loss_record5: 0.3308]
2021-03-02 00:30:03.145 | INFO     | network.models.trainer:fit:245 - 2021-03-02 00:30:03.145356 Epoch [067/067], with lr = 8e-05, Step [0050/0050],                        [loss_record5: 0.2958]
2021-03-02 00:30:12.899 | INFO     | network.models.trainer:fit:245 - 2021-03-02 00:30:12.899378 Epoch [068/068], with lr = 8e-05, Step [0025/0050],                        [loss_record5: 0.2892]
2021-03-02 00:30:22.933 | INFO     | network.models.trainer:fit:245 - 2021-03-02 00:30:22.933732 Epoch [068/068], with lr = 8e-05, Step [0050/0050],                        [loss_record5: 0.2938]
2021-03-02 00:30:32.873 | INFO     | network.models.trainer:fit:245 - 2021-03-02 00:30:32.873077 Epoch [069/069], with lr = 8e-05, Step [0025/0050],                        [loss_record5: 0.2910]
2021-03-02 00:30:42.778 | INFO     | network.models.trainer:fit:245 - 2021-03-02 00:30:42.778530 Epoch [069/069], with lr = 8e-05, Step [0050/0050],                        [loss_record5: 0.3083]
2021-03-02 00:30:52.682 | INFO     | network.models.trainer:fit:245 - 2021-03-02 00:30:52.682489 Epoch [070/070], with lr = 8e-05, Step [0025/0050],                        [loss_record5: 0.2636]
2021-03-02 00:31:02.583 | INFO     | network.models.trainer:fit:245 - 2021-03-02 00:31:02.583331 Epoch [070/070], with lr = 8e-05, Step [0050/0050],                        [loss_record5: 0.2785]
2021-03-02 00:31:12.670 | INFO     | network.models.trainer:fit:245 - 2021-03-02 00:31:12.670728 Epoch [071/071], with lr = 8e-05, Step [0025/0050],                        [loss_record5: 0.3284]
2021-03-02 00:31:22.496 | INFO     | network.models.trainer:fit:245 - 2021-03-02 00:31:22.496149 Epoch [071/071], with lr = 8e-05, Step [0050/0050],                        [loss_record5: 0.3793]
2021-03-02 00:31:32.322 | INFO     | network.models.trainer:fit:245 - 2021-03-02 00:31:32.322032 Epoch [072/072], with lr = 8e-05, Step [0025/0050],                        [loss_record5: 0.3530]
2021-03-02 00:31:42.191 | INFO     | network.models.trainer:fit:245 - 2021-03-02 00:31:42.191680 Epoch [072/072], with lr = 8e-05, Step [0050/0050],                        [loss_record5: 0.3615]
2021-03-02 00:31:52.154 | INFO     | network.models.trainer:fit:245 - 2021-03-02 00:31:52.154679 Epoch [073/073], with lr = 8e-05, Step [0025/0050],                        [loss_record5: 0.3092]
2021-03-02 00:32:02.126 | INFO     | network.models.trainer:fit:245 - 2021-03-02 00:32:02.126155 Epoch [073/073], with lr = 8e-05, Step [0050/0050],                        [loss_record5: 0.3060]
2021-03-02 00:32:12.132 | INFO     | network.models.trainer:fit:245 - 2021-03-02 00:32:12.132499 Epoch [074/074], with lr = 8e-05, Step [0025/0050],                        [loss_record5: 0.2750]
2021-03-02 00:32:21.996 | INFO     | network.models.trainer:fit:245 - 2021-03-02 00:32:21.996038 Epoch [074/074], with lr = 8e-05, Step [0050/0050],                        [loss_record5: 0.3142]
2021-03-02 00:32:31.900 | INFO     | network.models.trainer:fit:245 - 2021-03-02 00:32:31.900449 Epoch [075/075], with lr = 8e-05, Step [0025/0050],                        [loss_record5: 0.3099]
2021-03-02 00:32:41.984 | INFO     | network.models.trainer:fit:245 - 2021-03-02 00:32:41.984471 Epoch [075/075], with lr = 8e-05, Step [0050/0050],                        [loss_record5: 0.3184]
2021-03-02 00:32:51.898 | INFO     | network.models.trainer:fit:245 - 2021-03-02 00:32:51.897846 Epoch [076/076], with lr = 8e-05, Step [0025/0050],                        [loss_record5: 0.3042]
2021-03-02 00:33:01.840 | INFO     | network.models.trainer:fit:245 - 2021-03-02 00:33:01.839960 Epoch [076/076], with lr = 8e-05, Step [0050/0050],                        [loss_record5: 0.2986]
2021-03-02 00:33:11.719 | INFO     | network.models.trainer:fit:245 - 2021-03-02 00:33:11.719651 Epoch [077/077], with lr = 8e-05, Step [0025/0050],                        [loss_record5: 0.3030]
2021-03-02 00:33:21.641 | INFO     | network.models.trainer:fit:245 - 2021-03-02 00:33:21.641379 Epoch [077/077], with lr = 8e-05, Step [0050/0050],                        [loss_record5: 0.3109]
2021-03-02 00:33:31.516 | INFO     | network.models.trainer:fit:245 - 2021-03-02 00:33:31.516649 Epoch [078/078], with lr = 8e-05, Step [0025/0050],                        [loss_record5: 0.3406]
2021-03-02 00:33:41.368 | INFO     | network.models.trainer:fit:245 - 2021-03-02 00:33:41.368177 Epoch [078/078], with lr = 8e-05, Step [0050/0050],                        [loss_record5: 0.2896]
2021-03-02 00:33:51.283 | INFO     | network.models.trainer:fit:245 - 2021-03-02 00:33:51.282875 Epoch [079/079], with lr = 8e-05, Step [0025/0050],                        [loss_record5: 0.2771]
2021-03-02 00:34:01.315 | INFO     | network.models.trainer:fit:245 - 2021-03-02 00:34:01.315263 Epoch [079/079], with lr = 8e-05, Step [0050/0050],                        [loss_record5: 0.2885]
2021-03-02 00:34:11.198 | INFO     | network.models.trainer:fit:245 - 2021-03-02 00:34:11.198554 Epoch [080/080], with lr = 8e-05, Step [0025/0050],                        [loss_record5: 0.3396]
2021-03-02 00:34:21.110 | INFO     | network.models.trainer:fit:245 - 2021-03-02 00:34:21.110268 Epoch [080/080], with lr = 8e-05, Step [0050/0050],                        [loss_record5: 0.3012]
2021-03-02 00:34:31.006 | INFO     | network.models.trainer:fit:245 - 2021-03-02 00:34:31.006014 Epoch [081/081], with lr = 8e-05, Step [0025/0050],                        [loss_record5: 0.2570]
2021-03-02 00:34:41.050 | INFO     | network.models.trainer:fit:245 - 2021-03-02 00:34:41.050275 Epoch [081/081], with lr = 8e-05, Step [0050/0050],                        [loss_record5: 0.3000]
2021-03-02 00:34:50.943 | INFO     | network.models.trainer:fit:245 - 2021-03-02 00:34:50.943249 Epoch [082/082], with lr = 8e-05, Step [0025/0050],                        [loss_record5: 0.3053]
2021-03-02 00:35:00.946 | INFO     | network.models.trainer:fit:245 - 2021-03-02 00:35:00.946733 Epoch [082/082], with lr = 8e-05, Step [0050/0050],                        [loss_record5: 0.2880]
2021-03-02 00:35:10.778 | INFO     | network.models.trainer:fit:245 - 2021-03-02 00:35:10.778110 Epoch [083/083], with lr = 8e-05, Step [0025/0050],                        [loss_record5: 0.3086]
2021-03-02 00:35:20.732 | INFO     | network.models.trainer:fit:245 - 2021-03-02 00:35:20.732749 Epoch [083/083], with lr = 8e-05, Step [0050/0050],                        [loss_record5: 0.3436]
2021-03-02 00:35:21.199 | INFO     | network.models.trainer:fit:254 - [Saving Snapshot:]/home/admin_mcn/hung/polyp_segmentation/snapshots/TransUnet/PraNetDG-fold4-83.pth
2021-03-02 00:35:31.022 | INFO     | network.models.trainer:fit:245 - 2021-03-02 00:35:31.021939 Epoch [084/084], with lr = 8e-05, Step [0025/0050],                        [loss_record5: 0.3180]
2021-03-02 00:35:41.002 | INFO     | network.models.trainer:fit:245 - 2021-03-02 00:35:41.002730 Epoch [084/084], with lr = 8e-05, Step [0050/0050],                        [loss_record5: 0.3057]
2021-03-02 00:35:50.883 | INFO     | network.models.trainer:fit:245 - 2021-03-02 00:35:50.883489 Epoch [085/085], with lr = 8e-05, Step [0025/0050],                        [loss_record5: 0.3217]
2021-03-02 00:36:00.687 | INFO     | network.models.trainer:fit:245 - 2021-03-02 00:36:00.686948 Epoch [085/085], with lr = 8e-05, Step [0050/0050],                        [loss_record5: 0.3058]
2021-03-02 00:36:10.559 | INFO     | network.models.trainer:fit:245 - 2021-03-02 00:36:10.559386 Epoch [086/086], with lr = 8e-05, Step [0025/0050],                        [loss_record5: 0.2871]
2021-03-02 00:36:20.467 | INFO     | network.models.trainer:fit:245 - 2021-03-02 00:36:20.467243 Epoch [086/086], with lr = 8e-05, Step [0050/0050],                        [loss_record5: 0.3235]
2021-03-02 00:36:20.917 | INFO     | network.models.trainer:fit:254 - [Saving Snapshot:]/home/admin_mcn/hung/polyp_segmentation/snapshots/TransUnet/PraNetDG-fold4-86.pth
2021-03-02 00:36:30.882 | INFO     | network.models.trainer:fit:245 - 2021-03-02 00:36:30.882061 Epoch [087/087], with lr = 8e-05, Step [0025/0050],                        [loss_record5: 0.3431]
2021-03-02 00:36:40.914 | INFO     | network.models.trainer:fit:245 - 2021-03-02 00:36:40.914565 Epoch [087/087], with lr = 8e-05, Step [0050/0050],                        [loss_record5: 0.3270]
2021-03-02 00:36:50.652 | INFO     | network.models.trainer:fit:245 - 2021-03-02 00:36:50.651895 Epoch [088/088], with lr = 8e-05, Step [0025/0050],                        [loss_record5: 0.2919]
2021-03-02 00:37:00.667 | INFO     | network.models.trainer:fit:245 - 2021-03-02 00:37:00.667026 Epoch [088/088], with lr = 8e-05, Step [0050/0050],                        [loss_record5: 0.3038]
2021-03-02 00:37:10.591 | INFO     | network.models.trainer:fit:245 - 2021-03-02 00:37:10.590961 Epoch [089/089], with lr = 8e-05, Step [0025/0050],                        [loss_record5: 0.2964]
2021-03-02 00:37:20.583 | INFO     | network.models.trainer:fit:245 - 2021-03-02 00:37:20.583505 Epoch [089/089], with lr = 8e-05, Step [0050/0050],                        [loss_record5: 0.2962]
2021-03-02 00:37:21.028 | INFO     | network.models.trainer:fit:254 - [Saving Snapshot:]/home/admin_mcn/hung/polyp_segmentation/snapshots/TransUnet/PraNetDG-fold4-89.pth
2021-03-02 00:37:30.857 | INFO     | network.models.trainer:fit:245 - 2021-03-02 00:37:30.856970 Epoch [090/090], with lr = 8e-05, Step [0025/0050],                        [loss_record5: 0.3050]
2021-03-02 00:37:40.602 | INFO     | network.models.trainer:fit:245 - 2021-03-02 00:37:40.602340 Epoch [090/090], with lr = 8e-05, Step [0050/0050],                        [loss_record5: 0.2754]
2021-03-02 00:37:50.486 | INFO     | network.models.trainer:fit:245 - 2021-03-02 00:37:50.486589 Epoch [091/091], with lr = 8e-05, Step [0025/0050],                        [loss_record5: 0.2998]
2021-03-02 00:38:00.441 | INFO     | network.models.trainer:fit:245 - 2021-03-02 00:38:00.441491 Epoch [091/091], with lr = 8e-05, Step [0050/0050],                        [loss_record5: 0.3229]
2021-03-02 00:38:10.443 | INFO     | network.models.trainer:fit:245 - 2021-03-02 00:38:10.443262 Epoch [092/092], with lr = 8e-05, Step [0025/0050],                        [loss_record5: 0.2881]
2021-03-02 00:38:20.275 | INFO     | network.models.trainer:fit:245 - 2021-03-02 00:38:20.275613 Epoch [092/092], with lr = 8e-05, Step [0050/0050],                        [loss_record5: 0.2950]
2021-03-02 00:38:20.716 | INFO     | network.models.trainer:fit:254 - [Saving Snapshot:]/home/admin_mcn/hung/polyp_segmentation/snapshots/TransUnet/PraNetDG-fold4-92.pth
2021-03-02 00:38:30.699 | INFO     | network.models.trainer:fit:245 - 2021-03-02 00:38:30.699252 Epoch [093/093], with lr = 8e-05, Step [0025/0050],                        [loss_record5: 0.2744]
2021-03-02 00:38:40.668 | INFO     | network.models.trainer:fit:245 - 2021-03-02 00:38:40.668499 Epoch [093/093], with lr = 8e-05, Step [0050/0050],                        [loss_record5: 0.2959]
2021-03-02 00:38:50.515 | INFO     | network.models.trainer:fit:245 - 2021-03-02 00:38:50.515134 Epoch [094/094], with lr = 8e-05, Step [0025/0050],                        [loss_record5: 0.2819]
2021-03-02 00:39:00.469 | INFO     | network.models.trainer:fit:245 - 2021-03-02 00:39:00.469621 Epoch [094/094], with lr = 8e-05, Step [0050/0050],                        [loss_record5: 0.2874]
2021-03-02 00:39:10.285 | INFO     | network.models.trainer:fit:245 - 2021-03-02 00:39:10.285595 Epoch [095/095], with lr = 8e-05, Step [0025/0050],                        [loss_record5: 0.2888]
2021-03-02 00:39:20.326 | INFO     | network.models.trainer:fit:245 - 2021-03-02 00:39:20.326365 Epoch [095/095], with lr = 8e-05, Step [0050/0050],                        [loss_record5: 0.3118]
2021-03-02 00:39:20.775 | INFO     | network.models.trainer:fit:254 - [Saving Snapshot:]/home/admin_mcn/hung/polyp_segmentation/snapshots/TransUnet/PraNetDG-fold4-95.pth
2021-03-02 00:39:30.548 | INFO     | network.models.trainer:fit:245 - 2021-03-02 00:39:30.548559 Epoch [096/096], with lr = 8e-05, Step [0025/0050],                        [loss_record5: 0.2907]
2021-03-02 00:39:40.563 | INFO     | network.models.trainer:fit:245 - 2021-03-02 00:39:40.563221 Epoch [096/096], with lr = 8e-05, Step [0050/0050],                        [loss_record5: 0.2826]
2021-03-02 00:39:50.465 | INFO     | network.models.trainer:fit:245 - 2021-03-02 00:39:50.465034 Epoch [097/097], with lr = 8e-05, Step [0025/0050],                        [loss_record5: 0.3253]
2021-03-02 00:40:00.319 | INFO     | network.models.trainer:fit:245 - 2021-03-02 00:40:00.319427 Epoch [097/097], with lr = 8e-05, Step [0050/0050],                        [loss_record5: 0.3031]
2021-03-02 00:40:10.132 | INFO     | network.models.trainer:fit:245 - 2021-03-02 00:40:10.132736 Epoch [098/098], with lr = 8e-05, Step [0025/0050],                        [loss_record5: 0.2606]
2021-03-02 00:40:20.103 | INFO     | network.models.trainer:fit:245 - 2021-03-02 00:40:20.102739 Epoch [098/098], with lr = 8e-05, Step [0050/0050],                        [loss_record5: 0.2993]
2021-03-02 00:40:20.547 | INFO     | network.models.trainer:fit:254 - [Saving Snapshot:]/home/admin_mcn/hung/polyp_segmentation/snapshots/TransUnet/PraNetDG-fold4-98.pth
2021-03-02 00:40:30.462 | INFO     | network.models.trainer:fit:245 - 2021-03-02 00:40:30.461885 Epoch [099/099], with lr = 8e-05, Step [0025/0050],                        [loss_record5: 0.2945]
2021-03-02 00:40:40.450 | INFO     | network.models.trainer:fit:245 - 2021-03-02 00:40:40.450521 Epoch [099/099], with lr = 8e-05, Step [0050/0050],                        [loss_record5: 0.2802]
2021-03-02 00:40:50.386 | INFO     | network.models.trainer:fit:245 - 2021-03-02 00:40:50.385972 Epoch [100/100], with lr = 8e-05, Step [0025/0050],                        [loss_record5: 0.2745]
2021-03-02 00:41:00.217 | INFO     | network.models.trainer:fit:245 - 2021-03-02 00:41:00.217689 Epoch [100/100], with lr = 8e-05, Step [0050/0050],                        [loss_record5: 0.2769]
2021-03-02 00:41:10.128 | INFO     | network.models.trainer:fit:245 - 2021-03-02 00:41:10.128636 Epoch [101/101], with lr = 8e-05, Step [0025/0050],                        [loss_record5: 0.2720]
2021-03-02 00:41:20.127 | INFO     | network.models.trainer:fit:245 - 2021-03-02 00:41:20.127356 Epoch [101/101], with lr = 8e-05, Step [0050/0050],                        [loss_record5: 0.2875]
2021-03-02 00:41:20.561 | INFO     | network.models.trainer:fit:254 - [Saving Snapshot:]/home/admin_mcn/hung/polyp_segmentation/snapshots/TransUnet/PraNetDG-fold4-101.pth
2021-03-02 00:41:30.470 | INFO     | network.models.trainer:fit:245 - 2021-03-02 00:41:30.470558 Epoch [102/102], with lr = 8e-05, Step [0025/0050],                        [loss_record5: 0.2885]
2021-03-02 00:41:40.385 | INFO     | network.models.trainer:fit:245 - 2021-03-02 00:41:40.385276 Epoch [102/102], with lr = 8e-05, Step [0050/0050],                        [loss_record5: 0.3044]
2021-03-02 00:41:50.267 | INFO     | network.models.trainer:fit:245 - 2021-03-02 00:41:50.267219 Epoch [103/103], with lr = 8e-05, Step [0025/0050],                        [loss_record5: 0.2644]
2021-03-02 00:42:00.252 | INFO     | network.models.trainer:fit:245 - 2021-03-02 00:42:00.251960 Epoch [103/103], with lr = 8e-05, Step [0050/0050],                        [loss_record5: 0.2474]
2021-03-02 00:42:10.178 | INFO     | network.models.trainer:fit:245 - 2021-03-02 00:42:10.178517 Epoch [104/104], with lr = 8e-05, Step [0025/0050],                        [loss_record5: 0.2644]
2021-03-02 00:42:20.049 | INFO     | network.models.trainer:fit:245 - 2021-03-02 00:42:20.049159 Epoch [104/104], with lr = 8e-05, Step [0050/0050],                        [loss_record5: 0.2640]
2021-03-02 00:42:20.494 | INFO     | network.models.trainer:fit:254 - [Saving Snapshot:]/home/admin_mcn/hung/polyp_segmentation/snapshots/TransUnet/PraNetDG-fold4-104.pth
2021-03-02 00:42:30.461 | INFO     | network.models.trainer:fit:245 - 2021-03-02 00:42:30.461677 Epoch [105/105], with lr = 8e-05, Step [0025/0050],                        [loss_record5: 0.2663]
2021-03-02 00:42:40.303 | INFO     | network.models.trainer:fit:245 - 2021-03-02 00:42:40.303018 Epoch [105/105], with lr = 8e-05, Step [0050/0050],                        [loss_record5: 0.2816]
2021-03-02 00:42:50.105 | INFO     | network.models.trainer:fit:245 - 2021-03-02 00:42:50.104863 Epoch [106/106], with lr = 8e-05, Step [0025/0050],                        [loss_record5: 0.2528]
2021-03-02 00:43:00.188 | INFO     | network.models.trainer:fit:245 - 2021-03-02 00:43:00.188476 Epoch [106/106], with lr = 8e-05, Step [0050/0050],                        [loss_record5: 0.2867]
2021-03-02 00:43:10.069 | INFO     | network.models.trainer:fit:245 - 2021-03-02 00:43:10.069693 Epoch [107/107], with lr = 8e-05, Step [0025/0050],                        [loss_record5: 0.3567]
2021-03-02 00:43:20.119 | INFO     | network.models.trainer:fit:245 - 2021-03-02 00:43:20.118870 Epoch [107/107], with lr = 8e-05, Step [0050/0050],                        [loss_record5: 0.3784]
2021-03-02 00:43:20.563 | INFO     | network.models.trainer:fit:254 - [Saving Snapshot:]/home/admin_mcn/hung/polyp_segmentation/snapshots/TransUnet/PraNetDG-fold4-107.pth
2021-03-02 00:43:30.563 | INFO     | network.models.trainer:fit:245 - 2021-03-02 00:43:30.563061 Epoch [108/108], with lr = 8e-05, Step [0025/0050],                        [loss_record5: 0.3230]
2021-03-02 00:43:40.378 | INFO     | network.models.trainer:fit:245 - 2021-03-02 00:43:40.377882 Epoch [108/108], with lr = 8e-05, Step [0050/0050],                        [loss_record5: 0.3105]
2021-03-02 00:43:50.350 | INFO     | network.models.trainer:fit:245 - 2021-03-02 00:43:50.350747 Epoch [109/109], with lr = 8e-05, Step [0025/0050],                        [loss_record5: 0.2536]
2021-03-02 00:44:00.261 | INFO     | network.models.trainer:fit:245 - 2021-03-02 00:44:00.261018 Epoch [109/109], with lr = 8e-05, Step [0050/0050],                        [loss_record5: 0.2777]
2021-03-02 00:44:09.998 | INFO     | network.models.trainer:fit:245 - 2021-03-02 00:44:09.998709 Epoch [110/110], with lr = 8e-05, Step [0025/0050],                        [loss_record5: 0.2606]
2021-03-02 00:44:20.007 | INFO     | network.models.trainer:fit:245 - 2021-03-02 00:44:20.007071 Epoch [110/110], with lr = 8e-05, Step [0050/0050],                        [loss_record5: 0.3490]
2021-03-02 00:44:20.462 | INFO     | network.models.trainer:fit:254 - [Saving Snapshot:]/home/admin_mcn/hung/polyp_segmentation/snapshots/TransUnet/PraNetDG-fold4-110.pth
2021-03-02 00:44:30.338 | INFO     | network.models.trainer:fit:245 - 2021-03-02 00:44:30.337992 Epoch [111/111], with lr = 8e-05, Step [0025/0050],                        [loss_record5: 0.3975]
2021-03-02 00:44:40.491 | INFO     | network.models.trainer:fit:245 - 2021-03-02 00:44:40.490784 Epoch [111/111], with lr = 8e-05, Step [0050/0050],                        [loss_record5: 0.3512]
2021-03-02 00:44:50.267 | INFO     | network.models.trainer:fit:245 - 2021-03-02 00:44:50.267269 Epoch [112/112], with lr = 8e-05, Step [0025/0050],                        [loss_record5: 0.3895]
2021-03-02 00:45:00.245 | INFO     | network.models.trainer:fit:245 - 2021-03-02 00:45:00.245043 Epoch [112/112], with lr = 8e-05, Step [0050/0050],                        [loss_record5: 0.3477]
2021-03-02 00:45:10.096 | INFO     | network.models.trainer:fit:245 - 2021-03-02 00:45:10.096512 Epoch [113/113], with lr = 8e-05, Step [0025/0050],                        [loss_record5: 0.2866]
2021-03-02 00:45:19.983 | INFO     | network.models.trainer:fit:245 - 2021-03-02 00:45:19.983060 Epoch [113/113], with lr = 8e-05, Step [0050/0050],                        [loss_record5: 0.2912]
2021-03-02 00:45:20.448 | INFO     | network.models.trainer:fit:254 - [Saving Snapshot:]/home/admin_mcn/hung/polyp_segmentation/snapshots/TransUnet/PraNetDG-fold4-113.pth
2021-03-02 00:45:30.439 | INFO     | network.models.trainer:fit:245 - 2021-03-02 00:45:30.439478 Epoch [114/114], with lr = 8e-05, Step [0025/0050],                        [loss_record5: 0.3667]
2021-03-02 00:45:40.282 | INFO     | network.models.trainer:fit:245 - 2021-03-02 00:45:40.282491 Epoch [114/114], with lr = 8e-05, Step [0050/0050],                        [loss_record5: 0.3454]
2021-03-02 00:45:50.126 | INFO     | network.models.trainer:fit:245 - 2021-03-02 00:45:50.126406 Epoch [115/115], with lr = 8e-05, Step [0025/0050],                        [loss_record5: 0.2818]
2021-03-02 00:46:00.035 | INFO     | network.models.trainer:fit:245 - 2021-03-02 00:46:00.035075 Epoch [115/115], with lr = 8e-05, Step [0050/0050],                        [loss_record5: 0.2836]
2021-03-02 00:46:09.937 | INFO     | network.models.trainer:fit:245 - 2021-03-02 00:46:09.937342 Epoch [116/116], with lr = 8e-05, Step [0025/0050],                        [loss_record5: 0.3222]
2021-03-02 00:46:19.963 | INFO     | network.models.trainer:fit:245 - 2021-03-02 00:46:19.963041 Epoch [116/116], with lr = 8e-05, Step [0050/0050],                        [loss_record5: 0.3252]
2021-03-02 00:46:20.403 | INFO     | network.models.trainer:fit:254 - [Saving Snapshot:]/home/admin_mcn/hung/polyp_segmentation/snapshots/TransUnet/PraNetDG-fold4-116.pth
2021-03-02 00:46:30.420 | INFO     | network.models.trainer:fit:245 - 2021-03-02 00:46:30.419806 Epoch [117/117], with lr = 8e-05, Step [0025/0050],                        [loss_record5: 0.3060]
2021-03-02 00:46:40.180 | INFO     | network.models.trainer:fit:245 - 2021-03-02 00:46:40.180440 Epoch [117/117], with lr = 8e-05, Step [0050/0050],                        [loss_record5: 0.2955]
2021-03-02 00:46:50.142 | INFO     | network.models.trainer:fit:245 - 2021-03-02 00:46:50.142755 Epoch [118/118], with lr = 8e-05, Step [0025/0050],                        [loss_record5: 0.2935]
2021-03-02 00:47:00.080 | INFO     | network.models.trainer:fit:245 - 2021-03-02 00:47:00.079903 Epoch [118/118], with lr = 8e-05, Step [0050/0050],                        [loss_record5: 0.2866]
2021-03-02 00:47:09.916 | INFO     | network.models.trainer:fit:245 - 2021-03-02 00:47:09.916297 Epoch [119/119], with lr = 8e-05, Step [0025/0050],                        [loss_record5: 0.2734]
2021-03-02 00:47:19.949 | INFO     | network.models.trainer:fit:245 - 2021-03-02 00:47:19.949391 Epoch [119/119], with lr = 8e-05, Step [0050/0050],                        [loss_record5: 0.2812]
2021-03-02 00:47:20.386 | INFO     | network.models.trainer:fit:254 - [Saving Snapshot:]/home/admin_mcn/hung/polyp_segmentation/snapshots/TransUnet/PraNetDG-fold4-119.pth
2021-03-02 00:47:30.374 | INFO     | network.models.trainer:fit:245 - 2021-03-02 00:47:30.374361 Epoch [120/120], with lr = 8e-05, Step [0025/0050],                        [loss_record5: 0.2573]
2021-03-02 00:47:40.258 | INFO     | network.models.trainer:fit:245 - 2021-03-02 00:47:40.258345 Epoch [120/120], with lr = 8e-05, Step [0050/0050],                        [loss_record5: 0.2671]
2021-03-02 00:47:50.315 | INFO     | network.models.trainer:fit:245 - 2021-03-02 00:47:50.315062 Epoch [121/121], with lr = 8e-05, Step [0025/0050],                        [loss_record5: 0.2914]
2021-03-02 00:48:00.064 | INFO     | network.models.trainer:fit:245 - 2021-03-02 00:48:00.064401 Epoch [121/121], with lr = 8e-05, Step [0050/0050],                        [loss_record5: 0.3111]
2021-03-02 00:48:10.031 | INFO     | network.models.trainer:fit:245 - 2021-03-02 00:48:10.031619 Epoch [122/122], with lr = 8e-05, Step [0025/0050],                        [loss_record5: 0.2868]
2021-03-02 00:48:19.917 | INFO     | network.models.trainer:fit:245 - 2021-03-02 00:48:19.916824 Epoch [122/122], with lr = 8e-05, Step [0050/0050],                        [loss_record5: 0.2530]
2021-03-02 00:48:20.388 | INFO     | network.models.trainer:fit:254 - [Saving Snapshot:]/home/admin_mcn/hung/polyp_segmentation/snapshots/TransUnet/PraNetDG-fold4-122.pth
2021-03-02 00:48:30.292 | INFO     | network.models.trainer:fit:245 - 2021-03-02 00:48:30.292300 Epoch [123/123], with lr = 8e-05, Step [0025/0050],                        [loss_record5: 0.3056]
2021-03-02 00:48:40.337 | INFO     | network.models.trainer:fit:245 - 2021-03-02 00:48:40.337741 Epoch [123/123], with lr = 8e-05, Step [0050/0050],                        [loss_record5: 0.2692]
2021-03-02 00:48:50.294 | INFO     | network.models.trainer:fit:245 - 2021-03-02 00:48:50.294192 Epoch [124/124], with lr = 8e-05, Step [0025/0050],                        [loss_record5: 0.2694]
2021-03-02 00:49:00.184 | INFO     | network.models.trainer:fit:245 - 2021-03-02 00:49:00.184467 Epoch [124/124], with lr = 8e-05, Step [0050/0050],                        [loss_record5: 0.2708]
2021-03-02 00:49:10.089 | INFO     | network.models.trainer:fit:245 - 2021-03-02 00:49:10.089224 Epoch [125/125], with lr = 8e-05, Step [0025/0050],                        [loss_record5: 0.3318]
2021-03-02 00:49:19.876 | INFO     | network.models.trainer:fit:245 - 2021-03-02 00:49:19.876648 Epoch [125/125], with lr = 8e-05, Step [0050/0050],                        [loss_record5: 0.3691]
2021-03-02 00:49:20.332 | INFO     | network.models.trainer:fit:254 - [Saving Snapshot:]/home/admin_mcn/hung/polyp_segmentation/snapshots/TransUnet/PraNetDG-fold4-125.pth
2021-03-02 00:49:30.306 | INFO     | network.models.trainer:fit:245 - 2021-03-02 00:49:30.306767 Epoch [126/126], with lr = 8e-05, Step [0025/0050],                        [loss_record5: 0.3262]
2021-03-02 00:49:40.072 | INFO     | network.models.trainer:fit:245 - 2021-03-02 00:49:40.071957 Epoch [126/126], with lr = 8e-05, Step [0050/0050],                        [loss_record5: 0.3401]
2021-03-02 00:49:50.002 | INFO     | network.models.trainer:fit:245 - 2021-03-02 00:49:50.002700 Epoch [127/127], with lr = 8e-05, Step [0025/0050],                        [loss_record5: 0.2823]
2021-03-02 00:49:59.810 | INFO     | network.models.trainer:fit:245 - 2021-03-02 00:49:59.810182 Epoch [127/127], with lr = 8e-05, Step [0050/0050],                        [loss_record5: 0.3092]
2021-03-02 00:50:09.631 | INFO     | network.models.trainer:fit:245 - 2021-03-02 00:50:09.630902 Epoch [128/128], with lr = 8e-05, Step [0025/0050],                        [loss_record5: 0.2816]
2021-03-02 00:50:19.782 | INFO     | network.models.trainer:fit:245 - 2021-03-02 00:50:19.782215 Epoch [128/128], with lr = 8e-05, Step [0050/0050],                        [loss_record5: 0.3069]
2021-03-02 00:50:20.248 | INFO     | network.models.trainer:fit:254 - [Saving Snapshot:]/home/admin_mcn/hung/polyp_segmentation/snapshots/TransUnet/PraNetDG-fold4-128.pth
2021-03-02 00:50:30.197 | INFO     | network.models.trainer:fit:245 - 2021-03-02 00:50:30.196889 Epoch [129/129], with lr = 8e-05, Step [0025/0050],                        [loss_record5: 0.2739]
2021-03-02 00:50:40.116 | INFO     | network.models.trainer:fit:245 - 2021-03-02 00:50:40.115909 Epoch [129/129], with lr = 8e-05, Step [0050/0050],                        [loss_record5: 0.3116]
2021-03-02 00:50:50.021 | INFO     | network.models.trainer:fit:245 - 2021-03-02 00:50:50.021206 Epoch [130/130], with lr = 8e-05, Step [0025/0050],                        [loss_record5: 0.2736]
2021-03-02 00:50:59.974 | INFO     | network.models.trainer:fit:245 - 2021-03-02 00:50:59.973921 Epoch [130/130], with lr = 8e-05, Step [0050/0050],                        [loss_record5: 0.2762]
2021-03-02 00:51:09.679 | INFO     | network.models.trainer:fit:245 - 2021-03-02 00:51:09.678862 Epoch [131/131], with lr = 8e-05, Step [0025/0050],                        [loss_record5: 0.2847]
2021-03-02 00:51:19.584 | INFO     | network.models.trainer:fit:245 - 2021-03-02 00:51:19.583854 Epoch [131/131], with lr = 8e-05, Step [0050/0050],                        [loss_record5: 0.2972]
2021-03-02 00:51:20.032 | INFO     | network.models.trainer:fit:254 - [Saving Snapshot:]/home/admin_mcn/hung/polyp_segmentation/snapshots/TransUnet/PraNetDG-fold4-131.pth
2021-03-02 00:51:29.922 | INFO     | network.models.trainer:fit:245 - 2021-03-02 00:51:29.921821 Epoch [132/132], with lr = 8e-05, Step [0025/0050],                        [loss_record5: 0.2864]
2021-03-02 00:51:39.777 | INFO     | network.models.trainer:fit:245 - 2021-03-02 00:51:39.777285 Epoch [132/132], with lr = 8e-05, Step [0050/0050],                        [loss_record5: 0.2948]
2021-03-02 00:51:49.771 | INFO     | network.models.trainer:fit:245 - 2021-03-02 00:51:49.771006 Epoch [133/133], with lr = 8e-05, Step [0025/0050],                        [loss_record5: 0.2891]
2021-03-02 00:51:59.536 | INFO     | network.models.trainer:fit:245 - 2021-03-02 00:51:59.536069 Epoch [133/133], with lr = 8e-05, Step [0050/0050],                        [loss_record5: 0.2755]
2021-03-02 00:52:09.462 | INFO     | network.models.trainer:fit:245 - 2021-03-02 00:52:09.462739 Epoch [134/134], with lr = 8e-05, Step [0025/0050],                        [loss_record5: 0.2509]
2021-03-02 00:52:19.349 | INFO     | network.models.trainer:fit:245 - 2021-03-02 00:52:19.348929 Epoch [134/134], with lr = 8e-05, Step [0050/0050],                        [loss_record5: 0.2736]
2021-03-02 00:52:19.895 | INFO     | network.models.trainer:fit:254 - [Saving Snapshot:]/home/admin_mcn/hung/polyp_segmentation/snapshots/TransUnet/PraNetDG-fold4-134.pth
2021-03-02 00:52:29.726 | INFO     | network.models.trainer:fit:245 - 2021-03-02 00:52:29.726764 Epoch [135/135], with lr = 8e-05, Step [0025/0050],                        [loss_record5: 0.2931]
2021-03-02 00:52:39.700 | INFO     | network.models.trainer:fit:245 - 2021-03-02 00:52:39.699840 Epoch [135/135], with lr = 8e-05, Step [0050/0050],                        [loss_record5: 0.2935]
2021-03-02 00:52:49.588 | INFO     | network.models.trainer:fit:245 - 2021-03-02 00:52:49.587917 Epoch [136/136], with lr = 8e-05, Step [0025/0050],                        [loss_record5: 0.2254]
2021-03-02 00:52:59.482 | INFO     | network.models.trainer:fit:245 - 2021-03-02 00:52:59.482237 Epoch [136/136], with lr = 8e-05, Step [0050/0050],                        [loss_record5: 0.2527]
2021-03-02 00:53:09.407 | INFO     | network.models.trainer:fit:245 - 2021-03-02 00:53:09.407623 Epoch [137/137], with lr = 8e-05, Step [0025/0050],                        [loss_record5: 0.2596]
2021-03-02 00:53:19.341 | INFO     | network.models.trainer:fit:245 - 2021-03-02 00:53:19.341194 Epoch [137/137], with lr = 8e-05, Step [0050/0050],                        [loss_record5: 0.3748]
2021-03-02 00:53:19.787 | INFO     | network.models.trainer:fit:254 - [Saving Snapshot:]/home/admin_mcn/hung/polyp_segmentation/snapshots/TransUnet/PraNetDG-fold4-137.pth
2021-03-02 00:53:29.996 | INFO     | network.models.trainer:fit:245 - 2021-03-02 00:53:29.996292 Epoch [138/138], with lr = 8e-05, Step [0025/0050],                        [loss_record5: 0.3912]
2021-03-02 00:53:39.793 | INFO     | network.models.trainer:fit:245 - 2021-03-02 00:53:39.792936 Epoch [138/138], with lr = 8e-05, Step [0050/0050],                        [loss_record5: 0.3448]
2021-03-02 00:53:49.564 | INFO     | network.models.trainer:fit:245 - 2021-03-02 00:53:49.564127 Epoch [139/139], with lr = 8e-05, Step [0025/0050],                        [loss_record5: 0.3625]
2021-03-02 00:53:59.536 | INFO     | network.models.trainer:fit:245 - 2021-03-02 00:53:59.536086 Epoch [139/139], with lr = 8e-05, Step [0050/0050],                        [loss_record5: 0.3371]
2021-03-02 00:54:09.401 | INFO     | network.models.trainer:fit:245 - 2021-03-02 00:54:09.401153 Epoch [140/140], with lr = 8e-05, Step [0025/0050],                        [loss_record5: 0.2950]
2021-03-02 00:54:19.210 | INFO     | network.models.trainer:fit:245 - 2021-03-02 00:54:19.210702 Epoch [140/140], with lr = 8e-05, Step [0050/0050],                        [loss_record5: 0.3181]
2021-03-02 00:54:19.657 | INFO     | network.models.trainer:fit:254 - [Saving Snapshot:]/home/admin_mcn/hung/polyp_segmentation/snapshots/TransUnet/PraNetDG-fold4-140.pth
2021-03-02 00:54:29.563 | INFO     | network.models.trainer:fit:245 - 2021-03-02 00:54:29.563708 Epoch [141/141], with lr = 8e-05, Step [0025/0050],                        [loss_record5: 0.3212]
2021-03-02 00:54:39.658 | INFO     | network.models.trainer:fit:245 - 2021-03-02 00:54:39.658295 Epoch [141/141], with lr = 8e-05, Step [0050/0050],                        [loss_record5: 0.2924]
2021-03-02 00:54:49.661 | INFO     | network.models.trainer:fit:245 - 2021-03-02 00:54:49.661430 Epoch [142/142], with lr = 8e-05, Step [0025/0050],                        [loss_record5: 0.2842]
2021-03-02 00:54:59.612 | INFO     | network.models.trainer:fit:245 - 2021-03-02 00:54:59.612295 Epoch [142/142], with lr = 8e-05, Step [0050/0050],                        [loss_record5: 0.2483]
2021-03-02 00:55:09.596 | INFO     | network.models.trainer:fit:245 - 2021-03-02 00:55:09.596618 Epoch [143/143], with lr = 8e-05, Step [0025/0050],                        [loss_record5: 0.3066]
2021-03-02 00:55:19.388 | INFO     | network.models.trainer:fit:245 - 2021-03-02 00:55:19.387924 Epoch [143/143], with lr = 8e-05, Step [0050/0050],                        [loss_record5: 0.2777]
2021-03-02 00:55:19.845 | INFO     | network.models.trainer:fit:254 - [Saving Snapshot:]/home/admin_mcn/hung/polyp_segmentation/snapshots/TransUnet/PraNetDG-fold4-143.pth
2021-03-02 00:55:29.532 | INFO     | network.models.trainer:fit:245 - 2021-03-02 00:55:29.532053 Epoch [144/144], with lr = 8e-05, Step [0025/0050],                        [loss_record5: 0.2745]
2021-03-02 00:55:39.590 | INFO     | network.models.trainer:fit:245 - 2021-03-02 00:55:39.590213 Epoch [144/144], with lr = 8e-05, Step [0050/0050],                        [loss_record5: 0.3167]
2021-03-02 00:55:49.615 | INFO     | network.models.trainer:fit:245 - 2021-03-02 00:55:49.615482 Epoch [145/145], with lr = 8e-05, Step [0025/0050],                        [loss_record5: 0.2967]
2021-03-02 00:55:59.463 | INFO     | network.models.trainer:fit:245 - 2021-03-02 00:55:59.463744 Epoch [145/145], with lr = 8e-05, Step [0050/0050],                        [loss_record5: 0.3223]
2021-03-02 00:56:09.568 | INFO     | network.models.trainer:fit:245 - 2021-03-02 00:56:09.568306 Epoch [146/146], with lr = 8e-05, Step [0025/0050],                        [loss_record5: 0.3366]
2021-03-02 00:56:19.481 | INFO     | network.models.trainer:fit:245 - 2021-03-02 00:56:19.481319 Epoch [146/146], with lr = 8e-05, Step [0050/0050],                        [loss_record5: 0.3245]
2021-03-02 00:56:19.919 | INFO     | network.models.trainer:fit:254 - [Saving Snapshot:]/home/admin_mcn/hung/polyp_segmentation/snapshots/TransUnet/PraNetDG-fold4-146.pth
2021-03-02 00:56:29.978 | INFO     | network.models.trainer:fit:245 - 2021-03-02 00:56:29.978711 Epoch [147/147], with lr = 8e-05, Step [0025/0050],                        [loss_record5: 0.3236]
2021-03-02 00:56:39.744 | INFO     | network.models.trainer:fit:245 - 2021-03-02 00:56:39.744127 Epoch [147/147], with lr = 8e-05, Step [0050/0050],                        [loss_record5: 0.3341]
2021-03-02 00:56:49.791 | INFO     | network.models.trainer:fit:245 - 2021-03-02 00:56:49.791211 Epoch [148/148], with lr = 8e-05, Step [0025/0050],                        [loss_record5: 0.2649]
2021-03-02 00:56:59.466 | INFO     | network.models.trainer:fit:245 - 2021-03-02 00:56:59.466086 Epoch [148/148], with lr = 8e-05, Step [0050/0050],                        [loss_record5: 0.2984]
2021-03-02 00:57:09.435 | INFO     | network.models.trainer:fit:245 - 2021-03-02 00:57:09.435060 Epoch [149/149], with lr = 8e-05, Step [0025/0050],                        [loss_record5: 0.2982]
2021-03-02 00:57:19.269 | INFO     | network.models.trainer:fit:245 - 2021-03-02 00:57:19.269560 Epoch [149/149], with lr = 8e-05, Step [0050/0050],                        [loss_record5: 0.2893]
2021-03-02 00:57:19.714 | INFO     | network.models.trainer:fit:254 - [Saving Snapshot:]/home/admin_mcn/hung/polyp_segmentation/snapshots/TransUnet/PraNetDG-fold4-149.pth
2021-03-02 00:57:29.634 | INFO     | network.models.trainer:fit:245 - 2021-03-02 00:57:29.634250 Epoch [150/150], with lr = 8e-05, Step [0025/0050],                        [loss_record5: 0.3222]
2021-03-02 00:57:39.532 | INFO     | network.models.trainer:fit:245 - 2021-03-02 00:57:39.532717 Epoch [150/150], with lr = 8e-05, Step [0050/0050],                        [loss_record5: 0.3202]
2021-03-02 00:57:49.442 | INFO     | network.models.trainer:fit:245 - 2021-03-02 00:57:49.442758 Epoch [151/151], with lr = 8e-05, Step [0025/0050],                        [loss_record5: 0.3065]
2021-03-02 00:57:59.483 | INFO     | network.models.trainer:fit:245 - 2021-03-02 00:57:59.482973 Epoch [151/151], with lr = 8e-05, Step [0050/0050],                        [loss_record5: 0.2965]
2021-03-02 00:58:09.316 | INFO     | network.models.trainer:fit:245 - 2021-03-02 00:58:09.315913 Epoch [152/152], with lr = 8e-05, Step [0025/0050],                        [loss_record5: 0.3156]
2021-03-02 00:58:19.264 | INFO     | network.models.trainer:fit:245 - 2021-03-02 00:58:19.263876 Epoch [152/152], with lr = 8e-05, Step [0050/0050],                        [loss_record5: 0.3018]
2021-03-02 00:58:19.704 | INFO     | network.models.trainer:fit:254 - [Saving Snapshot:]/home/admin_mcn/hung/polyp_segmentation/snapshots/TransUnet/PraNetDG-fold4-152.pth
2021-03-02 00:58:29.603 | INFO     | network.models.trainer:fit:245 - 2021-03-02 00:58:29.603773 Epoch [153/153], with lr = 8e-05, Step [0025/0050],                        [loss_record5: 0.2701]
2021-03-02 00:58:39.659 | INFO     | network.models.trainer:fit:245 - 2021-03-02 00:58:39.659558 Epoch [153/153], with lr = 8e-05, Step [0050/0050],                        [loss_record5: 0.2705]
2021-03-02 00:58:49.637 | INFO     | network.models.trainer:fit:245 - 2021-03-02 00:58:49.636847 Epoch [154/154], with lr = 8e-05, Step [0025/0050],                        [loss_record5: 0.4773]
2021-03-02 00:58:59.356 | INFO     | network.models.trainer:fit:245 - 2021-03-02 00:58:59.356069 Epoch [154/154], with lr = 8e-05, Step [0050/0050],                        [loss_record5: 0.3916]
2021-03-02 00:59:09.154 | INFO     | network.models.trainer:fit:245 - 2021-03-02 00:59:09.154281 Epoch [155/155], with lr = 8e-05, Step [0025/0050],                        [loss_record5: 0.3124]
2021-03-02 00:59:19.064 | INFO     | network.models.trainer:fit:245 - 2021-03-02 00:59:19.064008 Epoch [155/155], with lr = 8e-05, Step [0050/0050],                        [loss_record5: 0.3154]
2021-03-02 00:59:19.507 | INFO     | network.models.trainer:fit:254 - [Saving Snapshot:]/home/admin_mcn/hung/polyp_segmentation/snapshots/TransUnet/PraNetDG-fold4-155.pth
2021-03-02 00:59:29.429 | INFO     | network.models.trainer:fit:245 - 2021-03-02 00:59:29.429433 Epoch [156/156], with lr = 8e-05, Step [0025/0050],                        [loss_record5: 0.2749]
2021-03-02 00:59:39.476 | INFO     | network.models.trainer:fit:245 - 2021-03-02 00:59:39.475802 Epoch [156/156], with lr = 8e-05, Step [0050/0050],                        [loss_record5: 0.3124]
2021-03-02 00:59:49.532 | INFO     | network.models.trainer:fit:245 - 2021-03-02 00:59:49.531873 Epoch [157/157], with lr = 8e-05, Step [0025/0050],                        [loss_record5: 0.2737]
2021-03-02 00:59:59.359 | INFO     | network.models.trainer:fit:245 - 2021-03-02 00:59:59.359719 Epoch [157/157], with lr = 8e-05, Step [0050/0050],                        [loss_record5: 0.2745]
2021-03-02 01:00:09.191 | INFO     | network.models.trainer:fit:245 - 2021-03-02 01:00:09.191164 Epoch [158/158], with lr = 8e-05, Step [0025/0050],                        [loss_record5: 0.2433]
2021-03-02 01:00:19.246 | INFO     | network.models.trainer:fit:245 - 2021-03-02 01:00:19.246263 Epoch [158/158], with lr = 8e-05, Step [0050/0050],                        [loss_record5: 0.2871]
2021-03-02 01:00:19.699 | INFO     | network.models.trainer:fit:254 - [Saving Snapshot:]/home/admin_mcn/hung/polyp_segmentation/snapshots/TransUnet/PraNetDG-fold4-158.pth
2021-03-02 01:00:29.569 | INFO     | network.models.trainer:fit:245 - 2021-03-02 01:00:29.569337 Epoch [159/159], with lr = 8e-05, Step [0025/0050],                        [loss_record5: 0.2741]
2021-03-02 01:00:39.464 | INFO     | network.models.trainer:fit:245 - 2021-03-02 01:00:39.464571 Epoch [159/159], with lr = 8e-05, Step [0050/0050],                        [loss_record5: 0.2777]
2021-03-02 01:00:49.393 | INFO     | network.models.trainer:fit:245 - 2021-03-02 01:00:49.393301 Epoch [160/160], with lr = 8e-05, Step [0025/0050],                        [loss_record5: 0.3028]
2021-03-02 01:00:59.271 | INFO     | network.models.trainer:fit:245 - 2021-03-02 01:00:59.270885 Epoch [160/160], with lr = 8e-05, Step [0050/0050],                        [loss_record5: 0.2981]
2021-03-02 01:01:09.211 | INFO     | network.models.trainer:fit:245 - 2021-03-02 01:01:09.211475 Epoch [161/161], with lr = 8e-05, Step [0025/0050],                        [loss_record5: 0.2962]
2021-03-02 01:01:18.973 | INFO     | network.models.trainer:fit:245 - 2021-03-02 01:01:18.973630 Epoch [161/161], with lr = 8e-05, Step [0050/0050],                        [loss_record5: 0.3249]
2021-03-02 01:01:19.441 | INFO     | network.models.trainer:fit:254 - [Saving Snapshot:]/home/admin_mcn/hung/polyp_segmentation/snapshots/TransUnet/PraNetDG-fold4-161.pth
2021-03-02 01:01:29.288 | INFO     | network.models.trainer:fit:245 - 2021-03-02 01:01:29.288743 Epoch [162/162], with lr = 8e-05, Step [0025/0050],                        [loss_record5: 0.3933]
2021-03-02 01:01:39.227 | INFO     | network.models.trainer:fit:245 - 2021-03-02 01:01:39.227661 Epoch [162/162], with lr = 8e-05, Step [0050/0050],                        [loss_record5: 0.3616]
2021-03-02 01:01:49.298 | INFO     | network.models.trainer:fit:245 - 2021-03-02 01:01:49.298153 Epoch [163/163], with lr = 8e-05, Step [0025/0050],                        [loss_record5: 0.2963]
2021-03-02 01:01:59.120 | INFO     | network.models.trainer:fit:245 - 2021-03-02 01:01:59.119797 Epoch [163/163], with lr = 8e-05, Step [0050/0050],                        [loss_record5: 0.2761]
2021-03-02 01:02:08.975 | INFO     | network.models.trainer:fit:245 - 2021-03-02 01:02:08.975682 Epoch [164/164], with lr = 8e-05, Step [0025/0050],                        [loss_record5: 0.2479]
2021-03-02 01:02:18.864 | INFO     | network.models.trainer:fit:245 - 2021-03-02 01:02:18.864446 Epoch [164/164], with lr = 8e-05, Step [0050/0050],                        [loss_record5: 0.2752]
2021-03-02 01:02:19.306 | INFO     | network.models.trainer:fit:254 - [Saving Snapshot:]/home/admin_mcn/hung/polyp_segmentation/snapshots/TransUnet/PraNetDG-fold4-164.pth
2021-03-02 01:02:29.305 | INFO     | network.models.trainer:fit:245 - 2021-03-02 01:02:29.305131 Epoch [165/165], with lr = 8e-05, Step [0025/0050],                        [loss_record5: 0.2657]
2021-03-02 01:02:39.111 | INFO     | network.models.trainer:fit:245 - 2021-03-02 01:02:39.110899 Epoch [165/165], with lr = 8e-05, Step [0050/0050],                        [loss_record5: 0.2584]
2021-03-02 01:02:48.975 | INFO     | network.models.trainer:fit:245 - 2021-03-02 01:02:48.975533 Epoch [166/166], with lr = 8e-05, Step [0025/0050],                        [loss_record5: 0.2430]
2021-03-02 01:02:59.035 | INFO     | network.models.trainer:fit:245 - 2021-03-02 01:02:59.034993 Epoch [166/166], with lr = 8e-05, Step [0050/0050],                        [loss_record5: 0.3203]
2021-03-02 01:03:08.989 | INFO     | network.models.trainer:fit:245 - 2021-03-02 01:03:08.989526 Epoch [167/167], with lr = 8e-05, Step [0025/0050],                        [loss_record5: 0.3409]
2021-03-02 01:03:18.948 | INFO     | network.models.trainer:fit:245 - 2021-03-02 01:03:18.947881 Epoch [167/167], with lr = 8e-05, Step [0050/0050],                        [loss_record5: 0.3256]
2021-03-02 01:03:19.407 | INFO     | network.models.trainer:fit:254 - [Saving Snapshot:]/home/admin_mcn/hung/polyp_segmentation/snapshots/TransUnet/PraNetDG-fold4-167.pth
2021-03-02 01:03:29.389 | INFO     | network.models.trainer:fit:245 - 2021-03-02 01:03:29.388989 Epoch [168/168], with lr = 8e-05, Step [0025/0050],                        [loss_record5: 0.3040]
2021-03-02 01:03:39.307 | INFO     | network.models.trainer:fit:245 - 2021-03-02 01:03:39.307711 Epoch [168/168], with lr = 8e-05, Step [0050/0050],                        [loss_record5: 0.3101]
2021-03-02 01:03:49.279 | INFO     | network.models.trainer:fit:245 - 2021-03-02 01:03:49.278843 Epoch [169/169], with lr = 8e-05, Step [0025/0050],                        [loss_record5: 0.2938]
2021-03-02 01:03:59.145 | INFO     | network.models.trainer:fit:245 - 2021-03-02 01:03:59.145495 Epoch [169/169], with lr = 8e-05, Step [0050/0050],                        [loss_record5: 0.2821]
2021-03-02 01:04:10.855 | INFO     | network.models.trainer:fit:245 - 2021-03-02 01:04:10.855268 Epoch [170/170], with lr = 8e-05, Step [0025/0050],                        [loss_record5: 0.2408]
2021-03-02 01:04:23.174 | INFO     | network.models.trainer:fit:245 - 2021-03-02 01:04:23.174623 Epoch [170/170], with lr = 8e-05, Step [0050/0050],                        [loss_record5: 0.2405]
2021-03-02 01:04:23.630 | INFO     | network.models.trainer:fit:254 - [Saving Snapshot:]/home/admin_mcn/hung/polyp_segmentation/snapshots/TransUnet/PraNetDG-fold4-170.pth
2021-03-02 01:04:35.928 | INFO     | network.models.trainer:fit:245 - 2021-03-02 01:04:35.928222 Epoch [171/171], with lr = 8e-05, Step [0025/0050],                        [loss_record5: 0.2628]
2021-03-02 01:04:48.569 | INFO     | network.models.trainer:fit:245 - 2021-03-02 01:04:48.569230 Epoch [171/171], with lr = 8e-05, Step [0050/0050],                        [loss_record5: 0.2606]
2021-03-02 01:05:01.187 | INFO     | network.models.trainer:fit:245 - 2021-03-02 01:05:01.187160 Epoch [172/172], with lr = 8e-05, Step [0025/0050],                        [loss_record5: 0.2844]
2021-03-02 01:05:13.488 | INFO     | network.models.trainer:fit:245 - 2021-03-02 01:05:13.488593 Epoch [172/172], with lr = 8e-05, Step [0050/0050],                        [loss_record5: 0.3127]
2021-03-02 01:05:25.987 | INFO     | network.models.trainer:fit:245 - 2021-03-02 01:05:25.985697 Epoch [173/173], with lr = 8e-05, Step [0025/0050],                        [loss_record5: 0.3129]
2021-03-02 01:05:38.269 | INFO     | network.models.trainer:fit:245 - 2021-03-02 01:05:38.268899 Epoch [173/173], with lr = 8e-05, Step [0050/0050],                        [loss_record5: 0.2726]
2021-03-02 01:05:38.720 | INFO     | network.models.trainer:fit:254 - [Saving Snapshot:]/home/admin_mcn/hung/polyp_segmentation/snapshots/TransUnet/PraNetDG-fold4-173.pth
2021-03-02 01:05:51.194 | INFO     | network.models.trainer:fit:245 - 2021-03-02 01:05:51.194536 Epoch [174/174], with lr = 8e-05, Step [0025/0050],                        [loss_record5: 0.2476]
2021-03-02 01:06:03.538 | INFO     | network.models.trainer:fit:245 - 2021-03-02 01:06:03.536258 Epoch [174/174], with lr = 8e-05, Step [0050/0050],                        [loss_record5: 0.2377]
2021-03-02 01:06:15.849 | INFO     | network.models.trainer:fit:245 - 2021-03-02 01:06:15.849033 Epoch [175/175], with lr = 8e-05, Step [0025/0050],                        [loss_record5: 0.3366]
2021-03-02 01:06:28.376 | INFO     | network.models.trainer:fit:245 - 2021-03-02 01:06:28.375978 Epoch [175/175], with lr = 8e-05, Step [0050/0050],                        [loss_record5: 0.3520]
2021-03-02 01:06:40.795 | INFO     | network.models.trainer:fit:245 - 2021-03-02 01:06:40.794143 Epoch [176/176], with lr = 8e-05, Step [0025/0050],                        [loss_record5: 0.2276]
2021-03-02 01:06:53.349 | INFO     | network.models.trainer:fit:245 - 2021-03-02 01:06:53.349681 Epoch [176/176], with lr = 8e-05, Step [0050/0050],                        [loss_record5: 0.2727]
2021-03-02 01:06:53.825 | INFO     | network.models.trainer:fit:254 - [Saving Snapshot:]/home/admin_mcn/hung/polyp_segmentation/snapshots/TransUnet/PraNetDG-fold4-176.pth
2021-03-02 01:07:06.429 | INFO     | network.models.trainer:fit:245 - 2021-03-02 01:07:06.429023 Epoch [177/177], with lr = 8e-05, Step [0025/0050],                        [loss_record5: 0.2956]
2021-03-02 01:07:16.919 | INFO     | network.models.trainer:fit:245 - 2021-03-02 01:07:16.919383 Epoch [177/177], with lr = 8e-05, Step [0050/0050],                        [loss_record5: 0.2754]
2021-03-02 01:07:26.909 | INFO     | network.models.trainer:fit:245 - 2021-03-02 01:07:26.909707 Epoch [178/178], with lr = 8e-05, Step [0025/0050],                        [loss_record5: 0.2624]
2021-03-02 01:07:36.833 | INFO     | network.models.trainer:fit:245 - 2021-03-02 01:07:36.833168 Epoch [178/178], with lr = 8e-05, Step [0050/0050],                        [loss_record5: 0.2571]
2021-03-02 01:07:46.840 | INFO     | network.models.trainer:fit:245 - 2021-03-02 01:07:46.839872 Epoch [179/179], with lr = 8e-05, Step [0025/0050],                        [loss_record5: 0.2412]
2021-03-02 01:07:56.816 | INFO     | network.models.trainer:fit:245 - 2021-03-02 01:07:56.816413 Epoch [179/179], with lr = 8e-05, Step [0050/0050],                        [loss_record5: 0.3015]
2021-03-02 01:07:57.287 | INFO     | network.models.trainer:fit:254 - [Saving Snapshot:]/home/admin_mcn/hung/polyp_segmentation/snapshots/TransUnet/PraNetDG-fold4-179.pth
2021-03-02 01:08:07.200 | INFO     | network.models.trainer:fit:245 - 2021-03-02 01:08:07.200776 Epoch [180/180], with lr = 8e-05, Step [0025/0050],                        [loss_record5: 0.3399]
2021-03-02 01:08:17.120 | INFO     | network.models.trainer:fit:245 - 2021-03-02 01:08:17.120446 Epoch [180/180], with lr = 8e-05, Step [0050/0050],                        [loss_record5: 0.3103]
2021-03-02 01:08:27.134 | INFO     | network.models.trainer:fit:245 - 2021-03-02 01:08:27.134457 Epoch [181/181], with lr = 8e-05, Step [0025/0050],                        [loss_record5: 0.3128]
2021-03-02 01:08:37.109 | INFO     | network.models.trainer:fit:245 - 2021-03-02 01:08:37.109001 Epoch [181/181], with lr = 8e-05, Step [0050/0050],                        [loss_record5: 0.3234]
2021-03-02 01:08:47.056 | INFO     | network.models.trainer:fit:245 - 2021-03-02 01:08:47.056528 Epoch [182/182], with lr = 8e-05, Step [0025/0050],                        [loss_record5: 0.2744]
2021-03-02 01:08:57.006 | INFO     | network.models.trainer:fit:245 - 2021-03-02 01:08:57.005960 Epoch [182/182], with lr = 8e-05, Step [0050/0050],                        [loss_record5: 0.2830]
2021-03-02 01:08:57.464 | INFO     | network.models.trainer:fit:254 - [Saving Snapshot:]/home/admin_mcn/hung/polyp_segmentation/snapshots/TransUnet/PraNetDG-fold4-182.pth
2021-03-02 01:09:07.643 | INFO     | network.models.trainer:fit:245 - 2021-03-02 01:09:07.643560 Epoch [183/183], with lr = 8e-05, Step [0025/0050],                        [loss_record5: 0.2837]
2021-03-02 01:09:17.578 | INFO     | network.models.trainer:fit:245 - 2021-03-02 01:09:17.577951 Epoch [183/183], with lr = 8e-05, Step [0050/0050],                        [loss_record5: 0.2845]
2021-03-02 01:09:27.490 | INFO     | network.models.trainer:fit:245 - 2021-03-02 01:09:27.490137 Epoch [184/184], with lr = 8e-05, Step [0025/0050],                        [loss_record5: 0.2782]
2021-03-02 01:09:37.381 | INFO     | network.models.trainer:fit:245 - 2021-03-02 01:09:37.380893 Epoch [184/184], with lr = 8e-05, Step [0050/0050],                        [loss_record5: 0.2848]
2021-03-02 01:09:47.245 | INFO     | network.models.trainer:fit:245 - 2021-03-02 01:09:47.245479 Epoch [185/185], with lr = 8e-05, Step [0025/0050],                        [loss_record5: 0.2388]
2021-03-02 01:09:57.270 | INFO     | network.models.trainer:fit:245 - 2021-03-02 01:09:57.269786 Epoch [185/185], with lr = 8e-05, Step [0050/0050],                        [loss_record5: 0.3154]
2021-03-02 01:09:57.707 | INFO     | network.models.trainer:fit:254 - [Saving Snapshot:]/home/admin_mcn/hung/polyp_segmentation/snapshots/TransUnet/PraNetDG-fold4-185.pth
2021-03-02 01:10:07.501 | INFO     | network.models.trainer:fit:245 - 2021-03-02 01:10:07.501021 Epoch [186/186], with lr = 8e-05, Step [0025/0050],                        [loss_record5: 0.3119]
2021-03-02 01:10:17.474 | INFO     | network.models.trainer:fit:245 - 2021-03-02 01:10:17.474756 Epoch [186/186], with lr = 8e-05, Step [0050/0050],                        [loss_record5: 0.2864]
2021-03-02 01:10:27.405 | INFO     | network.models.trainer:fit:245 - 2021-03-02 01:10:27.405627 Epoch [187/187], with lr = 8e-05, Step [0025/0050],                        [loss_record5: 0.2988]
2021-03-02 01:10:37.300 | INFO     | network.models.trainer:fit:245 - 2021-03-02 01:10:37.300664 Epoch [187/187], with lr = 8e-05, Step [0050/0050],                        [loss_record5: 0.3071]
2021-03-02 01:10:47.299 | INFO     | network.models.trainer:fit:245 - 2021-03-02 01:10:47.299394 Epoch [188/188], with lr = 8e-05, Step [0025/0050],                        [loss_record5: 0.3091]
2021-03-02 01:10:57.230 | INFO     | network.models.trainer:fit:245 - 2021-03-02 01:10:57.230661 Epoch [188/188], with lr = 8e-05, Step [0050/0050],                        [loss_record5: 0.3042]
2021-03-02 01:10:57.678 | INFO     | network.models.trainer:fit:254 - [Saving Snapshot:]/home/admin_mcn/hung/polyp_segmentation/snapshots/TransUnet/PraNetDG-fold4-188.pth
2021-03-02 01:11:07.662 | INFO     | network.models.trainer:fit:245 - 2021-03-02 01:11:07.661893 Epoch [189/189], with lr = 8e-05, Step [0025/0050],                        [loss_record5: 0.2372]
2021-03-02 01:11:17.646 | INFO     | network.models.trainer:fit:245 - 2021-03-02 01:11:17.646417 Epoch [189/189], with lr = 8e-05, Step [0050/0050],                        [loss_record5: 0.2607]
2021-03-02 01:11:27.474 | INFO     | network.models.trainer:fit:245 - 2021-03-02 01:11:27.474290 Epoch [190/190], with lr = 8e-05, Step [0025/0050],                        [loss_record5: 0.2538]
2021-03-02 01:11:37.444 | INFO     | network.models.trainer:fit:245 - 2021-03-02 01:11:37.444554 Epoch [190/190], with lr = 8e-05, Step [0050/0050],                        [loss_record5: 0.2463]
2021-03-02 01:11:47.509 | INFO     | network.models.trainer:fit:245 - 2021-03-02 01:11:47.508899 Epoch [191/191], with lr = 8e-05, Step [0025/0050],                        [loss_record5: 0.3059]
2021-03-02 01:11:57.349 | INFO     | network.models.trainer:fit:245 - 2021-03-02 01:11:57.348884 Epoch [191/191], with lr = 8e-05, Step [0050/0050],                        [loss_record5: 0.2663]
2021-03-02 01:11:57.780 | INFO     | network.models.trainer:fit:254 - [Saving Snapshot:]/home/admin_mcn/hung/polyp_segmentation/snapshots/TransUnet/PraNetDG-fold4-191.pth
2021-03-02 01:12:07.840 | INFO     | network.models.trainer:fit:245 - 2021-03-02 01:12:07.840450 Epoch [192/192], with lr = 8e-05, Step [0025/0050],                        [loss_record5: 0.2836]
2021-03-02 01:12:17.811 | INFO     | network.models.trainer:fit:245 - 2021-03-02 01:12:17.810834 Epoch [192/192], with lr = 8e-05, Step [0050/0050],                        [loss_record5: 0.2883]
2021-03-02 01:12:27.644 | INFO     | network.models.trainer:fit:245 - 2021-03-02 01:12:27.644150 Epoch [193/193], with lr = 8e-05, Step [0025/0050],                        [loss_record5: 0.2597]
2021-03-02 01:12:37.699 | INFO     | network.models.trainer:fit:245 - 2021-03-02 01:12:37.699455 Epoch [193/193], with lr = 8e-05, Step [0050/0050],                        [loss_record5: 0.2983]
2021-03-02 01:12:47.630 | INFO     | network.models.trainer:fit:245 - 2021-03-02 01:12:47.629859 Epoch [194/194], with lr = 8e-05, Step [0025/0050],                        [loss_record5: 0.3579]
2021-03-02 01:12:57.482 | INFO     | network.models.trainer:fit:245 - 2021-03-02 01:12:57.482195 Epoch [194/194], with lr = 8e-05, Step [0050/0050],                        [loss_record5: 0.3373]
2021-03-02 01:12:57.926 | INFO     | network.models.trainer:fit:254 - [Saving Snapshot:]/home/admin_mcn/hung/polyp_segmentation/snapshots/TransUnet/PraNetDG-fold4-194.pth
2021-03-02 01:13:07.850 | INFO     | network.models.trainer:fit:245 - 2021-03-02 01:13:07.850306 Epoch [195/195], with lr = 8e-05, Step [0025/0050],                        [loss_record5: 0.2885]
2021-03-02 01:13:17.736 | INFO     | network.models.trainer:fit:245 - 2021-03-02 01:13:17.736138 Epoch [195/195], with lr = 8e-05, Step [0050/0050],                        [loss_record5: 0.2734]
2021-03-02 01:13:27.644 | INFO     | network.models.trainer:fit:245 - 2021-03-02 01:13:27.643851 Epoch [196/196], with lr = 8e-05, Step [0025/0050],                        [loss_record5: 0.2478]
2021-03-02 01:13:37.644 | INFO     | network.models.trainer:fit:245 - 2021-03-02 01:13:37.644170 Epoch [196/196], with lr = 8e-05, Step [0050/0050],                        [loss_record5: 0.2794]
2021-03-02 01:13:47.616 | INFO     | network.models.trainer:fit:245 - 2021-03-02 01:13:47.616059 Epoch [197/197], with lr = 8e-05, Step [0025/0050],                        [loss_record5: 0.2403]
2021-03-02 01:13:57.510 | INFO     | network.models.trainer:fit:245 - 2021-03-02 01:13:57.510430 Epoch [197/197], with lr = 8e-05, Step [0050/0050],                        [loss_record5: 0.2769]
2021-03-02 01:13:57.961 | INFO     | network.models.trainer:fit:254 - [Saving Snapshot:]/home/admin_mcn/hung/polyp_segmentation/snapshots/TransUnet/PraNetDG-fold4-197.pth
2021-03-02 01:14:07.897 | INFO     | network.models.trainer:fit:245 - 2021-03-02 01:14:07.896751 Epoch [198/198], with lr = 8e-05, Step [0025/0050],                        [loss_record5: 0.3318]
2021-03-02 01:14:17.733 | INFO     | network.models.trainer:fit:245 - 2021-03-02 01:14:17.733356 Epoch [198/198], with lr = 8e-05, Step [0050/0050],                        [loss_record5: 0.2929]
2021-03-02 01:14:27.595 | INFO     | network.models.trainer:fit:245 - 2021-03-02 01:14:27.594993 Epoch [199/199], with lr = 8e-05, Step [0025/0050],                        [loss_record5: 0.2753]
2021-03-02 01:14:37.453 | INFO     | network.models.trainer:fit:245 - 2021-03-02 01:14:37.453078 Epoch [199/199], with lr = 8e-05, Step [0050/0050],                        [loss_record5: 0.2499]
2021-03-02 01:14:37.453 | INFO     | network.models.trainer:fit:262 - Training cost: 4049.333646372077seconds
