2021-03-02 10:43:02.270 | INFO     | __main__:main:22 - Load config from configs/transunet_config.yaml
2021-03-02 10:43:02.270 | INFO     | __main__:main:23 - {'dataset': {'data_path': '/home/admin_mcn/hung/polyp_segmentation/data/Kvasir_fold_new', 'train_data_path': ['/home/admin_mcn/hung/polyp_segmentation/data/Kvasir_fold_new/fold_2', '/home/admin_mcn/hung/polyp_segmentation/data/Kvasir_fold_new/fold_1', '/home/admin_mcn/hung/polyp_segmentation/data/Kvasir_fold_new/fold_4', '/home/admin_mcn/hung/polyp_segmentation/data/Kvasir_fold_new/fold_3'], 'test_data_path': ['/home/admin_mcn/hung/polyp_segmentation/data/Kvasir_fold_new/fold_0'], 'fold': 0, 'img_size': 352}, 'model': {'save_dir': '/home/admin_mcn/hung/polyp_segmentation/snapshots', 'arch': 'TransUnet', 'save_from': 80, 'start_from': 0, 'num_epochs': 200}, 'optimizer': {'name': 'adam', 'lr': 8e-05, 'clip': 0.5, 'scheduler': 'cosine_warmup', 'num_warmup_epoch': 5, 'loss': 'structure_loss'}, 'train': {'fold': 0, 'is_val': False, 'dataloader': {'batchsize': 16, 'shuffle': True, 'img_size': 352, 'pin_memory': True, 'drop_last': True}, 'augment': {'prob': 0.7, 'blur_prob': 0.7, 'jitter_prob': 0.7, 'rotate_prob': 0.7, 'flip_prob': 0.7}}, 'test': {'folds': {2: 197}, 'visualize': False, 'visualize_dir': '/home/admin_mcn/hung/polyp_segmentation/results/PraNet_kfold', 'vis_x': 180, 'vis_overwrite': False, 'dataloader': {'batchsize': 1, 'shuffle': False, 'img_size': 352, 'pin_memory': True, 'drop_last': True}, 'augment': {'prob': 0, 'blur_prob': 0, 'jitter_prob': 0, 'rotate_prob': 0, 'flip_prob': 0}}}
2021-03-02 10:43:02.270 | INFO     | __main__:main:29 - Getting datapath
2021-03-02 10:43:02.274 | INFO     | __main__:main:50 - Loading data
2021-03-02 10:43:02.275 | INFO     | __main__:main:63 - Loading model
2021-03-02 10:43:05.351 | INFO     | __main__:main:121 - ####################
2021-03-02 10:43:25.478 | INFO     | network.models.trainer:fit:245 - 2021-03-02 10:43:25.478232 Epoch [000/000], with lr = 1e-05, Step [0025/0050],                        [loss_record5: 1.4400]
2021-03-02 10:43:44.252 | INFO     | network.models.trainer:fit:245 - 2021-03-02 10:43:44.252050 Epoch [000/000], with lr = 1e-05, Step [0050/0050],                        [loss_record5: 1.3853]
2021-03-02 10:44:03.064 | INFO     | network.models.trainer:fit:245 - 2021-03-02 10:44:03.063896 Epoch [001/001], with lr = 2.4e-05, Step [0025/0050],                        [loss_record5: 1.2710]
2021-03-02 10:44:21.697 | INFO     | network.models.trainer:fit:245 - 2021-03-02 10:44:21.697450 Epoch [001/001], with lr = 2.4e-05, Step [0050/0050],                        [loss_record5: 1.2272]
2021-03-02 10:44:40.365 | INFO     | network.models.trainer:fit:245 - 2021-03-02 10:44:40.365627 Epoch [002/002], with lr = 3.8e-05, Step [0025/0050],                        [loss_record5: 1.1829]
2021-03-02 10:44:59.039 | INFO     | network.models.trainer:fit:245 - 2021-03-02 10:44:59.039299 Epoch [002/002], with lr = 3.8e-05, Step [0050/0050],                        [loss_record5: 1.1520]
2021-03-02 10:45:17.727 | INFO     | network.models.trainer:fit:245 - 2021-03-02 10:45:17.726931 Epoch [003/003], with lr = 5.2000000000000004e-05, Step [0025/0050],                        [loss_record5: 1.1050]
2021-03-02 10:45:36.411 | INFO     | network.models.trainer:fit:245 - 2021-03-02 10:45:36.410928 Epoch [003/003], with lr = 5.2000000000000004e-05, Step [0050/0050],                        [loss_record5: 1.0726]
2021-03-02 10:45:55.146 | INFO     | network.models.trainer:fit:245 - 2021-03-02 10:45:55.145994 Epoch [004/004], with lr = 6.6e-05, Step [0025/0050],                        [loss_record5: 1.0276]
2021-03-02 10:46:13.910 | INFO     | network.models.trainer:fit:245 - 2021-03-02 10:46:13.910661 Epoch [004/004], with lr = 6.6e-05, Step [0050/0050],                        [loss_record5: 1.0154]
2021-03-02 10:46:32.782 | INFO     | network.models.trainer:fit:245 - 2021-03-02 10:46:32.781866 Epoch [005/005], with lr = 8e-05, Step [0025/0050],                        [loss_record5: 0.9506]
2021-03-02 10:46:51.748 | INFO     | network.models.trainer:fit:245 - 2021-03-02 10:46:51.748130 Epoch [005/005], with lr = 8e-05, Step [0050/0050],                        [loss_record5: 0.9394]
2021-03-02 10:47:10.506 | INFO     | network.models.trainer:fit:245 - 2021-03-02 10:47:10.506223 Epoch [006/006], with lr = 8e-05, Step [0025/0050],                        [loss_record5: 0.8827]
2021-03-02 10:47:29.308 | INFO     | network.models.trainer:fit:245 - 2021-03-02 10:47:29.308677 Epoch [006/006], with lr = 8e-05, Step [0050/0050],                        [loss_record5: 0.8697]
2021-03-02 10:47:48.202 | INFO     | network.models.trainer:fit:245 - 2021-03-02 10:47:48.201810 Epoch [007/007], with lr = 8e-05, Step [0025/0050],                        [loss_record5: 0.8175]
2021-03-02 10:48:10.590 | INFO     | network.models.trainer:fit:245 - 2021-03-02 10:48:10.590454 Epoch [007/007], with lr = 8e-05, Step [0050/0050],                        [loss_record5: 0.8209]
2021-03-02 10:48:31.784 | INFO     | network.models.trainer:fit:245 - 2021-03-02 10:48:31.781830 Epoch [008/008], with lr = 8e-05, Step [0025/0050],                        [loss_record5: 0.8086]
2021-03-02 10:48:51.908 | INFO     | network.models.trainer:fit:245 - 2021-03-02 10:48:51.908167 Epoch [008/008], with lr = 8e-05, Step [0050/0050],                        [loss_record5: 0.7760]
2021-03-02 10:49:14.457 | INFO     | network.models.trainer:fit:245 - 2021-03-02 10:49:14.457643 Epoch [009/009], with lr = 8e-05, Step [0025/0050],                        [loss_record5: 0.7489]
2021-03-02 10:49:36.977 | INFO     | network.models.trainer:fit:245 - 2021-03-02 10:49:36.977338 Epoch [009/009], with lr = 8e-05, Step [0050/0050],                        [loss_record5: 0.7515]
2021-03-02 10:49:55.943 | INFO     | network.models.trainer:fit:245 - 2021-03-02 10:49:55.943157 Epoch [010/010], with lr = 8e-05, Step [0025/0050],                        [loss_record5: 0.6725]
2021-03-02 10:50:14.730 | INFO     | network.models.trainer:fit:245 - 2021-03-02 10:50:14.729999 Epoch [010/010], with lr = 8e-05, Step [0050/0050],                        [loss_record5: 0.6709]
2021-03-02 10:50:33.514 | INFO     | network.models.trainer:fit:245 - 2021-03-02 10:50:33.514249 Epoch [011/011], with lr = 8e-05, Step [0025/0050],                        [loss_record5: 0.6706]
2021-03-02 10:50:52.289 | INFO     | network.models.trainer:fit:245 - 2021-03-02 10:50:52.288927 Epoch [011/011], with lr = 8e-05, Step [0050/0050],                        [loss_record5: 0.6622]
2021-03-02 10:51:11.117 | INFO     | network.models.trainer:fit:245 - 2021-03-02 10:51:11.116947 Epoch [012/012], with lr = 8e-05, Step [0025/0050],                        [loss_record5: 0.6255]
2021-03-02 10:51:29.951 | INFO     | network.models.trainer:fit:245 - 2021-03-02 10:51:29.951861 Epoch [012/012], with lr = 8e-05, Step [0050/0050],                        [loss_record5: 0.6253]
2021-03-02 10:51:48.781 | INFO     | network.models.trainer:fit:245 - 2021-03-02 10:51:48.781668 Epoch [013/013], with lr = 8e-05, Step [0025/0050],                        [loss_record5: 0.5981]
2021-03-02 10:52:07.424 | INFO     | network.models.trainer:fit:245 - 2021-03-02 10:52:07.424478 Epoch [013/013], with lr = 8e-05, Step [0050/0050],                        [loss_record5: 0.5717]
2021-03-02 10:52:26.109 | INFO     | network.models.trainer:fit:245 - 2021-03-02 10:52:26.109165 Epoch [014/014], with lr = 8e-05, Step [0025/0050],                        [loss_record5: 0.5599]
2021-03-02 10:52:44.917 | INFO     | network.models.trainer:fit:245 - 2021-03-02 10:52:44.917118 Epoch [014/014], with lr = 8e-05, Step [0050/0050],                        [loss_record5: 0.5606]
2021-03-02 10:53:03.781 | INFO     | network.models.trainer:fit:245 - 2021-03-02 10:53:03.781695 Epoch [015/015], with lr = 8e-05, Step [0025/0050],                        [loss_record5: 0.5559]
2021-03-02 10:53:22.399 | INFO     | network.models.trainer:fit:245 - 2021-03-02 10:53:22.398755 Epoch [015/015], with lr = 8e-05, Step [0050/0050],                        [loss_record5: 0.5515]
2021-03-02 10:53:41.006 | INFO     | network.models.trainer:fit:245 - 2021-03-02 10:53:41.006390 Epoch [016/016], with lr = 8e-05, Step [0025/0050],                        [loss_record5: 0.5259]
2021-03-02 10:53:59.813 | INFO     | network.models.trainer:fit:245 - 2021-03-02 10:53:59.813201 Epoch [016/016], with lr = 8e-05, Step [0050/0050],                        [loss_record5: 0.5306]
2021-03-02 10:54:18.694 | INFO     | network.models.trainer:fit:245 - 2021-03-02 10:54:18.694309 Epoch [017/017], with lr = 8e-05, Step [0025/0050],                        [loss_record5: 0.5538]
2021-03-02 10:54:37.684 | INFO     | network.models.trainer:fit:245 - 2021-03-02 10:54:37.684428 Epoch [017/017], with lr = 8e-05, Step [0050/0050],                        [loss_record5: 0.5267]
2021-03-02 10:54:56.621 | INFO     | network.models.trainer:fit:245 - 2021-03-02 10:54:56.620812 Epoch [018/018], with lr = 8e-05, Step [0025/0050],                        [loss_record5: 0.4911]
2021-03-02 10:55:15.442 | INFO     | network.models.trainer:fit:245 - 2021-03-02 10:55:15.442692 Epoch [018/018], with lr = 8e-05, Step [0050/0050],                        [loss_record5: 0.5037]
2021-03-02 10:55:34.419 | INFO     | network.models.trainer:fit:245 - 2021-03-02 10:55:34.419385 Epoch [019/019], with lr = 8e-05, Step [0025/0050],                        [loss_record5: 0.5547]
2021-03-02 10:55:53.209 | INFO     | network.models.trainer:fit:245 - 2021-03-02 10:55:53.209492 Epoch [019/019], with lr = 8e-05, Step [0050/0050],                        [loss_record5: 0.5033]
2021-03-02 10:56:12.041 | INFO     | network.models.trainer:fit:245 - 2021-03-02 10:56:12.041037 Epoch [020/020], with lr = 8e-05, Step [0025/0050],                        [loss_record5: 0.4632]
2021-03-02 10:56:31.042 | INFO     | network.models.trainer:fit:245 - 2021-03-02 10:56:31.042394 Epoch [020/020], with lr = 8e-05, Step [0050/0050],                        [loss_record5: 0.4724]
2021-03-02 10:56:49.860 | INFO     | network.models.trainer:fit:245 - 2021-03-02 10:56:49.860099 Epoch [021/021], with lr = 8e-05, Step [0025/0050],                        [loss_record5: 0.4937]
2021-03-02 10:57:08.748 | INFO     | network.models.trainer:fit:245 - 2021-03-02 10:57:08.747968 Epoch [021/021], with lr = 8e-05, Step [0050/0050],                        [loss_record5: 0.4817]
2021-03-02 10:57:27.627 | INFO     | network.models.trainer:fit:245 - 2021-03-02 10:57:27.627503 Epoch [022/022], with lr = 8e-05, Step [0025/0050],                        [loss_record5: 0.5211]
2021-03-02 10:57:46.443 | INFO     | network.models.trainer:fit:245 - 2021-03-02 10:57:46.443609 Epoch [022/022], with lr = 8e-05, Step [0050/0050],                        [loss_record5: 0.4877]
2021-03-02 10:58:05.279 | INFO     | network.models.trainer:fit:245 - 2021-03-02 10:58:05.279245 Epoch [023/023], with lr = 8e-05, Step [0025/0050],                        [loss_record5: 0.4348]
2021-03-02 10:58:24.038 | INFO     | network.models.trainer:fit:245 - 2021-03-02 10:58:24.038703 Epoch [023/023], with lr = 8e-05, Step [0050/0050],                        [loss_record5: 0.4270]
2021-03-02 10:58:24.898 | INFO     | network.models.trainer:fit:254 - [Saving Snapshot:]/home/admin_mcn/hung/polyp_segmentation/snapshots/TransUnet/PraNetDG-fold0-23.pth
2021-03-02 10:58:43.627 | INFO     | network.models.trainer:fit:245 - 2021-03-02 10:58:43.627068 Epoch [024/024], with lr = 8e-05, Step [0025/0050],                        [loss_record5: 0.4628]
2021-03-02 10:59:02.488 | INFO     | network.models.trainer:fit:245 - 2021-03-02 10:59:02.487845 Epoch [024/024], with lr = 8e-05, Step [0050/0050],                        [loss_record5: 0.4777]
2021-03-02 10:59:21.201 | INFO     | network.models.trainer:fit:245 - 2021-03-02 10:59:21.201621 Epoch [025/025], with lr = 8e-05, Step [0025/0050],                        [loss_record5: 0.4758]
2021-03-02 10:59:40.105 | INFO     | network.models.trainer:fit:245 - 2021-03-02 10:59:40.105460 Epoch [025/025], with lr = 8e-05, Step [0050/0050],                        [loss_record5: 0.4924]
2021-03-02 10:59:59.044 | INFO     | network.models.trainer:fit:245 - 2021-03-02 10:59:59.044170 Epoch [026/026], with lr = 8e-05, Step [0025/0050],                        [loss_record5: 0.5311]
2021-03-02 11:00:17.899 | INFO     | network.models.trainer:fit:245 - 2021-03-02 11:00:17.899098 Epoch [026/026], with lr = 8e-05, Step [0050/0050],                        [loss_record5: 0.5250]
2021-03-02 11:00:36.736 | INFO     | network.models.trainer:fit:245 - 2021-03-02 11:00:36.735871 Epoch [027/027], with lr = 8e-05, Step [0025/0050],                        [loss_record5: 0.4003]
2021-03-02 11:00:55.568 | INFO     | network.models.trainer:fit:245 - 2021-03-02 11:00:55.568608 Epoch [027/027], with lr = 8e-05, Step [0050/0050],                        [loss_record5: 0.4294]
2021-03-02 11:01:14.335 | INFO     | network.models.trainer:fit:245 - 2021-03-02 11:01:14.334955 Epoch [028/028], with lr = 8e-05, Step [0025/0050],                        [loss_record5: 0.4495]
2021-03-02 11:01:33.173 | INFO     | network.models.trainer:fit:245 - 2021-03-02 11:01:33.173287 Epoch [028/028], with lr = 8e-05, Step [0050/0050],                        [loss_record5: 0.4379]
2021-03-02 11:01:51.922 | INFO     | network.models.trainer:fit:245 - 2021-03-02 11:01:51.921849 Epoch [029/029], with lr = 8e-05, Step [0025/0050],                        [loss_record5: 0.4390]
2021-03-02 11:02:10.747 | INFO     | network.models.trainer:fit:245 - 2021-03-02 11:02:10.747217 Epoch [029/029], with lr = 8e-05, Step [0050/0050],                        [loss_record5: 0.4368]
2021-03-02 11:02:29.617 | INFO     | network.models.trainer:fit:245 - 2021-03-02 11:02:29.616975 Epoch [030/030], with lr = 8e-05, Step [0025/0050],                        [loss_record5: 0.4242]
2021-03-02 11:02:48.409 | INFO     | network.models.trainer:fit:245 - 2021-03-02 11:02:48.409254 Epoch [030/030], with lr = 8e-05, Step [0050/0050],                        [loss_record5: 0.4538]
2021-03-02 11:03:07.234 | INFO     | network.models.trainer:fit:245 - 2021-03-02 11:03:07.234560 Epoch [031/031], with lr = 8e-05, Step [0025/0050],                        [loss_record5: 0.5377]
2021-03-02 11:03:25.926 | INFO     | network.models.trainer:fit:245 - 2021-03-02 11:03:25.925910 Epoch [031/031], with lr = 8e-05, Step [0050/0050],                        [loss_record5: 0.4955]
2021-03-02 11:03:44.726 | INFO     | network.models.trainer:fit:245 - 2021-03-02 11:03:44.725852 Epoch [032/032], with lr = 8e-05, Step [0025/0050],                        [loss_record5: 0.4857]
2021-03-02 11:04:03.608 | INFO     | network.models.trainer:fit:245 - 2021-03-02 11:04:03.608141 Epoch [032/032], with lr = 8e-05, Step [0050/0050],                        [loss_record5: 0.4353]
2021-03-02 11:04:22.465 | INFO     | network.models.trainer:fit:245 - 2021-03-02 11:04:22.465059 Epoch [033/033], with lr = 8e-05, Step [0025/0050],                        [loss_record5: 0.4371]
2021-03-02 11:04:41.334 | INFO     | network.models.trainer:fit:245 - 2021-03-02 11:04:41.334598 Epoch [033/033], with lr = 8e-05, Step [0050/0050],                        [loss_record5: 0.4153]
2021-03-02 11:05:00.271 | INFO     | network.models.trainer:fit:245 - 2021-03-02 11:05:00.271218 Epoch [034/034], with lr = 8e-05, Step [0025/0050],                        [loss_record5: 0.3852]
2021-03-02 11:05:19.016 | INFO     | network.models.trainer:fit:245 - 2021-03-02 11:05:19.016522 Epoch [034/034], with lr = 8e-05, Step [0050/0050],                        [loss_record5: 0.4366]
2021-03-02 11:05:37.777 | INFO     | network.models.trainer:fit:245 - 2021-03-02 11:05:37.777241 Epoch [035/035], with lr = 8e-05, Step [0025/0050],                        [loss_record5: 0.4365]
2021-03-02 11:05:56.673 | INFO     | network.models.trainer:fit:245 - 2021-03-02 11:05:56.673096 Epoch [035/035], with lr = 8e-05, Step [0050/0050],                        [loss_record5: 0.4198]
2021-03-02 11:06:15.545 | INFO     | network.models.trainer:fit:245 - 2021-03-02 11:06:15.544926 Epoch [036/036], with lr = 8e-05, Step [0025/0050],                        [loss_record5: 0.4221]
2021-03-02 11:06:34.268 | INFO     | network.models.trainer:fit:245 - 2021-03-02 11:06:34.268384 Epoch [036/036], with lr = 8e-05, Step [0050/0050],                        [loss_record5: 0.3935]
2021-03-02 11:06:53.010 | INFO     | network.models.trainer:fit:245 - 2021-03-02 11:06:53.010627 Epoch [037/037], with lr = 8e-05, Step [0025/0050],                        [loss_record5: 0.4062]
2021-03-02 11:07:11.729 | INFO     | network.models.trainer:fit:245 - 2021-03-02 11:07:11.728848 Epoch [037/037], with lr = 8e-05, Step [0050/0050],                        [loss_record5: 0.3935]
2021-03-02 11:07:30.430 | INFO     | network.models.trainer:fit:245 - 2021-03-02 11:07:30.429771 Epoch [038/038], with lr = 8e-05, Step [0025/0050],                        [loss_record5: 0.3550]
2021-03-02 11:07:49.174 | INFO     | network.models.trainer:fit:245 - 2021-03-02 11:07:49.174592 Epoch [038/038], with lr = 8e-05, Step [0050/0050],                        [loss_record5: 0.3868]
2021-03-02 11:08:08.190 | INFO     | network.models.trainer:fit:245 - 2021-03-02 11:08:08.189816 Epoch [039/039], with lr = 8e-05, Step [0025/0050],                        [loss_record5: 0.3753]
2021-03-02 11:08:27.037 | INFO     | network.models.trainer:fit:245 - 2021-03-02 11:08:27.037196 Epoch [039/039], with lr = 8e-05, Step [0050/0050],                        [loss_record5: 0.3914]
2021-03-02 11:08:45.890 | INFO     | network.models.trainer:fit:245 - 2021-03-02 11:08:45.890229 Epoch [040/040], with lr = 8e-05, Step [0025/0050],                        [loss_record5: 0.3918]
2021-03-02 11:09:04.648 | INFO     | network.models.trainer:fit:245 - 2021-03-02 11:09:04.648621 Epoch [040/040], with lr = 8e-05, Step [0050/0050],                        [loss_record5: 0.3732]
2021-03-02 11:09:23.585 | INFO     | network.models.trainer:fit:245 - 2021-03-02 11:09:23.585488 Epoch [041/041], with lr = 8e-05, Step [0025/0050],                        [loss_record5: 0.3619]
2021-03-02 11:09:42.219 | INFO     | network.models.trainer:fit:245 - 2021-03-02 11:09:42.219170 Epoch [041/041], with lr = 8e-05, Step [0050/0050],                        [loss_record5: 0.3644]
2021-03-02 11:10:00.951 | INFO     | network.models.trainer:fit:245 - 2021-03-02 11:10:00.951493 Epoch [042/042], with lr = 8e-05, Step [0025/0050],                        [loss_record5: 0.3631]
2021-03-02 11:10:19.784 | INFO     | network.models.trainer:fit:245 - 2021-03-02 11:10:19.784270 Epoch [042/042], with lr = 8e-05, Step [0050/0050],                        [loss_record5: 0.3624]
2021-03-02 11:10:38.578 | INFO     | network.models.trainer:fit:245 - 2021-03-02 11:10:38.577954 Epoch [043/043], with lr = 8e-05, Step [0025/0050],                        [loss_record5: 0.3985]
2021-03-02 11:10:57.309 | INFO     | network.models.trainer:fit:245 - 2021-03-02 11:10:57.309701 Epoch [043/043], with lr = 8e-05, Step [0050/0050],                        [loss_record5: 0.3772]
2021-03-02 11:11:16.036 | INFO     | network.models.trainer:fit:245 - 2021-03-02 11:11:16.035829 Epoch [044/044], with lr = 8e-05, Step [0025/0050],                        [loss_record5: 0.3906]
2021-03-02 11:11:34.815 | INFO     | network.models.trainer:fit:245 - 2021-03-02 11:11:34.815505 Epoch [044/044], with lr = 8e-05, Step [0050/0050],                        [loss_record5: 0.3714]
2021-03-02 11:11:53.731 | INFO     | network.models.trainer:fit:245 - 2021-03-02 11:11:53.730870 Epoch [045/045], with lr = 8e-05, Step [0025/0050],                        [loss_record5: 0.3801]
2021-03-02 11:12:12.638 | INFO     | network.models.trainer:fit:245 - 2021-03-02 11:12:12.638725 Epoch [045/045], with lr = 8e-05, Step [0050/0050],                        [loss_record5: 0.3864]
2021-03-02 11:12:31.451 | INFO     | network.models.trainer:fit:245 - 2021-03-02 11:12:31.450817 Epoch [046/046], with lr = 8e-05, Step [0025/0050],                        [loss_record5: 0.3642]
2021-03-02 11:12:50.382 | INFO     | network.models.trainer:fit:245 - 2021-03-02 11:12:50.382116 Epoch [046/046], with lr = 8e-05, Step [0050/0050],                        [loss_record5: 0.4485]
2021-03-02 11:13:09.176 | INFO     | network.models.trainer:fit:245 - 2021-03-02 11:13:09.175991 Epoch [047/047], with lr = 8e-05, Step [0025/0050],                        [loss_record5: 0.3569]
2021-03-02 11:13:28.006 | INFO     | network.models.trainer:fit:245 - 2021-03-02 11:13:28.005921 Epoch [047/047], with lr = 8e-05, Step [0050/0050],                        [loss_record5: 0.3887]
2021-03-02 11:13:46.908 | INFO     | network.models.trainer:fit:245 - 2021-03-02 11:13:46.908331 Epoch [048/048], with lr = 8e-05, Step [0025/0050],                        [loss_record5: 0.3855]
2021-03-02 11:14:05.683 | INFO     | network.models.trainer:fit:245 - 2021-03-02 11:14:05.683343 Epoch [048/048], with lr = 8e-05, Step [0050/0050],                        [loss_record5: 0.4018]
2021-03-02 11:14:24.585 | INFO     | network.models.trainer:fit:245 - 2021-03-02 11:14:24.585700 Epoch [049/049], with lr = 8e-05, Step [0025/0050],                        [loss_record5: 0.4077]
2021-03-02 11:14:43.477 | INFO     | network.models.trainer:fit:245 - 2021-03-02 11:14:43.476846 Epoch [049/049], with lr = 8e-05, Step [0050/0050],                        [loss_record5: 0.3911]
2021-03-02 11:15:02.376 | INFO     | network.models.trainer:fit:245 - 2021-03-02 11:15:02.376175 Epoch [050/050], with lr = 8e-05, Step [0025/0050],                        [loss_record5: 0.3535]
2021-03-02 11:15:21.125 | INFO     | network.models.trainer:fit:245 - 2021-03-02 11:15:21.125045 Epoch [050/050], with lr = 8e-05, Step [0050/0050],                        [loss_record5: 0.4034]
2021-03-02 11:15:39.949 | INFO     | network.models.trainer:fit:245 - 2021-03-02 11:15:39.949310 Epoch [051/051], with lr = 8e-05, Step [0025/0050],                        [loss_record5: 0.3808]
2021-03-02 11:15:58.779 | INFO     | network.models.trainer:fit:245 - 2021-03-02 11:15:58.779584 Epoch [051/051], with lr = 8e-05, Step [0050/0050],                        [loss_record5: 0.3917]
2021-03-02 11:16:17.644 | INFO     | network.models.trainer:fit:245 - 2021-03-02 11:16:17.644267 Epoch [052/052], with lr = 8e-05, Step [0025/0050],                        [loss_record5: 0.3363]
2021-03-02 11:16:36.452 | INFO     | network.models.trainer:fit:245 - 2021-03-02 11:16:36.452199 Epoch [052/052], with lr = 8e-05, Step [0050/0050],                        [loss_record5: 0.3116]
2021-03-02 11:16:55.194 | INFO     | network.models.trainer:fit:245 - 2021-03-02 11:16:55.193967 Epoch [053/053], with lr = 8e-05, Step [0025/0050],                        [loss_record5: 0.3464]
2021-03-02 11:17:14.108 | INFO     | network.models.trainer:fit:245 - 2021-03-02 11:17:14.107989 Epoch [053/053], with lr = 8e-05, Step [0050/0050],                        [loss_record5: 0.3651]
2021-03-02 11:17:33.002 | INFO     | network.models.trainer:fit:245 - 2021-03-02 11:17:33.002421 Epoch [054/054], with lr = 8e-05, Step [0025/0050],                        [loss_record5: 0.3506]
2021-03-02 11:17:51.837 | INFO     | network.models.trainer:fit:245 - 2021-03-02 11:17:51.837199 Epoch [054/054], with lr = 8e-05, Step [0050/0050],                        [loss_record5: 0.3176]
2021-03-02 11:18:10.600 | INFO     | network.models.trainer:fit:245 - 2021-03-02 11:18:10.599932 Epoch [055/055], with lr = 8e-05, Step [0025/0050],                        [loss_record5: 0.3415]
2021-03-02 11:18:29.417 | INFO     | network.models.trainer:fit:245 - 2021-03-02 11:18:29.417070 Epoch [055/055], with lr = 8e-05, Step [0050/0050],                        [loss_record5: 0.3399]
2021-03-02 11:18:48.441 | INFO     | network.models.trainer:fit:245 - 2021-03-02 11:18:48.440999 Epoch [056/056], with lr = 8e-05, Step [0025/0050],                        [loss_record5: 0.3447]
2021-03-02 11:19:07.227 | INFO     | network.models.trainer:fit:245 - 2021-03-02 11:19:07.227755 Epoch [056/056], with lr = 8e-05, Step [0050/0050],                        [loss_record5: 0.3589]
2021-03-02 11:19:26.096 | INFO     | network.models.trainer:fit:245 - 2021-03-02 11:19:26.096610 Epoch [057/057], with lr = 8e-05, Step [0025/0050],                        [loss_record5: 0.3290]
2021-03-02 11:19:45.005 | INFO     | network.models.trainer:fit:245 - 2021-03-02 11:19:45.005209 Epoch [057/057], with lr = 8e-05, Step [0050/0050],                        [loss_record5: 0.3226]
2021-03-02 11:20:03.847 | INFO     | network.models.trainer:fit:245 - 2021-03-02 11:20:03.847670 Epoch [058/058], with lr = 8e-05, Step [0025/0050],                        [loss_record5: 0.3439]
2021-03-02 11:20:22.607 | INFO     | network.models.trainer:fit:245 - 2021-03-02 11:20:22.607324 Epoch [058/058], with lr = 8e-05, Step [0050/0050],                        [loss_record5: 0.3701]
2021-03-02 11:20:41.535 | INFO     | network.models.trainer:fit:245 - 2021-03-02 11:20:41.534913 Epoch [059/059], with lr = 8e-05, Step [0025/0050],                        [loss_record5: 0.3619]
2021-03-02 11:21:00.260 | INFO     | network.models.trainer:fit:245 - 2021-03-02 11:21:00.259745 Epoch [059/059], with lr = 8e-05, Step [0050/0050],                        [loss_record5: 0.3692]
2021-03-02 11:21:19.017 | INFO     | network.models.trainer:fit:245 - 2021-03-02 11:21:19.017144 Epoch [060/060], with lr = 8e-05, Step [0025/0050],                        [loss_record5: 0.3655]
2021-03-02 11:21:38.042 | INFO     | network.models.trainer:fit:245 - 2021-03-02 11:21:38.041928 Epoch [060/060], with lr = 8e-05, Step [0050/0050],                        [loss_record5: 0.3516]
2021-03-02 11:21:56.885 | INFO     | network.models.trainer:fit:245 - 2021-03-02 11:21:56.884781 Epoch [061/061], with lr = 8e-05, Step [0025/0050],                        [loss_record5: 0.3511]
2021-03-02 11:22:15.686 | INFO     | network.models.trainer:fit:245 - 2021-03-02 11:22:15.686473 Epoch [061/061], with lr = 8e-05, Step [0050/0050],                        [loss_record5: 0.3819]
2021-03-02 11:22:34.594 | INFO     | network.models.trainer:fit:245 - 2021-03-02 11:22:34.593856 Epoch [062/062], with lr = 8e-05, Step [0025/0050],                        [loss_record5: 0.3511]
2021-03-02 11:22:53.449 | INFO     | network.models.trainer:fit:245 - 2021-03-02 11:22:53.448986 Epoch [062/062], with lr = 8e-05, Step [0050/0050],                        [loss_record5: 0.3242]
2021-03-02 11:23:12.288 | INFO     | network.models.trainer:fit:245 - 2021-03-02 11:23:12.288299 Epoch [063/063], with lr = 8e-05, Step [0025/0050],                        [loss_record5: 0.3393]
2021-03-02 11:23:31.100 | INFO     | network.models.trainer:fit:245 - 2021-03-02 11:23:31.100514 Epoch [063/063], with lr = 8e-05, Step [0050/0050],                        [loss_record5: 0.3633]
2021-03-02 11:23:49.945 | INFO     | network.models.trainer:fit:245 - 2021-03-02 11:23:49.944909 Epoch [064/064], with lr = 8e-05, Step [0025/0050],                        [loss_record5: 0.3568]
2021-03-02 11:24:08.880 | INFO     | network.models.trainer:fit:245 - 2021-03-02 11:24:08.880215 Epoch [064/064], with lr = 8e-05, Step [0050/0050],                        [loss_record5: 0.3654]
2021-03-02 11:24:27.685 | INFO     | network.models.trainer:fit:245 - 2021-03-02 11:24:27.685553 Epoch [065/065], with lr = 8e-05, Step [0025/0050],                        [loss_record5: 0.3445]
2021-03-02 11:24:46.573 | INFO     | network.models.trainer:fit:245 - 2021-03-02 11:24:46.572916 Epoch [065/065], with lr = 8e-05, Step [0050/0050],                        [loss_record5: 0.3215]
2021-03-02 11:25:05.433 | INFO     | network.models.trainer:fit:245 - 2021-03-02 11:25:05.432961 Epoch [066/066], with lr = 8e-05, Step [0025/0050],                        [loss_record5: 0.3129]
2021-03-02 11:25:24.152 | INFO     | network.models.trainer:fit:245 - 2021-03-02 11:25:24.152680 Epoch [066/066], with lr = 8e-05, Step [0050/0050],                        [loss_record5: 0.3191]
2021-03-02 11:25:43.040 | INFO     | network.models.trainer:fit:245 - 2021-03-02 11:25:43.040492 Epoch [067/067], with lr = 8e-05, Step [0025/0050],                        [loss_record5: 0.3292]
2021-03-02 11:26:01.684 | INFO     | network.models.trainer:fit:245 - 2021-03-02 11:26:01.684310 Epoch [067/067], with lr = 8e-05, Step [0050/0050],                        [loss_record5: 0.3189]
2021-03-02 11:26:20.501 | INFO     | network.models.trainer:fit:245 - 2021-03-02 11:26:20.501267 Epoch [068/068], with lr = 8e-05, Step [0025/0050],                        [loss_record5: 0.4209]
2021-03-02 11:26:39.293 | INFO     | network.models.trainer:fit:245 - 2021-03-02 11:26:39.292906 Epoch [068/068], with lr = 8e-05, Step [0050/0050],                        [loss_record5: 0.4157]
2021-03-02 11:26:57.948 | INFO     | network.models.trainer:fit:245 - 2021-03-02 11:26:57.948016 Epoch [069/069], with lr = 8e-05, Step [0025/0050],                        [loss_record5: 0.3621]
2021-03-02 11:27:16.953 | INFO     | network.models.trainer:fit:245 - 2021-03-02 11:27:16.953336 Epoch [069/069], with lr = 8e-05, Step [0050/0050],                        [loss_record5: 0.3518]
2021-03-02 11:27:35.597 | INFO     | network.models.trainer:fit:245 - 2021-03-02 11:27:35.597232 Epoch [070/070], with lr = 8e-05, Step [0025/0050],                        [loss_record5: 0.3462]
2021-03-02 11:27:54.578 | INFO     | network.models.trainer:fit:245 - 2021-03-02 11:27:54.578650 Epoch [070/070], with lr = 8e-05, Step [0050/0050],                        [loss_record5: 0.3521]
2021-03-02 11:28:13.497 | INFO     | network.models.trainer:fit:245 - 2021-03-02 11:28:13.497160 Epoch [071/071], with lr = 8e-05, Step [0025/0050],                        [loss_record5: 0.3450]
2021-03-02 11:28:32.276 | INFO     | network.models.trainer:fit:245 - 2021-03-02 11:28:32.276223 Epoch [071/071], with lr = 8e-05, Step [0050/0050],                        [loss_record5: 0.3180]
2021-03-02 11:28:51.082 | INFO     | network.models.trainer:fit:245 - 2021-03-02 11:28:51.082661 Epoch [072/072], with lr = 8e-05, Step [0025/0050],                        [loss_record5: 0.3440]
2021-03-02 11:29:09.900 | INFO     | network.models.trainer:fit:245 - 2021-03-02 11:29:09.899869 Epoch [072/072], with lr = 8e-05, Step [0050/0050],                        [loss_record5: 0.3370]
2021-03-02 11:29:28.683 | INFO     | network.models.trainer:fit:245 - 2021-03-02 11:29:28.683278 Epoch [073/073], with lr = 8e-05, Step [0025/0050],                        [loss_record5: 0.3466]
2021-03-02 11:29:47.540 | INFO     | network.models.trainer:fit:245 - 2021-03-02 11:29:47.540493 Epoch [073/073], with lr = 8e-05, Step [0050/0050],                        [loss_record5: 0.3695]
2021-03-02 11:30:06.279 | INFO     | network.models.trainer:fit:245 - 2021-03-02 11:30:06.279381 Epoch [074/074], with lr = 8e-05, Step [0025/0050],                        [loss_record5: 0.2930]
2021-03-02 11:30:25.063 | INFO     | network.models.trainer:fit:245 - 2021-03-02 11:30:25.062800 Epoch [074/074], with lr = 8e-05, Step [0050/0050],                        [loss_record5: 0.3616]
2021-03-02 11:30:43.833 | INFO     | network.models.trainer:fit:245 - 2021-03-02 11:30:43.833329 Epoch [075/075], with lr = 8e-05, Step [0025/0050],                        [loss_record5: 0.3822]
2021-03-02 11:31:02.728 | INFO     | network.models.trainer:fit:245 - 2021-03-02 11:31:02.728072 Epoch [075/075], with lr = 8e-05, Step [0050/0050],                        [loss_record5: 0.4072]
2021-03-02 11:31:21.560 | INFO     | network.models.trainer:fit:245 - 2021-03-02 11:31:21.559910 Epoch [076/076], with lr = 8e-05, Step [0025/0050],                        [loss_record5: 0.4171]
2021-03-02 11:31:40.398 | INFO     | network.models.trainer:fit:245 - 2021-03-02 11:31:40.398707 Epoch [076/076], with lr = 8e-05, Step [0050/0050],                        [loss_record5: 0.3941]
2021-03-02 11:31:59.172 | INFO     | network.models.trainer:fit:245 - 2021-03-02 11:31:59.172278 Epoch [077/077], with lr = 8e-05, Step [0025/0050],                        [loss_record5: 0.3543]
2021-03-02 11:32:18.213 | INFO     | network.models.trainer:fit:245 - 2021-03-02 11:32:18.212951 Epoch [077/077], with lr = 8e-05, Step [0050/0050],                        [loss_record5: 0.3527]
2021-03-02 11:32:37.008 | INFO     | network.models.trainer:fit:245 - 2021-03-02 11:32:37.007872 Epoch [078/078], with lr = 8e-05, Step [0025/0050],                        [loss_record5: 0.3469]
2021-03-02 11:32:55.995 | INFO     | network.models.trainer:fit:245 - 2021-03-02 11:32:55.994772 Epoch [078/078], with lr = 8e-05, Step [0050/0050],                        [loss_record5: 0.3241]
2021-03-02 11:33:14.696 | INFO     | network.models.trainer:fit:245 - 2021-03-02 11:33:14.696785 Epoch [079/079], with lr = 8e-05, Step [0025/0050],                        [loss_record5: 0.3346]
2021-03-02 11:33:33.753 | INFO     | network.models.trainer:fit:245 - 2021-03-02 11:33:33.753680 Epoch [079/079], with lr = 8e-05, Step [0050/0050],                        [loss_record5: 0.3321]
2021-03-02 11:33:52.606 | INFO     | network.models.trainer:fit:245 - 2021-03-02 11:33:52.606659 Epoch [080/080], with lr = 8e-05, Step [0025/0050],                        [loss_record5: 0.3659]
2021-03-02 11:34:11.373 | INFO     | network.models.trainer:fit:245 - 2021-03-02 11:34:11.373464 Epoch [080/080], with lr = 8e-05, Step [0050/0050],                        [loss_record5: 0.3473]
2021-03-02 11:34:30.189 | INFO     | network.models.trainer:fit:245 - 2021-03-02 11:34:30.189550 Epoch [081/081], with lr = 8e-05, Step [0025/0050],                        [loss_record5: 0.3335]
2021-03-02 11:34:49.172 | INFO     | network.models.trainer:fit:245 - 2021-03-02 11:34:49.172701 Epoch [081/081], with lr = 8e-05, Step [0050/0050],                        [loss_record5: 0.3530]
2021-03-02 11:35:08.088 | INFO     | network.models.trainer:fit:245 - 2021-03-02 11:35:08.088031 Epoch [082/082], with lr = 8e-05, Step [0025/0050],                        [loss_record5: 0.3138]
2021-03-02 11:35:26.994 | INFO     | network.models.trainer:fit:245 - 2021-03-02 11:35:26.993945 Epoch [082/082], with lr = 8e-05, Step [0050/0050],                        [loss_record5: 0.3471]
2021-03-02 11:35:45.733 | INFO     | network.models.trainer:fit:245 - 2021-03-02 11:35:45.732821 Epoch [083/083], with lr = 8e-05, Step [0025/0050],                        [loss_record5: 0.3551]
2021-03-02 11:36:04.634 | INFO     | network.models.trainer:fit:245 - 2021-03-02 11:36:04.634257 Epoch [083/083], with lr = 8e-05, Step [0050/0050],                        [loss_record5: 0.3544]
2021-03-02 11:36:05.365 | INFO     | network.models.trainer:fit:254 - [Saving Snapshot:]/home/admin_mcn/hung/polyp_segmentation/snapshots/TransUnet/PraNetDG-fold0-83.pth
2021-03-02 11:36:24.173 | INFO     | network.models.trainer:fit:245 - 2021-03-02 11:36:24.173627 Epoch [084/084], with lr = 8e-05, Step [0025/0050],                        [loss_record5: 0.3337]
2021-03-02 11:36:42.933 | INFO     | network.models.trainer:fit:245 - 2021-03-02 11:36:42.933322 Epoch [084/084], with lr = 8e-05, Step [0050/0050],                        [loss_record5: 0.3440]
2021-03-02 11:37:01.838 | INFO     | network.models.trainer:fit:245 - 2021-03-02 11:37:01.838443 Epoch [085/085], with lr = 8e-05, Step [0025/0050],                        [loss_record5: 0.3451]
2021-03-02 11:37:20.602 | INFO     | network.models.trainer:fit:245 - 2021-03-02 11:37:20.601925 Epoch [085/085], with lr = 8e-05, Step [0050/0050],                        [loss_record5: 0.3173]
2021-03-02 11:37:39.481 | INFO     | network.models.trainer:fit:245 - 2021-03-02 11:37:39.480910 Epoch [086/086], with lr = 8e-05, Step [0025/0050],                        [loss_record5: 0.3291]
2021-03-02 11:37:58.344 | INFO     | network.models.trainer:fit:245 - 2021-03-02 11:37:58.344692 Epoch [086/086], with lr = 8e-05, Step [0050/0050],                        [loss_record5: 0.3095]
2021-03-02 11:37:59.074 | INFO     | network.models.trainer:fit:254 - [Saving Snapshot:]/home/admin_mcn/hung/polyp_segmentation/snapshots/TransUnet/PraNetDG-fold0-86.pth
2021-03-02 11:38:17.978 | INFO     | network.models.trainer:fit:245 - 2021-03-02 11:38:17.978416 Epoch [087/087], with lr = 8e-05, Step [0025/0050],                        [loss_record5: 0.2911]
2021-03-02 11:38:36.661 | INFO     | network.models.trainer:fit:245 - 2021-03-02 11:38:36.661432 Epoch [087/087], with lr = 8e-05, Step [0050/0050],                        [loss_record5: 0.3104]
2021-03-02 11:38:55.354 | INFO     | network.models.trainer:fit:245 - 2021-03-02 11:38:55.353893 Epoch [088/088], with lr = 8e-05, Step [0025/0050],                        [loss_record5: 0.3245]
2021-03-02 11:39:14.139 | INFO     | network.models.trainer:fit:245 - 2021-03-02 11:39:14.139014 Epoch [088/088], with lr = 8e-05, Step [0050/0050],                        [loss_record5: 0.3009]
2021-03-02 11:39:32.879 | INFO     | network.models.trainer:fit:245 - 2021-03-02 11:39:32.879215 Epoch [089/089], with lr = 8e-05, Step [0025/0050],                        [loss_record5: 0.2820]
2021-03-02 11:39:51.913 | INFO     | network.models.trainer:fit:245 - 2021-03-02 11:39:51.912791 Epoch [089/089], with lr = 8e-05, Step [0050/0050],                        [loss_record5: 0.2870]
2021-03-02 11:39:52.676 | INFO     | network.models.trainer:fit:254 - [Saving Snapshot:]/home/admin_mcn/hung/polyp_segmentation/snapshots/TransUnet/PraNetDG-fold0-89.pth
2021-03-02 11:40:11.370 | INFO     | network.models.trainer:fit:245 - 2021-03-02 11:40:11.370132 Epoch [090/090], with lr = 8e-05, Step [0025/0050],                        [loss_record5: 0.3333]
2021-03-02 11:40:30.167 | INFO     | network.models.trainer:fit:245 - 2021-03-02 11:40:30.167415 Epoch [090/090], with lr = 8e-05, Step [0050/0050],                        [loss_record5: 0.3040]
2021-03-02 11:40:48.941 | INFO     | network.models.trainer:fit:245 - 2021-03-02 11:40:48.941469 Epoch [091/091], with lr = 8e-05, Step [0025/0050],                        [loss_record5: 0.2816]
2021-03-02 11:41:07.843 | INFO     | network.models.trainer:fit:245 - 2021-03-02 11:41:07.843223 Epoch [091/091], with lr = 8e-05, Step [0050/0050],                        [loss_record5: 0.3038]
2021-03-02 11:41:26.652 | INFO     | network.models.trainer:fit:245 - 2021-03-02 11:41:26.652071 Epoch [092/092], with lr = 8e-05, Step [0025/0050],                        [loss_record5: 0.3096]
2021-03-02 11:41:45.549 | INFO     | network.models.trainer:fit:245 - 2021-03-02 11:41:45.548913 Epoch [092/092], with lr = 8e-05, Step [0050/0050],                        [loss_record5: 0.3152]
2021-03-02 11:41:46.319 | INFO     | network.models.trainer:fit:254 - [Saving Snapshot:]/home/admin_mcn/hung/polyp_segmentation/snapshots/TransUnet/PraNetDG-fold0-92.pth
2021-03-02 11:42:05.321 | INFO     | network.models.trainer:fit:245 - 2021-03-02 11:42:05.321352 Epoch [093/093], with lr = 8e-05, Step [0025/0050],                        [loss_record5: 0.2987]
2021-03-02 11:42:24.105 | INFO     | network.models.trainer:fit:245 - 2021-03-02 11:42:24.104862 Epoch [093/093], with lr = 8e-05, Step [0050/0050],                        [loss_record5: 0.2979]
2021-03-02 11:42:42.924 | INFO     | network.models.trainer:fit:245 - 2021-03-02 11:42:42.924330 Epoch [094/094], with lr = 8e-05, Step [0025/0050],                        [loss_record5: 0.3080]
2021-03-02 11:43:01.618 | INFO     | network.models.trainer:fit:245 - 2021-03-02 11:43:01.618052 Epoch [094/094], with lr = 8e-05, Step [0050/0050],                        [loss_record5: 0.3248]
2021-03-02 11:43:20.363 | INFO     | network.models.trainer:fit:245 - 2021-03-02 11:43:20.363747 Epoch [095/095], with lr = 8e-05, Step [0025/0050],                        [loss_record5: 0.2899]
2021-03-02 11:43:39.098 | INFO     | network.models.trainer:fit:245 - 2021-03-02 11:43:39.098367 Epoch [095/095], with lr = 8e-05, Step [0050/0050],                        [loss_record5: 0.2891]
2021-03-02 11:43:39.819 | INFO     | network.models.trainer:fit:254 - [Saving Snapshot:]/home/admin_mcn/hung/polyp_segmentation/snapshots/TransUnet/PraNetDG-fold0-95.pth
2021-03-02 11:43:58.581 | INFO     | network.models.trainer:fit:245 - 2021-03-02 11:43:58.581424 Epoch [096/096], with lr = 8e-05, Step [0025/0050],                        [loss_record5: 0.3058]
2021-03-02 11:44:17.384 | INFO     | network.models.trainer:fit:245 - 2021-03-02 11:44:17.384311 Epoch [096/096], with lr = 8e-05, Step [0050/0050],                        [loss_record5: 0.3136]
2021-03-02 11:44:36.329 | INFO     | network.models.trainer:fit:245 - 2021-03-02 11:44:36.328870 Epoch [097/097], with lr = 8e-05, Step [0025/0050],                        [loss_record5: 0.3071]
2021-03-02 11:44:55.155 | INFO     | network.models.trainer:fit:245 - 2021-03-02 11:44:55.155025 Epoch [097/097], with lr = 8e-05, Step [0050/0050],                        [loss_record5: 0.3569]
2021-03-02 11:45:13.852 | INFO     | network.models.trainer:fit:245 - 2021-03-02 11:45:13.852643 Epoch [098/098], with lr = 8e-05, Step [0025/0050],                        [loss_record5: 0.3113]
2021-03-02 11:45:32.694 | INFO     | network.models.trainer:fit:245 - 2021-03-02 11:45:32.694133 Epoch [098/098], with lr = 8e-05, Step [0050/0050],                        [loss_record5: 0.3173]
2021-03-02 11:45:33.377 | INFO     | network.models.trainer:fit:254 - [Saving Snapshot:]/home/admin_mcn/hung/polyp_segmentation/snapshots/TransUnet/PraNetDG-fold0-98.pth
2021-03-02 11:45:55.824 | INFO     | network.models.trainer:fit:245 - 2021-03-02 11:45:55.823963 Epoch [099/099], with lr = 8e-05, Step [0025/0050],                        [loss_record5: 0.2886]
2021-03-02 11:46:21.036 | INFO     | network.models.trainer:fit:245 - 2021-03-02 11:46:21.034292 Epoch [099/099], with lr = 8e-05, Step [0050/0050],                        [loss_record5: 0.2893]
2021-03-02 11:46:45.718 | INFO     | network.models.trainer:fit:245 - 2021-03-02 11:46:45.717872 Epoch [100/100], with lr = 8e-05, Step [0025/0050],                        [loss_record5: 0.3263]
2021-03-02 11:47:10.487 | INFO     | network.models.trainer:fit:245 - 2021-03-02 11:47:10.486987 Epoch [100/100], with lr = 8e-05, Step [0050/0050],                        [loss_record5: 0.3019]
2021-03-02 11:47:35.544 | INFO     | network.models.trainer:fit:245 - 2021-03-02 11:47:35.543884 Epoch [101/101], with lr = 8e-05, Step [0025/0050],                        [loss_record5: 0.3238]
2021-03-02 11:48:00.886 | INFO     | network.models.trainer:fit:245 - 2021-03-02 11:48:00.886105 Epoch [101/101], with lr = 8e-05, Step [0050/0050],                        [loss_record5: 0.3108]
2021-03-02 11:48:01.602 | INFO     | network.models.trainer:fit:254 - [Saving Snapshot:]/home/admin_mcn/hung/polyp_segmentation/snapshots/TransUnet/PraNetDG-fold0-101.pth
2021-03-02 11:48:27.373 | INFO     | network.models.trainer:fit:245 - 2021-03-02 11:48:27.371494 Epoch [102/102], with lr = 8e-05, Step [0025/0050],                        [loss_record5: 0.3114]
2021-03-02 11:48:52.143 | INFO     | network.models.trainer:fit:245 - 2021-03-02 11:48:52.143560 Epoch [102/102], with lr = 8e-05, Step [0050/0050],                        [loss_record5: 0.2923]
2021-03-02 11:49:17.076 | INFO     | network.models.trainer:fit:245 - 2021-03-02 11:49:17.076216 Epoch [103/103], with lr = 8e-05, Step [0025/0050],                        [loss_record5: 0.3551]
2021-03-02 11:49:41.946 | INFO     | network.models.trainer:fit:245 - 2021-03-02 11:49:41.946185 Epoch [103/103], with lr = 8e-05, Step [0050/0050],                        [loss_record5: 0.3291]
2021-03-02 11:50:07.107 | INFO     | network.models.trainer:fit:245 - 2021-03-02 11:50:07.106667 Epoch [104/104], with lr = 8e-05, Step [0025/0050],                        [loss_record5: 0.2958]
2021-03-02 11:50:32.293 | INFO     | network.models.trainer:fit:245 - 2021-03-02 11:50:32.291358 Epoch [104/104], with lr = 8e-05, Step [0050/0050],                        [loss_record5: 0.3073]
2021-03-02 11:50:33.030 | INFO     | network.models.trainer:fit:254 - [Saving Snapshot:]/home/admin_mcn/hung/polyp_segmentation/snapshots/TransUnet/PraNetDG-fold0-104.pth
2021-03-02 11:50:57.908 | INFO     | network.models.trainer:fit:245 - 2021-03-02 11:50:57.907781 Epoch [105/105], with lr = 8e-05, Step [0025/0050],                        [loss_record5: 0.2707]
2021-03-02 11:51:22.668 | INFO     | network.models.trainer:fit:245 - 2021-03-02 11:51:22.666537 Epoch [105/105], with lr = 8e-05, Step [0050/0050],                        [loss_record5: 0.3041]
2021-03-02 11:51:47.532 | INFO     | network.models.trainer:fit:245 - 2021-03-02 11:51:47.530492 Epoch [106/106], with lr = 8e-05, Step [0025/0050],                        [loss_record5: 0.3450]
2021-03-02 11:52:12.563 | INFO     | network.models.trainer:fit:245 - 2021-03-02 11:52:12.563133 Epoch [106/106], with lr = 8e-05, Step [0050/0050],                        [loss_record5: 0.3243]
2021-03-02 11:52:34.729 | INFO     | network.models.trainer:fit:245 - 2021-03-02 11:52:34.729085 Epoch [107/107], with lr = 8e-05, Step [0025/0050],                        [loss_record5: 0.3645]
2021-03-02 11:52:53.694 | INFO     | network.models.trainer:fit:245 - 2021-03-02 11:52:53.693794 Epoch [107/107], with lr = 8e-05, Step [0050/0050],                        [loss_record5: 0.3201]
2021-03-02 11:52:54.467 | INFO     | network.models.trainer:fit:254 - [Saving Snapshot:]/home/admin_mcn/hung/polyp_segmentation/snapshots/TransUnet/PraNetDG-fold0-107.pth
2021-03-02 11:53:13.256 | INFO     | network.models.trainer:fit:245 - 2021-03-02 11:53:13.256645 Epoch [108/108], with lr = 8e-05, Step [0025/0050],                        [loss_record5: 0.2744]
2021-03-02 11:53:32.141 | INFO     | network.models.trainer:fit:245 - 2021-03-02 11:53:32.141211 Epoch [108/108], with lr = 8e-05, Step [0050/0050],                        [loss_record5: 0.3098]
2021-03-02 11:53:51.019 | INFO     | network.models.trainer:fit:245 - 2021-03-02 11:53:51.019745 Epoch [109/109], with lr = 8e-05, Step [0025/0050],                        [loss_record5: 0.2919]
2021-03-02 11:54:09.697 | INFO     | network.models.trainer:fit:245 - 2021-03-02 11:54:09.697304 Epoch [109/109], with lr = 8e-05, Step [0050/0050],                        [loss_record5: 0.2854]
2021-03-02 11:54:28.614 | INFO     | network.models.trainer:fit:245 - 2021-03-02 11:54:28.614229 Epoch [110/110], with lr = 8e-05, Step [0025/0050],                        [loss_record5: 0.3108]
2021-03-02 11:54:47.398 | INFO     | network.models.trainer:fit:245 - 2021-03-02 11:54:47.398064 Epoch [110/110], with lr = 8e-05, Step [0050/0050],                        [loss_record5: 0.2976]
2021-03-02 11:54:48.131 | INFO     | network.models.trainer:fit:254 - [Saving Snapshot:]/home/admin_mcn/hung/polyp_segmentation/snapshots/TransUnet/PraNetDG-fold0-110.pth
2021-03-02 11:55:07.040 | INFO     | network.models.trainer:fit:245 - 2021-03-02 11:55:07.040069 Epoch [111/111], with lr = 8e-05, Step [0025/0050],                        [loss_record5: 0.2683]
2021-03-02 11:55:25.872 | INFO     | network.models.trainer:fit:245 - 2021-03-02 11:55:25.872182 Epoch [111/111], with lr = 8e-05, Step [0050/0050],                        [loss_record5: 0.2931]
2021-03-02 11:55:44.794 | INFO     | network.models.trainer:fit:245 - 2021-03-02 11:55:44.794678 Epoch [112/112], with lr = 8e-05, Step [0025/0050],                        [loss_record5: 0.2997]
2021-03-02 11:56:03.477 | INFO     | network.models.trainer:fit:245 - 2021-03-02 11:56:03.477130 Epoch [112/112], with lr = 8e-05, Step [0050/0050],                        [loss_record5: 0.2858]
2021-03-02 11:56:22.299 | INFO     | network.models.trainer:fit:245 - 2021-03-02 11:56:22.298843 Epoch [113/113], with lr = 8e-05, Step [0025/0050],                        [loss_record5: 0.3301]
2021-03-02 11:56:41.071 | INFO     | network.models.trainer:fit:245 - 2021-03-02 11:56:41.071101 Epoch [113/113], with lr = 8e-05, Step [0050/0050],                        [loss_record5: 0.3288]
2021-03-02 11:56:41.785 | INFO     | network.models.trainer:fit:254 - [Saving Snapshot:]/home/admin_mcn/hung/polyp_segmentation/snapshots/TransUnet/PraNetDG-fold0-113.pth
2021-03-02 11:57:00.445 | INFO     | network.models.trainer:fit:245 - 2021-03-02 11:57:00.445072 Epoch [114/114], with lr = 8e-05, Step [0025/0050],                        [loss_record5: 0.2706]
2021-03-02 11:57:19.193 | INFO     | network.models.trainer:fit:245 - 2021-03-02 11:57:19.193248 Epoch [114/114], with lr = 8e-05, Step [0050/0050],                        [loss_record5: 0.2531]
2021-03-02 11:57:38.002 | INFO     | network.models.trainer:fit:245 - 2021-03-02 11:57:38.002527 Epoch [115/115], with lr = 8e-05, Step [0025/0050],                        [loss_record5: 0.2716]
2021-03-02 11:57:56.846 | INFO     | network.models.trainer:fit:245 - 2021-03-02 11:57:56.846778 Epoch [115/115], with lr = 8e-05, Step [0050/0050],                        [loss_record5: 0.2845]
2021-03-02 11:58:18.999 | INFO     | network.models.trainer:fit:245 - 2021-03-02 11:58:18.997102 Epoch [116/116], with lr = 8e-05, Step [0025/0050],                        [loss_record5: 0.2903]
2021-03-02 11:58:43.519 | INFO     | network.models.trainer:fit:245 - 2021-03-02 11:58:43.517201 Epoch [116/116], with lr = 8e-05, Step [0050/0050],                        [loss_record5: 0.2684]
2021-03-02 11:58:44.237 | INFO     | network.models.trainer:fit:254 - [Saving Snapshot:]/home/admin_mcn/hung/polyp_segmentation/snapshots/TransUnet/PraNetDG-fold0-116.pth
2021-03-02 11:59:08.637 | INFO     | network.models.trainer:fit:245 - 2021-03-02 11:59:08.636954 Epoch [117/117], with lr = 8e-05, Step [0025/0050],                        [loss_record5: 0.2698]
2021-03-02 11:59:33.557 | INFO     | network.models.trainer:fit:245 - 2021-03-02 11:59:33.556866 Epoch [117/117], with lr = 8e-05, Step [0050/0050],                        [loss_record5: 0.2939]
2021-03-02 11:59:58.474 | INFO     | network.models.trainer:fit:245 - 2021-03-02 11:59:58.473946 Epoch [118/118], with lr = 8e-05, Step [0025/0050],                        [loss_record5: 0.2878]
2021-03-02 12:00:22.984 | INFO     | network.models.trainer:fit:245 - 2021-03-02 12:00:22.984386 Epoch [118/118], with lr = 8e-05, Step [0050/0050],                        [loss_record5: 0.2740]
2021-03-02 12:00:43.977 | INFO     | network.models.trainer:fit:245 - 2021-03-02 12:00:43.977238 Epoch [119/119], with lr = 8e-05, Step [0025/0050],                        [loss_record5: 0.2841]
2021-03-02 12:01:02.785 | INFO     | network.models.trainer:fit:245 - 2021-03-02 12:01:02.785634 Epoch [119/119], with lr = 8e-05, Step [0050/0050],                        [loss_record5: 0.2887]
2021-03-02 12:01:03.493 | INFO     | network.models.trainer:fit:254 - [Saving Snapshot:]/home/admin_mcn/hung/polyp_segmentation/snapshots/TransUnet/PraNetDG-fold0-119.pth
2021-03-02 12:01:26.022 | INFO     | network.models.trainer:fit:245 - 2021-03-02 12:01:26.021821 Epoch [120/120], with lr = 8e-05, Step [0025/0050],                        [loss_record5: 0.2957]
2021-03-02 12:01:48.943 | INFO     | network.models.trainer:fit:245 - 2021-03-02 12:01:48.943625 Epoch [120/120], with lr = 8e-05, Step [0050/0050],                        [loss_record5: 0.3034]
2021-03-02 12:02:13.056 | INFO     | network.models.trainer:fit:245 - 2021-03-02 12:02:13.054632 Epoch [121/121], with lr = 8e-05, Step [0025/0050],                        [loss_record5: 0.2769]
2021-03-02 12:02:38.025 | INFO     | network.models.trainer:fit:245 - 2021-03-02 12:02:38.023371 Epoch [121/121], with lr = 8e-05, Step [0050/0050],                        [loss_record5: 0.2935]
2021-03-02 12:03:03.233 | INFO     | network.models.trainer:fit:245 - 2021-03-02 12:03:03.233474 Epoch [122/122], with lr = 8e-05, Step [0025/0050],                        [loss_record5: 0.2826]
2021-03-02 12:03:28.516 | INFO     | network.models.trainer:fit:245 - 2021-03-02 12:03:28.516598 Epoch [122/122], with lr = 8e-05, Step [0050/0050],                        [loss_record5: 0.2666]
2021-03-02 12:03:29.219 | INFO     | network.models.trainer:fit:254 - [Saving Snapshot:]/home/admin_mcn/hung/polyp_segmentation/snapshots/TransUnet/PraNetDG-fold0-122.pth
2021-03-02 12:03:53.844 | INFO     | network.models.trainer:fit:245 - 2021-03-02 12:03:53.843758 Epoch [123/123], with lr = 8e-05, Step [0025/0050],                        [loss_record5: 0.3254]
2021-03-02 12:04:18.722 | INFO     | network.models.trainer:fit:245 - 2021-03-02 12:04:18.722557 Epoch [123/123], with lr = 8e-05, Step [0050/0050],                        [loss_record5: 0.3238]
2021-03-02 12:04:43.255 | INFO     | network.models.trainer:fit:245 - 2021-03-02 12:04:43.255456 Epoch [124/124], with lr = 8e-05, Step [0025/0050],                        [loss_record5: 0.3574]
2021-03-02 12:05:02.117 | INFO     | network.models.trainer:fit:245 - 2021-03-02 12:05:02.117587 Epoch [124/124], with lr = 8e-05, Step [0050/0050],                        [loss_record5: 0.3101]
2021-03-02 12:05:20.957 | INFO     | network.models.trainer:fit:245 - 2021-03-02 12:05:20.956925 Epoch [125/125], with lr = 8e-05, Step [0025/0050],                        [loss_record5: 0.2591]
2021-03-02 12:05:39.904 | INFO     | network.models.trainer:fit:245 - 2021-03-02 12:05:39.903960 Epoch [125/125], with lr = 8e-05, Step [0050/0050],                        [loss_record5: 0.2948]
2021-03-02 12:05:40.671 | INFO     | network.models.trainer:fit:254 - [Saving Snapshot:]/home/admin_mcn/hung/polyp_segmentation/snapshots/TransUnet/PraNetDG-fold0-125.pth
2021-03-02 12:05:59.584 | INFO     | network.models.trainer:fit:245 - 2021-03-02 12:05:59.584168 Epoch [126/126], with lr = 8e-05, Step [0025/0050],                        [loss_record5: 0.2840]
2021-03-02 12:06:18.348 | INFO     | network.models.trainer:fit:245 - 2021-03-02 12:06:18.348170 Epoch [126/126], with lr = 8e-05, Step [0050/0050],                        [loss_record5: 0.2996]
2021-03-02 12:06:37.084 | INFO     | network.models.trainer:fit:245 - 2021-03-02 12:06:37.083723 Epoch [127/127], with lr = 8e-05, Step [0025/0050],                        [loss_record5: 0.2893]
2021-03-02 12:06:55.987 | INFO     | network.models.trainer:fit:245 - 2021-03-02 12:06:55.986949 Epoch [127/127], with lr = 8e-05, Step [0050/0050],                        [loss_record5: 0.2973]
2021-03-02 12:07:14.748 | INFO     | network.models.trainer:fit:245 - 2021-03-02 12:07:14.748539 Epoch [128/128], with lr = 8e-05, Step [0025/0050],                        [loss_record5: 0.2909]
2021-03-02 12:07:33.649 | INFO     | network.models.trainer:fit:245 - 2021-03-02 12:07:33.649306 Epoch [128/128], with lr = 8e-05, Step [0050/0050],                        [loss_record5: 0.2931]
2021-03-02 12:07:34.381 | INFO     | network.models.trainer:fit:254 - [Saving Snapshot:]/home/admin_mcn/hung/polyp_segmentation/snapshots/TransUnet/PraNetDG-fold0-128.pth
2021-03-02 12:07:56.742 | INFO     | network.models.trainer:fit:245 - 2021-03-02 12:07:56.742459 Epoch [129/129], with lr = 8e-05, Step [0025/0050],                        [loss_record5: 0.3001]
2021-03-02 12:08:21.737 | INFO     | network.models.trainer:fit:245 - 2021-03-02 12:08:21.735602 Epoch [129/129], with lr = 8e-05, Step [0050/0050],                        [loss_record5: 0.3121]
2021-03-02 12:08:46.485 | INFO     | network.models.trainer:fit:245 - 2021-03-02 12:08:46.483035 Epoch [130/130], with lr = 8e-05, Step [0025/0050],                        [loss_record5: 0.2513]
2021-03-02 12:09:11.364 | INFO     | network.models.trainer:fit:245 - 2021-03-02 12:09:11.364268 Epoch [130/130], with lr = 8e-05, Step [0050/0050],                        [loss_record5: 0.3067]
2021-03-02 12:09:36.327 | INFO     | network.models.trainer:fit:245 - 2021-03-02 12:09:36.327219 Epoch [131/131], with lr = 8e-05, Step [0025/0050],                        [loss_record5: 0.2977]
2021-03-02 12:10:01.696 | INFO     | network.models.trainer:fit:245 - 2021-03-02 12:10:01.694216 Epoch [131/131], with lr = 8e-05, Step [0050/0050],                        [loss_record5: 0.3056]
2021-03-02 12:10:02.422 | INFO     | network.models.trainer:fit:254 - [Saving Snapshot:]/home/admin_mcn/hung/polyp_segmentation/snapshots/TransUnet/PraNetDG-fold0-131.pth
2021-03-02 12:10:27.391 | INFO     | network.models.trainer:fit:245 - 2021-03-02 12:10:27.390719 Epoch [132/132], with lr = 8e-05, Step [0025/0050],                        [loss_record5: 0.3093]
2021-03-02 12:10:52.164 | INFO     | network.models.trainer:fit:245 - 2021-03-02 12:10:52.164417 Epoch [132/132], with lr = 8e-05, Step [0050/0050],                        [loss_record5: 0.3071]
2021-03-02 12:11:16.830 | INFO     | network.models.trainer:fit:245 - 2021-03-02 12:11:16.828074 Epoch [133/133], with lr = 8e-05, Step [0025/0050],                        [loss_record5: 0.3168]
2021-03-02 12:11:41.683 | INFO     | network.models.trainer:fit:245 - 2021-03-02 12:11:41.683035 Epoch [133/133], with lr = 8e-05, Step [0050/0050],                        [loss_record5: 0.3028]
2021-03-02 12:12:07.091 | INFO     | network.models.trainer:fit:245 - 2021-03-02 12:12:07.089294 Epoch [134/134], with lr = 8e-05, Step [0025/0050],                        [loss_record5: 0.3220]
2021-03-02 12:12:31.898 | INFO     | network.models.trainer:fit:245 - 2021-03-02 12:12:31.897390 Epoch [134/134], with lr = 8e-05, Step [0050/0050],                        [loss_record5: 0.2970]
2021-03-02 12:12:32.661 | INFO     | network.models.trainer:fit:254 - [Saving Snapshot:]/home/admin_mcn/hung/polyp_segmentation/snapshots/TransUnet/PraNetDG-fold0-134.pth
2021-03-02 12:12:57.354 | INFO     | network.models.trainer:fit:245 - 2021-03-02 12:12:57.352325 Epoch [135/135], with lr = 8e-05, Step [0025/0050],                        [loss_record5: 0.3147]
2021-03-02 12:13:21.844 | INFO     | network.models.trainer:fit:245 - 2021-03-02 12:13:21.842050 Epoch [135/135], with lr = 8e-05, Step [0050/0050],                        [loss_record5: 0.2962]
2021-03-02 12:13:46.899 | INFO     | network.models.trainer:fit:245 - 2021-03-02 12:13:46.899384 Epoch [136/136], with lr = 8e-05, Step [0025/0050],                        [loss_record5: 0.2923]
2021-03-02 12:14:11.746 | INFO     | network.models.trainer:fit:245 - 2021-03-02 12:14:11.745572 Epoch [136/136], with lr = 8e-05, Step [0050/0050],                        [loss_record5: 0.2964]
2021-03-02 12:14:35.221 | INFO     | network.models.trainer:fit:245 - 2021-03-02 12:14:35.220729 Epoch [137/137], with lr = 8e-05, Step [0025/0050],                        [loss_record5: 0.2608]
2021-03-02 12:14:54.014 | INFO     | network.models.trainer:fit:245 - 2021-03-02 12:14:54.013959 Epoch [137/137], with lr = 8e-05, Step [0050/0050],                        [loss_record5: 0.3036]
2021-03-02 12:14:54.766 | INFO     | network.models.trainer:fit:254 - [Saving Snapshot:]/home/admin_mcn/hung/polyp_segmentation/snapshots/TransUnet/PraNetDG-fold0-137.pth
2021-03-02 12:15:13.713 | INFO     | network.models.trainer:fit:245 - 2021-03-02 12:15:13.713546 Epoch [138/138], with lr = 8e-05, Step [0025/0050],                        [loss_record5: 0.2606]
2021-03-02 12:15:32.499 | INFO     | network.models.trainer:fit:245 - 2021-03-02 12:15:32.499097 Epoch [138/138], with lr = 8e-05, Step [0050/0050],                        [loss_record5: 0.2721]
2021-03-02 12:15:51.270 | INFO     | network.models.trainer:fit:245 - 2021-03-02 12:15:51.270734 Epoch [139/139], with lr = 8e-05, Step [0025/0050],                        [loss_record5: 0.2808]
2021-03-02 12:16:10.193 | INFO     | network.models.trainer:fit:245 - 2021-03-02 12:16:10.192921 Epoch [139/139], with lr = 8e-05, Step [0050/0050],                        [loss_record5: 0.2765]
2021-03-02 12:16:28.897 | INFO     | network.models.trainer:fit:245 - 2021-03-02 12:16:28.897698 Epoch [140/140], with lr = 8e-05, Step [0025/0050],                        [loss_record5: 0.2628]
2021-03-02 12:16:47.857 | INFO     | network.models.trainer:fit:245 - 2021-03-02 12:16:47.857306 Epoch [140/140], with lr = 8e-05, Step [0050/0050],                        [loss_record5: 0.2854]
2021-03-02 12:16:48.599 | INFO     | network.models.trainer:fit:254 - [Saving Snapshot:]/home/admin_mcn/hung/polyp_segmentation/snapshots/TransUnet/PraNetDG-fold0-140.pth
2021-03-02 12:17:07.303 | INFO     | network.models.trainer:fit:245 - 2021-03-02 12:17:07.303713 Epoch [141/141], with lr = 8e-05, Step [0025/0050],                        [loss_record5: 0.3454]
2021-03-02 12:17:26.047 | INFO     | network.models.trainer:fit:245 - 2021-03-02 12:17:26.046871 Epoch [141/141], with lr = 8e-05, Step [0050/0050],                        [loss_record5: 0.3462]
2021-03-02 12:17:44.876 | INFO     | network.models.trainer:fit:245 - 2021-03-02 12:17:44.875776 Epoch [142/142], with lr = 8e-05, Step [0025/0050],                        [loss_record5: 0.2716]
2021-03-02 12:18:03.739 | INFO     | network.models.trainer:fit:245 - 2021-03-02 12:18:03.739212 Epoch [142/142], with lr = 8e-05, Step [0050/0050],                        [loss_record5: 0.2880]
2021-03-02 12:18:22.641 | INFO     | network.models.trainer:fit:245 - 2021-03-02 12:18:22.641103 Epoch [143/143], with lr = 8e-05, Step [0025/0050],                        [loss_record5: 0.2811]
2021-03-02 12:18:41.447 | INFO     | network.models.trainer:fit:245 - 2021-03-02 12:18:41.447209 Epoch [143/143], with lr = 8e-05, Step [0050/0050],                        [loss_record5: 0.2759]
2021-03-02 12:18:42.205 | INFO     | network.models.trainer:fit:254 - [Saving Snapshot:]/home/admin_mcn/hung/polyp_segmentation/snapshots/TransUnet/PraNetDG-fold0-143.pth
2021-03-02 12:19:00.931 | INFO     | network.models.trainer:fit:245 - 2021-03-02 12:19:00.931069 Epoch [144/144], with lr = 8e-05, Step [0025/0050],                        [loss_record5: 0.2744]
2021-03-02 12:19:19.961 | INFO     | network.models.trainer:fit:245 - 2021-03-02 12:19:19.960954 Epoch [144/144], with lr = 8e-05, Step [0050/0050],                        [loss_record5: 0.2824]
2021-03-02 12:19:38.981 | INFO     | network.models.trainer:fit:245 - 2021-03-02 12:19:38.980746 Epoch [145/145], with lr = 8e-05, Step [0025/0050],                        [loss_record5: 0.2964]
2021-03-02 12:19:57.718 | INFO     | network.models.trainer:fit:245 - 2021-03-02 12:19:57.718345 Epoch [145/145], with lr = 8e-05, Step [0050/0050],                        [loss_record5: 0.2849]
2021-03-02 12:20:16.636 | INFO     | network.models.trainer:fit:245 - 2021-03-02 12:20:16.636515 Epoch [146/146], with lr = 8e-05, Step [0025/0050],                        [loss_record5: 0.2954]
2021-03-02 12:20:35.460 | INFO     | network.models.trainer:fit:245 - 2021-03-02 12:20:35.459808 Epoch [146/146], with lr = 8e-05, Step [0050/0050],                        [loss_record5: 0.2830]
2021-03-02 12:20:36.191 | INFO     | network.models.trainer:fit:254 - [Saving Snapshot:]/home/admin_mcn/hung/polyp_segmentation/snapshots/TransUnet/PraNetDG-fold0-146.pth
2021-03-02 12:20:54.956 | INFO     | network.models.trainer:fit:245 - 2021-03-02 12:20:54.956163 Epoch [147/147], with lr = 8e-05, Step [0025/0050],                        [loss_record5: 0.2765]
2021-03-02 12:21:13.842 | INFO     | network.models.trainer:fit:245 - 2021-03-02 12:21:13.842317 Epoch [147/147], with lr = 8e-05, Step [0050/0050],                        [loss_record5: 0.2904]
2021-03-02 12:21:32.622 | INFO     | network.models.trainer:fit:245 - 2021-03-02 12:21:32.622578 Epoch [148/148], with lr = 8e-05, Step [0025/0050],                        [loss_record5: 0.2554]
2021-03-02 12:21:51.531 | INFO     | network.models.trainer:fit:245 - 2021-03-02 12:21:51.531002 Epoch [148/148], with lr = 8e-05, Step [0050/0050],                        [loss_record5: 0.2516]
2021-03-02 12:22:10.298 | INFO     | network.models.trainer:fit:245 - 2021-03-02 12:22:10.297807 Epoch [149/149], with lr = 8e-05, Step [0025/0050],                        [loss_record5: 0.2707]
2021-03-02 12:22:29.190 | INFO     | network.models.trainer:fit:245 - 2021-03-02 12:22:29.190110 Epoch [149/149], with lr = 8e-05, Step [0050/0050],                        [loss_record5: 0.2908]
2021-03-02 12:22:29.890 | INFO     | network.models.trainer:fit:254 - [Saving Snapshot:]/home/admin_mcn/hung/polyp_segmentation/snapshots/TransUnet/PraNetDG-fold0-149.pth
2021-03-02 12:22:48.710 | INFO     | network.models.trainer:fit:245 - 2021-03-02 12:22:48.710395 Epoch [150/150], with lr = 8e-05, Step [0025/0050],                        [loss_record5: 0.2640]
2021-03-02 12:23:07.616 | INFO     | network.models.trainer:fit:245 - 2021-03-02 12:23:07.616597 Epoch [150/150], with lr = 8e-05, Step [0050/0050],                        [loss_record5: 0.2896]
2021-03-02 12:23:26.574 | INFO     | network.models.trainer:fit:245 - 2021-03-02 12:23:26.574083 Epoch [151/151], with lr = 8e-05, Step [0025/0050],                        [loss_record5: 0.3088]
2021-03-02 12:23:45.316 | INFO     | network.models.trainer:fit:245 - 2021-03-02 12:23:45.316211 Epoch [151/151], with lr = 8e-05, Step [0050/0050],                        [loss_record5: 0.2945]
2021-03-02 12:24:04.139 | INFO     | network.models.trainer:fit:245 - 2021-03-02 12:24:04.139036 Epoch [152/152], with lr = 8e-05, Step [0025/0050],                        [loss_record5: 0.2869]
2021-03-02 12:24:22.977 | INFO     | network.models.trainer:fit:245 - 2021-03-02 12:24:22.977395 Epoch [152/152], with lr = 8e-05, Step [0050/0050],                        [loss_record5: 0.2662]
2021-03-02 12:24:23.691 | INFO     | network.models.trainer:fit:254 - [Saving Snapshot:]/home/admin_mcn/hung/polyp_segmentation/snapshots/TransUnet/PraNetDG-fold0-152.pth
2021-03-02 12:24:42.598 | INFO     | network.models.trainer:fit:245 - 2021-03-02 12:24:42.597917 Epoch [153/153], with lr = 8e-05, Step [0025/0050],                        [loss_record5: 0.2764]
2021-03-02 12:25:01.473 | INFO     | network.models.trainer:fit:245 - 2021-03-02 12:25:01.472865 Epoch [153/153], with lr = 8e-05, Step [0050/0050],                        [loss_record5: 0.2897]
2021-03-02 12:25:20.207 | INFO     | network.models.trainer:fit:245 - 2021-03-02 12:25:20.207255 Epoch [154/154], with lr = 8e-05, Step [0025/0050],                        [loss_record5: 0.2641]
2021-03-02 12:25:39.177 | INFO     | network.models.trainer:fit:245 - 2021-03-02 12:25:39.177547 Epoch [154/154], with lr = 8e-05, Step [0050/0050],                        [loss_record5: 0.2766]
2021-03-02 12:25:58.014 | INFO     | network.models.trainer:fit:245 - 2021-03-02 12:25:58.014277 Epoch [155/155], with lr = 8e-05, Step [0025/0050],                        [loss_record5: 0.2740]
2021-03-02 12:26:16.963 | INFO     | network.models.trainer:fit:245 - 2021-03-02 12:26:16.963092 Epoch [155/155], with lr = 8e-05, Step [0050/0050],                        [loss_record5: 0.2756]
2021-03-02 12:26:17.681 | INFO     | network.models.trainer:fit:254 - [Saving Snapshot:]/home/admin_mcn/hung/polyp_segmentation/snapshots/TransUnet/PraNetDG-fold0-155.pth
2021-03-02 12:26:36.389 | INFO     | network.models.trainer:fit:245 - 2021-03-02 12:26:36.389249 Epoch [156/156], with lr = 8e-05, Step [0025/0050],                        [loss_record5: 0.2309]
2021-03-02 12:26:55.342 | INFO     | network.models.trainer:fit:245 - 2021-03-02 12:26:55.341903 Epoch [156/156], with lr = 8e-05, Step [0050/0050],                        [loss_record5: 0.2800]
2021-03-02 12:27:14.294 | INFO     | network.models.trainer:fit:245 - 2021-03-02 12:27:14.294716 Epoch [157/157], with lr = 8e-05, Step [0025/0050],                        [loss_record5: 0.2645]
2021-03-02 12:27:32.983 | INFO     | network.models.trainer:fit:245 - 2021-03-02 12:27:32.982897 Epoch [157/157], with lr = 8e-05, Step [0050/0050],                        [loss_record5: 0.2697]
2021-03-02 12:27:51.821 | INFO     | network.models.trainer:fit:245 - 2021-03-02 12:27:51.821600 Epoch [158/158], with lr = 8e-05, Step [0025/0050],                        [loss_record5: 0.3315]
2021-03-02 12:28:10.608 | INFO     | network.models.trainer:fit:245 - 2021-03-02 12:28:10.608159 Epoch [158/158], with lr = 8e-05, Step [0050/0050],                        [loss_record5: 0.3071]
2021-03-02 12:28:11.298 | INFO     | network.models.trainer:fit:254 - [Saving Snapshot:]/home/admin_mcn/hung/polyp_segmentation/snapshots/TransUnet/PraNetDG-fold0-158.pth
2021-03-02 12:28:29.934 | INFO     | network.models.trainer:fit:245 - 2021-03-02 12:28:29.933959 Epoch [159/159], with lr = 8e-05, Step [0025/0050],                        [loss_record5: 0.2469]
2021-03-02 12:28:48.871 | INFO     | network.models.trainer:fit:245 - 2021-03-02 12:28:48.871163 Epoch [159/159], with lr = 8e-05, Step [0050/0050],                        [loss_record5: 0.2593]
2021-03-02 12:29:07.609 | INFO     | network.models.trainer:fit:245 - 2021-03-02 12:29:07.609786 Epoch [160/160], with lr = 8e-05, Step [0025/0050],                        [loss_record5: 0.2575]
2021-03-02 12:29:26.546 | INFO     | network.models.trainer:fit:245 - 2021-03-02 12:29:26.546298 Epoch [160/160], with lr = 8e-05, Step [0050/0050],                        [loss_record5: 0.2879]
2021-03-02 12:29:45.410 | INFO     | network.models.trainer:fit:245 - 2021-03-02 12:29:45.410239 Epoch [161/161], with lr = 8e-05, Step [0025/0050],                        [loss_record5: 0.3032]
2021-03-02 12:30:04.216 | INFO     | network.models.trainer:fit:245 - 2021-03-02 12:30:04.216230 Epoch [161/161], with lr = 8e-05, Step [0050/0050],                        [loss_record5: 0.3202]
2021-03-02 12:30:04.945 | INFO     | network.models.trainer:fit:254 - [Saving Snapshot:]/home/admin_mcn/hung/polyp_segmentation/snapshots/TransUnet/PraNetDG-fold0-161.pth
2021-03-02 12:30:23.677 | INFO     | network.models.trainer:fit:245 - 2021-03-02 12:30:23.677080 Epoch [162/162], with lr = 8e-05, Step [0025/0050],                        [loss_record5: 0.2805]
2021-03-02 12:30:42.609 | INFO     | network.models.trainer:fit:245 - 2021-03-02 12:30:42.609429 Epoch [162/162], with lr = 8e-05, Step [0050/0050],                        [loss_record5: 0.2617]
2021-03-02 12:31:01.458 | INFO     | network.models.trainer:fit:245 - 2021-03-02 12:31:01.458057 Epoch [163/163], with lr = 8e-05, Step [0025/0050],                        [loss_record5: 0.2537]
2021-03-02 12:31:20.338 | INFO     | network.models.trainer:fit:245 - 2021-03-02 12:31:20.338435 Epoch [163/163], with lr = 8e-05, Step [0050/0050],                        [loss_record5: 0.2408]
2021-03-02 12:31:38.984 | INFO     | network.models.trainer:fit:245 - 2021-03-02 12:31:38.984025 Epoch [164/164], with lr = 8e-05, Step [0025/0050],                        [loss_record5: 0.2485]
2021-03-02 12:31:58.041 | INFO     | network.models.trainer:fit:245 - 2021-03-02 12:31:58.040790 Epoch [164/164], with lr = 8e-05, Step [0050/0050],                        [loss_record5: 0.2588]
2021-03-02 12:31:58.773 | INFO     | network.models.trainer:fit:254 - [Saving Snapshot:]/home/admin_mcn/hung/polyp_segmentation/snapshots/TransUnet/PraNetDG-fold0-164.pth
2021-03-02 12:32:17.466 | INFO     | network.models.trainer:fit:245 - 2021-03-02 12:32:17.466244 Epoch [165/165], with lr = 8e-05, Step [0025/0050],                        [loss_record5: 0.2752]
2021-03-02 12:32:36.410 | INFO     | network.models.trainer:fit:245 - 2021-03-02 12:32:36.409967 Epoch [165/165], with lr = 8e-05, Step [0050/0050],                        [loss_record5: 0.2518]
2021-03-02 12:32:55.183 | INFO     | network.models.trainer:fit:245 - 2021-03-02 12:32:55.183378 Epoch [166/166], with lr = 8e-05, Step [0025/0050],                        [loss_record5: 0.3192]
2021-03-02 12:33:14.072 | INFO     | network.models.trainer:fit:245 - 2021-03-02 12:33:14.072288 Epoch [166/166], with lr = 8e-05, Step [0050/0050],                        [loss_record5: 0.2972]
2021-03-02 12:33:32.826 | INFO     | network.models.trainer:fit:245 - 2021-03-02 12:33:32.826410 Epoch [167/167], with lr = 8e-05, Step [0025/0050],                        [loss_record5: 0.2712]
2021-03-02 12:33:51.539 | INFO     | network.models.trainer:fit:245 - 2021-03-02 12:33:51.539591 Epoch [167/167], with lr = 8e-05, Step [0050/0050],                        [loss_record5: 0.2858]
2021-03-02 12:33:52.230 | INFO     | network.models.trainer:fit:254 - [Saving Snapshot:]/home/admin_mcn/hung/polyp_segmentation/snapshots/TransUnet/PraNetDG-fold0-167.pth
2021-03-02 12:34:11.121 | INFO     | network.models.trainer:fit:245 - 2021-03-02 12:34:11.121536 Epoch [168/168], with lr = 8e-05, Step [0025/0050],                        [loss_record5: 0.2917]
2021-03-02 12:34:29.814 | INFO     | network.models.trainer:fit:245 - 2021-03-02 12:34:29.814007 Epoch [168/168], with lr = 8e-05, Step [0050/0050],                        [loss_record5: 0.2984]
2021-03-02 12:34:48.512 | INFO     | network.models.trainer:fit:245 - 2021-03-02 12:34:48.512003 Epoch [169/169], with lr = 8e-05, Step [0025/0050],                        [loss_record5: 0.5249]
2021-03-02 12:35:07.353 | INFO     | network.models.trainer:fit:245 - 2021-03-02 12:35:07.352826 Epoch [169/169], with lr = 8e-05, Step [0050/0050],                        [loss_record5: 0.5246]
2021-03-02 12:35:26.238 | INFO     | network.models.trainer:fit:245 - 2021-03-02 12:35:26.238288 Epoch [170/170], with lr = 8e-05, Step [0025/0050],                        [loss_record5: 0.3765]
2021-03-02 12:35:45.171 | INFO     | network.models.trainer:fit:245 - 2021-03-02 12:35:45.170908 Epoch [170/170], with lr = 8e-05, Step [0050/0050],                        [loss_record5: 0.3242]
2021-03-02 12:35:45.900 | INFO     | network.models.trainer:fit:254 - [Saving Snapshot:]/home/admin_mcn/hung/polyp_segmentation/snapshots/TransUnet/PraNetDG-fold0-170.pth
2021-03-02 12:36:04.643 | INFO     | network.models.trainer:fit:245 - 2021-03-02 12:36:04.642822 Epoch [171/171], with lr = 8e-05, Step [0025/0050],                        [loss_record5: 0.2877]
2021-03-02 12:36:23.553 | INFO     | network.models.trainer:fit:245 - 2021-03-02 12:36:23.553359 Epoch [171/171], with lr = 8e-05, Step [0050/0050],                        [loss_record5: 0.2833]
2021-03-02 12:36:42.391 | INFO     | network.models.trainer:fit:245 - 2021-03-02 12:36:42.391533 Epoch [172/172], with lr = 8e-05, Step [0025/0050],                        [loss_record5: 0.3041]
2021-03-02 12:37:01.276 | INFO     | network.models.trainer:fit:245 - 2021-03-02 12:37:01.275792 Epoch [172/172], with lr = 8e-05, Step [0050/0050],                        [loss_record5: 0.3121]
2021-03-02 12:37:20.004 | INFO     | network.models.trainer:fit:245 - 2021-03-02 12:37:20.003912 Epoch [173/173], with lr = 8e-05, Step [0025/0050],                        [loss_record5: 0.2789]
2021-03-02 12:37:38.736 | INFO     | network.models.trainer:fit:245 - 2021-03-02 12:37:38.736406 Epoch [173/173], with lr = 8e-05, Step [0050/0050],                        [loss_record5: 0.2712]
2021-03-02 12:37:39.469 | INFO     | network.models.trainer:fit:254 - [Saving Snapshot:]/home/admin_mcn/hung/polyp_segmentation/snapshots/TransUnet/PraNetDG-fold0-173.pth
2021-03-02 12:37:58.358 | INFO     | network.models.trainer:fit:245 - 2021-03-02 12:37:58.357823 Epoch [174/174], with lr = 8e-05, Step [0025/0050],                        [loss_record5: 0.2841]
2021-03-02 12:38:17.279 | INFO     | network.models.trainer:fit:245 - 2021-03-02 12:38:17.279312 Epoch [174/174], with lr = 8e-05, Step [0050/0050],                        [loss_record5: 0.2411]
2021-03-02 12:38:36.164 | INFO     | network.models.trainer:fit:245 - 2021-03-02 12:38:36.164301 Epoch [175/175], with lr = 8e-05, Step [0025/0050],                        [loss_record5: 0.3014]
2021-03-02 12:38:54.911 | INFO     | network.models.trainer:fit:245 - 2021-03-02 12:38:54.911782 Epoch [175/175], with lr = 8e-05, Step [0050/0050],                        [loss_record5: 0.2939]
2021-03-02 12:39:13.728 | INFO     | network.models.trainer:fit:245 - 2021-03-02 12:39:13.728136 Epoch [176/176], with lr = 8e-05, Step [0025/0050],                        [loss_record5: 0.3286]
2021-03-02 12:39:32.466 | INFO     | network.models.trainer:fit:245 - 2021-03-02 12:39:32.466391 Epoch [176/176], with lr = 8e-05, Step [0050/0050],                        [loss_record5: 0.3146]
2021-03-02 12:39:33.202 | INFO     | network.models.trainer:fit:254 - [Saving Snapshot:]/home/admin_mcn/hung/polyp_segmentation/snapshots/TransUnet/PraNetDG-fold0-176.pth
2021-03-02 12:39:51.988 | INFO     | network.models.trainer:fit:245 - 2021-03-02 12:39:51.988532 Epoch [177/177], with lr = 8e-05, Step [0025/0050],                        [loss_record5: 0.2858]
2021-03-02 12:40:10.936 | INFO     | network.models.trainer:fit:245 - 2021-03-02 12:40:10.935794 Epoch [177/177], with lr = 8e-05, Step [0050/0050],                        [loss_record5: 0.2821]
2021-03-02 12:40:29.675 | INFO     | network.models.trainer:fit:245 - 2021-03-02 12:40:29.675673 Epoch [178/178], with lr = 8e-05, Step [0025/0050],                        [loss_record5: 0.2439]
2021-03-02 12:40:48.632 | INFO     | network.models.trainer:fit:245 - 2021-03-02 12:40:48.632712 Epoch [178/178], with lr = 8e-05, Step [0050/0050],                        [loss_record5: 0.2446]
2021-03-02 12:41:07.433 | INFO     | network.models.trainer:fit:245 - 2021-03-02 12:41:07.433179 Epoch [179/179], with lr = 8e-05, Step [0025/0050],                        [loss_record5: 0.2501]
2021-03-02 12:41:26.363 | INFO     | network.models.trainer:fit:245 - 2021-03-02 12:41:26.362983 Epoch [179/179], with lr = 8e-05, Step [0050/0050],                        [loss_record5: 0.2505]
2021-03-02 12:41:27.054 | INFO     | network.models.trainer:fit:254 - [Saving Snapshot:]/home/admin_mcn/hung/polyp_segmentation/snapshots/TransUnet/PraNetDG-fold0-179.pth
2021-03-02 12:41:45.993 | INFO     | network.models.trainer:fit:245 - 2021-03-02 12:41:45.993564 Epoch [180/180], with lr = 8e-05, Step [0025/0050],                        [loss_record5: 0.2883]
2021-03-02 12:42:04.812 | INFO     | network.models.trainer:fit:245 - 2021-03-02 12:42:04.812209 Epoch [180/180], with lr = 8e-05, Step [0050/0050],                        [loss_record5: 0.2733]
2021-03-02 12:42:23.553 | INFO     | network.models.trainer:fit:245 - 2021-03-02 12:42:23.552938 Epoch [181/181], with lr = 8e-05, Step [0025/0050],                        [loss_record5: 0.2938]
2021-03-02 12:42:42.300 | INFO     | network.models.trainer:fit:245 - 2021-03-02 12:42:42.300246 Epoch [181/181], with lr = 8e-05, Step [0050/0050],                        [loss_record5: 0.3005]
2021-03-02 12:43:00.975 | INFO     | network.models.trainer:fit:245 - 2021-03-02 12:43:00.975259 Epoch [182/182], with lr = 8e-05, Step [0025/0050],                        [loss_record5: 0.2623]
2021-03-02 12:43:19.864 | INFO     | network.models.trainer:fit:245 - 2021-03-02 12:43:19.864060 Epoch [182/182], with lr = 8e-05, Step [0050/0050],                        [loss_record5: 0.2579]
2021-03-02 12:43:20.597 | INFO     | network.models.trainer:fit:254 - [Saving Snapshot:]/home/admin_mcn/hung/polyp_segmentation/snapshots/TransUnet/PraNetDG-fold0-182.pth
2021-03-02 12:43:39.450 | INFO     | network.models.trainer:fit:245 - 2021-03-02 12:43:39.450502 Epoch [183/183], with lr = 8e-05, Step [0025/0050],                        [loss_record5: 0.2763]
2021-03-02 12:43:58.214 | INFO     | network.models.trainer:fit:245 - 2021-03-02 12:43:58.213958 Epoch [183/183], with lr = 8e-05, Step [0050/0050],                        [loss_record5: 0.2628]
2021-03-02 12:44:17.010 | INFO     | network.models.trainer:fit:245 - 2021-03-02 12:44:17.009724 Epoch [184/184], with lr = 8e-05, Step [0025/0050],                        [loss_record5: 0.2604]
2021-03-02 12:44:35.852 | INFO     | network.models.trainer:fit:245 - 2021-03-02 12:44:35.851956 Epoch [184/184], with lr = 8e-05, Step [0050/0050],                        [loss_record5: 0.3479]
2021-03-02 12:44:54.709 | INFO     | network.models.trainer:fit:245 - 2021-03-02 12:44:54.708924 Epoch [185/185], with lr = 8e-05, Step [0025/0050],                        [loss_record5: 0.4139]
2021-03-02 12:45:13.569 | INFO     | network.models.trainer:fit:245 - 2021-03-02 12:45:13.569504 Epoch [185/185], with lr = 8e-05, Step [0050/0050],                        [loss_record5: 0.3667]
2021-03-02 12:45:14.253 | INFO     | network.models.trainer:fit:254 - [Saving Snapshot:]/home/admin_mcn/hung/polyp_segmentation/snapshots/TransUnet/PraNetDG-fold0-185.pth
2021-03-02 12:45:32.804 | INFO     | network.models.trainer:fit:245 - 2021-03-02 12:45:32.804634 Epoch [186/186], with lr = 8e-05, Step [0025/0050],                        [loss_record5: 0.2963]
2021-03-02 12:45:51.738 | INFO     | network.models.trainer:fit:245 - 2021-03-02 12:45:51.738698 Epoch [186/186], with lr = 8e-05, Step [0050/0050],                        [loss_record5: 0.2966]
2021-03-02 12:46:10.430 | INFO     | network.models.trainer:fit:245 - 2021-03-02 12:46:10.430224 Epoch [187/187], with lr = 8e-05, Step [0025/0050],                        [loss_record5: 0.3035]
2021-03-02 12:46:29.380 | INFO     | network.models.trainer:fit:245 - 2021-03-02 12:46:29.380350 Epoch [187/187], with lr = 8e-05, Step [0050/0050],                        [loss_record5: 0.3270]
2021-03-02 12:46:48.239 | INFO     | network.models.trainer:fit:245 - 2021-03-02 12:46:48.239241 Epoch [188/188], with lr = 8e-05, Step [0025/0050],                        [loss_record5: 0.2830]
2021-03-02 12:47:07.127 | INFO     | network.models.trainer:fit:245 - 2021-03-02 12:47:07.126767 Epoch [188/188], with lr = 8e-05, Step [0050/0050],                        [loss_record5: 0.3128]
2021-03-02 12:47:07.873 | INFO     | network.models.trainer:fit:254 - [Saving Snapshot:]/home/admin_mcn/hung/polyp_segmentation/snapshots/TransUnet/PraNetDG-fold0-188.pth
2021-03-02 12:47:26.829 | INFO     | network.models.trainer:fit:245 - 2021-03-02 12:47:26.829603 Epoch [189/189], with lr = 8e-05, Step [0025/0050],                        [loss_record5: 0.3427]
2021-03-02 12:47:45.496 | INFO     | network.models.trainer:fit:245 - 2021-03-02 12:47:45.496412 Epoch [189/189], with lr = 8e-05, Step [0050/0050],                        [loss_record5: 0.3054]
2021-03-02 12:48:04.249 | INFO     | network.models.trainer:fit:245 - 2021-03-02 12:48:04.249574 Epoch [190/190], with lr = 8e-05, Step [0025/0050],                        [loss_record5: 0.2761]
2021-03-02 12:48:23.169 | INFO     | network.models.trainer:fit:245 - 2021-03-02 12:48:23.169083 Epoch [190/190], with lr = 8e-05, Step [0050/0050],                        [loss_record5: 0.2708]
2021-03-02 12:48:41.957 | INFO     | network.models.trainer:fit:245 - 2021-03-02 12:48:41.956856 Epoch [191/191], with lr = 8e-05, Step [0025/0050],                        [loss_record5: 0.3230]
2021-03-02 12:49:00.780 | INFO     | network.models.trainer:fit:245 - 2021-03-02 12:49:00.780478 Epoch [191/191], with lr = 8e-05, Step [0050/0050],                        [loss_record5: 0.3166]
2021-03-02 12:49:01.475 | INFO     | network.models.trainer:fit:254 - [Saving Snapshot:]/home/admin_mcn/hung/polyp_segmentation/snapshots/TransUnet/PraNetDG-fold0-191.pth
2021-03-02 12:49:20.188 | INFO     | network.models.trainer:fit:245 - 2021-03-02 12:49:20.188647 Epoch [192/192], with lr = 8e-05, Step [0025/0050],                        [loss_record5: 0.2953]
2021-03-02 12:49:38.944 | INFO     | network.models.trainer:fit:245 - 2021-03-02 12:49:38.944497 Epoch [192/192], with lr = 8e-05, Step [0050/0050],                        [loss_record5: 0.3214]
2021-03-02 12:49:57.750 | INFO     | network.models.trainer:fit:245 - 2021-03-02 12:49:57.750019 Epoch [193/193], with lr = 8e-05, Step [0025/0050],                        [loss_record5: 0.2508]
2021-03-02 12:50:16.646 | INFO     | network.models.trainer:fit:245 - 2021-03-02 12:50:16.646571 Epoch [193/193], with lr = 8e-05, Step [0050/0050],                        [loss_record5: 0.2784]
2021-03-02 12:50:35.533 | INFO     | network.models.trainer:fit:245 - 2021-03-02 12:50:35.533667 Epoch [194/194], with lr = 8e-05, Step [0025/0050],                        [loss_record5: 0.3252]
2021-03-02 12:50:54.266 | INFO     | network.models.trainer:fit:245 - 2021-03-02 12:50:54.266395 Epoch [194/194], with lr = 8e-05, Step [0050/0050],                        [loss_record5: 0.3426]
2021-03-02 12:50:54.978 | INFO     | network.models.trainer:fit:254 - [Saving Snapshot:]/home/admin_mcn/hung/polyp_segmentation/snapshots/TransUnet/PraNetDG-fold0-194.pth
2021-03-02 12:51:13.838 | INFO     | network.models.trainer:fit:245 - 2021-03-02 12:51:13.838408 Epoch [195/195], with lr = 8e-05, Step [0025/0050],                        [loss_record5: 0.2962]
2021-03-02 12:51:32.688 | INFO     | network.models.trainer:fit:245 - 2021-03-02 12:51:32.688401 Epoch [195/195], with lr = 8e-05, Step [0050/0050],                        [loss_record5: 0.2847]
2021-03-02 12:51:51.537 | INFO     | network.models.trainer:fit:245 - 2021-03-02 12:51:51.537357 Epoch [196/196], with lr = 8e-05, Step [0025/0050],                        [loss_record5: 0.2747]
2021-03-02 12:52:10.383 | INFO     | network.models.trainer:fit:245 - 2021-03-02 12:52:10.383029 Epoch [196/196], with lr = 8e-05, Step [0050/0050],                        [loss_record5: 0.2993]
2021-03-02 12:52:29.242 | INFO     | network.models.trainer:fit:245 - 2021-03-02 12:52:29.242621 Epoch [197/197], with lr = 8e-05, Step [0025/0050],                        [loss_record5: 0.3183]
2021-03-02 12:52:48.065 | INFO     | network.models.trainer:fit:245 - 2021-03-02 12:52:48.065039 Epoch [197/197], with lr = 8e-05, Step [0050/0050],                        [loss_record5: 0.3109]
2021-03-02 12:52:48.758 | INFO     | network.models.trainer:fit:254 - [Saving Snapshot:]/home/admin_mcn/hung/polyp_segmentation/snapshots/TransUnet/PraNetDG-fold0-197.pth
2021-03-02 12:53:07.574 | INFO     | network.models.trainer:fit:245 - 2021-03-02 12:53:07.573830 Epoch [198/198], with lr = 8e-05, Step [0025/0050],                        [loss_record5: 0.2668]
2021-03-02 12:53:26.350 | INFO     | network.models.trainer:fit:245 - 2021-03-02 12:53:26.350075 Epoch [198/198], with lr = 8e-05, Step [0050/0050],                        [loss_record5: 0.2424]
2021-03-02 12:53:45.121 | INFO     | network.models.trainer:fit:245 - 2021-03-02 12:53:45.121304 Epoch [199/199], with lr = 8e-05, Step [0025/0050],                        [loss_record5: 0.2871]
2021-03-02 12:54:04.053 | INFO     | network.models.trainer:fit:245 - 2021-03-02 12:54:04.052764 Epoch [199/199], with lr = 8e-05, Step [0050/0050],                        [loss_record5: 0.2586]
2021-03-02 12:54:04.053 | INFO     | network.models.trainer:fit:262 - Training cost: 7857.847750741988seconds
