2021-03-02 01:56:38.729 | INFO     | __main__:main:22 - Load config from configs/transunet_config.yaml
2021-03-02 01:56:38.730 | INFO     | __main__:main:23 - {'dataset': {'data_path': '/home/admin_mcn/hung/polyp_segmentation/data/Kvasir_fold_new', 'train_data_path': ['/home/admin_mcn/hung/polyp_segmentation/data/Kvasir_fold_new/fold_4', '/home/admin_mcn/hung/polyp_segmentation/data/Kvasir_fold_new/fold_1', '/home/admin_mcn/hung/polyp_segmentation/data/Kvasir_fold_new/fold_0', '/home/admin_mcn/hung/polyp_segmentation/data/Kvasir_fold_new/fold_3'], 'test_data_path': ['/home/admin_mcn/hung/polyp_segmentation/data/Kvasir_fold_new/fold_2'], 'fold': 2, 'img_size': 352}, 'model': {'save_dir': '/home/admin_mcn/hung/polyp_segmentation/snapshots', 'arch': 'TransUnet', 'save_from': 80, 'start_from': 0, 'num_epochs': 200}, 'optimizer': {'name': 'adam', 'lr': 8e-05, 'clip': 0.5, 'scheduler': 'cosine_warmup', 'num_warmup_epoch': 5, 'loss': 'structure_loss'}, 'train': {'fold': 2, 'is_val': False, 'dataloader': {'batchsize': 16, 'shuffle': True, 'img_size': 352, 'pin_memory': True, 'drop_last': True}, 'augment': {'prob': 0.7, 'blur_prob': 0.7, 'jitter_prob': 0.7, 'rotate_prob': 0.7, 'flip_prob': 0.7}}, 'test': {'folds': {4: 191}, 'visualize': False, 'visualize_dir': '/home/admin_mcn/hung/polyp_segmentation/results/PraNet_kfold', 'vis_x': 180, 'vis_overwrite': False, 'dataloader': {'batchsize': 1, 'shuffle': False, 'img_size': 224, 'pin_memory': True, 'drop_last': True}, 'augment': {'prob': 0, 'blur_prob': 0, 'jitter_prob': 0, 'rotate_prob': 0, 'flip_prob': 0}}}
2021-03-02 01:56:38.730 | INFO     | __main__:main:29 - Getting datapath
2021-03-02 01:56:38.734 | INFO     | __main__:main:50 - Loading data
2021-03-02 01:56:38.734 | INFO     | __main__:main:63 - Loading model
2021-03-02 01:56:41.678 | INFO     | __main__:main:120 - ####################
2021-03-02 01:57:00.700 | INFO     | network.models.trainer:fit:245 - 2021-03-02 01:57:00.700441 Epoch [000/000], with lr = 1e-05, Step [0025/0050],                        [loss_record5: 1.4885]
2021-03-02 01:57:18.328 | INFO     | network.models.trainer:fit:245 - 2021-03-02 01:57:18.327808 Epoch [000/000], with lr = 1e-05, Step [0050/0050],                        [loss_record5: 1.4217]
2021-03-02 01:57:35.900 | INFO     | network.models.trainer:fit:245 - 2021-03-02 01:57:35.900213 Epoch [001/001], with lr = 2.4e-05, Step [0025/0050],                        [loss_record5: 1.3433]
2021-03-02 01:57:53.558 | INFO     | network.models.trainer:fit:245 - 2021-03-02 01:57:53.558763 Epoch [001/001], with lr = 2.4e-05, Step [0050/0050],                        [loss_record5: 1.3002]
2021-03-02 01:58:11.189 | INFO     | network.models.trainer:fit:245 - 2021-03-02 01:58:11.188798 Epoch [002/002], with lr = 3.8e-05, Step [0025/0050],                        [loss_record5: 1.2654]
2021-03-02 01:58:28.995 | INFO     | network.models.trainer:fit:245 - 2021-03-02 01:58:28.995046 Epoch [002/002], with lr = 3.8e-05, Step [0050/0050],                        [loss_record5: 1.2180]
2021-03-02 01:58:46.911 | INFO     | network.models.trainer:fit:245 - 2021-03-02 01:58:46.911592 Epoch [003/003], with lr = 5.2000000000000004e-05, Step [0025/0050],                        [loss_record5: 1.1924]
2021-03-02 01:59:04.571 | INFO     | network.models.trainer:fit:245 - 2021-03-02 01:59:04.571500 Epoch [003/003], with lr = 5.2000000000000004e-05, Step [0050/0050],                        [loss_record5: 1.1472]
2021-03-02 01:59:22.367 | INFO     | network.models.trainer:fit:245 - 2021-03-02 01:59:22.367466 Epoch [004/004], with lr = 6.6e-05, Step [0025/0050],                        [loss_record5: 1.1009]
2021-03-02 01:59:40.061 | INFO     | network.models.trainer:fit:245 - 2021-03-02 01:59:40.060985 Epoch [004/004], with lr = 6.6e-05, Step [0050/0050],                        [loss_record5: 1.0655]
2021-03-02 01:59:57.907 | INFO     | network.models.trainer:fit:245 - 2021-03-02 01:59:57.906821 Epoch [005/005], with lr = 8e-05, Step [0025/0050],                        [loss_record5: 1.0009]
2021-03-02 02:00:15.505 | INFO     | network.models.trainer:fit:245 - 2021-03-02 02:00:15.505663 Epoch [005/005], with lr = 8e-05, Step [0050/0050],                        [loss_record5: 0.9895]
2021-03-02 02:00:33.095 | INFO     | network.models.trainer:fit:245 - 2021-03-02 02:00:33.095204 Epoch [006/006], with lr = 8e-05, Step [0025/0050],                        [loss_record5: 0.9145]
2021-03-02 02:00:50.807 | INFO     | network.models.trainer:fit:245 - 2021-03-02 02:00:50.806983 Epoch [006/006], with lr = 8e-05, Step [0050/0050],                        [loss_record5: 0.9185]
2021-03-02 02:01:08.486 | INFO     | network.models.trainer:fit:245 - 2021-03-02 02:01:08.486028 Epoch [007/007], with lr = 8e-05, Step [0025/0050],                        [loss_record5: 0.8779]
2021-03-02 02:01:26.324 | INFO     | network.models.trainer:fit:245 - 2021-03-02 02:01:26.324513 Epoch [007/007], with lr = 8e-05, Step [0050/0050],                        [loss_record5: 0.8204]
2021-03-02 02:01:44.175 | INFO     | network.models.trainer:fit:245 - 2021-03-02 02:01:44.175273 Epoch [008/008], with lr = 8e-05, Step [0025/0050],                        [loss_record5: 0.8069]
2021-03-02 02:02:01.892 | INFO     | network.models.trainer:fit:245 - 2021-03-02 02:02:01.891955 Epoch [008/008], with lr = 8e-05, Step [0050/0050],                        [loss_record5: 0.8124]
2021-03-02 02:02:19.700 | INFO     | network.models.trainer:fit:245 - 2021-03-02 02:02:19.700335 Epoch [009/009], with lr = 8e-05, Step [0025/0050],                        [loss_record5: 0.7425]
2021-03-02 02:02:37.486 | INFO     | network.models.trainer:fit:245 - 2021-03-02 02:02:37.486702 Epoch [009/009], with lr = 8e-05, Step [0050/0050],                        [loss_record5: 0.7181]
2021-03-02 02:02:55.225 | INFO     | network.models.trainer:fit:245 - 2021-03-02 02:02:55.225240 Epoch [010/010], with lr = 8e-05, Step [0025/0050],                        [loss_record5: 0.6862]
2021-03-02 02:03:13.095 | INFO     | network.models.trainer:fit:245 - 2021-03-02 02:03:13.095604 Epoch [010/010], with lr = 8e-05, Step [0050/0050],                        [loss_record5: 0.6547]
2021-03-02 02:03:30.969 | INFO     | network.models.trainer:fit:245 - 2021-03-02 02:03:30.969109 Epoch [011/011], with lr = 8e-05, Step [0025/0050],                        [loss_record5: 0.6706]
2021-03-02 02:03:48.552 | INFO     | network.models.trainer:fit:245 - 2021-03-02 02:03:48.552629 Epoch [011/011], with lr = 8e-05, Step [0050/0050],                        [loss_record5: 0.6538]
2021-03-02 02:04:06.345 | INFO     | network.models.trainer:fit:245 - 2021-03-02 02:04:06.344991 Epoch [012/012], with lr = 8e-05, Step [0025/0050],                        [loss_record5: 0.5970]
2021-03-02 02:04:24.139 | INFO     | network.models.trainer:fit:245 - 2021-03-02 02:04:24.138879 Epoch [012/012], with lr = 8e-05, Step [0050/0050],                        [loss_record5: 0.6118]
2021-03-02 02:04:41.880 | INFO     | network.models.trainer:fit:245 - 2021-03-02 02:04:41.880305 Epoch [013/013], with lr = 8e-05, Step [0025/0050],                        [loss_record5: 0.5698]
2021-03-02 02:04:59.791 | INFO     | network.models.trainer:fit:245 - 2021-03-02 02:04:59.791038 Epoch [013/013], with lr = 8e-05, Step [0050/0050],                        [loss_record5: 0.5739]
2021-03-02 02:05:17.537 | INFO     | network.models.trainer:fit:245 - 2021-03-02 02:05:17.536922 Epoch [014/014], with lr = 8e-05, Step [0025/0050],                        [loss_record5: 0.5288]
2021-03-02 02:05:35.326 | INFO     | network.models.trainer:fit:245 - 2021-03-02 02:05:35.326721 Epoch [014/014], with lr = 8e-05, Step [0050/0050],                        [loss_record5: 0.5519]
2021-03-02 02:05:53.085 | INFO     | network.models.trainer:fit:245 - 2021-03-02 02:05:53.084883 Epoch [015/015], with lr = 8e-05, Step [0025/0050],                        [loss_record5: 0.5224]
2021-03-02 02:06:10.741 | INFO     | network.models.trainer:fit:245 - 2021-03-02 02:06:10.741076 Epoch [015/015], with lr = 8e-05, Step [0050/0050],                        [loss_record5: 0.5328]
2021-03-02 02:06:28.533 | INFO     | network.models.trainer:fit:245 - 2021-03-02 02:06:28.533189 Epoch [016/016], with lr = 8e-05, Step [0025/0050],                        [loss_record5: 0.5338]
2021-03-02 02:06:46.453 | INFO     | network.models.trainer:fit:245 - 2021-03-02 02:06:46.453375 Epoch [016/016], with lr = 8e-05, Step [0050/0050],                        [loss_record5: 0.5069]
2021-03-02 02:07:04.233 | INFO     | network.models.trainer:fit:245 - 2021-03-02 02:07:04.233499 Epoch [017/017], with lr = 8e-05, Step [0025/0050],                        [loss_record5: 0.5184]
2021-03-02 02:07:22.148 | INFO     | network.models.trainer:fit:245 - 2021-03-02 02:07:22.148355 Epoch [017/017], with lr = 8e-05, Step [0050/0050],                        [loss_record5: 0.5253]
2021-03-02 02:07:40.093 | INFO     | network.models.trainer:fit:245 - 2021-03-02 02:07:40.093190 Epoch [018/018], with lr = 8e-05, Step [0025/0050],                        [loss_record5: 0.4872]
2021-03-02 02:07:57.821 | INFO     | network.models.trainer:fit:245 - 2021-03-02 02:07:57.821266 Epoch [018/018], with lr = 8e-05, Step [0050/0050],                        [loss_record5: 0.4836]
2021-03-02 02:08:15.592 | INFO     | network.models.trainer:fit:245 - 2021-03-02 02:08:15.592720 Epoch [019/019], with lr = 8e-05, Step [0025/0050],                        [loss_record5: 0.5087]
2021-03-02 02:08:33.365 | INFO     | network.models.trainer:fit:245 - 2021-03-02 02:08:33.365064 Epoch [019/019], with lr = 8e-05, Step [0050/0050],                        [loss_record5: 0.4930]
2021-03-02 02:08:51.170 | INFO     | network.models.trainer:fit:245 - 2021-03-02 02:08:51.169838 Epoch [020/020], with lr = 8e-05, Step [0025/0050],                        [loss_record5: 0.4766]
2021-03-02 02:09:08.979 | INFO     | network.models.trainer:fit:245 - 2021-03-02 02:09:08.979663 Epoch [020/020], with lr = 8e-05, Step [0050/0050],                        [loss_record5: 0.4703]
2021-03-02 02:09:27.039 | INFO     | network.models.trainer:fit:245 - 2021-03-02 02:09:27.038985 Epoch [021/021], with lr = 8e-05, Step [0025/0050],                        [loss_record5: 0.4835]
2021-03-02 02:09:44.668 | INFO     | network.models.trainer:fit:245 - 2021-03-02 02:09:44.668035 Epoch [021/021], with lr = 8e-05, Step [0050/0050],                        [loss_record5: 0.4966]
2021-03-02 02:10:02.403 | INFO     | network.models.trainer:fit:245 - 2021-03-02 02:10:02.403312 Epoch [022/022], with lr = 8e-05, Step [0025/0050],                        [loss_record5: 0.4453]
2021-03-02 02:10:20.332 | INFO     | network.models.trainer:fit:245 - 2021-03-02 02:10:20.332306 Epoch [022/022], with lr = 8e-05, Step [0050/0050],                        [loss_record5: 0.4515]
2021-03-02 02:10:38.085 | INFO     | network.models.trainer:fit:245 - 2021-03-02 02:10:38.085183 Epoch [023/023], with lr = 8e-05, Step [0025/0050],                        [loss_record5: 0.4261]
2021-03-02 02:10:55.885 | INFO     | network.models.trainer:fit:245 - 2021-03-02 02:10:55.885213 Epoch [023/023], with lr = 8e-05, Step [0050/0050],                        [loss_record5: 0.4253]
2021-03-02 02:10:56.323 | INFO     | network.models.trainer:fit:254 - [Saving Snapshot:]/home/admin_mcn/hung/polyp_segmentation/snapshots/TransUnet/PraNetDG-fold2-23.pth
2021-03-02 02:11:13.926 | INFO     | network.models.trainer:fit:245 - 2021-03-02 02:11:13.926389 Epoch [024/024], with lr = 8e-05, Step [0025/0050],                        [loss_record5: 0.4035]
2021-03-02 02:11:31.529 | INFO     | network.models.trainer:fit:245 - 2021-03-02 02:11:31.528853 Epoch [024/024], with lr = 8e-05, Step [0050/0050],                        [loss_record5: 0.4247]
2021-03-02 02:11:49.232 | INFO     | network.models.trainer:fit:245 - 2021-03-02 02:11:49.232156 Epoch [025/025], with lr = 8e-05, Step [0025/0050],                        [loss_record5: 0.3944]
2021-03-02 02:12:07.087 | INFO     | network.models.trainer:fit:245 - 2021-03-02 02:12:07.086901 Epoch [025/025], with lr = 8e-05, Step [0050/0050],                        [loss_record5: 0.3942]
2021-03-02 02:12:25.016 | INFO     | network.models.trainer:fit:245 - 2021-03-02 02:12:25.015729 Epoch [026/026], with lr = 8e-05, Step [0025/0050],                        [loss_record5: 0.3749]
2021-03-02 02:12:42.661 | INFO     | network.models.trainer:fit:245 - 2021-03-02 02:12:42.661535 Epoch [026/026], with lr = 8e-05, Step [0050/0050],                        [loss_record5: 0.3981]
2021-03-02 02:13:00.475 | INFO     | network.models.trainer:fit:245 - 2021-03-02 02:13:00.475187 Epoch [027/027], with lr = 8e-05, Step [0025/0050],                        [loss_record5: 0.4025]
2021-03-02 02:13:18.080 | INFO     | network.models.trainer:fit:245 - 2021-03-02 02:13:18.080148 Epoch [027/027], with lr = 8e-05, Step [0050/0050],                        [loss_record5: 0.3759]
2021-03-02 02:13:35.845 | INFO     | network.models.trainer:fit:245 - 2021-03-02 02:13:35.845190 Epoch [028/028], with lr = 8e-05, Step [0025/0050],                        [loss_record5: 0.3383]
2021-03-02 02:13:53.711 | INFO     | network.models.trainer:fit:245 - 2021-03-02 02:13:53.711582 Epoch [028/028], with lr = 8e-05, Step [0050/0050],                        [loss_record5: 0.3886]
2021-03-02 02:14:11.339 | INFO     | network.models.trainer:fit:245 - 2021-03-02 02:14:11.339078 Epoch [029/029], with lr = 8e-05, Step [0025/0050],                        [loss_record5: 0.3932]
2021-03-02 02:14:29.258 | INFO     | network.models.trainer:fit:245 - 2021-03-02 02:14:29.257930 Epoch [029/029], with lr = 8e-05, Step [0050/0050],                        [loss_record5: 0.3869]
2021-03-02 02:14:47.060 | INFO     | network.models.trainer:fit:245 - 2021-03-02 02:14:47.060461 Epoch [030/030], with lr = 8e-05, Step [0025/0050],                        [loss_record5: 0.4003]
2021-03-02 02:15:04.825 | INFO     | network.models.trainer:fit:245 - 2021-03-02 02:15:04.824718 Epoch [030/030], with lr = 8e-05, Step [0050/0050],                        [loss_record5: 0.4025]
2021-03-02 02:15:22.655 | INFO     | network.models.trainer:fit:245 - 2021-03-02 02:15:22.654819 Epoch [031/031], with lr = 8e-05, Step [0025/0050],                        [loss_record5: 0.3419]
2021-03-02 02:15:40.417 | INFO     | network.models.trainer:fit:245 - 2021-03-02 02:15:40.417677 Epoch [031/031], with lr = 8e-05, Step [0050/0050],                        [loss_record5: 0.3912]
2021-03-02 02:15:58.329 | INFO     | network.models.trainer:fit:245 - 2021-03-02 02:15:58.329171 Epoch [032/032], with lr = 8e-05, Step [0025/0050],                        [loss_record5: 0.4076]
2021-03-02 02:16:16.040 | INFO     | network.models.trainer:fit:245 - 2021-03-02 02:16:16.040248 Epoch [032/032], with lr = 8e-05, Step [0050/0050],                        [loss_record5: 0.3624]
2021-03-02 02:16:33.688 | INFO     | network.models.trainer:fit:245 - 2021-03-02 02:16:33.688069 Epoch [033/033], with lr = 8e-05, Step [0025/0050],                        [loss_record5: 0.3810]
2021-03-02 02:16:51.573 | INFO     | network.models.trainer:fit:245 - 2021-03-02 02:16:51.573152 Epoch [033/033], with lr = 8e-05, Step [0050/0050],                        [loss_record5: 0.4218]
2021-03-02 02:17:09.415 | INFO     | network.models.trainer:fit:245 - 2021-03-02 02:17:09.414749 Epoch [034/034], with lr = 8e-05, Step [0025/0050],                        [loss_record5: 0.3487]
2021-03-02 02:17:27.133 | INFO     | network.models.trainer:fit:245 - 2021-03-02 02:17:27.133367 Epoch [034/034], with lr = 8e-05, Step [0050/0050],                        [loss_record5: 0.3678]
2021-03-02 02:17:44.858 | INFO     | network.models.trainer:fit:245 - 2021-03-02 02:17:44.857983 Epoch [035/035], with lr = 8e-05, Step [0025/0050],                        [loss_record5: 0.3928]
2021-03-02 02:18:02.546 | INFO     | network.models.trainer:fit:245 - 2021-03-02 02:18:02.545855 Epoch [035/035], with lr = 8e-05, Step [0050/0050],                        [loss_record5: 0.3944]
2021-03-02 02:18:20.323 | INFO     | network.models.trainer:fit:245 - 2021-03-02 02:18:20.322986 Epoch [036/036], with lr = 8e-05, Step [0025/0050],                        [loss_record5: 0.3427]
2021-03-02 02:18:38.163 | INFO     | network.models.trainer:fit:245 - 2021-03-02 02:18:38.163385 Epoch [036/036], with lr = 8e-05, Step [0050/0050],                        [loss_record5: 0.3928]
2021-03-02 02:18:55.902 | INFO     | network.models.trainer:fit:245 - 2021-03-02 02:18:55.902227 Epoch [037/037], with lr = 8e-05, Step [0025/0050],                        [loss_record5: 0.3512]
2021-03-02 02:19:13.558 | INFO     | network.models.trainer:fit:245 - 2021-03-02 02:19:13.558018 Epoch [037/037], with lr = 8e-05, Step [0050/0050],                        [loss_record5: 0.3429]
2021-03-02 02:19:31.423 | INFO     | network.models.trainer:fit:245 - 2021-03-02 02:19:31.423280 Epoch [038/038], with lr = 8e-05, Step [0025/0050],                        [loss_record5: 0.3791]
2021-03-02 02:19:49.074 | INFO     | network.models.trainer:fit:245 - 2021-03-02 02:19:49.073677 Epoch [038/038], with lr = 8e-05, Step [0050/0050],                        [loss_record5: 0.3537]
2021-03-02 02:20:06.954 | INFO     | network.models.trainer:fit:245 - 2021-03-02 02:20:06.954451 Epoch [039/039], with lr = 8e-05, Step [0025/0050],                        [loss_record5: 0.3637]
2021-03-02 02:20:24.563 | INFO     | network.models.trainer:fit:245 - 2021-03-02 02:20:24.563237 Epoch [039/039], with lr = 8e-05, Step [0050/0050],                        [loss_record5: 0.3354]
2021-03-02 02:20:42.164 | INFO     | network.models.trainer:fit:245 - 2021-03-02 02:20:42.163931 Epoch [040/040], with lr = 8e-05, Step [0025/0050],                        [loss_record5: 0.3255]
2021-03-02 02:21:00.011 | INFO     | network.models.trainer:fit:245 - 2021-03-02 02:21:00.011052 Epoch [040/040], with lr = 8e-05, Step [0050/0050],                        [loss_record5: 0.3466]
2021-03-02 02:21:17.842 | INFO     | network.models.trainer:fit:245 - 2021-03-02 02:21:17.842590 Epoch [041/041], with lr = 8e-05, Step [0025/0050],                        [loss_record5: 0.3344]
2021-03-02 02:21:35.621 | INFO     | network.models.trainer:fit:245 - 2021-03-02 02:21:35.621315 Epoch [041/041], with lr = 8e-05, Step [0050/0050],                        [loss_record5: 0.3511]
2021-03-02 02:21:53.389 | INFO     | network.models.trainer:fit:245 - 2021-03-02 02:21:53.389197 Epoch [042/042], with lr = 8e-05, Step [0025/0050],                        [loss_record5: 0.3929]
2021-03-02 02:22:11.268 | INFO     | network.models.trainer:fit:245 - 2021-03-02 02:22:11.268359 Epoch [042/042], with lr = 8e-05, Step [0050/0050],                        [loss_record5: 0.3614]
2021-03-02 02:22:29.041 | INFO     | network.models.trainer:fit:245 - 2021-03-02 02:22:29.041299 Epoch [043/043], with lr = 8e-05, Step [0025/0050],                        [loss_record5: 0.3224]
2021-03-02 02:22:46.902 | INFO     | network.models.trainer:fit:245 - 2021-03-02 02:22:46.902061 Epoch [043/043], with lr = 8e-05, Step [0050/0050],                        [loss_record5: 0.3306]
2021-03-02 02:23:04.670 | INFO     | network.models.trainer:fit:245 - 2021-03-02 02:23:04.670367 Epoch [044/044], with lr = 8e-05, Step [0025/0050],                        [loss_record5: 0.3687]
2021-03-02 02:23:22.455 | INFO     | network.models.trainer:fit:245 - 2021-03-02 02:23:22.455211 Epoch [044/044], with lr = 8e-05, Step [0050/0050],                        [loss_record5: 0.3560]
2021-03-02 02:23:40.146 | INFO     | network.models.trainer:fit:245 - 2021-03-02 02:23:40.146313 Epoch [045/045], with lr = 8e-05, Step [0025/0050],                        [loss_record5: 0.3690]
2021-03-02 02:23:57.873 | INFO     | network.models.trainer:fit:245 - 2021-03-02 02:23:57.873243 Epoch [045/045], with lr = 8e-05, Step [0050/0050],                        [loss_record5: 0.3664]
2021-03-02 02:24:15.728 | INFO     | network.models.trainer:fit:245 - 2021-03-02 02:24:15.728199 Epoch [046/046], with lr = 8e-05, Step [0025/0050],                        [loss_record5: 0.3572]
2021-03-02 02:24:33.452 | INFO     | network.models.trainer:fit:245 - 2021-03-02 02:24:33.452589 Epoch [046/046], with lr = 8e-05, Step [0050/0050],                        [loss_record5: 0.3593]
2021-03-02 02:24:51.247 | INFO     | network.models.trainer:fit:245 - 2021-03-02 02:24:51.247056 Epoch [047/047], with lr = 8e-05, Step [0025/0050],                        [loss_record5: 0.4031]
2021-03-02 02:25:08.960 | INFO     | network.models.trainer:fit:245 - 2021-03-02 02:25:08.960495 Epoch [047/047], with lr = 8e-05, Step [0050/0050],                        [loss_record5: 0.3474]
2021-03-02 02:25:26.569 | INFO     | network.models.trainer:fit:245 - 2021-03-02 02:25:26.569481 Epoch [048/048], with lr = 8e-05, Step [0025/0050],                        [loss_record5: 0.3621]
2021-03-02 02:25:44.279 | INFO     | network.models.trainer:fit:245 - 2021-03-02 02:25:44.279343 Epoch [048/048], with lr = 8e-05, Step [0050/0050],                        [loss_record5: 0.3185]
2021-03-02 02:26:02.176 | INFO     | network.models.trainer:fit:245 - 2021-03-02 02:26:02.175796 Epoch [049/049], with lr = 8e-05, Step [0025/0050],                        [loss_record5: 0.3243]
2021-03-02 02:26:19.953 | INFO     | network.models.trainer:fit:245 - 2021-03-02 02:26:19.952856 Epoch [049/049], with lr = 8e-05, Step [0050/0050],                        [loss_record5: 0.3174]
2021-03-02 02:26:37.676 | INFO     | network.models.trainer:fit:245 - 2021-03-02 02:26:37.676368 Epoch [050/050], with lr = 8e-05, Step [0025/0050],                        [loss_record5: 0.3415]
2021-03-02 02:26:55.467 | INFO     | network.models.trainer:fit:245 - 2021-03-02 02:26:55.467323 Epoch [050/050], with lr = 8e-05, Step [0050/0050],                        [loss_record5: 0.3293]
2021-03-02 02:27:13.076 | INFO     | network.models.trainer:fit:245 - 2021-03-02 02:27:13.075880 Epoch [051/051], with lr = 8e-05, Step [0025/0050],                        [loss_record5: 0.3602]
2021-03-02 02:27:30.907 | INFO     | network.models.trainer:fit:245 - 2021-03-02 02:27:30.907641 Epoch [051/051], with lr = 8e-05, Step [0050/0050],                        [loss_record5: 0.3343]
2021-03-02 02:27:48.813 | INFO     | network.models.trainer:fit:245 - 2021-03-02 02:27:48.813660 Epoch [052/052], with lr = 8e-05, Step [0025/0050],                        [loss_record5: 0.3465]
2021-03-02 02:28:06.560 | INFO     | network.models.trainer:fit:245 - 2021-03-02 02:28:06.560082 Epoch [052/052], with lr = 8e-05, Step [0050/0050],                        [loss_record5: 0.3526]
2021-03-02 02:28:24.461 | INFO     | network.models.trainer:fit:245 - 2021-03-02 02:28:24.460860 Epoch [053/053], with lr = 8e-05, Step [0025/0050],                        [loss_record5: 0.3533]
2021-03-02 02:28:42.206 | INFO     | network.models.trainer:fit:245 - 2021-03-02 02:28:42.206356 Epoch [053/053], with lr = 8e-05, Step [0050/0050],                        [loss_record5: 0.3360]
2021-03-02 02:29:00.002 | INFO     | network.models.trainer:fit:245 - 2021-03-02 02:29:00.002507 Epoch [054/054], with lr = 8e-05, Step [0025/0050],                        [loss_record5: 0.3124]
2021-03-02 02:29:17.810 | INFO     | network.models.trainer:fit:245 - 2021-03-02 02:29:17.810226 Epoch [054/054], with lr = 8e-05, Step [0050/0050],                        [loss_record5: 0.3479]
2021-03-02 02:29:35.618 | INFO     | network.models.trainer:fit:245 - 2021-03-02 02:29:35.618564 Epoch [055/055], with lr = 8e-05, Step [0025/0050],                        [loss_record5: 0.3193]
2021-03-02 02:29:53.320 | INFO     | network.models.trainer:fit:245 - 2021-03-02 02:29:53.320490 Epoch [055/055], with lr = 8e-05, Step [0050/0050],                        [loss_record5: 0.3023]
2021-03-02 02:30:10.958 | INFO     | network.models.trainer:fit:245 - 2021-03-02 02:30:10.957916 Epoch [056/056], with lr = 8e-05, Step [0025/0050],                        [loss_record5: 0.3625]
2021-03-02 02:30:28.878 | INFO     | network.models.trainer:fit:245 - 2021-03-02 02:30:28.878615 Epoch [056/056], with lr = 8e-05, Step [0050/0050],                        [loss_record5: 0.3592]
2021-03-02 02:30:46.755 | INFO     | network.models.trainer:fit:245 - 2021-03-02 02:30:46.755382 Epoch [057/057], with lr = 8e-05, Step [0025/0050],                        [loss_record5: 0.3232]
2021-03-02 02:31:04.393 | INFO     | network.models.trainer:fit:245 - 2021-03-02 02:31:04.393202 Epoch [057/057], with lr = 8e-05, Step [0050/0050],                        [loss_record5: 0.3175]
2021-03-02 02:31:22.193 | INFO     | network.models.trainer:fit:245 - 2021-03-02 02:31:22.193156 Epoch [058/058], with lr = 8e-05, Step [0025/0050],                        [loss_record5: 0.3013]
2021-03-02 02:31:40.031 | INFO     | network.models.trainer:fit:245 - 2021-03-02 02:31:40.031509 Epoch [058/058], with lr = 8e-05, Step [0050/0050],                        [loss_record5: 0.3164]
2021-03-02 02:31:57.814 | INFO     | network.models.trainer:fit:245 - 2021-03-02 02:31:57.814652 Epoch [059/059], with lr = 8e-05, Step [0025/0050],                        [loss_record5: 0.3088]
2021-03-02 02:32:15.659 | INFO     | network.models.trainer:fit:245 - 2021-03-02 02:32:15.659236 Epoch [059/059], with lr = 8e-05, Step [0050/0050],                        [loss_record5: 0.3418]
2021-03-02 02:32:33.344 | INFO     | network.models.trainer:fit:245 - 2021-03-02 02:32:33.344749 Epoch [060/060], with lr = 8e-05, Step [0025/0050],                        [loss_record5: 0.2841]
2021-03-02 02:32:50.958 | INFO     | network.models.trainer:fit:245 - 2021-03-02 02:32:50.957770 Epoch [060/060], with lr = 8e-05, Step [0050/0050],                        [loss_record5: 0.2948]
2021-03-02 02:33:08.731 | INFO     | network.models.trainer:fit:245 - 2021-03-02 02:33:08.731089 Epoch [061/061], with lr = 8e-05, Step [0025/0050],                        [loss_record5: 0.3367]
2021-03-02 02:33:26.544 | INFO     | network.models.trainer:fit:245 - 2021-03-02 02:33:26.544259 Epoch [061/061], with lr = 8e-05, Step [0050/0050],                        [loss_record5: 0.3555]
2021-03-02 02:33:44.315 | INFO     | network.models.trainer:fit:245 - 2021-03-02 02:33:44.315583 Epoch [062/062], with lr = 8e-05, Step [0025/0050],                        [loss_record5: 0.3000]
2021-03-02 02:34:02.157 | INFO     | network.models.trainer:fit:245 - 2021-03-02 02:34:02.156754 Epoch [062/062], with lr = 8e-05, Step [0050/0050],                        [loss_record5: 0.3070]
2021-03-02 02:34:19.949 | INFO     | network.models.trainer:fit:245 - 2021-03-02 02:34:19.948732 Epoch [063/063], with lr = 8e-05, Step [0025/0050],                        [loss_record5: 0.2751]
2021-03-02 02:34:37.759 | INFO     | network.models.trainer:fit:245 - 2021-03-02 02:34:37.759766 Epoch [063/063], with lr = 8e-05, Step [0050/0050],                        [loss_record5: 0.3026]
2021-03-02 02:34:55.442 | INFO     | network.models.trainer:fit:245 - 2021-03-02 02:34:55.442092 Epoch [064/064], with lr = 8e-05, Step [0025/0050],                        [loss_record5: 0.2905]
2021-03-02 02:35:13.212 | INFO     | network.models.trainer:fit:245 - 2021-03-02 02:35:13.212694 Epoch [064/064], with lr = 8e-05, Step [0050/0050],                        [loss_record5: 0.3037]
2021-03-02 02:35:31.094 | INFO     | network.models.trainer:fit:245 - 2021-03-02 02:35:31.094199 Epoch [065/065], with lr = 8e-05, Step [0025/0050],                        [loss_record5: 0.3255]
2021-03-02 02:35:48.829 | INFO     | network.models.trainer:fit:245 - 2021-03-02 02:35:48.829334 Epoch [065/065], with lr = 8e-05, Step [0050/0050],                        [loss_record5: 0.3258]
2021-03-02 02:36:06.566 | INFO     | network.models.trainer:fit:245 - 2021-03-02 02:36:06.566148 Epoch [066/066], with lr = 8e-05, Step [0025/0050],                        [loss_record5: 0.2917]
2021-03-02 02:36:24.429 | INFO     | network.models.trainer:fit:245 - 2021-03-02 02:36:24.429123 Epoch [066/066], with lr = 8e-05, Step [0050/0050],                        [loss_record5: 0.2947]
2021-03-02 02:36:42.285 | INFO     | network.models.trainer:fit:245 - 2021-03-02 02:36:42.285164 Epoch [067/067], with lr = 8e-05, Step [0025/0050],                        [loss_record5: 0.3057]
2021-03-02 02:37:00.062 | INFO     | network.models.trainer:fit:245 - 2021-03-02 02:37:00.062662 Epoch [067/067], with lr = 8e-05, Step [0050/0050],                        [loss_record5: 0.3077]
2021-03-02 02:37:17.695 | INFO     | network.models.trainer:fit:245 - 2021-03-02 02:37:17.695294 Epoch [068/068], with lr = 8e-05, Step [0025/0050],                        [loss_record5: 0.2928]
2021-03-02 02:37:35.519 | INFO     | network.models.trainer:fit:245 - 2021-03-02 02:37:35.519573 Epoch [068/068], with lr = 8e-05, Step [0050/0050],                        [loss_record5: 0.2838]
2021-03-02 02:37:53.446 | INFO     | network.models.trainer:fit:245 - 2021-03-02 02:37:53.446193 Epoch [069/069], with lr = 8e-05, Step [0025/0050],                        [loss_record5: 0.2918]
2021-03-02 02:38:11.294 | INFO     | network.models.trainer:fit:245 - 2021-03-02 02:38:11.294172 Epoch [069/069], with lr = 8e-05, Step [0050/0050],                        [loss_record5: 0.3166]
2021-03-02 02:38:29.067 | INFO     | network.models.trainer:fit:245 - 2021-03-02 02:38:29.067277 Epoch [070/070], with lr = 8e-05, Step [0025/0050],                        [loss_record5: 0.3218]
2021-03-02 02:38:46.716 | INFO     | network.models.trainer:fit:245 - 2021-03-02 02:38:46.716042 Epoch [070/070], with lr = 8e-05, Step [0050/0050],                        [loss_record5: 0.3146]
2021-03-02 02:39:04.522 | INFO     | network.models.trainer:fit:245 - 2021-03-02 02:39:04.522081 Epoch [071/071], with lr = 8e-05, Step [0025/0050],                        [loss_record5: 0.2762]
2021-03-02 02:39:22.363 | INFO     | network.models.trainer:fit:245 - 2021-03-02 02:39:22.362806 Epoch [071/071], with lr = 8e-05, Step [0050/0050],                        [loss_record5: 0.2836]
2021-03-02 02:39:40.247 | INFO     | network.models.trainer:fit:245 - 2021-03-02 02:39:40.247408 Epoch [072/072], with lr = 8e-05, Step [0025/0050],                        [loss_record5: 0.3153]
2021-03-02 02:39:57.909 | INFO     | network.models.trainer:fit:245 - 2021-03-02 02:39:57.909065 Epoch [072/072], with lr = 8e-05, Step [0050/0050],                        [loss_record5: 0.2934]
2021-03-02 02:40:15.653 | INFO     | network.models.trainer:fit:245 - 2021-03-02 02:40:15.653689 Epoch [073/073], with lr = 8e-05, Step [0025/0050],                        [loss_record5: 0.2940]
2021-03-02 02:40:33.391 | INFO     | network.models.trainer:fit:245 - 2021-03-02 02:40:33.390860 Epoch [073/073], with lr = 8e-05, Step [0050/0050],                        [loss_record5: 0.3042]
2021-03-02 02:40:51.185 | INFO     | network.models.trainer:fit:245 - 2021-03-02 02:40:51.185169 Epoch [074/074], with lr = 8e-05, Step [0025/0050],                        [loss_record5: 0.2837]
2021-03-02 02:41:08.976 | INFO     | network.models.trainer:fit:245 - 2021-03-02 02:41:08.976343 Epoch [074/074], with lr = 8e-05, Step [0050/0050],                        [loss_record5: 0.2804]
2021-03-02 02:41:26.834 | INFO     | network.models.trainer:fit:245 - 2021-03-02 02:41:26.833803 Epoch [075/075], with lr = 8e-05, Step [0025/0050],                        [loss_record5: 0.2841]
2021-03-02 02:41:44.553 | INFO     | network.models.trainer:fit:245 - 2021-03-02 02:41:44.552872 Epoch [075/075], with lr = 8e-05, Step [0050/0050],                        [loss_record5: 0.2850]
2021-03-02 02:42:02.510 | INFO     | network.models.trainer:fit:245 - 2021-03-02 02:42:02.510718 Epoch [076/076], with lr = 8e-05, Step [0025/0050],                        [loss_record5: 0.3131]
2021-03-02 02:42:20.276 | INFO     | network.models.trainer:fit:245 - 2021-03-02 02:42:20.276521 Epoch [076/076], with lr = 8e-05, Step [0050/0050],                        [loss_record5: 0.2963]
2021-03-02 02:42:38.020 | INFO     | network.models.trainer:fit:245 - 2021-03-02 02:42:38.020654 Epoch [077/077], with lr = 8e-05, Step [0025/0050],                        [loss_record5: 0.3007]
2021-03-02 02:42:55.912 | INFO     | network.models.trainer:fit:245 - 2021-03-02 02:42:55.911728 Epoch [077/077], with lr = 8e-05, Step [0050/0050],                        [loss_record5: 0.3393]
2021-03-02 02:43:13.644 | INFO     | network.models.trainer:fit:245 - 2021-03-02 02:43:13.643868 Epoch [078/078], with lr = 8e-05, Step [0025/0050],                        [loss_record5: 0.2850]
2021-03-02 02:43:31.623 | INFO     | network.models.trainer:fit:245 - 2021-03-02 02:43:31.623803 Epoch [078/078], with lr = 8e-05, Step [0050/0050],                        [loss_record5: 0.2849]
2021-03-02 02:43:49.482 | INFO     | network.models.trainer:fit:245 - 2021-03-02 02:43:49.482196 Epoch [079/079], with lr = 8e-05, Step [0025/0050],                        [loss_record5: 0.3030]
2021-03-02 02:44:07.330 | INFO     | network.models.trainer:fit:245 - 2021-03-02 02:44:07.330076 Epoch [079/079], with lr = 8e-05, Step [0050/0050],                        [loss_record5: 0.3231]
2021-03-02 02:44:25.320 | INFO     | network.models.trainer:fit:245 - 2021-03-02 02:44:25.319778 Epoch [080/080], with lr = 8e-05, Step [0025/0050],                        [loss_record5: 0.2999]
2021-03-02 02:44:43.075 | INFO     | network.models.trainer:fit:245 - 2021-03-02 02:44:43.075489 Epoch [080/080], with lr = 8e-05, Step [0050/0050],                        [loss_record5: 0.2923]
2021-03-02 02:45:00.995 | INFO     | network.models.trainer:fit:245 - 2021-03-02 02:45:00.995397 Epoch [081/081], with lr = 8e-05, Step [0025/0050],                        [loss_record5: 0.2823]
2021-03-02 02:45:18.561 | INFO     | network.models.trainer:fit:245 - 2021-03-02 02:45:18.561313 Epoch [081/081], with lr = 8e-05, Step [0050/0050],                        [loss_record5: 0.2740]
2021-03-02 02:45:36.304 | INFO     | network.models.trainer:fit:245 - 2021-03-02 02:45:36.303839 Epoch [082/082], with lr = 8e-05, Step [0025/0050],                        [loss_record5: 0.2710]
2021-03-02 02:45:54.159 | INFO     | network.models.trainer:fit:245 - 2021-03-02 02:45:54.159414 Epoch [082/082], with lr = 8e-05, Step [0050/0050],                        [loss_record5: 0.2757]
2021-03-02 02:46:12.117 | INFO     | network.models.trainer:fit:245 - 2021-03-02 02:46:12.117176 Epoch [083/083], with lr = 8e-05, Step [0025/0050],                        [loss_record5: 0.3365]
2021-03-02 02:46:29.805 | INFO     | network.models.trainer:fit:245 - 2021-03-02 02:46:29.805016 Epoch [083/083], with lr = 8e-05, Step [0050/0050],                        [loss_record5: 0.3153]
2021-03-02 02:46:30.232 | INFO     | network.models.trainer:fit:254 - [Saving Snapshot:]/home/admin_mcn/hung/polyp_segmentation/snapshots/TransUnet/PraNetDG-fold2-83.pth
2021-03-02 02:46:47.859 | INFO     | network.models.trainer:fit:245 - 2021-03-02 02:46:47.859017 Epoch [084/084], with lr = 8e-05, Step [0025/0050],                        [loss_record5: 0.2794]
2021-03-02 02:47:05.669 | INFO     | network.models.trainer:fit:245 - 2021-03-02 02:47:05.668773 Epoch [084/084], with lr = 8e-05, Step [0050/0050],                        [loss_record5: 0.3002]
2021-03-02 02:47:23.602 | INFO     | network.models.trainer:fit:245 - 2021-03-02 02:47:23.601874 Epoch [085/085], with lr = 8e-05, Step [0025/0050],                        [loss_record5: 0.3372]
2021-03-02 02:47:41.427 | INFO     | network.models.trainer:fit:245 - 2021-03-02 02:47:41.426945 Epoch [085/085], with lr = 8e-05, Step [0050/0050],                        [loss_record5: 0.3392]
2021-03-02 02:47:59.214 | INFO     | network.models.trainer:fit:245 - 2021-03-02 02:47:59.214346 Epoch [086/086], with lr = 8e-05, Step [0025/0050],                        [loss_record5: 0.3162]
2021-03-02 02:48:16.980 | INFO     | network.models.trainer:fit:245 - 2021-03-02 02:48:16.980694 Epoch [086/086], with lr = 8e-05, Step [0050/0050],                        [loss_record5: 0.3216]
2021-03-02 02:48:17.403 | INFO     | network.models.trainer:fit:254 - [Saving Snapshot:]/home/admin_mcn/hung/polyp_segmentation/snapshots/TransUnet/PraNetDG-fold2-86.pth
2021-03-02 02:48:35.197 | INFO     | network.models.trainer:fit:245 - 2021-03-02 02:48:35.197430 Epoch [087/087], with lr = 8e-05, Step [0025/0050],                        [loss_record5: 0.3343]
2021-03-02 02:48:52.864 | INFO     | network.models.trainer:fit:245 - 2021-03-02 02:48:52.864244 Epoch [087/087], with lr = 8e-05, Step [0050/0050],                        [loss_record5: 0.3438]
2021-03-02 02:49:10.537 | INFO     | network.models.trainer:fit:245 - 2021-03-02 02:49:10.537324 Epoch [088/088], with lr = 8e-05, Step [0025/0050],                        [loss_record5: 0.2975]
2021-03-02 02:49:28.447 | INFO     | network.models.trainer:fit:245 - 2021-03-02 02:49:28.446794 Epoch [088/088], with lr = 8e-05, Step [0050/0050],                        [loss_record5: 0.2765]
2021-03-02 02:49:46.207 | INFO     | network.models.trainer:fit:245 - 2021-03-02 02:49:46.207574 Epoch [089/089], with lr = 8e-05, Step [0025/0050],                        [loss_record5: 0.3130]
2021-03-02 02:50:04.046 | INFO     | network.models.trainer:fit:245 - 2021-03-02 02:50:04.045954 Epoch [089/089], with lr = 8e-05, Step [0050/0050],                        [loss_record5: 0.3213]
2021-03-02 02:50:04.480 | INFO     | network.models.trainer:fit:254 - [Saving Snapshot:]/home/admin_mcn/hung/polyp_segmentation/snapshots/TransUnet/PraNetDG-fold2-89.pth
2021-03-02 02:50:22.191 | INFO     | network.models.trainer:fit:245 - 2021-03-02 02:50:22.191736 Epoch [090/090], with lr = 8e-05, Step [0025/0050],                        [loss_record5: 0.2927]
2021-03-02 02:50:40.047 | INFO     | network.models.trainer:fit:245 - 2021-03-02 02:50:40.047702 Epoch [090/090], with lr = 8e-05, Step [0050/0050],                        [loss_record5: 0.2648]
2021-03-02 02:50:57.941 | INFO     | network.models.trainer:fit:245 - 2021-03-02 02:50:57.941701 Epoch [091/091], with lr = 8e-05, Step [0025/0050],                        [loss_record5: 0.3296]
2021-03-02 02:51:15.730 | INFO     | network.models.trainer:fit:245 - 2021-03-02 02:51:15.730668 Epoch [091/091], with lr = 8e-05, Step [0050/0050],                        [loss_record5: 0.3010]
2021-03-02 02:51:33.570 | INFO     | network.models.trainer:fit:245 - 2021-03-02 02:51:33.570104 Epoch [092/092], with lr = 8e-05, Step [0025/0050],                        [loss_record5: 0.3117]
2021-03-02 02:51:51.313 | INFO     | network.models.trainer:fit:245 - 2021-03-02 02:51:51.313525 Epoch [092/092], with lr = 8e-05, Step [0050/0050],                        [loss_record5: 0.3037]
2021-03-02 02:51:51.754 | INFO     | network.models.trainer:fit:254 - [Saving Snapshot:]/home/admin_mcn/hung/polyp_segmentation/snapshots/TransUnet/PraNetDG-fold2-92.pth
2021-03-02 02:52:09.487 | INFO     | network.models.trainer:fit:245 - 2021-03-02 02:52:09.486847 Epoch [093/093], with lr = 8e-05, Step [0025/0050],                        [loss_record5: 0.2839]
2021-03-02 02:52:27.240 | INFO     | network.models.trainer:fit:245 - 2021-03-02 02:52:27.240570 Epoch [093/093], with lr = 8e-05, Step [0050/0050],                        [loss_record5: 0.2946]
2021-03-02 02:52:44.996 | INFO     | network.models.trainer:fit:245 - 2021-03-02 02:52:44.996206 Epoch [094/094], with lr = 8e-05, Step [0025/0050],                        [loss_record5: 0.2681]
2021-03-02 02:53:02.865 | INFO     | network.models.trainer:fit:245 - 2021-03-02 02:53:02.865216 Epoch [094/094], with lr = 8e-05, Step [0050/0050],                        [loss_record5: 0.2773]
2021-03-02 02:53:20.695 | INFO     | network.models.trainer:fit:245 - 2021-03-02 02:53:20.695136 Epoch [095/095], with lr = 8e-05, Step [0025/0050],                        [loss_record5: 0.2826]
2021-03-02 02:53:38.528 | INFO     | network.models.trainer:fit:245 - 2021-03-02 02:53:38.528420 Epoch [095/095], with lr = 8e-05, Step [0050/0050],                        [loss_record5: 0.2744]
2021-03-02 02:53:38.959 | INFO     | network.models.trainer:fit:254 - [Saving Snapshot:]/home/admin_mcn/hung/polyp_segmentation/snapshots/TransUnet/PraNetDG-fold2-95.pth
2021-03-02 02:53:56.699 | INFO     | network.models.trainer:fit:245 - 2021-03-02 02:53:56.699549 Epoch [096/096], with lr = 8e-05, Step [0025/0050],                        [loss_record5: 0.2580]
2021-03-02 02:54:14.535 | INFO     | network.models.trainer:fit:245 - 2021-03-02 02:54:14.534914 Epoch [096/096], with lr = 8e-05, Step [0050/0050],                        [loss_record5: 0.2749]
2021-03-02 02:54:32.367 | INFO     | network.models.trainer:fit:245 - 2021-03-02 02:54:32.366914 Epoch [097/097], with lr = 8e-05, Step [0025/0050],                        [loss_record5: 0.2847]
2021-03-02 02:54:50.211 | INFO     | network.models.trainer:fit:245 - 2021-03-02 02:54:50.211689 Epoch [097/097], with lr = 8e-05, Step [0050/0050],                        [loss_record5: 0.3206]
2021-03-02 02:55:08.022 | INFO     | network.models.trainer:fit:245 - 2021-03-02 02:55:08.022280 Epoch [098/098], with lr = 8e-05, Step [0025/0050],                        [loss_record5: 0.3322]
2021-03-02 02:55:25.724 | INFO     | network.models.trainer:fit:245 - 2021-03-02 02:55:25.724189 Epoch [098/098], with lr = 8e-05, Step [0050/0050],                        [loss_record5: 0.3423]
2021-03-02 02:55:26.156 | INFO     | network.models.trainer:fit:254 - [Saving Snapshot:]/home/admin_mcn/hung/polyp_segmentation/snapshots/TransUnet/PraNetDG-fold2-98.pth
2021-03-02 02:55:44.046 | INFO     | network.models.trainer:fit:245 - 2021-03-02 02:55:44.045914 Epoch [099/099], with lr = 8e-05, Step [0025/0050],                        [loss_record5: 0.3317]
2021-03-02 02:56:01.792 | INFO     | network.models.trainer:fit:245 - 2021-03-02 02:56:01.792171 Epoch [099/099], with lr = 8e-05, Step [0050/0050],                        [loss_record5: 0.3437]
2021-03-02 02:56:19.452 | INFO     | network.models.trainer:fit:245 - 2021-03-02 02:56:19.452595 Epoch [100/100], with lr = 8e-05, Step [0025/0050],                        [loss_record5: 0.2463]
2021-03-02 02:56:37.291 | INFO     | network.models.trainer:fit:245 - 2021-03-02 02:56:37.291428 Epoch [100/100], with lr = 8e-05, Step [0050/0050],                        [loss_record5: 0.2728]
2021-03-02 02:56:55.035 | INFO     | network.models.trainer:fit:245 - 2021-03-02 02:56:55.035317 Epoch [101/101], with lr = 8e-05, Step [0025/0050],                        [loss_record5: 0.2596]
2021-03-02 02:57:12.964 | INFO     | network.models.trainer:fit:245 - 2021-03-02 02:57:12.964687 Epoch [101/101], with lr = 8e-05, Step [0050/0050],                        [loss_record5: 0.2781]
2021-03-02 02:57:13.394 | INFO     | network.models.trainer:fit:254 - [Saving Snapshot:]/home/admin_mcn/hung/polyp_segmentation/snapshots/TransUnet/PraNetDG-fold2-101.pth
2021-03-02 02:57:31.234 | INFO     | network.models.trainer:fit:245 - 2021-03-02 02:57:31.234038 Epoch [102/102], with lr = 8e-05, Step [0025/0050],                        [loss_record5: 0.2645]
2021-03-02 02:57:49.014 | INFO     | network.models.trainer:fit:245 - 2021-03-02 02:57:49.014110 Epoch [102/102], with lr = 8e-05, Step [0050/0050],                        [loss_record5: 0.2627]
2021-03-02 02:58:06.647 | INFO     | network.models.trainer:fit:245 - 2021-03-02 02:58:06.647065 Epoch [103/103], with lr = 8e-05, Step [0025/0050],                        [loss_record5: 0.2847]
2021-03-02 02:58:24.486 | INFO     | network.models.trainer:fit:245 - 2021-03-02 02:58:24.486634 Epoch [103/103], with lr = 8e-05, Step [0050/0050],                        [loss_record5: 0.2769]
2021-03-02 02:58:42.193 | INFO     | network.models.trainer:fit:245 - 2021-03-02 02:58:42.193020 Epoch [104/104], with lr = 8e-05, Step [0025/0050],                        [loss_record5: 0.3212]
2021-03-02 02:58:59.958 | INFO     | network.models.trainer:fit:245 - 2021-03-02 02:58:59.957990 Epoch [104/104], with lr = 8e-05, Step [0050/0050],                        [loss_record5: 0.3101]
2021-03-02 02:59:00.389 | INFO     | network.models.trainer:fit:254 - [Saving Snapshot:]/home/admin_mcn/hung/polyp_segmentation/snapshots/TransUnet/PraNetDG-fold2-104.pth
2021-03-02 02:59:18.014 | INFO     | network.models.trainer:fit:245 - 2021-03-02 02:59:18.014157 Epoch [105/105], with lr = 8e-05, Step [0025/0050],                        [loss_record5: 0.2536]
2021-03-02 02:59:35.939 | INFO     | network.models.trainer:fit:245 - 2021-03-02 02:59:35.938872 Epoch [105/105], with lr = 8e-05, Step [0050/0050],                        [loss_record5: 0.2499]
2021-03-02 02:59:53.721 | INFO     | network.models.trainer:fit:245 - 2021-03-02 02:59:53.721742 Epoch [106/106], with lr = 8e-05, Step [0025/0050],                        [loss_record5: 0.2750]
2021-03-02 03:00:11.506 | INFO     | network.models.trainer:fit:245 - 2021-03-02 03:00:11.505869 Epoch [106/106], with lr = 8e-05, Step [0050/0050],                        [loss_record5: 0.3004]
2021-03-02 03:00:29.214 | INFO     | network.models.trainer:fit:245 - 2021-03-02 03:00:29.213948 Epoch [107/107], with lr = 8e-05, Step [0025/0050],                        [loss_record5: 0.3260]
2021-03-02 03:00:47.024 | INFO     | network.models.trainer:fit:245 - 2021-03-02 03:00:47.024650 Epoch [107/107], with lr = 8e-05, Step [0050/0050],                        [loss_record5: 0.2967]
2021-03-02 03:00:47.467 | INFO     | network.models.trainer:fit:254 - [Saving Snapshot:]/home/admin_mcn/hung/polyp_segmentation/snapshots/TransUnet/PraNetDG-fold2-107.pth
2021-03-02 03:01:05.187 | INFO     | network.models.trainer:fit:245 - 2021-03-02 03:01:05.186968 Epoch [108/108], with lr = 8e-05, Step [0025/0050],                        [loss_record5: 0.3109]
2021-03-02 03:01:22.797 | INFO     | network.models.trainer:fit:245 - 2021-03-02 03:01:22.796927 Epoch [108/108], with lr = 8e-05, Step [0050/0050],                        [loss_record5: 0.3197]
2021-03-02 03:01:40.548 | INFO     | network.models.trainer:fit:245 - 2021-03-02 03:01:40.548405 Epoch [109/109], with lr = 8e-05, Step [0025/0050],                        [loss_record5: 0.3003]
2021-03-02 03:01:58.281 | INFO     | network.models.trainer:fit:245 - 2021-03-02 03:01:58.281092 Epoch [109/109], with lr = 8e-05, Step [0050/0050],                        [loss_record5: 0.2789]
2021-03-02 03:02:16.091 | INFO     | network.models.trainer:fit:245 - 2021-03-02 03:02:16.090931 Epoch [110/110], with lr = 8e-05, Step [0025/0050],                        [loss_record5: 0.2845]
2021-03-02 03:02:33.738 | INFO     | network.models.trainer:fit:245 - 2021-03-02 03:02:33.738528 Epoch [110/110], with lr = 8e-05, Step [0050/0050],                        [loss_record5: 0.3041]
2021-03-02 03:02:34.176 | INFO     | network.models.trainer:fit:254 - [Saving Snapshot:]/home/admin_mcn/hung/polyp_segmentation/snapshots/TransUnet/PraNetDG-fold2-110.pth
2021-03-02 03:02:51.999 | INFO     | network.models.trainer:fit:245 - 2021-03-02 03:02:51.999036 Epoch [111/111], with lr = 8e-05, Step [0025/0050],                        [loss_record5: 0.2944]
2021-03-02 03:03:09.839 | INFO     | network.models.trainer:fit:245 - 2021-03-02 03:03:09.839535 Epoch [111/111], with lr = 8e-05, Step [0050/0050],                        [loss_record5: 0.2813]
2021-03-02 03:03:27.644 | INFO     | network.models.trainer:fit:245 - 2021-03-02 03:03:27.644118 Epoch [112/112], with lr = 8e-05, Step [0025/0050],                        [loss_record5: 0.2654]
2021-03-02 03:03:45.388 | INFO     | network.models.trainer:fit:245 - 2021-03-02 03:03:45.388627 Epoch [112/112], with lr = 8e-05, Step [0050/0050],                        [loss_record5: 0.2756]
2021-03-02 03:04:03.145 | INFO     | network.models.trainer:fit:245 - 2021-03-02 03:04:03.144923 Epoch [113/113], with lr = 8e-05, Step [0025/0050],                        [loss_record5: 0.2922]
2021-03-02 03:04:21.169 | INFO     | network.models.trainer:fit:245 - 2021-03-02 03:04:21.168801 Epoch [113/113], with lr = 8e-05, Step [0050/0050],                        [loss_record5: 0.2920]
2021-03-02 03:04:21.633 | INFO     | network.models.trainer:fit:254 - [Saving Snapshot:]/home/admin_mcn/hung/polyp_segmentation/snapshots/TransUnet/PraNetDG-fold2-113.pth
2021-03-02 03:04:39.402 | INFO     | network.models.trainer:fit:245 - 2021-03-02 03:04:39.401796 Epoch [114/114], with lr = 8e-05, Step [0025/0050],                        [loss_record5: 0.2834]
2021-03-02 03:04:57.064 | INFO     | network.models.trainer:fit:245 - 2021-03-02 03:04:57.063986 Epoch [114/114], with lr = 8e-05, Step [0050/0050],                        [loss_record5: 0.2744]
2021-03-02 03:05:14.819 | INFO     | network.models.trainer:fit:245 - 2021-03-02 03:05:14.819536 Epoch [115/115], with lr = 8e-05, Step [0025/0050],                        [loss_record5: 0.2688]
2021-03-02 03:05:32.746 | INFO     | network.models.trainer:fit:245 - 2021-03-02 03:05:32.746467 Epoch [115/115], with lr = 8e-05, Step [0050/0050],                        [loss_record5: 0.2798]
2021-03-02 03:05:50.489 | INFO     | network.models.trainer:fit:245 - 2021-03-02 03:05:50.489290 Epoch [116/116], with lr = 8e-05, Step [0025/0050],                        [loss_record5: 0.3133]
2021-03-02 03:06:08.280 | INFO     | network.models.trainer:fit:245 - 2021-03-02 03:06:08.280425 Epoch [116/116], with lr = 8e-05, Step [0050/0050],                        [loss_record5: 0.2867]
2021-03-02 03:06:08.727 | INFO     | network.models.trainer:fit:254 - [Saving Snapshot:]/home/admin_mcn/hung/polyp_segmentation/snapshots/TransUnet/PraNetDG-fold2-116.pth
2021-03-02 03:06:26.540 | INFO     | network.models.trainer:fit:245 - 2021-03-02 03:06:26.540321 Epoch [117/117], with lr = 8e-05, Step [0025/0050],                        [loss_record5: 0.2875]
2021-03-02 03:06:44.380 | INFO     | network.models.trainer:fit:245 - 2021-03-02 03:06:44.380157 Epoch [117/117], with lr = 8e-05, Step [0050/0050],                        [loss_record5: 0.2972]
2021-03-02 03:07:02.236 | INFO     | network.models.trainer:fit:245 - 2021-03-02 03:07:02.235735 Epoch [118/118], with lr = 8e-05, Step [0025/0050],                        [loss_record5: 0.2848]
2021-03-02 03:07:20.054 | INFO     | network.models.trainer:fit:245 - 2021-03-02 03:07:20.054084 Epoch [118/118], with lr = 8e-05, Step [0050/0050],                        [loss_record5: 0.2730]
2021-03-02 03:07:37.846 | INFO     | network.models.trainer:fit:245 - 2021-03-02 03:07:37.846013 Epoch [119/119], with lr = 8e-05, Step [0025/0050],                        [loss_record5: 0.2653]
2021-03-02 03:07:55.492 | INFO     | network.models.trainer:fit:245 - 2021-03-02 03:07:55.491925 Epoch [119/119], with lr = 8e-05, Step [0050/0050],                        [loss_record5: 0.2509]
2021-03-02 03:07:55.947 | INFO     | network.models.trainer:fit:254 - [Saving Snapshot:]/home/admin_mcn/hung/polyp_segmentation/snapshots/TransUnet/PraNetDG-fold2-119.pth
2021-03-02 03:08:13.737 | INFO     | network.models.trainer:fit:245 - 2021-03-02 03:08:13.737513 Epoch [120/120], with lr = 8e-05, Step [0025/0050],                        [loss_record5: 0.2466]
2021-03-02 03:08:31.619 | INFO     | network.models.trainer:fit:245 - 2021-03-02 03:08:31.619454 Epoch [120/120], with lr = 8e-05, Step [0050/0050],                        [loss_record5: 0.2662]
2021-03-02 03:08:49.406 | INFO     | network.models.trainer:fit:245 - 2021-03-02 03:08:49.405909 Epoch [121/121], with lr = 8e-05, Step [0025/0050],                        [loss_record5: 0.2420]
2021-03-02 03:09:07.192 | INFO     | network.models.trainer:fit:245 - 2021-03-02 03:09:07.192177 Epoch [121/121], with lr = 8e-05, Step [0050/0050],                        [loss_record5: 0.2722]
2021-03-02 03:09:25.135 | INFO     | network.models.trainer:fit:245 - 2021-03-02 03:09:25.134819 Epoch [122/122], with lr = 8e-05, Step [0025/0050],                        [loss_record5: 0.2834]
2021-03-02 03:09:42.915 | INFO     | network.models.trainer:fit:245 - 2021-03-02 03:09:42.915150 Epoch [122/122], with lr = 8e-05, Step [0050/0050],                        [loss_record5: 0.2651]
2021-03-02 03:09:43.373 | INFO     | network.models.trainer:fit:254 - [Saving Snapshot:]/home/admin_mcn/hung/polyp_segmentation/snapshots/TransUnet/PraNetDG-fold2-122.pth
2021-03-02 03:10:01.249 | INFO     | network.models.trainer:fit:245 - 2021-03-02 03:10:01.249509 Epoch [123/123], with lr = 8e-05, Step [0025/0050],                        [loss_record5: 0.2957]
2021-03-02 03:10:18.906 | INFO     | network.models.trainer:fit:245 - 2021-03-02 03:10:18.906169 Epoch [123/123], with lr = 8e-05, Step [0050/0050],                        [loss_record5: 0.3190]
2021-03-02 03:10:36.688 | INFO     | network.models.trainer:fit:245 - 2021-03-02 03:10:36.688187 Epoch [124/124], with lr = 8e-05, Step [0025/0050],                        [loss_record5: 0.2625]
2021-03-02 03:10:54.447 | INFO     | network.models.trainer:fit:245 - 2021-03-02 03:10:54.446909 Epoch [124/124], with lr = 8e-05, Step [0050/0050],                        [loss_record5: 0.2474]
2021-03-02 03:11:12.238 | INFO     | network.models.trainer:fit:245 - 2021-03-02 03:11:12.238562 Epoch [125/125], with lr = 8e-05, Step [0025/0050],                        [loss_record5: 0.2567]
2021-03-02 03:11:30.039 | INFO     | network.models.trainer:fit:245 - 2021-03-02 03:11:30.039401 Epoch [125/125], with lr = 8e-05, Step [0050/0050],                        [loss_record5: 0.3178]
2021-03-02 03:11:30.478 | INFO     | network.models.trainer:fit:254 - [Saving Snapshot:]/home/admin_mcn/hung/polyp_segmentation/snapshots/TransUnet/PraNetDG-fold2-125.pth
2021-03-02 03:11:47.982 | INFO     | network.models.trainer:fit:245 - 2021-03-02 03:11:47.982277 Epoch [126/126], with lr = 8e-05, Step [0025/0050],                        [loss_record5: 0.2660]
2021-03-02 03:12:05.859 | INFO     | network.models.trainer:fit:245 - 2021-03-02 03:12:05.859773 Epoch [126/126], with lr = 8e-05, Step [0050/0050],                        [loss_record5: 0.2801]
2021-03-02 03:12:23.726 | INFO     | network.models.trainer:fit:245 - 2021-03-02 03:12:23.726777 Epoch [127/127], with lr = 8e-05, Step [0025/0050],                        [loss_record5: 0.2963]
2021-03-02 03:12:41.444 | INFO     | network.models.trainer:fit:245 - 2021-03-02 03:12:41.444383 Epoch [127/127], with lr = 8e-05, Step [0050/0050],                        [loss_record5: 0.2833]
2021-03-02 03:12:59.213 | INFO     | network.models.trainer:fit:245 - 2021-03-02 03:12:59.213339 Epoch [128/128], with lr = 8e-05, Step [0025/0050],                        [loss_record5: 0.2496]
2021-03-02 03:13:17.018 | INFO     | network.models.trainer:fit:245 - 2021-03-02 03:13:17.018720 Epoch [128/128], with lr = 8e-05, Step [0050/0050],                        [loss_record5: 0.2557]
2021-03-02 03:13:17.471 | INFO     | network.models.trainer:fit:254 - [Saving Snapshot:]/home/admin_mcn/hung/polyp_segmentation/snapshots/TransUnet/PraNetDG-fold2-128.pth
2021-03-02 03:13:35.162 | INFO     | network.models.trainer:fit:245 - 2021-03-02 03:13:35.162664 Epoch [129/129], with lr = 8e-05, Step [0025/0050],                        [loss_record5: 0.2781]
2021-03-02 03:13:52.991 | INFO     | network.models.trainer:fit:245 - 2021-03-02 03:13:52.991586 Epoch [129/129], with lr = 8e-05, Step [0050/0050],                        [loss_record5: 0.2719]
2021-03-02 03:14:10.687 | INFO     | network.models.trainer:fit:245 - 2021-03-02 03:14:10.687094 Epoch [130/130], with lr = 8e-05, Step [0025/0050],                        [loss_record5: 0.3335]
2021-03-02 03:14:28.530 | INFO     | network.models.trainer:fit:245 - 2021-03-02 03:14:28.529920 Epoch [130/130], with lr = 8e-05, Step [0050/0050],                        [loss_record5: 0.2804]
2021-03-02 03:14:46.245 | INFO     | network.models.trainer:fit:245 - 2021-03-02 03:14:46.245342 Epoch [131/131], with lr = 8e-05, Step [0025/0050],                        [loss_record5: 0.3110]
2021-03-02 03:15:04.036 | INFO     | network.models.trainer:fit:245 - 2021-03-02 03:15:04.036225 Epoch [131/131], with lr = 8e-05, Step [0050/0050],                        [loss_record5: 0.3002]
2021-03-02 03:15:04.481 | INFO     | network.models.trainer:fit:254 - [Saving Snapshot:]/home/admin_mcn/hung/polyp_segmentation/snapshots/TransUnet/PraNetDG-fold2-131.pth
2021-03-02 03:15:22.209 | INFO     | network.models.trainer:fit:245 - 2021-03-02 03:15:22.209520 Epoch [132/132], with lr = 8e-05, Step [0025/0050],                        [loss_record5: 0.3445]
2021-03-02 03:15:39.830 | INFO     | network.models.trainer:fit:245 - 2021-03-02 03:15:39.830662 Epoch [132/132], with lr = 8e-05, Step [0050/0050],                        [loss_record5: 0.3241]
2021-03-02 03:15:57.410 | INFO     | network.models.trainer:fit:245 - 2021-03-02 03:15:57.410555 Epoch [133/133], with lr = 8e-05, Step [0025/0050],                        [loss_record5: 0.2987]
2021-03-02 03:16:15.360 | INFO     | network.models.trainer:fit:245 - 2021-03-02 03:16:15.360303 Epoch [133/133], with lr = 8e-05, Step [0050/0050],                        [loss_record5: 0.2789]
2021-03-02 03:16:33.114 | INFO     | network.models.trainer:fit:245 - 2021-03-02 03:16:33.114625 Epoch [134/134], with lr = 8e-05, Step [0025/0050],                        [loss_record5: 0.2903]
2021-03-02 03:16:50.913 | INFO     | network.models.trainer:fit:245 - 2021-03-02 03:16:50.912880 Epoch [134/134], with lr = 8e-05, Step [0050/0050],                        [loss_record5: 0.2647]
2021-03-02 03:16:51.450 | INFO     | network.models.trainer:fit:254 - [Saving Snapshot:]/home/admin_mcn/hung/polyp_segmentation/snapshots/TransUnet/PraNetDG-fold2-134.pth
2021-03-02 03:17:09.264 | INFO     | network.models.trainer:fit:245 - 2021-03-02 03:17:09.264161 Epoch [135/135], with lr = 8e-05, Step [0025/0050],                        [loss_record5: 0.2731]
2021-03-02 03:17:27.021 | INFO     | network.models.trainer:fit:245 - 2021-03-02 03:17:27.021184 Epoch [135/135], with lr = 8e-05, Step [0050/0050],                        [loss_record5: 0.2725]
2021-03-02 03:17:44.762 | INFO     | network.models.trainer:fit:245 - 2021-03-02 03:17:44.761876 Epoch [136/136], with lr = 8e-05, Step [0025/0050],                        [loss_record5: 0.2801]
2021-03-02 03:18:02.649 | INFO     | network.models.trainer:fit:245 - 2021-03-02 03:18:02.649545 Epoch [136/136], with lr = 8e-05, Step [0050/0050],                        [loss_record5: 0.2589]
2021-03-02 03:18:20.546 | INFO     | network.models.trainer:fit:245 - 2021-03-02 03:18:20.546735 Epoch [137/137], with lr = 8e-05, Step [0025/0050],                        [loss_record5: 0.2822]
2021-03-02 03:18:38.257 | INFO     | network.models.trainer:fit:245 - 2021-03-02 03:18:38.257609 Epoch [137/137], with lr = 8e-05, Step [0050/0050],                        [loss_record5: 0.2793]
2021-03-02 03:18:38.705 | INFO     | network.models.trainer:fit:254 - [Saving Snapshot:]/home/admin_mcn/hung/polyp_segmentation/snapshots/TransUnet/PraNetDG-fold2-137.pth
2021-03-02 03:18:56.437 | INFO     | network.models.trainer:fit:245 - 2021-03-02 03:18:56.437375 Epoch [138/138], with lr = 8e-05, Step [0025/0050],                        [loss_record5: 0.2333]
2021-03-02 03:19:14.292 | INFO     | network.models.trainer:fit:245 - 2021-03-02 03:19:14.292395 Epoch [138/138], with lr = 8e-05, Step [0050/0050],                        [loss_record5: 0.2723]
2021-03-02 03:19:32.085 | INFO     | network.models.trainer:fit:245 - 2021-03-02 03:19:32.085294 Epoch [139/139], with lr = 8e-05, Step [0025/0050],                        [loss_record5: 0.2934]
2021-03-02 03:19:49.869 | INFO     | network.models.trainer:fit:245 - 2021-03-02 03:19:49.869161 Epoch [139/139], with lr = 8e-05, Step [0050/0050],                        [loss_record5: 0.3056]
2021-03-02 03:20:07.623 | INFO     | network.models.trainer:fit:245 - 2021-03-02 03:20:07.622931 Epoch [140/140], with lr = 8e-05, Step [0025/0050],                        [loss_record5: 0.2697]
2021-03-02 03:20:25.236 | INFO     | network.models.trainer:fit:245 - 2021-03-02 03:20:25.236044 Epoch [140/140], with lr = 8e-05, Step [0050/0050],                        [loss_record5: 0.2540]
2021-03-02 03:20:25.672 | INFO     | network.models.trainer:fit:254 - [Saving Snapshot:]/home/admin_mcn/hung/polyp_segmentation/snapshots/TransUnet/PraNetDG-fold2-140.pth
2021-03-02 03:20:43.496 | INFO     | network.models.trainer:fit:245 - 2021-03-02 03:20:43.496619 Epoch [141/141], with lr = 8e-05, Step [0025/0050],                        [loss_record5: 0.2551]
2021-03-02 03:21:01.273 | INFO     | network.models.trainer:fit:245 - 2021-03-02 03:21:01.273003 Epoch [141/141], with lr = 8e-05, Step [0050/0050],                        [loss_record5: 0.2667]
2021-03-02 03:21:19.124 | INFO     | network.models.trainer:fit:245 - 2021-03-02 03:21:19.124127 Epoch [142/142], with lr = 8e-05, Step [0025/0050],                        [loss_record5: 0.2866]
2021-03-02 03:21:36.797 | INFO     | network.models.trainer:fit:245 - 2021-03-02 03:21:36.796726 Epoch [142/142], with lr = 8e-05, Step [0050/0050],                        [loss_record5: 0.2814]
2021-03-02 03:21:54.599 | INFO     | network.models.trainer:fit:245 - 2021-03-02 03:21:54.599233 Epoch [143/143], with lr = 8e-05, Step [0025/0050],                        [loss_record5: 0.2787]
2021-03-02 03:22:12.379 | INFO     | network.models.trainer:fit:245 - 2021-03-02 03:22:12.379273 Epoch [143/143], with lr = 8e-05, Step [0050/0050],                        [loss_record5: 0.2822]
2021-03-02 03:22:12.822 | INFO     | network.models.trainer:fit:254 - [Saving Snapshot:]/home/admin_mcn/hung/polyp_segmentation/snapshots/TransUnet/PraNetDG-fold2-143.pth
2021-03-02 03:22:30.551 | INFO     | network.models.trainer:fit:245 - 2021-03-02 03:22:30.551297 Epoch [144/144], with lr = 8e-05, Step [0025/0050],                        [loss_record5: 0.3130]
2021-03-02 03:22:48.338 | INFO     | network.models.trainer:fit:245 - 2021-03-02 03:22:48.338695 Epoch [144/144], with lr = 8e-05, Step [0050/0050],                        [loss_record5: 0.3973]
2021-03-02 03:23:06.240 | INFO     | network.models.trainer:fit:245 - 2021-03-02 03:23:06.240469 Epoch [145/145], with lr = 8e-05, Step [0025/0050],                        [loss_record5: 0.3485]
2021-03-02 03:23:23.857 | INFO     | network.models.trainer:fit:245 - 2021-03-02 03:23:23.856871 Epoch [145/145], with lr = 8e-05, Step [0050/0050],                        [loss_record5: 0.3026]
2021-03-02 03:23:41.492 | INFO     | network.models.trainer:fit:245 - 2021-03-02 03:23:41.492524 Epoch [146/146], with lr = 8e-05, Step [0025/0050],                        [loss_record5: 0.3344]
2021-03-02 03:23:59.403 | INFO     | network.models.trainer:fit:245 - 2021-03-02 03:23:59.403364 Epoch [146/146], with lr = 8e-05, Step [0050/0050],                        [loss_record5: 0.3426]
2021-03-02 03:23:59.843 | INFO     | network.models.trainer:fit:254 - [Saving Snapshot:]/home/admin_mcn/hung/polyp_segmentation/snapshots/TransUnet/PraNetDG-fold2-146.pth
2021-03-02 03:24:17.414 | INFO     | network.models.trainer:fit:245 - 2021-03-02 03:24:17.414217 Epoch [147/147], with lr = 8e-05, Step [0025/0050],                        [loss_record5: 0.3241]
2021-03-02 03:24:35.314 | INFO     | network.models.trainer:fit:245 - 2021-03-02 03:24:35.314630 Epoch [147/147], with lr = 8e-05, Step [0050/0050],                        [loss_record5: 0.3384]
2021-03-02 03:24:53.165 | INFO     | network.models.trainer:fit:245 - 2021-03-02 03:24:53.164959 Epoch [148/148], with lr = 8e-05, Step [0025/0050],                        [loss_record5: 0.2997]
2021-03-02 03:25:10.997 | INFO     | network.models.trainer:fit:245 - 2021-03-02 03:25:10.997139 Epoch [148/148], with lr = 8e-05, Step [0050/0050],                        [loss_record5: 0.2863]
2021-03-02 03:25:28.823 | INFO     | network.models.trainer:fit:245 - 2021-03-02 03:25:28.823342 Epoch [149/149], with lr = 8e-05, Step [0025/0050],                        [loss_record5: 0.2735]
2021-03-02 03:25:46.639 | INFO     | network.models.trainer:fit:245 - 2021-03-02 03:25:46.639425 Epoch [149/149], with lr = 8e-05, Step [0050/0050],                        [loss_record5: 0.2878]
2021-03-02 03:25:47.089 | INFO     | network.models.trainer:fit:254 - [Saving Snapshot:]/home/admin_mcn/hung/polyp_segmentation/snapshots/TransUnet/PraNetDG-fold2-149.pth
2021-03-02 03:26:05.006 | INFO     | network.models.trainer:fit:245 - 2021-03-02 03:26:05.006209 Epoch [150/150], with lr = 8e-05, Step [0025/0050],                        [loss_record5: 0.4196]
2021-03-02 03:26:22.721 | INFO     | network.models.trainer:fit:245 - 2021-03-02 03:26:22.720850 Epoch [150/150], with lr = 8e-05, Step [0050/0050],                        [loss_record5: 0.4481]
2021-03-02 03:26:40.540 | INFO     | network.models.trainer:fit:245 - 2021-03-02 03:26:40.540158 Epoch [151/151], with lr = 8e-05, Step [0025/0050],                        [loss_record5: 0.3627]
2021-03-02 03:26:58.230 | INFO     | network.models.trainer:fit:245 - 2021-03-02 03:26:58.230646 Epoch [151/151], with lr = 8e-05, Step [0050/0050],                        [loss_record5: 0.3498]
2021-03-02 03:27:15.950 | INFO     | network.models.trainer:fit:245 - 2021-03-02 03:27:15.950194 Epoch [152/152], with lr = 8e-05, Step [0025/0050],                        [loss_record5: 0.3183]
2021-03-02 03:27:33.808 | INFO     | network.models.trainer:fit:245 - 2021-03-02 03:27:33.807868 Epoch [152/152], with lr = 8e-05, Step [0050/0050],                        [loss_record5: 0.3515]
2021-03-02 03:27:34.251 | INFO     | network.models.trainer:fit:254 - [Saving Snapshot:]/home/admin_mcn/hung/polyp_segmentation/snapshots/TransUnet/PraNetDG-fold2-152.pth
2021-03-02 03:27:52.073 | INFO     | network.models.trainer:fit:245 - 2021-03-02 03:27:52.073020 Epoch [153/153], with lr = 8e-05, Step [0025/0050],                        [loss_record5: 0.3030]
2021-03-02 03:28:09.796 | INFO     | network.models.trainer:fit:245 - 2021-03-02 03:28:09.796654 Epoch [153/153], with lr = 8e-05, Step [0050/0050],                        [loss_record5: 0.2789]
2021-03-02 03:28:27.591 | INFO     | network.models.trainer:fit:245 - 2021-03-02 03:28:27.591326 Epoch [154/154], with lr = 8e-05, Step [0025/0050],                        [loss_record5: 0.2989]
2021-03-02 03:28:45.487 | INFO     | network.models.trainer:fit:245 - 2021-03-02 03:28:45.487086 Epoch [154/154], with lr = 8e-05, Step [0050/0050],                        [loss_record5: 0.3056]
2021-03-02 03:29:03.263 | INFO     | network.models.trainer:fit:245 - 2021-03-02 03:29:03.263009 Epoch [155/155], with lr = 8e-05, Step [0025/0050],                        [loss_record5: 0.3062]
2021-03-02 03:29:21.114 | INFO     | network.models.trainer:fit:245 - 2021-03-02 03:29:21.114422 Epoch [155/155], with lr = 8e-05, Step [0050/0050],                        [loss_record5: 0.2841]
2021-03-02 03:29:21.553 | INFO     | network.models.trainer:fit:254 - [Saving Snapshot:]/home/admin_mcn/hung/polyp_segmentation/snapshots/TransUnet/PraNetDG-fold2-155.pth
2021-03-02 03:29:39.247 | INFO     | network.models.trainer:fit:245 - 2021-03-02 03:29:39.247346 Epoch [156/156], with lr = 8e-05, Step [0025/0050],                        [loss_record5: 0.2745]
2021-03-02 03:29:57.111 | INFO     | network.models.trainer:fit:245 - 2021-03-02 03:29:57.111595 Epoch [156/156], with lr = 8e-05, Step [0050/0050],                        [loss_record5: 0.3796]
2021-03-02 03:30:14.939 | INFO     | network.models.trainer:fit:245 - 2021-03-02 03:30:14.938915 Epoch [157/157], with lr = 8e-05, Step [0025/0050],                        [loss_record5: 0.3742]
2021-03-02 03:30:32.756 | INFO     | network.models.trainer:fit:245 - 2021-03-02 03:30:32.756213 Epoch [157/157], with lr = 8e-05, Step [0050/0050],                        [loss_record5: 0.3237]
2021-03-02 03:30:50.568 | INFO     | network.models.trainer:fit:245 - 2021-03-02 03:30:50.568331 Epoch [158/158], with lr = 8e-05, Step [0025/0050],                        [loss_record5: 0.2657]
2021-03-02 03:31:08.326 | INFO     | network.models.trainer:fit:245 - 2021-03-02 03:31:08.326669 Epoch [158/158], with lr = 8e-05, Step [0050/0050],                        [loss_record5: 0.3141]
2021-03-02 03:31:08.764 | INFO     | network.models.trainer:fit:254 - [Saving Snapshot:]/home/admin_mcn/hung/polyp_segmentation/snapshots/TransUnet/PraNetDG-fold2-158.pth
2021-03-02 03:31:26.494 | INFO     | network.models.trainer:fit:245 - 2021-03-02 03:31:26.494302 Epoch [159/159], with lr = 8e-05, Step [0025/0050],                        [loss_record5: 0.2948]
2021-03-02 03:31:44.287 | INFO     | network.models.trainer:fit:245 - 2021-03-02 03:31:44.287679 Epoch [159/159], with lr = 8e-05, Step [0050/0050],                        [loss_record5: 0.2905]
2021-03-02 03:32:02.233 | INFO     | network.models.trainer:fit:245 - 2021-03-02 03:32:02.233515 Epoch [160/160], with lr = 8e-05, Step [0025/0050],                        [loss_record5: 0.3033]
2021-03-02 03:32:19.917 | INFO     | network.models.trainer:fit:245 - 2021-03-02 03:32:19.917397 Epoch [160/160], with lr = 8e-05, Step [0050/0050],                        [loss_record5: 0.2794]
2021-03-02 03:32:37.529 | INFO     | network.models.trainer:fit:245 - 2021-03-02 03:32:37.529015 Epoch [161/161], with lr = 8e-05, Step [0025/0050],                        [loss_record5: 0.3171]
2021-03-02 03:32:55.431 | INFO     | network.models.trainer:fit:245 - 2021-03-02 03:32:55.430845 Epoch [161/161], with lr = 8e-05, Step [0050/0050],                        [loss_record5: 0.3199]
2021-03-02 03:32:55.884 | INFO     | network.models.trainer:fit:254 - [Saving Snapshot:]/home/admin_mcn/hung/polyp_segmentation/snapshots/TransUnet/PraNetDG-fold2-161.pth
2021-03-02 03:33:13.621 | INFO     | network.models.trainer:fit:245 - 2021-03-02 03:33:13.621196 Epoch [162/162], with lr = 8e-05, Step [0025/0050],                        [loss_record5: 0.2384]
2021-03-02 03:33:31.494 | INFO     | network.models.trainer:fit:245 - 2021-03-02 03:33:31.494640 Epoch [162/162], with lr = 8e-05, Step [0050/0050],                        [loss_record5: 0.2490]
2021-03-02 03:33:49.202 | INFO     | network.models.trainer:fit:245 - 2021-03-02 03:33:49.202327 Epoch [163/163], with lr = 8e-05, Step [0025/0050],                        [loss_record5: 0.3918]
2021-03-02 03:34:07.114 | INFO     | network.models.trainer:fit:245 - 2021-03-02 03:34:07.114101 Epoch [163/163], with lr = 8e-05, Step [0050/0050],                        [loss_record5: 0.4556]
2021-03-02 03:34:24.773 | INFO     | network.models.trainer:fit:245 - 2021-03-02 03:34:24.773023 Epoch [164/164], with lr = 8e-05, Step [0025/0050],                        [loss_record5: 0.5123]
2021-03-02 03:34:42.615 | INFO     | network.models.trainer:fit:245 - 2021-03-02 03:34:42.615394 Epoch [164/164], with lr = 8e-05, Step [0050/0050],                        [loss_record5: 0.4189]
2021-03-02 03:34:43.077 | INFO     | network.models.trainer:fit:254 - [Saving Snapshot:]/home/admin_mcn/hung/polyp_segmentation/snapshots/TransUnet/PraNetDG-fold2-164.pth
2021-03-02 03:35:00.925 | INFO     | network.models.trainer:fit:245 - 2021-03-02 03:35:00.925253 Epoch [165/165], with lr = 8e-05, Step [0025/0050],                        [loss_record5: 0.3851]
2021-03-02 03:35:18.700 | INFO     | network.models.trainer:fit:245 - 2021-03-02 03:35:18.700745 Epoch [165/165], with lr = 8e-05, Step [0050/0050],                        [loss_record5: 0.3616]
2021-03-02 03:35:36.494 | INFO     | network.models.trainer:fit:245 - 2021-03-02 03:35:36.494211 Epoch [166/166], with lr = 8e-05, Step [0025/0050],                        [loss_record5: 0.2979]
2021-03-02 03:35:54.172 | INFO     | network.models.trainer:fit:245 - 2021-03-02 03:35:54.172402 Epoch [166/166], with lr = 8e-05, Step [0050/0050],                        [loss_record5: 0.3151]
2021-03-02 03:36:11.953 | INFO     | network.models.trainer:fit:245 - 2021-03-02 03:36:11.953552 Epoch [167/167], with lr = 8e-05, Step [0025/0050],                        [loss_record5: 0.2531]
2021-03-02 03:36:29.782 | INFO     | network.models.trainer:fit:245 - 2021-03-02 03:36:29.782004 Epoch [167/167], with lr = 8e-05, Step [0050/0050],                        [loss_record5: 0.2469]
2021-03-02 03:36:30.223 | INFO     | network.models.trainer:fit:254 - [Saving Snapshot:]/home/admin_mcn/hung/polyp_segmentation/snapshots/TransUnet/PraNetDG-fold2-167.pth
2021-03-02 03:36:47.921 | INFO     | network.models.trainer:fit:245 - 2021-03-02 03:36:47.921688 Epoch [168/168], with lr = 8e-05, Step [0025/0050],                        [loss_record5: 0.3236]
2021-03-02 03:37:05.674 | INFO     | network.models.trainer:fit:245 - 2021-03-02 03:37:05.674708 Epoch [168/168], with lr = 8e-05, Step [0050/0050],                        [loss_record5: 0.3321]
2021-03-02 03:37:23.381 | INFO     | network.models.trainer:fit:245 - 2021-03-02 03:37:23.380875 Epoch [169/169], with lr = 8e-05, Step [0025/0050],                        [loss_record5: 0.3099]
2021-03-02 03:37:41.222 | INFO     | network.models.trainer:fit:245 - 2021-03-02 03:37:41.222366 Epoch [169/169], with lr = 8e-05, Step [0050/0050],                        [loss_record5: 0.2911]
2021-03-02 03:37:59.045 | INFO     | network.models.trainer:fit:245 - 2021-03-02 03:37:59.045362 Epoch [170/170], with lr = 8e-05, Step [0025/0050],                        [loss_record5: 0.3326]
2021-03-02 03:38:16.903 | INFO     | network.models.trainer:fit:245 - 2021-03-02 03:38:16.903387 Epoch [170/170], with lr = 8e-05, Step [0050/0050],                        [loss_record5: 0.3214]
2021-03-02 03:38:17.344 | INFO     | network.models.trainer:fit:254 - [Saving Snapshot:]/home/admin_mcn/hung/polyp_segmentation/snapshots/TransUnet/PraNetDG-fold2-170.pth
2021-03-02 03:38:35.183 | INFO     | network.models.trainer:fit:245 - 2021-03-02 03:38:35.183123 Epoch [171/171], with lr = 8e-05, Step [0025/0050],                        [loss_record5: 0.3416]
2021-03-02 03:38:52.995 | INFO     | network.models.trainer:fit:245 - 2021-03-02 03:38:52.994825 Epoch [171/171], with lr = 8e-05, Step [0050/0050],                        [loss_record5: 0.4840]
2021-03-02 03:39:10.941 | INFO     | network.models.trainer:fit:245 - 2021-03-02 03:39:10.941610 Epoch [172/172], with lr = 8e-05, Step [0025/0050],                        [loss_record5: 0.4038]
2021-03-02 03:39:28.733 | INFO     | network.models.trainer:fit:245 - 2021-03-02 03:39:28.733152 Epoch [172/172], with lr = 8e-05, Step [0050/0050],                        [loss_record5: 0.3299]
2021-03-02 03:39:46.533 | INFO     | network.models.trainer:fit:245 - 2021-03-02 03:39:46.533007 Epoch [173/173], with lr = 8e-05, Step [0025/0050],                        [loss_record5: 0.3051]
2021-03-02 03:40:04.302 | INFO     | network.models.trainer:fit:245 - 2021-03-02 03:40:04.302642 Epoch [173/173], with lr = 8e-05, Step [0050/0050],                        [loss_record5: 0.3047]
2021-03-02 03:40:04.740 | INFO     | network.models.trainer:fit:254 - [Saving Snapshot:]/home/admin_mcn/hung/polyp_segmentation/snapshots/TransUnet/PraNetDG-fold2-173.pth
2021-03-02 03:40:22.479 | INFO     | network.models.trainer:fit:245 - 2021-03-02 03:40:22.479226 Epoch [174/174], with lr = 8e-05, Step [0025/0050],                        [loss_record5: 0.2707]
2021-03-02 03:40:40.323 | INFO     | network.models.trainer:fit:245 - 2021-03-02 03:40:40.323640 Epoch [174/174], with lr = 8e-05, Step [0050/0050],                        [loss_record5: 0.3005]
2021-03-02 03:40:58.281 | INFO     | network.models.trainer:fit:245 - 2021-03-02 03:40:58.280910 Epoch [175/175], with lr = 8e-05, Step [0025/0050],                        [loss_record5: 0.2701]
2021-03-02 03:41:15.958 | INFO     | network.models.trainer:fit:245 - 2021-03-02 03:41:15.957838 Epoch [175/175], with lr = 8e-05, Step [0050/0050],                        [loss_record5: 0.2696]
2021-03-02 03:41:33.777 | INFO     | network.models.trainer:fit:245 - 2021-03-02 03:41:33.777421 Epoch [176/176], with lr = 8e-05, Step [0025/0050],                        [loss_record5: 0.2618]
2021-03-02 03:41:51.548 | INFO     | network.models.trainer:fit:245 - 2021-03-02 03:41:51.548486 Epoch [176/176], with lr = 8e-05, Step [0050/0050],                        [loss_record5: 0.2734]
2021-03-02 03:41:51.994 | INFO     | network.models.trainer:fit:254 - [Saving Snapshot:]/home/admin_mcn/hung/polyp_segmentation/snapshots/TransUnet/PraNetDG-fold2-176.pth
2021-03-02 03:42:09.796 | INFO     | network.models.trainer:fit:245 - 2021-03-02 03:42:09.795776 Epoch [177/177], with lr = 8e-05, Step [0025/0050],                        [loss_record5: 0.2733]
2021-03-02 03:42:27.553 | INFO     | network.models.trainer:fit:245 - 2021-03-02 03:42:27.553529 Epoch [177/177], with lr = 8e-05, Step [0050/0050],                        [loss_record5: 0.2476]
2021-03-02 03:42:45.363 | INFO     | network.models.trainer:fit:245 - 2021-03-02 03:42:45.363298 Epoch [178/178], with lr = 8e-05, Step [0025/0050],                        [loss_record5: 0.2746]
2021-03-02 03:43:03.182 | INFO     | network.models.trainer:fit:245 - 2021-03-02 03:43:03.182487 Epoch [178/178], with lr = 8e-05, Step [0050/0050],                        [loss_record5: 0.3054]
2021-03-02 03:43:20.928 | INFO     | network.models.trainer:fit:245 - 2021-03-02 03:43:20.928497 Epoch [179/179], with lr = 8e-05, Step [0025/0050],                        [loss_record5: 0.2620]
2021-03-02 03:43:38.866 | INFO     | network.models.trainer:fit:245 - 2021-03-02 03:43:38.866174 Epoch [179/179], with lr = 8e-05, Step [0050/0050],                        [loss_record5: 0.2790]
2021-03-02 03:43:39.317 | INFO     | network.models.trainer:fit:254 - [Saving Snapshot:]/home/admin_mcn/hung/polyp_segmentation/snapshots/TransUnet/PraNetDG-fold2-179.pth
2021-03-02 03:43:57.090 | INFO     | network.models.trainer:fit:245 - 2021-03-02 03:43:57.090057 Epoch [180/180], with lr = 8e-05, Step [0025/0050],                        [loss_record5: 0.2455]
2021-03-02 03:44:14.878 | INFO     | network.models.trainer:fit:245 - 2021-03-02 03:44:14.878273 Epoch [180/180], with lr = 8e-05, Step [0050/0050],                        [loss_record5: 0.2766]
2021-03-02 03:44:32.577 | INFO     | network.models.trainer:fit:245 - 2021-03-02 03:44:32.577263 Epoch [181/181], with lr = 8e-05, Step [0025/0050],                        [loss_record5: 0.5186]
2021-03-02 03:44:50.405 | INFO     | network.models.trainer:fit:245 - 2021-03-02 03:44:50.404980 Epoch [181/181], with lr = 8e-05, Step [0050/0050],                        [loss_record5: 0.5401]
2021-03-02 03:45:08.286 | INFO     | network.models.trainer:fit:245 - 2021-03-02 03:45:08.285896 Epoch [182/182], with lr = 8e-05, Step [0025/0050],                        [loss_record5: 0.3744]
2021-03-02 03:45:26.098 | INFO     | network.models.trainer:fit:245 - 2021-03-02 03:45:26.098046 Epoch [182/182], with lr = 8e-05, Step [0050/0050],                        [loss_record5: 0.3423]
2021-03-02 03:45:26.553 | INFO     | network.models.trainer:fit:254 - [Saving Snapshot:]/home/admin_mcn/hung/polyp_segmentation/snapshots/TransUnet/PraNetDG-fold2-182.pth
2021-03-02 03:45:44.482 | INFO     | network.models.trainer:fit:245 - 2021-03-02 03:45:44.481989 Epoch [183/183], with lr = 8e-05, Step [0025/0050],                        [loss_record5: 0.2836]
2021-03-02 03:46:02.257 | INFO     | network.models.trainer:fit:245 - 2021-03-02 03:46:02.256782 Epoch [183/183], with lr = 8e-05, Step [0050/0050],                        [loss_record5: 0.2823]
2021-03-02 03:46:20.195 | INFO     | network.models.trainer:fit:245 - 2021-03-02 03:46:20.195478 Epoch [184/184], with lr = 8e-05, Step [0025/0050],                        [loss_record5: 0.2866]
2021-03-02 03:46:37.874 | INFO     | network.models.trainer:fit:245 - 2021-03-02 03:46:37.874513 Epoch [184/184], with lr = 8e-05, Step [0050/0050],                        [loss_record5: 0.2528]
2021-03-02 03:46:55.489 | INFO     | network.models.trainer:fit:245 - 2021-03-02 03:46:55.489355 Epoch [185/185], with lr = 8e-05, Step [0025/0050],                        [loss_record5: 0.3008]
2021-03-02 03:47:13.358 | INFO     | network.models.trainer:fit:245 - 2021-03-02 03:47:13.357908 Epoch [185/185], with lr = 8e-05, Step [0050/0050],                        [loss_record5: 0.2588]
2021-03-02 03:47:13.815 | INFO     | network.models.trainer:fit:254 - [Saving Snapshot:]/home/admin_mcn/hung/polyp_segmentation/snapshots/TransUnet/PraNetDG-fold2-185.pth
2021-03-02 03:47:31.575 | INFO     | network.models.trainer:fit:245 - 2021-03-02 03:47:31.575706 Epoch [186/186], with lr = 8e-05, Step [0025/0050],                        [loss_record5: 0.2844]
2021-03-02 03:47:49.419 | INFO     | network.models.trainer:fit:245 - 2021-03-02 03:47:49.419624 Epoch [186/186], with lr = 8e-05, Step [0050/0050],                        [loss_record5: 0.2653]
2021-03-02 03:48:07.048 | INFO     | network.models.trainer:fit:245 - 2021-03-02 03:48:07.048185 Epoch [187/187], with lr = 8e-05, Step [0025/0050],                        [loss_record5: 0.3901]
2021-03-02 03:48:24.831 | INFO     | network.models.trainer:fit:245 - 2021-03-02 03:48:24.831346 Epoch [187/187], with lr = 8e-05, Step [0050/0050],                        [loss_record5: 0.3401]
2021-03-02 03:48:42.762 | INFO     | network.models.trainer:fit:245 - 2021-03-02 03:48:42.762526 Epoch [188/188], with lr = 8e-05, Step [0025/0050],                        [loss_record5: 0.2768]
2021-03-02 03:49:00.602 | INFO     | network.models.trainer:fit:245 - 2021-03-02 03:49:00.602385 Epoch [188/188], with lr = 8e-05, Step [0050/0050],                        [loss_record5: 0.2901]
2021-03-02 03:49:01.055 | INFO     | network.models.trainer:fit:254 - [Saving Snapshot:]/home/admin_mcn/hung/polyp_segmentation/snapshots/TransUnet/PraNetDG-fold2-188.pth
2021-03-02 03:49:18.945 | INFO     | network.models.trainer:fit:245 - 2021-03-02 03:49:18.945605 Epoch [189/189], with lr = 8e-05, Step [0025/0050],                        [loss_record5: 0.3212]
2021-03-02 03:49:36.733 | INFO     | network.models.trainer:fit:245 - 2021-03-02 03:49:36.733330 Epoch [189/189], with lr = 8e-05, Step [0050/0050],                        [loss_record5: 0.3139]
2021-03-02 03:49:54.452 | INFO     | network.models.trainer:fit:245 - 2021-03-02 03:49:54.452311 Epoch [190/190], with lr = 8e-05, Step [0025/0050],                        [loss_record5: 0.3194]
2021-03-02 03:50:12.506 | INFO     | network.models.trainer:fit:245 - 2021-03-02 03:50:12.506190 Epoch [190/190], with lr = 8e-05, Step [0050/0050],                        [loss_record5: 0.3537]
2021-03-02 03:50:30.251 | INFO     | network.models.trainer:fit:245 - 2021-03-02 03:50:30.251410 Epoch [191/191], with lr = 8e-05, Step [0025/0050],                        [loss_record5: 0.6084]
2021-03-02 03:50:47.971 | INFO     | network.models.trainer:fit:245 - 2021-03-02 03:50:47.970848 Epoch [191/191], with lr = 8e-05, Step [0050/0050],                        [loss_record5: 0.5020]
2021-03-02 03:50:48.426 | INFO     | network.models.trainer:fit:254 - [Saving Snapshot:]/home/admin_mcn/hung/polyp_segmentation/snapshots/TransUnet/PraNetDG-fold2-191.pth
2021-03-02 03:51:06.222 | INFO     | network.models.trainer:fit:245 - 2021-03-02 03:51:06.222615 Epoch [192/192], with lr = 8e-05, Step [0025/0050],                        [loss_record5: 0.3786]
2021-03-02 03:51:23.955 | INFO     | network.models.trainer:fit:245 - 2021-03-02 03:51:23.955716 Epoch [192/192], with lr = 8e-05, Step [0050/0050],                        [loss_record5: 0.3620]
2021-03-02 03:51:41.872 | INFO     | network.models.trainer:fit:245 - 2021-03-02 03:51:41.871789 Epoch [193/193], with lr = 8e-05, Step [0025/0050],                        [loss_record5: 0.3376]
2021-03-02 03:51:59.446 | INFO     | network.models.trainer:fit:245 - 2021-03-02 03:51:59.446651 Epoch [193/193], with lr = 8e-05, Step [0050/0050],                        [loss_record5: 0.3291]
2021-03-02 03:52:17.186 | INFO     | network.models.trainer:fit:245 - 2021-03-02 03:52:17.185951 Epoch [194/194], with lr = 8e-05, Step [0025/0050],                        [loss_record5: 0.3298]
2021-03-02 03:52:35.038 | INFO     | network.models.trainer:fit:245 - 2021-03-02 03:52:35.038263 Epoch [194/194], with lr = 8e-05, Step [0050/0050],                        [loss_record5: 0.3135]
2021-03-02 03:52:35.490 | INFO     | network.models.trainer:fit:254 - [Saving Snapshot:]/home/admin_mcn/hung/polyp_segmentation/snapshots/TransUnet/PraNetDG-fold2-194.pth
2021-03-02 03:52:53.441 | INFO     | network.models.trainer:fit:245 - 2021-03-02 03:52:53.441116 Epoch [195/195], with lr = 8e-05, Step [0025/0050],                        [loss_record5: 0.2875]
2021-03-02 03:53:11.274 | INFO     | network.models.trainer:fit:245 - 2021-03-02 03:53:11.274120 Epoch [195/195], with lr = 8e-05, Step [0050/0050],                        [loss_record5: 0.2882]
2021-03-02 03:53:28.916 | INFO     | network.models.trainer:fit:245 - 2021-03-02 03:53:28.915871 Epoch [196/196], with lr = 8e-05, Step [0025/0050],                        [loss_record5: 0.3057]
2021-03-02 03:53:46.557 | INFO     | network.models.trainer:fit:245 - 2021-03-02 03:53:46.557358 Epoch [196/196], with lr = 8e-05, Step [0050/0050],                        [loss_record5: 0.2946]
2021-03-02 03:54:04.231 | INFO     | network.models.trainer:fit:245 - 2021-03-02 03:54:04.230851 Epoch [197/197], with lr = 8e-05, Step [0025/0050],                        [loss_record5: 0.2853]
2021-03-02 03:54:22.052 | INFO     | network.models.trainer:fit:245 - 2021-03-02 03:54:22.051895 Epoch [197/197], with lr = 8e-05, Step [0050/0050],                        [loss_record5: 0.3045]
2021-03-02 03:54:22.501 | INFO     | network.models.trainer:fit:254 - [Saving Snapshot:]/home/admin_mcn/hung/polyp_segmentation/snapshots/TransUnet/PraNetDG-fold2-197.pth
2021-03-02 03:54:40.264 | INFO     | network.models.trainer:fit:245 - 2021-03-02 03:54:40.264126 Epoch [198/198], with lr = 8e-05, Step [0025/0050],                        [loss_record5: 0.2693]
2021-03-02 03:54:58.074 | INFO     | network.models.trainer:fit:245 - 2021-03-02 03:54:58.074352 Epoch [198/198], with lr = 8e-05, Step [0050/0050],                        [loss_record5: 0.2577]
2021-03-02 03:55:15.954 | INFO     | network.models.trainer:fit:245 - 2021-03-02 03:55:15.954715 Epoch [199/199], with lr = 8e-05, Step [0025/0050],                        [loss_record5: 0.2564]
2021-03-02 03:55:33.631 | INFO     | network.models.trainer:fit:245 - 2021-03-02 03:55:33.631470 Epoch [199/199], with lr = 8e-05, Step [0050/0050],                        [loss_record5: 0.2968]
2021-03-02 03:55:33.632 | INFO     | network.models.trainer:fit:262 - Training cost: 7131.086412085919seconds
