2021-03-02 23:18:13.843 | INFO     | __main__:main:25 - Load config from configs/gcpanet_config.yaml
2021-03-02 23:18:13.843 | INFO     | __main__:main:26 - {'dataset': {'data_path': '/home/admin_mcn/hung/polyp_segmentation/data/Kvasir_fold_new', 'train_data_path': ['/home/admin_mcn/hung/polyp_segmentation/data/Kvasir_fold_new/fold_3', '/home/admin_mcn/hung/polyp_segmentation/data/Kvasir_fold_new/fold_4', '/home/admin_mcn/hung/polyp_segmentation/data/Kvasir_fold_new/fold_2', '/home/admin_mcn/hung/polyp_segmentation/data/Kvasir_fold_new/fold_1'], 'test_data_path': ['/home/admin_mcn/hung/polyp_segmentation/data/Kvasir_fold_new/fold_0'], 'fold': 0, 'img_size': 352}, 'model': {'save_dir': '/home/admin_mcn/hung/polyp_segmentation/snapshots', 'arch': 'GCPANet', 'save_from': 80, 'start_from': 0, 'num_epochs': 200}, 'optimizer': {'name': 'adam', 'lr': 8e-05, 'clip': 0.5, 'scheduler': 'cosine_warmup', 'num_warmup_epoch': 5, 'loss': 'structure_loss'}, 'train': {'fold': 0, 'is_val': False, 'dataloader': {'batchsize': 16, 'shuffle': True, 'img_size': 352, 'pin_memory': True, 'drop_last': True}, 'augment': {'prob': 0.7, 'blur_prob': 0.7, 'jitter_prob': 0.7, 'rotate_prob': 0.7, 'flip_prob': 0.7}}, 'test': {'folds': {0: [137], 1: [116], 2: [185], 3: [158], 4: [101]}, 'visualize': False, 'visualize_dir': '/home/admin_mcn/hung/polyp_segmentation/results/PraNet_kfold', 'vis_x': 180, 'vis_overwrite': False, 'dataloader': {'batchsize': 1, 'shuffle': False, 'img_size': 352, 'pin_memory': True, 'drop_last': True}, 'augment': {'prob': 0, 'blur_prob': 0, 'jitter_prob': 0, 'rotate_prob': 0, 'flip_prob': 0}}}
2021-03-02 23:18:13.844 | INFO     | __main__:main:29 - Getting datapath
2021-03-02 23:18:13.848 | INFO     | __main__:main:49 - Loading data
2021-03-02 23:18:13.848 | INFO     | __main__:main:73 - Loading model
2021-03-02 23:18:15.751 | INFO     | __main__:main:135 - ####################
2021-03-02 23:18:54.727 | INFO     | network.models.trainer:fit:209 - 2021-03-02 23:18:54.727643 Epoch [000/000], with lr = 1e-05, Step [0025/0050],                        [loss_record2: 1.3525,loss_record3: 1.3133,loss_record4: 1.2747,loss_record5: 1.2990]
2021-03-02 23:19:32.551 | INFO     | network.models.trainer:fit:209 - 2021-03-02 23:19:32.550685 Epoch [000/000], with lr = 1e-05, Step [0050/0050],                        [loss_record2: 1.1659,loss_record3: 1.0565,loss_record4: 1.0213,loss_record5: 1.0340]
2021-03-02 23:20:10.487 | INFO     | network.models.trainer:fit:209 - 2021-03-02 23:20:10.486936 Epoch [001/001], with lr = 2.4e-05, Step [0025/0050],                        [loss_record2: 0.9419,loss_record3: 0.8070,loss_record4: 0.7680,loss_record5: 0.7779]
2021-03-02 23:20:48.337 | INFO     | network.models.trainer:fit:209 - 2021-03-02 23:20:48.337319 Epoch [001/001], with lr = 2.4e-05, Step [0050/0050],                        [loss_record2: 0.8511,loss_record3: 0.7239,loss_record4: 0.6733,loss_record5: 0.6764]
2021-03-02 23:21:26.415 | INFO     | network.models.trainer:fit:209 - 2021-03-02 23:21:26.415391 Epoch [002/002], with lr = 3.8e-05, Step [0025/0050],                        [loss_record2: 0.7266,loss_record3: 0.6206,loss_record4: 0.5851,loss_record5: 0.5883]
2021-03-02 23:22:04.354 | INFO     | network.models.trainer:fit:209 - 2021-03-02 23:22:04.354096 Epoch [002/002], with lr = 3.8e-05, Step [0050/0050],                        [loss_record2: 0.7206,loss_record3: 0.6249,loss_record4: 0.5928,loss_record5: 0.5955]
2021-03-02 23:22:42.247 | INFO     | network.models.trainer:fit:209 - 2021-03-02 23:22:42.247311 Epoch [003/003], with lr = 5.2000000000000004e-05, Step [0025/0050],                        [loss_record2: 0.6487,loss_record3: 0.5599,loss_record4: 0.5327,loss_record5: 0.5344]
2021-03-02 23:23:20.121 | INFO     | network.models.trainer:fit:209 - 2021-03-02 23:23:20.120885 Epoch [003/003], with lr = 5.2000000000000004e-05, Step [0050/0050],                        [loss_record2: 0.6411,loss_record3: 0.5578,loss_record4: 0.5356,loss_record5: 0.5420]
2021-03-02 23:23:58.091 | INFO     | network.models.trainer:fit:209 - 2021-03-02 23:23:58.091314 Epoch [004/004], with lr = 6.6e-05, Step [0025/0050],                        [loss_record2: 0.6338,loss_record3: 0.5493,loss_record4: 0.5279,loss_record5: 0.5304]
2021-03-02 23:24:36.101 | INFO     | network.models.trainer:fit:209 - 2021-03-02 23:24:36.101204 Epoch [004/004], with lr = 6.6e-05, Step [0050/0050],                        [loss_record2: 0.5883,loss_record3: 0.5175,loss_record4: 0.4968,loss_record5: 0.4962]
2021-03-02 23:25:14.087 | INFO     | network.models.trainer:fit:209 - 2021-03-02 23:25:14.086731 Epoch [005/005], with lr = 8e-05, Step [0025/0050],                        [loss_record2: 0.6037,loss_record3: 0.5415,loss_record4: 0.5220,loss_record5: 0.5185]
2021-03-02 23:25:51.860 | INFO     | network.models.trainer:fit:209 - 2021-03-02 23:25:51.860222 Epoch [005/005], with lr = 8e-05, Step [0050/0050],                        [loss_record2: 0.6026,loss_record3: 0.5317,loss_record4: 0.5129,loss_record5: 0.5133]
2021-03-02 23:26:29.677 | INFO     | network.models.trainer:fit:209 - 2021-03-02 23:26:29.677605 Epoch [006/006], with lr = 8e-05, Step [0025/0050],                        [loss_record2: 0.5586,loss_record3: 0.4924,loss_record4: 0.4656,loss_record5: 0.4710]
2021-03-02 23:27:07.466 | INFO     | network.models.trainer:fit:209 - 2021-03-02 23:27:07.465845 Epoch [006/006], with lr = 8e-05, Step [0050/0050],                        [loss_record2: 0.5598,loss_record3: 0.4932,loss_record4: 0.4670,loss_record5: 0.4701]
2021-03-02 23:27:45.357 | INFO     | network.models.trainer:fit:209 - 2021-03-02 23:27:45.356917 Epoch [007/007], with lr = 8e-05, Step [0025/0050],                        [loss_record2: 0.5475,loss_record3: 0.4842,loss_record4: 0.4589,loss_record5: 0.4626]
2021-03-02 23:28:23.120 | INFO     | network.models.trainer:fit:209 - 2021-03-02 23:28:23.119724 Epoch [007/007], with lr = 8e-05, Step [0050/0050],                        [loss_record2: 0.5275,loss_record3: 0.4656,loss_record4: 0.4387,loss_record5: 0.4387]
2021-03-02 23:29:00.907 | INFO     | network.models.trainer:fit:209 - 2021-03-02 23:29:00.907203 Epoch [008/008], with lr = 8e-05, Step [0025/0050],                        [loss_record2: 0.5284,loss_record3: 0.4641,loss_record4: 0.4456,loss_record5: 0.4507]
2021-03-02 23:29:38.808 | INFO     | network.models.trainer:fit:209 - 2021-03-02 23:29:38.808429 Epoch [008/008], with lr = 8e-05, Step [0050/0050],                        [loss_record2: 0.5272,loss_record3: 0.4715,loss_record4: 0.4510,loss_record5: 0.4501]
2021-03-02 23:30:16.623 | INFO     | network.models.trainer:fit:209 - 2021-03-02 23:30:16.623635 Epoch [009/009], with lr = 8e-05, Step [0025/0050],                        [loss_record2: 0.4648,loss_record3: 0.4109,loss_record4: 0.3903,loss_record5: 0.3907]
2021-03-02 23:30:54.339 | INFO     | network.models.trainer:fit:209 - 2021-03-02 23:30:54.339283 Epoch [009/009], with lr = 8e-05, Step [0050/0050],                        [loss_record2: 0.5199,loss_record3: 0.4666,loss_record4: 0.4503,loss_record5: 0.4487]
2021-03-02 23:31:32.203 | INFO     | network.models.trainer:fit:209 - 2021-03-02 23:31:32.202986 Epoch [010/010], with lr = 8e-05, Step [0025/0050],                        [loss_record2: 0.4938,loss_record3: 0.4442,loss_record4: 0.4259,loss_record5: 0.4262]
2021-03-02 23:32:10.043 | INFO     | network.models.trainer:fit:209 - 2021-03-02 23:32:10.043211 Epoch [010/010], with lr = 8e-05, Step [0050/0050],                        [loss_record2: 0.4889,loss_record3: 0.4353,loss_record4: 0.4218,loss_record5: 0.4234]
2021-03-02 23:32:47.838 | INFO     | network.models.trainer:fit:209 - 2021-03-02 23:32:47.837782 Epoch [011/011], with lr = 8e-05, Step [0025/0050],                        [loss_record2: 0.4722,loss_record3: 0.4278,loss_record4: 0.4099,loss_record5: 0.4122]
2021-03-02 23:33:25.464 | INFO     | network.models.trainer:fit:209 - 2021-03-02 23:33:25.463570 Epoch [011/011], with lr = 8e-05, Step [0050/0050],                        [loss_record2: 0.5163,loss_record3: 0.4718,loss_record4: 0.4544,loss_record5: 0.4590]
2021-03-02 23:34:03.290 | INFO     | network.models.trainer:fit:209 - 2021-03-02 23:34:03.290004 Epoch [012/012], with lr = 8e-05, Step [0025/0050],                        [loss_record2: 0.4414,loss_record3: 0.3898,loss_record4: 0.3752,loss_record5: 0.3814]
2021-03-02 23:34:41.099 | INFO     | network.models.trainer:fit:209 - 2021-03-02 23:34:41.099055 Epoch [012/012], with lr = 8e-05, Step [0050/0050],                        [loss_record2: 0.4748,loss_record3: 0.4297,loss_record4: 0.4121,loss_record5: 0.4153]
2021-03-02 23:35:18.908 | INFO     | network.models.trainer:fit:209 - 2021-03-02 23:35:18.908600 Epoch [013/013], with lr = 8e-05, Step [0025/0050],                        [loss_record2: 0.4887,loss_record3: 0.4374,loss_record4: 0.4229,loss_record5: 0.4236]
2021-03-02 23:35:56.694 | INFO     | network.models.trainer:fit:209 - 2021-03-02 23:35:56.693762 Epoch [013/013], with lr = 8e-05, Step [0050/0050],                        [loss_record2: 0.5316,loss_record3: 0.4798,loss_record4: 0.4619,loss_record5: 0.4616]
2021-03-02 23:36:34.431 | INFO     | network.models.trainer:fit:209 - 2021-03-02 23:36:34.430996 Epoch [014/014], with lr = 8e-05, Step [0025/0050],                        [loss_record2: 0.4383,loss_record3: 0.3927,loss_record4: 0.3728,loss_record5: 0.3728]
2021-03-02 23:37:12.254 | INFO     | network.models.trainer:fit:209 - 2021-03-02 23:37:12.253656 Epoch [014/014], with lr = 8e-05, Step [0050/0050],                        [loss_record2: 0.4625,loss_record3: 0.4169,loss_record4: 0.3970,loss_record5: 0.3930]
2021-03-02 23:37:50.134 | INFO     | network.models.trainer:fit:209 - 2021-03-02 23:37:50.134218 Epoch [015/015], with lr = 8e-05, Step [0025/0050],                        [loss_record2: 0.4504,loss_record3: 0.4080,loss_record4: 0.3832,loss_record5: 0.3849]
2021-03-02 23:38:27.818 | INFO     | network.models.trainer:fit:209 - 2021-03-02 23:38:27.817806 Epoch [015/015], with lr = 8e-05, Step [0050/0050],                        [loss_record2: 0.4893,loss_record3: 0.4451,loss_record4: 0.4242,loss_record5: 0.4252]
