2021-03-02 08:55:00.826 | INFO     | __main__:main:22 - Load config from configs/transunet_config.yaml
2021-03-02 08:55:00.826 | INFO     | __main__:main:23 - {'dataset': {'data_path': '/home/admin_mcn/hung/polyp_segmentation/data/Kvasir_fold_new', 'train_data_path': ['/home/admin_mcn/hung/polyp_segmentation/data/Kvasir_fold_new/fold_2', '/home/admin_mcn/hung/polyp_segmentation/data/Kvasir_fold_new/fold_1', '/home/admin_mcn/hung/polyp_segmentation/data/Kvasir_fold_new/fold_0', '/home/admin_mcn/hung/polyp_segmentation/data/Kvasir_fold_new/fold_3'], 'test_data_path': ['/home/admin_mcn/hung/polyp_segmentation/data/Kvasir_fold_new/fold_4'], 'fold': 2, 'img_size': 352}, 'model': {'save_dir': '/home/admin_mcn/hung/polyp_segmentation/snapshots', 'arch': 'TransUnet', 'save_from': 80, 'start_from': 0, 'num_epochs': 200}, 'optimizer': {'name': 'adam', 'lr': 8e-05, 'clip': 0.5, 'scheduler': 'cosine_warmup', 'num_warmup_epoch': 5, 'loss': 'structure_loss'}, 'train': {'fold': 4, 'is_val': False, 'dataloader': {'batchsize': 16, 'shuffle': True, 'img_size': 352, 'pin_memory': True, 'drop_last': True}, 'augment': {'prob': 0.7, 'blur_prob': 0.7, 'jitter_prob': 0.7, 'rotate_prob': 0.7, 'flip_prob': 0.7}}, 'test': {'folds': {2: 197}, 'visualize': False, 'visualize_dir': '/home/admin_mcn/hung/polyp_segmentation/results/PraNet_kfold', 'vis_x': 180, 'vis_overwrite': False, 'dataloader': {'batchsize': 1, 'shuffle': False, 'img_size': 352, 'pin_memory': True, 'drop_last': True}, 'augment': {'prob': 0, 'blur_prob': 0, 'jitter_prob': 0, 'rotate_prob': 0, 'flip_prob': 0}}}
2021-03-02 08:55:00.826 | INFO     | __main__:main:29 - Getting datapath
2021-03-02 08:55:00.830 | INFO     | __main__:main:50 - Loading data
2021-03-02 08:55:00.831 | INFO     | __main__:main:63 - Loading model
2021-03-02 08:55:03.919 | INFO     | __main__:main:120 - ####################
2021-03-02 08:55:24.175 | INFO     | network.models.trainer:fit:247 - 2021-03-02 08:55:24.175662 Epoch [000/000], with lr = 1e-05, Step [0025/0050],                        [loss_record5: 1.4882]
2021-03-02 08:55:42.957 | INFO     | network.models.trainer:fit:247 - 2021-03-02 08:55:42.957222 Epoch [000/000], with lr = 1e-05, Step [0050/0050],                        [loss_record5: 1.4452]
2021-03-02 08:56:01.852 | INFO     | network.models.trainer:fit:247 - 2021-03-02 08:56:01.852721 Epoch [001/001], with lr = 2.4e-05, Step [0025/0050],                        [loss_record5: 1.3644]
2021-03-02 08:56:20.663 | INFO     | network.models.trainer:fit:247 - 2021-03-02 08:56:20.663342 Epoch [001/001], with lr = 2.4e-05, Step [0050/0050],                        [loss_record5: 1.3238]
2021-03-02 08:56:39.599 | INFO     | network.models.trainer:fit:247 - 2021-03-02 08:56:39.599230 Epoch [002/002], with lr = 3.8e-05, Step [0025/0050],                        [loss_record5: 1.2749]
2021-03-02 08:56:58.360 | INFO     | network.models.trainer:fit:247 - 2021-03-02 08:56:58.359932 Epoch [002/002], with lr = 3.8e-05, Step [0050/0050],                        [loss_record5: 1.2480]
2021-03-02 08:57:17.309 | INFO     | network.models.trainer:fit:247 - 2021-03-02 08:57:17.309552 Epoch [003/003], with lr = 5.2000000000000004e-05, Step [0025/0050],                        [loss_record5: 1.2004]
2021-03-02 08:57:35.988 | INFO     | network.models.trainer:fit:247 - 2021-03-02 08:57:35.987899 Epoch [003/003], with lr = 5.2000000000000004e-05, Step [0050/0050],                        [loss_record5: 1.1771]
2021-03-02 08:57:54.839 | INFO     | network.models.trainer:fit:247 - 2021-03-02 08:57:54.839174 Epoch [004/004], with lr = 6.6e-05, Step [0025/0050],                        [loss_record5: 1.1206]
2021-03-02 08:58:13.699 | INFO     | network.models.trainer:fit:247 - 2021-03-02 08:58:13.698888 Epoch [004/004], with lr = 6.6e-05, Step [0050/0050],                        [loss_record5: 1.0821]
2021-03-02 08:58:32.636 | INFO     | network.models.trainer:fit:247 - 2021-03-02 08:58:32.636289 Epoch [005/005], with lr = 8e-05, Step [0025/0050],                        [loss_record5: 1.0742]
2021-03-02 08:58:51.372 | INFO     | network.models.trainer:fit:247 - 2021-03-02 08:58:51.372084 Epoch [005/005], with lr = 8e-05, Step [0050/0050],                        [loss_record5: 1.0656]
2021-03-02 08:59:10.191 | INFO     | network.models.trainer:fit:247 - 2021-03-02 08:59:10.190935 Epoch [006/006], with lr = 8e-05, Step [0025/0050],                        [loss_record5: 1.0023]
2021-03-02 08:59:29.029 | INFO     | network.models.trainer:fit:247 - 2021-03-02 08:59:29.029296 Epoch [006/006], with lr = 8e-05, Step [0050/0050],                        [loss_record5: 0.9677]
2021-03-02 08:59:47.993 | INFO     | network.models.trainer:fit:247 - 2021-03-02 08:59:47.993165 Epoch [007/007], with lr = 8e-05, Step [0025/0050],                        [loss_record5: 0.9255]
2021-03-02 09:00:06.752 | INFO     | network.models.trainer:fit:247 - 2021-03-02 09:00:06.752747 Epoch [007/007], with lr = 8e-05, Step [0050/0050],                        [loss_record5: 0.9076]
2021-03-02 09:00:25.696 | INFO     | network.models.trainer:fit:247 - 2021-03-02 09:00:25.696190 Epoch [008/008], with lr = 8e-05, Step [0025/0050],                        [loss_record5: 0.8742]
2021-03-02 09:00:44.584 | INFO     | network.models.trainer:fit:247 - 2021-03-02 09:00:44.584197 Epoch [008/008], with lr = 8e-05, Step [0050/0050],                        [loss_record5: 0.8462]
2021-03-02 09:01:03.460 | INFO     | network.models.trainer:fit:247 - 2021-03-02 09:01:03.459939 Epoch [009/009], with lr = 8e-05, Step [0025/0050],                        [loss_record5: 0.7838]
2021-03-02 09:01:22.332 | INFO     | network.models.trainer:fit:247 - 2021-03-02 09:01:22.331993 Epoch [009/009], with lr = 8e-05, Step [0050/0050],                        [loss_record5: 0.7882]
2021-03-02 09:01:41.139 | INFO     | network.models.trainer:fit:247 - 2021-03-02 09:01:41.138807 Epoch [010/010], with lr = 8e-05, Step [0025/0050],                        [loss_record5: 0.7655]
2021-03-02 09:02:00.051 | INFO     | network.models.trainer:fit:247 - 2021-03-02 09:02:00.051294 Epoch [010/010], with lr = 8e-05, Step [0050/0050],                        [loss_record5: 0.7532]
2021-03-02 09:02:18.945 | INFO     | network.models.trainer:fit:247 - 2021-03-02 09:02:18.945655 Epoch [011/011], with lr = 8e-05, Step [0025/0050],                        [loss_record5: 0.7368]
2021-03-02 09:02:37.795 | INFO     | network.models.trainer:fit:247 - 2021-03-02 09:02:37.795336 Epoch [011/011], with lr = 8e-05, Step [0050/0050],                        [loss_record5: 0.7137]
2021-03-02 09:02:56.665 | INFO     | network.models.trainer:fit:247 - 2021-03-02 09:02:56.665141 Epoch [012/012], with lr = 8e-05, Step [0025/0050],                        [loss_record5: 0.6764]
2021-03-02 09:03:15.542 | INFO     | network.models.trainer:fit:247 - 2021-03-02 09:03:15.542262 Epoch [012/012], with lr = 8e-05, Step [0050/0050],                        [loss_record5: 0.6925]
2021-03-02 09:03:34.438 | INFO     | network.models.trainer:fit:247 - 2021-03-02 09:03:34.438199 Epoch [013/013], with lr = 8e-05, Step [0025/0050],                        [loss_record5: 0.6520]
2021-03-02 09:03:53.260 | INFO     | network.models.trainer:fit:247 - 2021-03-02 09:03:53.260419 Epoch [013/013], with lr = 8e-05, Step [0050/0050],                        [loss_record5: 0.6540]
2021-03-02 09:04:12.056 | INFO     | network.models.trainer:fit:247 - 2021-03-02 09:04:12.055838 Epoch [014/014], with lr = 8e-05, Step [0025/0050],                        [loss_record5: 0.6450]
2021-03-02 09:04:30.965 | INFO     | network.models.trainer:fit:247 - 2021-03-02 09:04:30.964957 Epoch [014/014], with lr = 8e-05, Step [0050/0050],                        [loss_record5: 0.6256]
2021-03-02 09:04:49.856 | INFO     | network.models.trainer:fit:247 - 2021-03-02 09:04:49.855795 Epoch [015/015], with lr = 8e-05, Step [0025/0050],                        [loss_record5: 0.6319]
2021-03-02 09:05:08.762 | INFO     | network.models.trainer:fit:247 - 2021-03-02 09:05:08.761845 Epoch [015/015], with lr = 8e-05, Step [0050/0050],                        [loss_record5: 0.6106]
2021-03-02 09:05:27.653 | INFO     | network.models.trainer:fit:247 - 2021-03-02 09:05:27.653297 Epoch [016/016], with lr = 8e-05, Step [0025/0050],                        [loss_record5: 0.6055]
2021-03-02 09:05:46.625 | INFO     | network.models.trainer:fit:247 - 2021-03-02 09:05:46.625477 Epoch [016/016], with lr = 8e-05, Step [0050/0050],                        [loss_record5: 0.5657]
2021-03-02 09:06:05.574 | INFO     | network.models.trainer:fit:247 - 2021-03-02 09:06:05.573877 Epoch [017/017], with lr = 8e-05, Step [0025/0050],                        [loss_record5: 0.6087]
2021-03-02 09:06:24.443 | INFO     | network.models.trainer:fit:247 - 2021-03-02 09:06:24.443639 Epoch [017/017], with lr = 8e-05, Step [0050/0050],                        [loss_record5: 0.5787]
2021-03-02 09:06:43.249 | INFO     | network.models.trainer:fit:247 - 2021-03-02 09:06:43.249197 Epoch [018/018], with lr = 8e-05, Step [0025/0050],                        [loss_record5: 0.5488]
2021-03-02 09:07:02.163 | INFO     | network.models.trainer:fit:247 - 2021-03-02 09:07:02.163048 Epoch [018/018], with lr = 8e-05, Step [0050/0050],                        [loss_record5: 0.5488]
2021-03-02 09:07:21.081 | INFO     | network.models.trainer:fit:247 - 2021-03-02 09:07:21.081269 Epoch [019/019], with lr = 8e-05, Step [0025/0050],                        [loss_record5: 0.5611]
2021-03-02 09:07:39.936 | INFO     | network.models.trainer:fit:247 - 2021-03-02 09:07:39.936012 Epoch [019/019], with lr = 8e-05, Step [0050/0050],                        [loss_record5: 0.5275]
2021-03-02 09:07:58.786 | INFO     | network.models.trainer:fit:247 - 2021-03-02 09:07:58.786019 Epoch [020/020], with lr = 8e-05, Step [0025/0050],                        [loss_record5: 0.5205]
2021-03-02 09:08:17.505 | INFO     | network.models.trainer:fit:247 - 2021-03-02 09:08:17.505454 Epoch [020/020], with lr = 8e-05, Step [0050/0050],                        [loss_record5: 0.5273]
2021-03-02 09:08:36.344 | INFO     | network.models.trainer:fit:247 - 2021-03-02 09:08:36.343986 Epoch [021/021], with lr = 8e-05, Step [0025/0050],                        [loss_record5: 0.5050]
2021-03-02 09:08:55.217 | INFO     | network.models.trainer:fit:247 - 2021-03-02 09:08:55.217443 Epoch [021/021], with lr = 8e-05, Step [0050/0050],                        [loss_record5: 0.5064]
2021-03-02 09:09:14.000 | INFO     | network.models.trainer:fit:247 - 2021-03-02 09:09:14.000484 Epoch [022/022], with lr = 8e-05, Step [0025/0050],                        [loss_record5: 0.4856]
2021-03-02 09:09:32.850 | INFO     | network.models.trainer:fit:247 - 2021-03-02 09:09:32.850677 Epoch [022/022], with lr = 8e-05, Step [0050/0050],                        [loss_record5: 0.5051]
2021-03-02 09:09:51.753 | INFO     | network.models.trainer:fit:247 - 2021-03-02 09:09:51.753495 Epoch [023/023], with lr = 8e-05, Step [0025/0050],                        [loss_record5: 0.5079]
2021-03-02 09:10:10.479 | INFO     | network.models.trainer:fit:247 - 2021-03-02 09:10:10.478996 Epoch [023/023], with lr = 8e-05, Step [0050/0050],                        [loss_record5: 0.5096]
2021-03-02 09:10:11.667 | INFO     | network.models.trainer:fit:256 - [Saving Snapshot:]/home/admin_mcn/hung/polyp_segmentation/snapshots/TransUnet/PraNetDG-fold2-23.pth
2021-03-02 09:10:30.656 | INFO     | network.models.trainer:fit:247 - 2021-03-02 09:10:30.656052 Epoch [024/024], with lr = 8e-05, Step [0025/0050],                        [loss_record5: 0.4962]
2021-03-02 09:10:49.438 | INFO     | network.models.trainer:fit:247 - 2021-03-02 09:10:49.438092 Epoch [024/024], with lr = 8e-05, Step [0050/0050],                        [loss_record5: 0.4853]
2021-03-02 09:11:08.345 | INFO     | network.models.trainer:fit:247 - 2021-03-02 09:11:08.345245 Epoch [025/025], with lr = 8e-05, Step [0025/0050],                        [loss_record5: 0.4962]
2021-03-02 09:11:27.163 | INFO     | network.models.trainer:fit:247 - 2021-03-02 09:11:27.162997 Epoch [025/025], with lr = 8e-05, Step [0050/0050],                        [loss_record5: 0.4819]
2021-03-02 09:11:46.032 | INFO     | network.models.trainer:fit:247 - 2021-03-02 09:11:46.032657 Epoch [026/026], with lr = 8e-05, Step [0025/0050],                        [loss_record5: 0.4525]
2021-03-02 09:12:04.868 | INFO     | network.models.trainer:fit:247 - 2021-03-02 09:12:04.868123 Epoch [026/026], with lr = 8e-05, Step [0050/0050],                        [loss_record5: 0.4411]
2021-03-02 09:12:23.691 | INFO     | network.models.trainer:fit:247 - 2021-03-02 09:12:23.691228 Epoch [027/027], with lr = 8e-05, Step [0025/0050],                        [loss_record5: 0.4710]
2021-03-02 09:12:42.546 | INFO     | network.models.trainer:fit:247 - 2021-03-02 09:12:42.546553 Epoch [027/027], with lr = 8e-05, Step [0050/0050],                        [loss_record5: 0.4636]
2021-03-02 09:13:01.319 | INFO     | network.models.trainer:fit:247 - 2021-03-02 09:13:01.319421 Epoch [028/028], with lr = 8e-05, Step [0025/0050],                        [loss_record5: 0.4482]
2021-03-02 09:13:20.232 | INFO     | network.models.trainer:fit:247 - 2021-03-02 09:13:20.231881 Epoch [028/028], with lr = 8e-05, Step [0050/0050],                        [loss_record5: 0.4303]
2021-03-02 09:13:39.083 | INFO     | network.models.trainer:fit:247 - 2021-03-02 09:13:39.083421 Epoch [029/029], with lr = 8e-05, Step [0025/0050],                        [loss_record5: 0.4489]
2021-03-02 09:13:58.098 | INFO     | network.models.trainer:fit:247 - 2021-03-02 09:13:58.098663 Epoch [029/029], with lr = 8e-05, Step [0050/0050],                        [loss_record5: 0.4575]
2021-03-02 09:14:16.897 | INFO     | network.models.trainer:fit:247 - 2021-03-02 09:14:16.896904 Epoch [030/030], with lr = 8e-05, Step [0025/0050],                        [loss_record5: 0.4541]
2021-03-02 09:14:35.751 | INFO     | network.models.trainer:fit:247 - 2021-03-02 09:14:35.751455 Epoch [030/030], with lr = 8e-05, Step [0050/0050],                        [loss_record5: 0.4632]
2021-03-02 09:14:54.435 | INFO     | network.models.trainer:fit:247 - 2021-03-02 09:14:54.435326 Epoch [031/031], with lr = 8e-05, Step [0025/0050],                        [loss_record5: 0.4117]
2021-03-02 09:15:13.231 | INFO     | network.models.trainer:fit:247 - 2021-03-02 09:15:13.231436 Epoch [031/031], with lr = 8e-05, Step [0050/0050],                        [loss_record5: 0.4484]
2021-03-02 09:15:32.133 | INFO     | network.models.trainer:fit:247 - 2021-03-02 09:15:32.133250 Epoch [032/032], with lr = 8e-05, Step [0025/0050],                        [loss_record5: 0.4209]
2021-03-02 09:15:51.003 | INFO     | network.models.trainer:fit:247 - 2021-03-02 09:15:51.003493 Epoch [032/032], with lr = 8e-05, Step [0050/0050],                        [loss_record5: 0.4301]
2021-03-02 09:16:09.842 | INFO     | network.models.trainer:fit:247 - 2021-03-02 09:16:09.842596 Epoch [033/033], with lr = 8e-05, Step [0025/0050],                        [loss_record5: 0.4328]
2021-03-02 09:16:28.745 | INFO     | network.models.trainer:fit:247 - 2021-03-02 09:16:28.745437 Epoch [033/033], with lr = 8e-05, Step [0050/0050],                        [loss_record5: 0.4336]
2021-03-02 09:16:47.503 | INFO     | network.models.trainer:fit:247 - 2021-03-02 09:16:47.503271 Epoch [034/034], with lr = 8e-05, Step [0025/0050],                        [loss_record5: 0.4578]
2021-03-02 09:17:06.278 | INFO     | network.models.trainer:fit:247 - 2021-03-02 09:17:06.278513 Epoch [034/034], with lr = 8e-05, Step [0050/0050],                        [loss_record5: 0.4262]
2021-03-02 09:17:25.166 | INFO     | network.models.trainer:fit:247 - 2021-03-02 09:17:25.166079 Epoch [035/035], with lr = 8e-05, Step [0025/0050],                        [loss_record5: 0.4162]
2021-03-02 09:17:44.055 | INFO     | network.models.trainer:fit:247 - 2021-03-02 09:17:44.055349 Epoch [035/035], with lr = 8e-05, Step [0050/0050],                        [loss_record5: 0.4085]
2021-03-02 09:18:02.897 | INFO     | network.models.trainer:fit:247 - 2021-03-02 09:18:02.897716 Epoch [036/036], with lr = 8e-05, Step [0025/0050],                        [loss_record5: 0.4311]
2021-03-02 09:18:21.734 | INFO     | network.models.trainer:fit:247 - 2021-03-02 09:18:21.734278 Epoch [036/036], with lr = 8e-05, Step [0050/0050],                        [loss_record5: 0.4105]
2021-03-02 09:18:40.393 | INFO     | network.models.trainer:fit:247 - 2021-03-02 09:18:40.393205 Epoch [037/037], with lr = 8e-05, Step [0025/0050],                        [loss_record5: 0.4092]
2021-03-02 09:18:59.256 | INFO     | network.models.trainer:fit:247 - 2021-03-02 09:18:59.256124 Epoch [037/037], with lr = 8e-05, Step [0050/0050],                        [loss_record5: 0.4054]
2021-03-02 09:19:18.074 | INFO     | network.models.trainer:fit:247 - 2021-03-02 09:19:18.073774 Epoch [038/038], with lr = 8e-05, Step [0025/0050],                        [loss_record5: 0.4570]
2021-03-02 09:19:36.898 | INFO     | network.models.trainer:fit:247 - 2021-03-02 09:19:36.897806 Epoch [038/038], with lr = 8e-05, Step [0050/0050],                        [loss_record5: 0.4276]
2021-03-02 09:19:55.699 | INFO     | network.models.trainer:fit:247 - 2021-03-02 09:19:55.699604 Epoch [039/039], with lr = 8e-05, Step [0025/0050],                        [loss_record5: 0.3550]
2021-03-02 09:20:14.550 | INFO     | network.models.trainer:fit:247 - 2021-03-02 09:20:14.550216 Epoch [039/039], with lr = 8e-05, Step [0050/0050],                        [loss_record5: 0.4180]
2021-03-02 09:20:33.298 | INFO     | network.models.trainer:fit:247 - 2021-03-02 09:20:33.297785 Epoch [040/040], with lr = 8e-05, Step [0025/0050],                        [loss_record5: 0.4497]
2021-03-02 09:20:52.071 | INFO     | network.models.trainer:fit:247 - 2021-03-02 09:20:52.071330 Epoch [040/040], with lr = 8e-05, Step [0050/0050],                        [loss_record5: 0.4354]
2021-03-02 09:21:10.897 | INFO     | network.models.trainer:fit:247 - 2021-03-02 09:21:10.897016 Epoch [041/041], with lr = 8e-05, Step [0025/0050],                        [loss_record5: 0.3439]
2021-03-02 09:21:29.849 | INFO     | network.models.trainer:fit:247 - 2021-03-02 09:21:29.849165 Epoch [041/041], with lr = 8e-05, Step [0050/0050],                        [loss_record5: 0.4053]
2021-03-02 09:21:48.755 | INFO     | network.models.trainer:fit:247 - 2021-03-02 09:21:48.754920 Epoch [042/042], with lr = 8e-05, Step [0025/0050],                        [loss_record5: 0.3928]
2021-03-02 09:22:07.538 | INFO     | network.models.trainer:fit:247 - 2021-03-02 09:22:07.538609 Epoch [042/042], with lr = 8e-05, Step [0050/0050],                        [loss_record5: 0.3656]
2021-03-02 09:22:26.359 | INFO     | network.models.trainer:fit:247 - 2021-03-02 09:22:26.358810 Epoch [043/043], with lr = 8e-05, Step [0025/0050],                        [loss_record5: 0.4240]
2021-03-02 09:22:45.142 | INFO     | network.models.trainer:fit:247 - 2021-03-02 09:22:45.142288 Epoch [043/043], with lr = 8e-05, Step [0050/0050],                        [loss_record5: 0.4176]
2021-03-02 09:23:04.080 | INFO     | network.models.trainer:fit:247 - 2021-03-02 09:23:04.079924 Epoch [044/044], with lr = 8e-05, Step [0025/0050],                        [loss_record5: 0.3654]
2021-03-02 09:23:22.746 | INFO     | network.models.trainer:fit:247 - 2021-03-02 09:23:22.746277 Epoch [044/044], with lr = 8e-05, Step [0050/0050],                        [loss_record5: 0.3851]
2021-03-02 09:23:41.460 | INFO     | network.models.trainer:fit:247 - 2021-03-02 09:23:41.460379 Epoch [045/045], with lr = 8e-05, Step [0025/0050],                        [loss_record5: 0.4321]
2021-03-02 09:24:00.448 | INFO     | network.models.trainer:fit:247 - 2021-03-02 09:24:00.447962 Epoch [045/045], with lr = 8e-05, Step [0050/0050],                        [loss_record5: 0.3874]
2021-03-02 09:24:19.360 | INFO     | network.models.trainer:fit:247 - 2021-03-02 09:24:19.360584 Epoch [046/046], with lr = 8e-05, Step [0025/0050],                        [loss_record5: 0.4025]
2021-03-02 09:24:38.107 | INFO     | network.models.trainer:fit:247 - 2021-03-02 09:24:38.107143 Epoch [046/046], with lr = 8e-05, Step [0050/0050],                        [loss_record5: 0.3655]
2021-03-02 09:24:56.894 | INFO     | network.models.trainer:fit:247 - 2021-03-02 09:24:56.894842 Epoch [047/047], with lr = 8e-05, Step [0025/0050],                        [loss_record5: 0.4240]
2021-03-02 09:25:15.845 | INFO     | network.models.trainer:fit:247 - 2021-03-02 09:25:15.844979 Epoch [047/047], with lr = 8e-05, Step [0050/0050],                        [loss_record5: 0.3810]
2021-03-02 09:25:34.568 | INFO     | network.models.trainer:fit:247 - 2021-03-02 09:25:34.568490 Epoch [048/048], with lr = 8e-05, Step [0025/0050],                        [loss_record5: 0.3626]
2021-03-02 09:25:53.575 | INFO     | network.models.trainer:fit:247 - 2021-03-02 09:25:53.575327 Epoch [048/048], with lr = 8e-05, Step [0050/0050],                        [loss_record5: 0.3461]
2021-03-02 09:26:12.518 | INFO     | network.models.trainer:fit:247 - 2021-03-02 09:26:12.518293 Epoch [049/049], with lr = 8e-05, Step [0025/0050],                        [loss_record5: 0.3939]
2021-03-02 09:26:31.421 | INFO     | network.models.trainer:fit:247 - 2021-03-02 09:26:31.420920 Epoch [049/049], with lr = 8e-05, Step [0050/0050],                        [loss_record5: 0.3789]
2021-03-02 09:26:50.215 | INFO     | network.models.trainer:fit:247 - 2021-03-02 09:26:50.215137 Epoch [050/050], with lr = 8e-05, Step [0025/0050],                        [loss_record5: 0.3937]
2021-03-02 09:27:09.185 | INFO     | network.models.trainer:fit:247 - 2021-03-02 09:27:09.185142 Epoch [050/050], with lr = 8e-05, Step [0050/0050],                        [loss_record5: 0.3441]
2021-03-02 09:27:28.253 | INFO     | network.models.trainer:fit:247 - 2021-03-02 09:27:28.253139 Epoch [051/051], with lr = 8e-05, Step [0025/0050],                        [loss_record5: 0.3743]
2021-03-02 09:27:46.905 | INFO     | network.models.trainer:fit:247 - 2021-03-02 09:27:46.904941 Epoch [051/051], with lr = 8e-05, Step [0050/0050],                        [loss_record5: 0.3679]
2021-03-02 09:28:05.681 | INFO     | network.models.trainer:fit:247 - 2021-03-02 09:28:05.681384 Epoch [052/052], with lr = 8e-05, Step [0025/0050],                        [loss_record5: 0.3701]
2021-03-02 09:28:24.506 | INFO     | network.models.trainer:fit:247 - 2021-03-02 09:28:24.506068 Epoch [052/052], with lr = 8e-05, Step [0050/0050],                        [loss_record5: 0.4102]
2021-03-02 09:28:43.258 | INFO     | network.models.trainer:fit:247 - 2021-03-02 09:28:43.257945 Epoch [053/053], with lr = 8e-05, Step [0025/0050],                        [loss_record5: 0.4378]
2021-03-02 09:29:02.303 | INFO     | network.models.trainer:fit:247 - 2021-03-02 09:29:02.303125 Epoch [053/053], with lr = 8e-05, Step [0050/0050],                        [loss_record5: 0.4321]
2021-03-02 09:29:21.291 | INFO     | network.models.trainer:fit:247 - 2021-03-02 09:29:21.290880 Epoch [054/054], with lr = 8e-05, Step [0025/0050],                        [loss_record5: 0.3735]
2021-03-02 09:29:40.051 | INFO     | network.models.trainer:fit:247 - 2021-03-02 09:29:40.051628 Epoch [054/054], with lr = 8e-05, Step [0050/0050],                        [loss_record5: 0.3691]
2021-03-02 09:29:58.801 | INFO     | network.models.trainer:fit:247 - 2021-03-02 09:29:58.801100 Epoch [055/055], with lr = 8e-05, Step [0025/0050],                        [loss_record5: 0.3649]
2021-03-02 09:30:17.731 | INFO     | network.models.trainer:fit:247 - 2021-03-02 09:30:17.731283 Epoch [055/055], with lr = 8e-05, Step [0050/0050],                        [loss_record5: 0.3565]
2021-03-02 09:30:36.586 | INFO     | network.models.trainer:fit:247 - 2021-03-02 09:30:36.586223 Epoch [056/056], with lr = 8e-05, Step [0025/0050],                        [loss_record5: 0.3817]
2021-03-02 09:30:55.429 | INFO     | network.models.trainer:fit:247 - 2021-03-02 09:30:55.429723 Epoch [056/056], with lr = 8e-05, Step [0050/0050],                        [loss_record5: 0.3866]
2021-03-02 09:31:14.278 | INFO     | network.models.trainer:fit:247 - 2021-03-02 09:31:14.278096 Epoch [057/057], with lr = 8e-05, Step [0025/0050],                        [loss_record5: 0.3446]
2021-03-02 09:31:32.957 | INFO     | network.models.trainer:fit:247 - 2021-03-02 09:31:32.957378 Epoch [057/057], with lr = 8e-05, Step [0050/0050],                        [loss_record5: 0.3606]
2021-03-02 09:31:51.793 | INFO     | network.models.trainer:fit:247 - 2021-03-02 09:31:51.793129 Epoch [058/058], with lr = 8e-05, Step [0025/0050],                        [loss_record5: 0.3716]
2021-03-02 09:32:10.672 | INFO     | network.models.trainer:fit:247 - 2021-03-02 09:32:10.672533 Epoch [058/058], with lr = 8e-05, Step [0050/0050],                        [loss_record5: 0.3679]
2021-03-02 09:32:29.652 | INFO     | network.models.trainer:fit:247 - 2021-03-02 09:32:29.651908 Epoch [059/059], with lr = 8e-05, Step [0025/0050],                        [loss_record5: 0.3316]
2021-03-02 09:32:48.380 | INFO     | network.models.trainer:fit:247 - 2021-03-02 09:32:48.380462 Epoch [059/059], with lr = 8e-05, Step [0050/0050],                        [loss_record5: 0.3369]
2021-03-02 09:33:07.272 | INFO     | network.models.trainer:fit:247 - 2021-03-02 09:33:07.271932 Epoch [060/060], with lr = 8e-05, Step [0025/0050],                        [loss_record5: 0.3820]
2021-03-02 09:33:26.068 | INFO     | network.models.trainer:fit:247 - 2021-03-02 09:33:26.068783 Epoch [060/060], with lr = 8e-05, Step [0050/0050],                        [loss_record5: 0.3316]
2021-03-02 09:33:45.107 | INFO     | network.models.trainer:fit:247 - 2021-03-02 09:33:45.106907 Epoch [061/061], with lr = 8e-05, Step [0025/0050],                        [loss_record5: 0.3830]
2021-03-02 09:34:03.820 | INFO     | network.models.trainer:fit:247 - 2021-03-02 09:34:03.820050 Epoch [061/061], with lr = 8e-05, Step [0050/0050],                        [loss_record5: 0.3664]
2021-03-02 09:34:22.735 | INFO     | network.models.trainer:fit:247 - 2021-03-02 09:34:22.735524 Epoch [062/062], with lr = 8e-05, Step [0025/0050],                        [loss_record5: 0.3667]
2021-03-02 09:34:41.528 | INFO     | network.models.trainer:fit:247 - 2021-03-02 09:34:41.527740 Epoch [062/062], with lr = 8e-05, Step [0050/0050],                        [loss_record5: 0.3818]
2021-03-02 09:35:00.429 | INFO     | network.models.trainer:fit:247 - 2021-03-02 09:35:00.428906 Epoch [063/063], with lr = 8e-05, Step [0025/0050],                        [loss_record5: 0.3509]
2021-03-02 09:35:19.283 | INFO     | network.models.trainer:fit:247 - 2021-03-02 09:35:19.283595 Epoch [063/063], with lr = 8e-05, Step [0050/0050],                        [loss_record5: 0.3475]
2021-03-02 09:35:38.169 | INFO     | network.models.trainer:fit:247 - 2021-03-02 09:35:38.169384 Epoch [064/064], with lr = 8e-05, Step [0025/0050],                        [loss_record5: 0.3438]
2021-03-02 09:35:57.067 | INFO     | network.models.trainer:fit:247 - 2021-03-02 09:35:57.067074 Epoch [064/064], with lr = 8e-05, Step [0050/0050],                        [loss_record5: 0.3312]
2021-03-02 09:36:16.144 | INFO     | network.models.trainer:fit:247 - 2021-03-02 09:36:16.143821 Epoch [065/065], with lr = 8e-05, Step [0025/0050],                        [loss_record5: 0.3030]
2021-03-02 09:36:34.898 | INFO     | network.models.trainer:fit:247 - 2021-03-02 09:36:34.898667 Epoch [065/065], with lr = 8e-05, Step [0050/0050],                        [loss_record5: 0.3236]
2021-03-02 09:36:53.724 | INFO     | network.models.trainer:fit:247 - 2021-03-02 09:36:53.724499 Epoch [066/066], with lr = 8e-05, Step [0025/0050],                        [loss_record5: 0.3605]
2021-03-02 09:37:12.696 | INFO     | network.models.trainer:fit:247 - 2021-03-02 09:37:12.696337 Epoch [066/066], with lr = 8e-05, Step [0050/0050],                        [loss_record5: 0.3541]
2021-03-02 09:37:31.534 | INFO     | network.models.trainer:fit:247 - 2021-03-02 09:37:31.533979 Epoch [067/067], with lr = 8e-05, Step [0025/0050],                        [loss_record5: 0.3296]
2021-03-02 09:37:50.345 | INFO     | network.models.trainer:fit:247 - 2021-03-02 09:37:50.345366 Epoch [067/067], with lr = 8e-05, Step [0050/0050],                        [loss_record5: 0.3320]
2021-03-02 09:38:09.316 | INFO     | network.models.trainer:fit:247 - 2021-03-02 09:38:09.316713 Epoch [068/068], with lr = 8e-05, Step [0025/0050],                        [loss_record5: 0.3629]
2021-03-02 09:38:28.053 | INFO     | network.models.trainer:fit:247 - 2021-03-02 09:38:28.053516 Epoch [068/068], with lr = 8e-05, Step [0050/0050],                        [loss_record5: 0.3331]
2021-03-02 09:38:46.664 | INFO     | network.models.trainer:fit:247 - 2021-03-02 09:38:46.664292 Epoch [069/069], with lr = 8e-05, Step [0025/0050],                        [loss_record5: 0.3100]
2021-03-02 09:39:05.557 | INFO     | network.models.trainer:fit:247 - 2021-03-02 09:39:05.557749 Epoch [069/069], with lr = 8e-05, Step [0050/0050],                        [loss_record5: 0.3311]
2021-03-02 09:39:24.428 | INFO     | network.models.trainer:fit:247 - 2021-03-02 09:39:24.428499 Epoch [070/070], with lr = 8e-05, Step [0025/0050],                        [loss_record5: 0.3291]
2021-03-02 09:39:43.247 | INFO     | network.models.trainer:fit:247 - 2021-03-02 09:39:43.247649 Epoch [070/070], with lr = 8e-05, Step [0050/0050],                        [loss_record5: 0.3538]
2021-03-02 09:40:02.159 | INFO     | network.models.trainer:fit:247 - 2021-03-02 09:40:02.159488 Epoch [071/071], with lr = 8e-05, Step [0025/0050],                        [loss_record5: 0.3415]
2021-03-02 09:40:20.872 | INFO     | network.models.trainer:fit:247 - 2021-03-02 09:40:20.872136 Epoch [071/071], with lr = 8e-05, Step [0050/0050],                        [loss_record5: 0.3068]
2021-03-02 09:40:39.725 | INFO     | network.models.trainer:fit:247 - 2021-03-02 09:40:39.724945 Epoch [072/072], with lr = 8e-05, Step [0025/0050],                        [loss_record5: 0.3580]
2021-03-02 09:40:58.452 | INFO     | network.models.trainer:fit:247 - 2021-03-02 09:40:58.452688 Epoch [072/072], with lr = 8e-05, Step [0050/0050],                        [loss_record5: 0.3181]
2021-03-02 09:41:17.326 | INFO     | network.models.trainer:fit:247 - 2021-03-02 09:41:17.325891 Epoch [073/073], with lr = 8e-05, Step [0025/0050],                        [loss_record5: 0.3400]
2021-03-02 09:41:36.206 | INFO     | network.models.trainer:fit:247 - 2021-03-02 09:41:36.206146 Epoch [073/073], with lr = 8e-05, Step [0050/0050],                        [loss_record5: 0.3496]
2021-03-02 09:41:55.168 | INFO     | network.models.trainer:fit:247 - 2021-03-02 09:41:55.168039 Epoch [074/074], with lr = 8e-05, Step [0025/0050],                        [loss_record5: 0.3473]
2021-03-02 09:42:13.954 | INFO     | network.models.trainer:fit:247 - 2021-03-02 09:42:13.953880 Epoch [074/074], with lr = 8e-05, Step [0050/0050],                        [loss_record5: 0.3521]
2021-03-02 09:42:32.721 | INFO     | network.models.trainer:fit:247 - 2021-03-02 09:42:32.721127 Epoch [075/075], with lr = 8e-05, Step [0025/0050],                        [loss_record5: 0.3305]
2021-03-02 09:42:51.657 | INFO     | network.models.trainer:fit:247 - 2021-03-02 09:42:51.657500 Epoch [075/075], with lr = 8e-05, Step [0050/0050],                        [loss_record5: 0.3386]
2021-03-02 09:43:10.429 | INFO     | network.models.trainer:fit:247 - 2021-03-02 09:43:10.429206 Epoch [076/076], with lr = 8e-05, Step [0025/0050],                        [loss_record5: 0.3683]
2021-03-02 09:43:29.376 | INFO     | network.models.trainer:fit:247 - 2021-03-02 09:43:29.375989 Epoch [076/076], with lr = 8e-05, Step [0050/0050],                        [loss_record5: 0.3545]
2021-03-02 09:43:48.298 | INFO     | network.models.trainer:fit:247 - 2021-03-02 09:43:48.298614 Epoch [077/077], with lr = 8e-05, Step [0025/0050],                        [loss_record5: 0.3142]
2021-03-02 09:44:07.181 | INFO     | network.models.trainer:fit:247 - 2021-03-02 09:44:07.180992 Epoch [077/077], with lr = 8e-05, Step [0050/0050],                        [loss_record5: 0.3372]
2021-03-02 09:44:26.255 | INFO     | network.models.trainer:fit:247 - 2021-03-02 09:44:26.255504 Epoch [078/078], with lr = 8e-05, Step [0025/0050],                        [loss_record5: 0.3587]
2021-03-02 09:44:45.025 | INFO     | network.models.trainer:fit:247 - 2021-03-02 09:44:45.025468 Epoch [078/078], with lr = 8e-05, Step [0050/0050],                        [loss_record5: 0.3117]
2021-03-02 09:45:03.786 | INFO     | network.models.trainer:fit:247 - 2021-03-02 09:45:03.786530 Epoch [079/079], with lr = 8e-05, Step [0025/0050],                        [loss_record5: 0.3180]
2021-03-02 09:45:22.750 | INFO     | network.models.trainer:fit:247 - 2021-03-02 09:45:22.749761 Epoch [079/079], with lr = 8e-05, Step [0050/0050],                        [loss_record5: 0.3609]
2021-03-02 09:45:41.673 | INFO     | network.models.trainer:fit:247 - 2021-03-02 09:45:41.673428 Epoch [080/080], with lr = 8e-05, Step [0025/0050],                        [loss_record5: 0.3774]
2021-03-02 09:46:00.502 | INFO     | network.models.trainer:fit:247 - 2021-03-02 09:46:00.501832 Epoch [080/080], with lr = 8e-05, Step [0050/0050],                        [loss_record5: 0.3355]
2021-03-02 09:46:19.376 | INFO     | network.models.trainer:fit:247 - 2021-03-02 09:46:19.376282 Epoch [081/081], with lr = 8e-05, Step [0025/0050],                        [loss_record5: 0.3207]
2021-03-02 09:46:38.169 | INFO     | network.models.trainer:fit:247 - 2021-03-02 09:46:38.169740 Epoch [081/081], with lr = 8e-05, Step [0050/0050],                        [loss_record5: 0.3370]
2021-03-02 09:46:57.092 | INFO     | network.models.trainer:fit:247 - 2021-03-02 09:46:57.091809 Epoch [082/082], with lr = 8e-05, Step [0025/0050],                        [loss_record5: 0.3207]
2021-03-02 09:47:15.811 | INFO     | network.models.trainer:fit:247 - 2021-03-02 09:47:15.811438 Epoch [082/082], with lr = 8e-05, Step [0050/0050],                        [loss_record5: 0.3399]
2021-03-02 09:47:34.668 | INFO     | network.models.trainer:fit:247 - 2021-03-02 09:47:34.668058 Epoch [083/083], with lr = 8e-05, Step [0025/0050],                        [loss_record5: 0.3153]
2021-03-02 09:47:53.407 | INFO     | network.models.trainer:fit:247 - 2021-03-02 09:47:53.407609 Epoch [083/083], with lr = 8e-05, Step [0050/0050],                        [loss_record5: 0.3119]
2021-03-02 09:47:54.493 | INFO     | network.models.trainer:fit:256 - [Saving Snapshot:]/home/admin_mcn/hung/polyp_segmentation/snapshots/TransUnet/PraNetDG-fold2-83.pth
2021-03-02 09:48:13.213 | INFO     | network.models.trainer:fit:247 - 2021-03-02 09:48:13.213281 Epoch [084/084], with lr = 8e-05, Step [0025/0050],                        [loss_record5: 0.3273]
2021-03-02 09:48:32.090 | INFO     | network.models.trainer:fit:247 - 2021-03-02 09:48:32.090677 Epoch [084/084], with lr = 8e-05, Step [0050/0050],                        [loss_record5: 0.3029]
2021-03-02 09:48:50.970 | INFO     | network.models.trainer:fit:247 - 2021-03-02 09:48:50.970386 Epoch [085/085], with lr = 8e-05, Step [0025/0050],                        [loss_record5: 0.3378]
2021-03-02 09:49:09.770 | INFO     | network.models.trainer:fit:247 - 2021-03-02 09:49:09.770372 Epoch [085/085], with lr = 8e-05, Step [0050/0050],                        [loss_record5: 0.2962]
2021-03-02 09:49:28.706 | INFO     | network.models.trainer:fit:247 - 2021-03-02 09:49:28.705970 Epoch [086/086], with lr = 8e-05, Step [0025/0050],                        [loss_record5: 0.3124]
2021-03-02 09:49:47.619 | INFO     | network.models.trainer:fit:247 - 2021-03-02 09:49:47.619149 Epoch [086/086], with lr = 8e-05, Step [0050/0050],                        [loss_record5: 0.3212]
2021-03-02 09:49:48.670 | INFO     | network.models.trainer:fit:256 - [Saving Snapshot:]/home/admin_mcn/hung/polyp_segmentation/snapshots/TransUnet/PraNetDG-fold2-86.pth
2021-03-02 09:50:07.387 | INFO     | network.models.trainer:fit:247 - 2021-03-02 09:50:07.387026 Epoch [087/087], with lr = 8e-05, Step [0025/0050],                        [loss_record5: 0.3133]
2021-03-02 09:50:26.175 | INFO     | network.models.trainer:fit:247 - 2021-03-02 09:50:26.175101 Epoch [087/087], with lr = 8e-05, Step [0050/0050],                        [loss_record5: 0.3138]
2021-03-02 09:50:45.167 | INFO     | network.models.trainer:fit:247 - 2021-03-02 09:50:45.167478 Epoch [088/088], with lr = 8e-05, Step [0025/0050],                        [loss_record5: 0.3106]
2021-03-02 09:51:03.739 | INFO     | network.models.trainer:fit:247 - 2021-03-02 09:51:03.739252 Epoch [088/088], with lr = 8e-05, Step [0050/0050],                        [loss_record5: 0.3053]
2021-03-02 09:51:22.572 | INFO     | network.models.trainer:fit:247 - 2021-03-02 09:51:22.572133 Epoch [089/089], with lr = 8e-05, Step [0025/0050],                        [loss_record5: 0.3525]
2021-03-02 09:51:41.119 | INFO     | network.models.trainer:fit:247 - 2021-03-02 09:51:41.119083 Epoch [089/089], with lr = 8e-05, Step [0050/0050],                        [loss_record5: 0.3210]
2021-03-02 09:51:42.146 | INFO     | network.models.trainer:fit:256 - [Saving Snapshot:]/home/admin_mcn/hung/polyp_segmentation/snapshots/TransUnet/PraNetDG-fold2-89.pth
2021-03-02 09:52:00.931 | INFO     | network.models.trainer:fit:247 - 2021-03-02 09:52:00.931052 Epoch [090/090], with lr = 8e-05, Step [0025/0050],                        [loss_record5: 0.3242]
2021-03-02 09:52:19.704 | INFO     | network.models.trainer:fit:247 - 2021-03-02 09:52:19.704609 Epoch [090/090], with lr = 8e-05, Step [0050/0050],                        [loss_record5: 0.3033]
2021-03-02 09:52:38.651 | INFO     | network.models.trainer:fit:247 - 2021-03-02 09:52:38.651604 Epoch [091/091], with lr = 8e-05, Step [0025/0050],                        [loss_record5: 0.3024]
2021-03-02 09:52:57.540 | INFO     | network.models.trainer:fit:247 - 2021-03-02 09:52:57.539828 Epoch [091/091], with lr = 8e-05, Step [0050/0050],                        [loss_record5: 0.3324]
2021-03-02 09:53:16.436 | INFO     | network.models.trainer:fit:247 - 2021-03-02 09:53:16.436706 Epoch [092/092], with lr = 8e-05, Step [0025/0050],                        [loss_record5: 0.2950]
2021-03-02 09:53:35.267 | INFO     | network.models.trainer:fit:247 - 2021-03-02 09:53:35.266741 Epoch [092/092], with lr = 8e-05, Step [0050/0050],                        [loss_record5: 0.3041]
2021-03-02 09:53:36.300 | INFO     | network.models.trainer:fit:256 - [Saving Snapshot:]/home/admin_mcn/hung/polyp_segmentation/snapshots/TransUnet/PraNetDG-fold2-92.pth
2021-03-02 09:53:55.108 | INFO     | network.models.trainer:fit:247 - 2021-03-02 09:53:55.108296 Epoch [093/093], with lr = 8e-05, Step [0025/0050],                        [loss_record5: 0.3392]
2021-03-02 09:54:13.934 | INFO     | network.models.trainer:fit:247 - 2021-03-02 09:54:13.934417 Epoch [093/093], with lr = 8e-05, Step [0050/0050],                        [loss_record5: 0.3356]
2021-03-02 09:54:32.720 | INFO     | network.models.trainer:fit:247 - 2021-03-02 09:54:32.720011 Epoch [094/094], with lr = 8e-05, Step [0025/0050],                        [loss_record5: 0.2857]
2021-03-02 09:54:51.596 | INFO     | network.models.trainer:fit:247 - 2021-03-02 09:54:51.596728 Epoch [094/094], with lr = 8e-05, Step [0050/0050],                        [loss_record5: 0.3069]
2021-03-02 09:55:10.308 | INFO     | network.models.trainer:fit:247 - 2021-03-02 09:55:10.308144 Epoch [095/095], with lr = 8e-05, Step [0025/0050],                        [loss_record5: 0.3245]
2021-03-02 09:55:29.295 | INFO     | network.models.trainer:fit:247 - 2021-03-02 09:55:29.295299 Epoch [095/095], with lr = 8e-05, Step [0050/0050],                        [loss_record5: 0.3188]
2021-03-02 09:55:30.327 | INFO     | network.models.trainer:fit:256 - [Saving Snapshot:]/home/admin_mcn/hung/polyp_segmentation/snapshots/TransUnet/PraNetDG-fold2-95.pth
2021-03-02 09:55:49.292 | INFO     | network.models.trainer:fit:247 - 2021-03-02 09:55:49.291819 Epoch [096/096], with lr = 8e-05, Step [0025/0050],                        [loss_record5: 0.2882]
2021-03-02 09:56:08.037 | INFO     | network.models.trainer:fit:247 - 2021-03-02 09:56:08.037259 Epoch [096/096], with lr = 8e-05, Step [0050/0050],                        [loss_record5: 0.2854]
2021-03-02 09:56:26.809 | INFO     | network.models.trainer:fit:247 - 2021-03-02 09:56:26.809300 Epoch [097/097], with lr = 8e-05, Step [0025/0050],                        [loss_record5: 0.3018]
2021-03-02 09:56:45.696 | INFO     | network.models.trainer:fit:247 - 2021-03-02 09:56:45.696692 Epoch [097/097], with lr = 8e-05, Step [0050/0050],                        [loss_record5: 0.3521]
2021-03-02 09:57:04.594 | INFO     | network.models.trainer:fit:247 - 2021-03-02 09:57:04.594489 Epoch [098/098], with lr = 8e-05, Step [0025/0050],                        [loss_record5: 0.3302]
2021-03-02 09:57:23.424 | INFO     | network.models.trainer:fit:247 - 2021-03-02 09:57:23.424271 Epoch [098/098], with lr = 8e-05, Step [0050/0050],                        [loss_record5: 0.3383]
2021-03-02 09:57:24.446 | INFO     | network.models.trainer:fit:256 - [Saving Snapshot:]/home/admin_mcn/hung/polyp_segmentation/snapshots/TransUnet/PraNetDG-fold2-98.pth
2021-03-02 09:57:43.391 | INFO     | network.models.trainer:fit:247 - 2021-03-02 09:57:43.391248 Epoch [099/099], with lr = 8e-05, Step [0025/0050],                        [loss_record5: 0.3625]
2021-03-02 09:58:02.269 | INFO     | network.models.trainer:fit:247 - 2021-03-02 09:58:02.268910 Epoch [099/099], with lr = 8e-05, Step [0050/0050],                        [loss_record5: 0.3203]
2021-03-02 09:58:21.018 | INFO     | network.models.trainer:fit:247 - 2021-03-02 09:58:21.018395 Epoch [100/100], with lr = 8e-05, Step [0025/0050],                        [loss_record5: 0.3312]
2021-03-02 09:58:39.859 | INFO     | network.models.trainer:fit:247 - 2021-03-02 09:58:39.859634 Epoch [100/100], with lr = 8e-05, Step [0050/0050],                        [loss_record5: 0.3234]
2021-03-02 09:58:58.775 | INFO     | network.models.trainer:fit:247 - 2021-03-02 09:58:58.775068 Epoch [101/101], with lr = 8e-05, Step [0025/0050],                        [loss_record5: 0.2988]
2021-03-02 09:59:17.558 | INFO     | network.models.trainer:fit:247 - 2021-03-02 09:59:17.558373 Epoch [101/101], with lr = 8e-05, Step [0050/0050],                        [loss_record5: 0.3301]
2021-03-02 09:59:18.578 | INFO     | network.models.trainer:fit:256 - [Saving Snapshot:]/home/admin_mcn/hung/polyp_segmentation/snapshots/TransUnet/PraNetDG-fold2-101.pth
2021-03-02 09:59:37.476 | INFO     | network.models.trainer:fit:247 - 2021-03-02 09:59:37.476293 Epoch [102/102], with lr = 8e-05, Step [0025/0050],                        [loss_record5: 0.2778]
2021-03-02 09:59:56.448 | INFO     | network.models.trainer:fit:247 - 2021-03-02 09:59:56.448040 Epoch [102/102], with lr = 8e-05, Step [0050/0050],                        [loss_record5: 0.3117]
2021-03-02 10:00:15.567 | INFO     | network.models.trainer:fit:247 - 2021-03-02 10:00:15.567249 Epoch [103/103], with lr = 8e-05, Step [0025/0050],                        [loss_record5: 0.3163]
2021-03-02 10:00:34.347 | INFO     | network.models.trainer:fit:247 - 2021-03-02 10:00:34.347354 Epoch [103/103], with lr = 8e-05, Step [0050/0050],                        [loss_record5: 0.3091]
2021-03-02 10:00:53.303 | INFO     | network.models.trainer:fit:247 - 2021-03-02 10:00:53.303484 Epoch [104/104], with lr = 8e-05, Step [0025/0050],                        [loss_record5: 0.3327]
2021-03-02 10:01:12.204 | INFO     | network.models.trainer:fit:247 - 2021-03-02 10:01:12.204800 Epoch [104/104], with lr = 8e-05, Step [0050/0050],                        [loss_record5: 0.2966]
2021-03-02 10:01:13.180 | INFO     | network.models.trainer:fit:256 - [Saving Snapshot:]/home/admin_mcn/hung/polyp_segmentation/snapshots/TransUnet/PraNetDG-fold2-104.pth
2021-03-02 10:01:32.122 | INFO     | network.models.trainer:fit:247 - 2021-03-02 10:01:32.122669 Epoch [105/105], with lr = 8e-05, Step [0025/0050],                        [loss_record5: 0.3926]
2021-03-02 10:01:50.987 | INFO     | network.models.trainer:fit:247 - 2021-03-02 10:01:50.987271 Epoch [105/105], with lr = 8e-05, Step [0050/0050],                        [loss_record5: 0.3523]
2021-03-02 10:02:09.748 | INFO     | network.models.trainer:fit:247 - 2021-03-02 10:02:09.747845 Epoch [106/106], with lr = 8e-05, Step [0025/0050],                        [loss_record5: 0.3350]
2021-03-02 10:02:28.592 | INFO     | network.models.trainer:fit:247 - 2021-03-02 10:02:28.591832 Epoch [106/106], with lr = 8e-05, Step [0050/0050],                        [loss_record5: 0.3402]
2021-03-02 10:02:47.328 | INFO     | network.models.trainer:fit:247 - 2021-03-02 10:02:47.327903 Epoch [107/107], with lr = 8e-05, Step [0025/0050],                        [loss_record5: 0.3075]
2021-03-02 10:03:06.205 | INFO     | network.models.trainer:fit:247 - 2021-03-02 10:03:06.204846 Epoch [107/107], with lr = 8e-05, Step [0050/0050],                        [loss_record5: 0.3160]
2021-03-02 10:03:07.221 | INFO     | network.models.trainer:fit:256 - [Saving Snapshot:]/home/admin_mcn/hung/polyp_segmentation/snapshots/TransUnet/PraNetDG-fold2-107.pth
2021-03-02 10:03:26.087 | INFO     | network.models.trainer:fit:247 - 2021-03-02 10:03:26.087668 Epoch [108/108], with lr = 8e-05, Step [0025/0050],                        [loss_record5: 0.2872]
2021-03-02 10:03:45.055 | INFO     | network.models.trainer:fit:247 - 2021-03-02 10:03:45.054757 Epoch [108/108], with lr = 8e-05, Step [0050/0050],                        [loss_record5: 0.2841]
2021-03-02 10:04:03.924 | INFO     | network.models.trainer:fit:247 - 2021-03-02 10:04:03.924566 Epoch [109/109], with lr = 8e-05, Step [0025/0050],                        [loss_record5: 0.3619]
2021-03-02 10:04:22.814 | INFO     | network.models.trainer:fit:247 - 2021-03-02 10:04:22.814682 Epoch [109/109], with lr = 8e-05, Step [0050/0050],                        [loss_record5: 0.3350]
2021-03-02 10:04:41.644 | INFO     | network.models.trainer:fit:247 - 2021-03-02 10:04:41.644278 Epoch [110/110], with lr = 8e-05, Step [0025/0050],                        [loss_record5: 0.2983]
2021-03-02 10:05:00.379 | INFO     | network.models.trainer:fit:247 - 2021-03-02 10:05:00.379283 Epoch [110/110], with lr = 8e-05, Step [0050/0050],                        [loss_record5: 0.3148]
2021-03-02 10:05:01.398 | INFO     | network.models.trainer:fit:256 - [Saving Snapshot:]/home/admin_mcn/hung/polyp_segmentation/snapshots/TransUnet/PraNetDG-fold2-110.pth
2021-03-02 10:05:20.212 | INFO     | network.models.trainer:fit:247 - 2021-03-02 10:05:20.212719 Epoch [111/111], with lr = 8e-05, Step [0025/0050],                        [loss_record5: 0.3501]
2021-03-02 10:05:38.987 | INFO     | network.models.trainer:fit:247 - 2021-03-02 10:05:38.986992 Epoch [111/111], with lr = 8e-05, Step [0050/0050],                        [loss_record5: 0.3702]
2021-03-02 10:05:57.744 | INFO     | network.models.trainer:fit:247 - 2021-03-02 10:05:57.744487 Epoch [112/112], with lr = 8e-05, Step [0025/0050],                        [loss_record5: 0.2848]
2021-03-02 10:06:16.516 | INFO     | network.models.trainer:fit:247 - 2021-03-02 10:06:16.516276 Epoch [112/112], with lr = 8e-05, Step [0050/0050],                        [loss_record5: 0.3302]
2021-03-02 10:06:35.276 | INFO     | network.models.trainer:fit:247 - 2021-03-02 10:06:35.275929 Epoch [113/113], with lr = 8e-05, Step [0025/0050],                        [loss_record5: 0.3445]
2021-03-02 10:06:54.167 | INFO     | network.models.trainer:fit:247 - 2021-03-02 10:06:54.166873 Epoch [113/113], with lr = 8e-05, Step [0050/0050],                        [loss_record5: 0.3518]
2021-03-02 10:06:55.191 | INFO     | network.models.trainer:fit:256 - [Saving Snapshot:]/home/admin_mcn/hung/polyp_segmentation/snapshots/TransUnet/PraNetDG-fold2-113.pth
2021-03-02 10:07:14.012 | INFO     | network.models.trainer:fit:247 - 2021-03-02 10:07:14.012418 Epoch [114/114], with lr = 8e-05, Step [0025/0050],                        [loss_record5: 0.3194]
2021-03-02 10:07:32.829 | INFO     | network.models.trainer:fit:247 - 2021-03-02 10:07:32.828989 Epoch [114/114], with lr = 8e-05, Step [0050/0050],                        [loss_record5: 0.3170]
2021-03-02 10:07:51.623 | INFO     | network.models.trainer:fit:247 - 2021-03-02 10:07:51.623341 Epoch [115/115], with lr = 8e-05, Step [0025/0050],                        [loss_record5: 0.3315]
2021-03-02 10:08:10.518 | INFO     | network.models.trainer:fit:247 - 2021-03-02 10:08:10.518633 Epoch [115/115], with lr = 8e-05, Step [0050/0050],                        [loss_record5: 0.3181]
2021-03-02 10:08:29.337 | INFO     | network.models.trainer:fit:247 - 2021-03-02 10:08:29.336840 Epoch [116/116], with lr = 8e-05, Step [0025/0050],                        [loss_record5: 0.3166]
2021-03-02 10:08:48.234 | INFO     | network.models.trainer:fit:247 - 2021-03-02 10:08:48.233763 Epoch [116/116], with lr = 8e-05, Step [0050/0050],                        [loss_record5: 0.2848]
2021-03-02 10:08:49.271 | INFO     | network.models.trainer:fit:256 - [Saving Snapshot:]/home/admin_mcn/hung/polyp_segmentation/snapshots/TransUnet/PraNetDG-fold2-116.pth
2021-03-02 10:09:07.985 | INFO     | network.models.trainer:fit:247 - 2021-03-02 10:09:07.984995 Epoch [117/117], with lr = 8e-05, Step [0025/0050],                        [loss_record5: 0.2922]
2021-03-02 10:09:26.898 | INFO     | network.models.trainer:fit:247 - 2021-03-02 10:09:26.898198 Epoch [117/117], with lr = 8e-05, Step [0050/0050],                        [loss_record5: 0.2891]
2021-03-02 10:09:45.557 | INFO     | network.models.trainer:fit:247 - 2021-03-02 10:09:45.557438 Epoch [118/118], with lr = 8e-05, Step [0025/0050],                        [loss_record5: 0.3636]
2021-03-02 10:10:04.474 | INFO     | network.models.trainer:fit:247 - 2021-03-02 10:10:04.474787 Epoch [118/118], with lr = 8e-05, Step [0050/0050],                        [loss_record5: 0.3499]
2021-03-02 10:10:23.117 | INFO     | network.models.trainer:fit:247 - 2021-03-02 10:10:23.117596 Epoch [119/119], with lr = 8e-05, Step [0025/0050],                        [loss_record5: 0.3054]
2021-03-02 10:10:42.060 | INFO     | network.models.trainer:fit:247 - 2021-03-02 10:10:42.060647 Epoch [119/119], with lr = 8e-05, Step [0050/0050],                        [loss_record5: 0.3383]
2021-03-02 10:10:43.075 | INFO     | network.models.trainer:fit:256 - [Saving Snapshot:]/home/admin_mcn/hung/polyp_segmentation/snapshots/TransUnet/PraNetDG-fold2-119.pth
2021-03-02 10:11:02.002 | INFO     | network.models.trainer:fit:247 - 2021-03-02 10:11:02.002215 Epoch [120/120], with lr = 8e-05, Step [0025/0050],                        [loss_record5: 0.2775]
2021-03-02 10:11:20.716 | INFO     | network.models.trainer:fit:247 - 2021-03-02 10:11:20.716167 Epoch [120/120], with lr = 8e-05, Step [0050/0050],                        [loss_record5: 0.2880]
2021-03-02 10:11:39.491 | INFO     | network.models.trainer:fit:247 - 2021-03-02 10:11:39.491424 Epoch [121/121], with lr = 8e-05, Step [0025/0050],                        [loss_record5: 0.3056]
2021-03-02 10:11:58.472 | INFO     | network.models.trainer:fit:247 - 2021-03-02 10:11:58.472512 Epoch [121/121], with lr = 8e-05, Step [0050/0050],                        [loss_record5: 0.2967]
2021-03-02 10:12:17.315 | INFO     | network.models.trainer:fit:247 - 2021-03-02 10:12:17.315067 Epoch [122/122], with lr = 8e-05, Step [0025/0050],                        [loss_record5: 0.5257]
2021-03-02 10:12:36.224 | INFO     | network.models.trainer:fit:247 - 2021-03-02 10:12:36.224261 Epoch [122/122], with lr = 8e-05, Step [0050/0050],                        [loss_record5: 0.5138]
2021-03-02 10:12:37.233 | INFO     | network.models.trainer:fit:256 - [Saving Snapshot:]/home/admin_mcn/hung/polyp_segmentation/snapshots/TransUnet/PraNetDG-fold2-122.pth
2021-03-02 10:12:56.122 | INFO     | network.models.trainer:fit:247 - 2021-03-02 10:12:56.122399 Epoch [123/123], with lr = 8e-05, Step [0025/0050],                        [loss_record5: 0.3709]
2021-03-02 10:13:14.848 | INFO     | network.models.trainer:fit:247 - 2021-03-02 10:13:14.847747 Epoch [123/123], with lr = 8e-05, Step [0050/0050],                        [loss_record5: 0.3819]
2021-03-02 10:13:33.750 | INFO     | network.models.trainer:fit:247 - 2021-03-02 10:13:33.750794 Epoch [124/124], with lr = 8e-05, Step [0025/0050],                        [loss_record5: 0.3598]
2021-03-02 10:13:52.433 | INFO     | network.models.trainer:fit:247 - 2021-03-02 10:13:52.433831 Epoch [124/124], with lr = 8e-05, Step [0050/0050],                        [loss_record5: 0.3314]
2021-03-02 10:14:11.276 | INFO     | network.models.trainer:fit:247 - 2021-03-02 10:14:11.276603 Epoch [125/125], with lr = 8e-05, Step [0025/0050],                        [loss_record5: 0.3001]
2021-03-02 10:14:30.083 | INFO     | network.models.trainer:fit:247 - 2021-03-02 10:14:30.083233 Epoch [125/125], with lr = 8e-05, Step [0050/0050],                        [loss_record5: 0.3017]
2021-03-02 10:14:31.089 | INFO     | network.models.trainer:fit:256 - [Saving Snapshot:]/home/admin_mcn/hung/polyp_segmentation/snapshots/TransUnet/PraNetDG-fold2-125.pth
2021-03-02 10:14:49.978 | INFO     | network.models.trainer:fit:247 - 2021-03-02 10:14:49.978147 Epoch [126/126], with lr = 8e-05, Step [0025/0050],                        [loss_record5: 0.3150]
2021-03-02 10:15:08.857 | INFO     | network.models.trainer:fit:247 - 2021-03-02 10:15:08.857675 Epoch [126/126], with lr = 8e-05, Step [0050/0050],                        [loss_record5: 0.3495]
2021-03-02 10:15:27.674 | INFO     | network.models.trainer:fit:247 - 2021-03-02 10:15:27.674398 Epoch [127/127], with lr = 8e-05, Step [0025/0050],                        [loss_record5: 0.3833]
2021-03-02 10:15:46.633 | INFO     | network.models.trainer:fit:247 - 2021-03-02 10:15:46.633163 Epoch [127/127], with lr = 8e-05, Step [0050/0050],                        [loss_record5: 0.3401]
2021-03-02 10:16:05.415 | INFO     | network.models.trainer:fit:247 - 2021-03-02 10:16:05.415216 Epoch [128/128], with lr = 8e-05, Step [0025/0050],                        [loss_record5: 0.3854]
2021-03-02 10:16:24.254 | INFO     | network.models.trainer:fit:247 - 2021-03-02 10:16:24.253830 Epoch [128/128], with lr = 8e-05, Step [0050/0050],                        [loss_record5: 0.4169]
2021-03-02 10:16:25.260 | INFO     | network.models.trainer:fit:256 - [Saving Snapshot:]/home/admin_mcn/hung/polyp_segmentation/snapshots/TransUnet/PraNetDG-fold2-128.pth
2021-03-02 10:16:44.069 | INFO     | network.models.trainer:fit:247 - 2021-03-02 10:16:44.069372 Epoch [129/129], with lr = 8e-05, Step [0025/0050],                        [loss_record5: 0.3594]
2021-03-02 10:17:03.000 | INFO     | network.models.trainer:fit:247 - 2021-03-02 10:17:03.000559 Epoch [129/129], with lr = 8e-05, Step [0050/0050],                        [loss_record5: 0.3450]
2021-03-02 10:17:21.779 | INFO     | network.models.trainer:fit:247 - 2021-03-02 10:17:21.778910 Epoch [130/130], with lr = 8e-05, Step [0025/0050],                        [loss_record5: 0.3107]
2021-03-02 10:17:40.746 | INFO     | network.models.trainer:fit:247 - 2021-03-02 10:17:40.746634 Epoch [130/130], with lr = 8e-05, Step [0050/0050],                        [loss_record5: 0.3183]
2021-03-02 10:17:59.477 | INFO     | network.models.trainer:fit:247 - 2021-03-02 10:17:59.477218 Epoch [131/131], with lr = 8e-05, Step [0025/0050],                        [loss_record5: 0.2557]
2021-03-02 10:18:18.533 | INFO     | network.models.trainer:fit:247 - 2021-03-02 10:18:18.533329 Epoch [131/131], with lr = 8e-05, Step [0050/0050],                        [loss_record5: 0.2695]
2021-03-02 10:18:19.540 | INFO     | network.models.trainer:fit:256 - [Saving Snapshot:]/home/admin_mcn/hung/polyp_segmentation/snapshots/TransUnet/PraNetDG-fold2-131.pth
2021-03-02 10:18:38.379 | INFO     | network.models.trainer:fit:247 - 2021-03-02 10:18:38.378837 Epoch [132/132], with lr = 8e-05, Step [0025/0050],                        [loss_record5: 0.2872]
2021-03-02 10:18:57.130 | INFO     | network.models.trainer:fit:247 - 2021-03-02 10:18:57.130687 Epoch [132/132], with lr = 8e-05, Step [0050/0050],                        [loss_record5: 0.2829]
2021-03-02 10:19:15.984 | INFO     | network.models.trainer:fit:247 - 2021-03-02 10:19:15.983880 Epoch [133/133], with lr = 8e-05, Step [0025/0050],                        [loss_record5: 0.3596]
2021-03-02 10:19:34.909 | INFO     | network.models.trainer:fit:247 - 2021-03-02 10:19:34.908864 Epoch [133/133], with lr = 8e-05, Step [0050/0050],                        [loss_record5: 0.2986]
2021-03-02 10:19:53.676 | INFO     | network.models.trainer:fit:247 - 2021-03-02 10:19:53.676630 Epoch [134/134], with lr = 8e-05, Step [0025/0050],                        [loss_record5: 0.3211]
2021-03-02 10:20:12.493 | INFO     | network.models.trainer:fit:247 - 2021-03-02 10:20:12.493279 Epoch [134/134], with lr = 8e-05, Step [0050/0050],                        [loss_record5: 0.3108]
2021-03-02 10:20:13.505 | INFO     | network.models.trainer:fit:256 - [Saving Snapshot:]/home/admin_mcn/hung/polyp_segmentation/snapshots/TransUnet/PraNetDG-fold2-134.pth
2021-03-02 10:20:32.386 | INFO     | network.models.trainer:fit:247 - 2021-03-02 10:20:32.386157 Epoch [135/135], with lr = 8e-05, Step [0025/0050],                        [loss_record5: 0.3299]
2021-03-02 10:20:51.336 | INFO     | network.models.trainer:fit:247 - 2021-03-02 10:20:51.335935 Epoch [135/135], with lr = 8e-05, Step [0050/0050],                        [loss_record5: 0.3701]
2021-03-02 10:21:10.326 | INFO     | network.models.trainer:fit:247 - 2021-03-02 10:21:10.326049 Epoch [136/136], with lr = 8e-05, Step [0025/0050],                        [loss_record5: 0.3260]
2021-03-02 10:21:29.165 | INFO     | network.models.trainer:fit:247 - 2021-03-02 10:21:29.165815 Epoch [136/136], with lr = 8e-05, Step [0050/0050],                        [loss_record5: 0.3450]
2021-03-02 10:21:48.158 | INFO     | network.models.trainer:fit:247 - 2021-03-02 10:21:48.158111 Epoch [137/137], with lr = 8e-05, Step [0025/0050],                        [loss_record5: 0.3465]
2021-03-02 10:22:06.864 | INFO     | network.models.trainer:fit:247 - 2021-03-02 10:22:06.864144 Epoch [137/137], with lr = 8e-05, Step [0050/0050],                        [loss_record5: 0.3351]
2021-03-02 10:22:07.877 | INFO     | network.models.trainer:fit:256 - [Saving Snapshot:]/home/admin_mcn/hung/polyp_segmentation/snapshots/TransUnet/PraNetDG-fold2-137.pth
2021-03-02 10:22:26.834 | INFO     | network.models.trainer:fit:247 - 2021-03-02 10:22:26.834361 Epoch [138/138], with lr = 8e-05, Step [0025/0050],                        [loss_record5: 0.3418]
2021-03-02 10:22:45.526 | INFO     | network.models.trainer:fit:247 - 2021-03-02 10:22:45.526564 Epoch [138/138], with lr = 8e-05, Step [0050/0050],                        [loss_record5: 0.3789]
2021-03-02 10:23:04.374 | INFO     | network.models.trainer:fit:247 - 2021-03-02 10:23:04.374707 Epoch [139/139], with lr = 8e-05, Step [0025/0050],                        [loss_record5: 0.3318]
2021-03-02 10:23:23.253 | INFO     | network.models.trainer:fit:247 - 2021-03-02 10:23:23.252914 Epoch [139/139], with lr = 8e-05, Step [0050/0050],                        [loss_record5: 0.5268]
2021-03-02 10:23:42.023 | INFO     | network.models.trainer:fit:247 - 2021-03-02 10:23:42.023570 Epoch [140/140], with lr = 8e-05, Step [0025/0050],                        [loss_record5: 0.4699]
2021-03-02 10:24:00.893 | INFO     | network.models.trainer:fit:247 - 2021-03-02 10:24:00.893275 Epoch [140/140], with lr = 8e-05, Step [0050/0050],                        [loss_record5: 0.4110]
2021-03-02 10:24:01.911 | INFO     | network.models.trainer:fit:256 - [Saving Snapshot:]/home/admin_mcn/hung/polyp_segmentation/snapshots/TransUnet/PraNetDG-fold2-140.pth
2021-03-02 10:24:20.655 | INFO     | network.models.trainer:fit:247 - 2021-03-02 10:24:20.655543 Epoch [141/141], with lr = 8e-05, Step [0025/0050],                        [loss_record5: 0.3562]
2021-03-02 10:24:39.387 | INFO     | network.models.trainer:fit:247 - 2021-03-02 10:24:39.387601 Epoch [141/141], with lr = 8e-05, Step [0050/0050],                        [loss_record5: 0.3355]
2021-03-02 10:24:58.208 | INFO     | network.models.trainer:fit:247 - 2021-03-02 10:24:58.208625 Epoch [142/142], with lr = 8e-05, Step [0025/0050],                        [loss_record5: 0.3548]
2021-03-02 10:25:16.853 | INFO     | network.models.trainer:fit:247 - 2021-03-02 10:25:16.853167 Epoch [142/142], with lr = 8e-05, Step [0050/0050],                        [loss_record5: 0.3562]
2021-03-02 10:25:35.572 | INFO     | network.models.trainer:fit:247 - 2021-03-02 10:25:35.572716 Epoch [143/143], with lr = 8e-05, Step [0025/0050],                        [loss_record5: 0.2966]
2021-03-02 10:25:54.358 | INFO     | network.models.trainer:fit:247 - 2021-03-02 10:25:54.358740 Epoch [143/143], with lr = 8e-05, Step [0050/0050],                        [loss_record5: 0.3225]
2021-03-02 10:25:55.374 | INFO     | network.models.trainer:fit:256 - [Saving Snapshot:]/home/admin_mcn/hung/polyp_segmentation/snapshots/TransUnet/PraNetDG-fold2-143.pth
2021-03-02 10:26:14.277 | INFO     | network.models.trainer:fit:247 - 2021-03-02 10:26:14.277556 Epoch [144/144], with lr = 8e-05, Step [0025/0050],                        [loss_record5: 0.3466]
2021-03-02 10:26:33.075 | INFO     | network.models.trainer:fit:247 - 2021-03-02 10:26:33.075030 Epoch [144/144], with lr = 8e-05, Step [0050/0050],                        [loss_record5: 0.3346]
2021-03-02 10:26:52.008 | INFO     | network.models.trainer:fit:247 - 2021-03-02 10:26:52.007885 Epoch [145/145], with lr = 8e-05, Step [0025/0050],                        [loss_record5: 0.3234]
2021-03-02 10:27:10.870 | INFO     | network.models.trainer:fit:247 - 2021-03-02 10:27:10.870691 Epoch [145/145], with lr = 8e-05, Step [0050/0050],                        [loss_record5: 0.3130]
2021-03-02 10:27:29.681 | INFO     | network.models.trainer:fit:247 - 2021-03-02 10:27:29.681344 Epoch [146/146], with lr = 8e-05, Step [0025/0050],                        [loss_record5: 0.2921]
2021-03-02 10:27:48.620 | INFO     | network.models.trainer:fit:247 - 2021-03-02 10:27:48.619929 Epoch [146/146], with lr = 8e-05, Step [0050/0050],                        [loss_record5: 0.2880]
2021-03-02 10:27:49.630 | INFO     | network.models.trainer:fit:256 - [Saving Snapshot:]/home/admin_mcn/hung/polyp_segmentation/snapshots/TransUnet/PraNetDG-fold2-146.pth
2021-03-02 10:28:08.494 | INFO     | network.models.trainer:fit:247 - 2021-03-02 10:28:08.493797 Epoch [147/147], with lr = 8e-05, Step [0025/0050],                        [loss_record5: 0.2896]
2021-03-02 10:28:27.338 | INFO     | network.models.trainer:fit:247 - 2021-03-02 10:28:27.338311 Epoch [147/147], with lr = 8e-05, Step [0050/0050],                        [loss_record5: 0.2882]
2021-03-02 10:28:46.048 | INFO     | network.models.trainer:fit:247 - 2021-03-02 10:28:46.048208 Epoch [148/148], with lr = 8e-05, Step [0025/0050],                        [loss_record5: 0.3698]
2021-03-02 10:29:04.880 | INFO     | network.models.trainer:fit:247 - 2021-03-02 10:29:04.879882 Epoch [148/148], with lr = 8e-05, Step [0050/0050],                        [loss_record5: 0.3916]
2021-03-02 10:29:23.657 | INFO     | network.models.trainer:fit:247 - 2021-03-02 10:29:23.657648 Epoch [149/149], with lr = 8e-05, Step [0025/0050],                        [loss_record5: 0.3643]
2021-03-02 10:29:42.547 | INFO     | network.models.trainer:fit:247 - 2021-03-02 10:29:42.546909 Epoch [149/149], with lr = 8e-05, Step [0050/0050],                        [loss_record5: 0.3326]
2021-03-02 10:29:43.606 | INFO     | network.models.trainer:fit:256 - [Saving Snapshot:]/home/admin_mcn/hung/polyp_segmentation/snapshots/TransUnet/PraNetDG-fold2-149.pth
2021-03-02 10:30:02.414 | INFO     | network.models.trainer:fit:247 - 2021-03-02 10:30:02.414546 Epoch [150/150], with lr = 8e-05, Step [0025/0050],                        [loss_record5: 0.2417]
2021-03-02 10:30:21.111 | INFO     | network.models.trainer:fit:247 - 2021-03-02 10:30:21.111500 Epoch [150/150], with lr = 8e-05, Step [0050/0050],                        [loss_record5: 0.2599]
2021-03-02 10:30:40.077 | INFO     | network.models.trainer:fit:247 - 2021-03-02 10:30:40.077215 Epoch [151/151], with lr = 8e-05, Step [0025/0050],                        [loss_record5: 0.3627]
2021-03-02 10:30:58.771 | INFO     | network.models.trainer:fit:247 - 2021-03-02 10:30:58.770938 Epoch [151/151], with lr = 8e-05, Step [0050/0050],                        [loss_record5: 0.3517]
2021-03-02 10:31:17.604 | INFO     | network.models.trainer:fit:247 - 2021-03-02 10:31:17.604019 Epoch [152/152], with lr = 8e-05, Step [0025/0050],                        [loss_record5: 0.2709]
2021-03-02 10:31:36.432 | INFO     | network.models.trainer:fit:247 - 2021-03-02 10:31:36.431861 Epoch [152/152], with lr = 8e-05, Step [0050/0050],                        [loss_record5: 0.2829]
2021-03-02 10:31:37.436 | INFO     | network.models.trainer:fit:256 - [Saving Snapshot:]/home/admin_mcn/hung/polyp_segmentation/snapshots/TransUnet/PraNetDG-fold2-152.pth
2021-03-02 10:31:56.212 | INFO     | network.models.trainer:fit:247 - 2021-03-02 10:31:56.212717 Epoch [153/153], with lr = 8e-05, Step [0025/0050],                        [loss_record5: 0.3014]
2021-03-02 10:32:15.194 | INFO     | network.models.trainer:fit:247 - 2021-03-02 10:32:15.193896 Epoch [153/153], with lr = 8e-05, Step [0050/0050],                        [loss_record5: 0.2864]
2021-03-02 10:32:34.125 | INFO     | network.models.trainer:fit:247 - 2021-03-02 10:32:34.125122 Epoch [154/154], with lr = 8e-05, Step [0025/0050],                        [loss_record5: 0.3654]
2021-03-02 10:32:52.908 | INFO     | network.models.trainer:fit:247 - 2021-03-02 10:32:52.908161 Epoch [154/154], with lr = 8e-05, Step [0050/0050],                        [loss_record5: 0.3864]
2021-03-02 10:33:11.827 | INFO     | network.models.trainer:fit:247 - 2021-03-02 10:33:11.827229 Epoch [155/155], with lr = 8e-05, Step [0025/0050],                        [loss_record5: 0.3378]
2021-03-02 10:33:30.655 | INFO     | network.models.trainer:fit:247 - 2021-03-02 10:33:30.655367 Epoch [155/155], with lr = 8e-05, Step [0050/0050],                        [loss_record5: 0.3276]
2021-03-02 10:33:31.675 | INFO     | network.models.trainer:fit:256 - [Saving Snapshot:]/home/admin_mcn/hung/polyp_segmentation/snapshots/TransUnet/PraNetDG-fold2-155.pth
2021-03-02 10:33:50.401 | INFO     | network.models.trainer:fit:247 - 2021-03-02 10:33:50.401585 Epoch [156/156], with lr = 8e-05, Step [0025/0050],                        [loss_record5: 0.3543]
2021-03-02 10:34:09.325 | INFO     | network.models.trainer:fit:247 - 2021-03-02 10:34:09.324960 Epoch [156/156], with lr = 8e-05, Step [0050/0050],                        [loss_record5: 0.4458]
2021-03-02 10:34:28.158 | INFO     | network.models.trainer:fit:247 - 2021-03-02 10:34:28.158771 Epoch [157/157], with lr = 8e-05, Step [0025/0050],                        [loss_record5: 0.4339]
2021-03-02 10:34:47.105 | INFO     | network.models.trainer:fit:247 - 2021-03-02 10:34:47.105585 Epoch [157/157], with lr = 8e-05, Step [0050/0050],                        [loss_record5: 0.4024]
2021-03-02 10:35:06.001 | INFO     | network.models.trainer:fit:247 - 2021-03-02 10:35:06.001515 Epoch [158/158], with lr = 8e-05, Step [0025/0050],                        [loss_record5: 0.3621]
2021-03-02 10:35:24.925 | INFO     | network.models.trainer:fit:247 - 2021-03-02 10:35:24.925185 Epoch [158/158], with lr = 8e-05, Step [0050/0050],                        [loss_record5: 0.3589]
2021-03-02 10:35:25.932 | INFO     | network.models.trainer:fit:256 - [Saving Snapshot:]/home/admin_mcn/hung/polyp_segmentation/snapshots/TransUnet/PraNetDG-fold2-158.pth
2021-03-02 10:35:45.036 | INFO     | network.models.trainer:fit:247 - 2021-03-02 10:35:45.036661 Epoch [159/159], with lr = 8e-05, Step [0025/0050],                        [loss_record5: 0.3505]
2021-03-02 10:36:03.841 | INFO     | network.models.trainer:fit:247 - 2021-03-02 10:36:03.840930 Epoch [159/159], with lr = 8e-05, Step [0050/0050],                        [loss_record5: 0.3327]
2021-03-02 10:36:22.667 | INFO     | network.models.trainer:fit:247 - 2021-03-02 10:36:22.667058 Epoch [160/160], with lr = 8e-05, Step [0025/0050],                        [loss_record5: 0.3137]
2021-03-02 10:36:41.477 | INFO     | network.models.trainer:fit:247 - 2021-03-02 10:36:41.477284 Epoch [160/160], with lr = 8e-05, Step [0050/0050],                        [loss_record5: 0.3255]
2021-03-02 10:37:00.268 | INFO     | network.models.trainer:fit:247 - 2021-03-02 10:37:00.268762 Epoch [161/161], with lr = 8e-05, Step [0025/0050],                        [loss_record5: 0.3224]
2021-03-02 10:37:18.870 | INFO     | network.models.trainer:fit:247 - 2021-03-02 10:37:18.870300 Epoch [161/161], with lr = 8e-05, Step [0050/0050],                        [loss_record5: 0.3111]
2021-03-02 10:37:19.884 | INFO     | network.models.trainer:fit:256 - [Saving Snapshot:]/home/admin_mcn/hung/polyp_segmentation/snapshots/TransUnet/PraNetDG-fold2-161.pth
2021-03-02 10:37:38.648 | INFO     | network.models.trainer:fit:247 - 2021-03-02 10:37:38.648266 Epoch [162/162], with lr = 8e-05, Step [0025/0050],                        [loss_record5: 0.3111]
2021-03-02 10:37:57.523 | INFO     | network.models.trainer:fit:247 - 2021-03-02 10:37:57.523663 Epoch [162/162], with lr = 8e-05, Step [0050/0050],                        [loss_record5: 0.2884]
2021-03-02 10:38:16.307 | INFO     | network.models.trainer:fit:247 - 2021-03-02 10:38:16.307029 Epoch [163/163], with lr = 8e-05, Step [0025/0050],                        [loss_record5: 0.2891]
2021-03-02 10:38:35.252 | INFO     | network.models.trainer:fit:247 - 2021-03-02 10:38:35.252077 Epoch [163/163], with lr = 8e-05, Step [0050/0050],                        [loss_record5: 0.3011]
2021-03-02 10:38:54.219 | INFO     | network.models.trainer:fit:247 - 2021-03-02 10:38:54.219672 Epoch [164/164], with lr = 8e-05, Step [0025/0050],                        [loss_record5: 0.3187]
2021-03-02 10:39:13.001 | INFO     | network.models.trainer:fit:247 - 2021-03-02 10:39:13.001653 Epoch [164/164], with lr = 8e-05, Step [0050/0050],                        [loss_record5: 0.2881]
2021-03-02 10:39:14.000 | INFO     | network.models.trainer:fit:256 - [Saving Snapshot:]/home/admin_mcn/hung/polyp_segmentation/snapshots/TransUnet/PraNetDG-fold2-164.pth
2021-03-02 10:39:32.921 | INFO     | network.models.trainer:fit:247 - 2021-03-02 10:39:32.920992 Epoch [165/165], with lr = 8e-05, Step [0025/0050],                        [loss_record5: 0.2726]
2021-03-02 10:39:51.719 | INFO     | network.models.trainer:fit:247 - 2021-03-02 10:39:51.719441 Epoch [165/165], with lr = 8e-05, Step [0050/0050],                        [loss_record5: 0.2780]
2021-03-02 10:40:10.474 | INFO     | network.models.trainer:fit:247 - 2021-03-02 10:40:10.474059 Epoch [166/166], with lr = 8e-05, Step [0025/0050],                        [loss_record5: 0.2941]
2021-03-02 10:40:29.298 | INFO     | network.models.trainer:fit:247 - 2021-03-02 10:40:29.298167 Epoch [166/166], with lr = 8e-05, Step [0050/0050],                        [loss_record5: 0.2805]
2021-03-02 10:40:48.063 | INFO     | network.models.trainer:fit:247 - 2021-03-02 10:40:48.063403 Epoch [167/167], with lr = 8e-05, Step [0025/0050],                        [loss_record5: 0.2478]
2021-03-02 10:41:06.944 | INFO     | network.models.trainer:fit:247 - 2021-03-02 10:41:06.944491 Epoch [167/167], with lr = 8e-05, Step [0050/0050],                        [loss_record5: 0.2436]
2021-03-02 10:41:08.024 | INFO     | network.models.trainer:fit:256 - [Saving Snapshot:]/home/admin_mcn/hung/polyp_segmentation/snapshots/TransUnet/PraNetDG-fold2-167.pth
2021-03-02 10:41:26.875 | INFO     | network.models.trainer:fit:247 - 2021-03-02 10:41:26.874961 Epoch [168/168], with lr = 8e-05, Step [0025/0050],                        [loss_record5: 0.2753]
2021-03-02 10:41:45.662 | INFO     | network.models.trainer:fit:247 - 2021-03-02 10:41:45.661865 Epoch [168/168], with lr = 8e-05, Step [0050/0050],                        [loss_record5: 0.2756]
2021-03-02 10:42:04.475 | INFO     | network.models.trainer:fit:247 - 2021-03-02 10:42:04.475269 Epoch [169/169], with lr = 8e-05, Step [0025/0050],                        [loss_record5: 0.2695]
2021-03-02 10:42:23.393 | INFO     | network.models.trainer:fit:247 - 2021-03-02 10:42:23.393020 Epoch [169/169], with lr = 8e-05, Step [0050/0050],                        [loss_record5: 0.2740]
