2021-03-02 06:49:07.858 | INFO     | __main__:main:22 - Load config from configs/transunet_config.yaml
2021-03-02 06:49:07.858 | INFO     | __main__:main:23 - {'dataset': {'data_path': '/home/admin_mcn/hung/polyp_segmentation/data/Kvasir_fold_new', 'train_data_path': ['/home/admin_mcn/hung/polyp_segmentation/data/Kvasir_fold_new/fold_4', '/home/admin_mcn/hung/polyp_segmentation/data/Kvasir_fold_new/fold_1', '/home/admin_mcn/hung/polyp_segmentation/data/Kvasir_fold_new/fold_0', '/home/admin_mcn/hung/polyp_segmentation/data/Kvasir_fold_new/fold_3'], 'test_data_path': ['/home/admin_mcn/hung/polyp_segmentation/data/Kvasir_fold_new/fold_2'], 'fold': 2, 'img_size': 352}, 'model': {'save_dir': '/home/admin_mcn/hung/polyp_segmentation/snapshots', 'arch': 'TransUnet', 'save_from': 80, 'start_from': 0, 'num_epochs': 200}, 'optimizer': {'name': 'adam', 'lr': 8e-05, 'clip': 0.5, 'scheduler': 'cosine_warmup', 'num_warmup_epoch': 5, 'loss': 'structure_loss'}, 'train': {'fold': 2, 'is_val': False, 'dataloader': {'batchsize': 16, 'shuffle': True, 'img_size': 352, 'pin_memory': True, 'drop_last': True}, 'augment': {'prob': 0.7, 'blur_prob': 0.7, 'jitter_prob': 0.7, 'rotate_prob': 0.7, 'flip_prob': 0.7}}, 'test': {'folds': {2: 152}, 'visualize': False, 'visualize_dir': '/home/admin_mcn/hung/polyp_segmentation/results/PraNet_kfold', 'vis_x': 180, 'vis_overwrite': False, 'dataloader': {'batchsize': 1, 'shuffle': False, 'img_size': 352, 'pin_memory': True, 'drop_last': True}, 'augment': {'prob': 0, 'blur_prob': 0, 'jitter_prob': 0, 'rotate_prob': 0, 'flip_prob': 0}}}
2021-03-02 06:49:07.858 | INFO     | __main__:main:29 - Getting datapath
2021-03-02 06:49:07.862 | INFO     | __main__:main:50 - Loading data
2021-03-02 06:49:07.863 | INFO     | __main__:main:63 - Loading model
2021-03-02 06:49:10.944 | INFO     | __main__:main:120 - ####################
2021-03-02 06:49:31.061 | INFO     | network.models.trainer:fit:247 - 2021-03-02 06:49:31.061664 Epoch [000/000], with lr = 1e-05, Step [0025/0050],                        [loss_record5: 1.4816]
2021-03-02 06:49:49.501 | INFO     | network.models.trainer:fit:247 - 2021-03-02 06:49:49.500914 Epoch [000/000], with lr = 1e-05, Step [0050/0050],                        [loss_record5: 1.4469]
2021-03-02 06:50:07.937 | INFO     | network.models.trainer:fit:247 - 2021-03-02 06:50:07.937313 Epoch [001/001], with lr = 2.4e-05, Step [0025/0050],                        [loss_record5: 1.3662]
2021-03-02 06:50:26.644 | INFO     | network.models.trainer:fit:247 - 2021-03-02 06:50:26.644232 Epoch [001/001], with lr = 2.4e-05, Step [0050/0050],                        [loss_record5: 1.3356]
2021-03-02 06:50:45.322 | INFO     | network.models.trainer:fit:247 - 2021-03-02 06:50:45.322273 Epoch [002/002], with lr = 3.8e-05, Step [0025/0050],                        [loss_record5: 1.2868]
2021-03-02 06:51:03.996 | INFO     | network.models.trainer:fit:247 - 2021-03-02 06:51:03.995951 Epoch [002/002], with lr = 3.8e-05, Step [0050/0050],                        [loss_record5: 1.2600]
2021-03-02 06:51:22.795 | INFO     | network.models.trainer:fit:247 - 2021-03-02 06:51:22.795009 Epoch [003/003], with lr = 5.2000000000000004e-05, Step [0025/0050],                        [loss_record5: 1.2161]
2021-03-02 06:51:41.524 | INFO     | network.models.trainer:fit:247 - 2021-03-02 06:51:41.524445 Epoch [003/003], with lr = 5.2000000000000004e-05, Step [0050/0050],                        [loss_record5: 1.1883]
2021-03-02 06:52:00.176 | INFO     | network.models.trainer:fit:247 - 2021-03-02 06:52:00.176802 Epoch [004/004], with lr = 6.6e-05, Step [0025/0050],                        [loss_record5: 1.1405]
2021-03-02 06:52:18.989 | INFO     | network.models.trainer:fit:247 - 2021-03-02 06:52:18.989256 Epoch [004/004], with lr = 6.6e-05, Step [0050/0050],                        [loss_record5: 1.1126]
2021-03-02 06:52:37.599 | INFO     | network.models.trainer:fit:247 - 2021-03-02 06:52:37.599156 Epoch [005/005], with lr = 8e-05, Step [0025/0050],                        [loss_record5: 1.0559]
2021-03-02 06:52:56.263 | INFO     | network.models.trainer:fit:247 - 2021-03-02 06:52:56.263040 Epoch [005/005], with lr = 8e-05, Step [0050/0050],                        [loss_record5: 1.0407]
2021-03-02 06:53:14.809 | INFO     | network.models.trainer:fit:247 - 2021-03-02 06:53:14.809243 Epoch [006/006], with lr = 8e-05, Step [0025/0050],                        [loss_record5: 0.9834]
2021-03-02 06:53:33.565 | INFO     | network.models.trainer:fit:247 - 2021-03-02 06:53:33.565433 Epoch [006/006], with lr = 8e-05, Step [0050/0050],                        [loss_record5: 0.9637]
2021-03-02 06:53:52.248 | INFO     | network.models.trainer:fit:247 - 2021-03-02 06:53:52.248410 Epoch [007/007], with lr = 8e-05, Step [0025/0050],                        [loss_record5: 0.9084]
2021-03-02 06:54:11.135 | INFO     | network.models.trainer:fit:247 - 2021-03-02 06:54:11.135362 Epoch [007/007], with lr = 8e-05, Step [0050/0050],                        [loss_record5: 0.8743]
2021-03-02 06:54:29.828 | INFO     | network.models.trainer:fit:247 - 2021-03-02 06:54:29.828267 Epoch [008/008], with lr = 8e-05, Step [0025/0050],                        [loss_record5: 0.8297]
2021-03-02 06:54:48.626 | INFO     | network.models.trainer:fit:247 - 2021-03-02 06:54:48.626708 Epoch [008/008], with lr = 8e-05, Step [0050/0050],                        [loss_record5: 0.8251]
2021-03-02 06:55:07.390 | INFO     | network.models.trainer:fit:247 - 2021-03-02 06:55:07.390303 Epoch [009/009], with lr = 8e-05, Step [0025/0050],                        [loss_record5: 0.8121]
2021-03-02 06:55:26.174 | INFO     | network.models.trainer:fit:247 - 2021-03-02 06:55:26.174695 Epoch [009/009], with lr = 8e-05, Step [0050/0050],                        [loss_record5: 0.7788]
2021-03-02 06:55:44.879 | INFO     | network.models.trainer:fit:247 - 2021-03-02 06:55:44.878810 Epoch [010/010], with lr = 8e-05, Step [0025/0050],                        [loss_record5: 0.7338]
2021-03-02 06:56:03.739 | INFO     | network.models.trainer:fit:247 - 2021-03-02 06:56:03.739195 Epoch [010/010], with lr = 8e-05, Step [0050/0050],                        [loss_record5: 0.7451]
2021-03-02 06:56:22.499 | INFO     | network.models.trainer:fit:247 - 2021-03-02 06:56:22.499304 Epoch [011/011], with lr = 8e-05, Step [0025/0050],                        [loss_record5: 0.7368]
2021-03-02 06:56:41.298 | INFO     | network.models.trainer:fit:247 - 2021-03-02 06:56:41.298136 Epoch [011/011], with lr = 8e-05, Step [0050/0050],                        [loss_record5: 0.6867]
2021-03-02 06:57:00.054 | INFO     | network.models.trainer:fit:247 - 2021-03-02 06:57:00.054525 Epoch [012/012], with lr = 8e-05, Step [0025/0050],                        [loss_record5: 0.6558]
2021-03-02 06:57:18.805 | INFO     | network.models.trainer:fit:247 - 2021-03-02 06:57:18.805513 Epoch [012/012], with lr = 8e-05, Step [0050/0050],                        [loss_record5: 0.6907]
2021-03-02 06:57:37.599 | INFO     | network.models.trainer:fit:247 - 2021-03-02 06:57:37.599635 Epoch [013/013], with lr = 8e-05, Step [0025/0050],                        [loss_record5: 0.6450]
2021-03-02 06:57:56.369 | INFO     | network.models.trainer:fit:247 - 2021-03-02 06:57:56.369221 Epoch [013/013], with lr = 8e-05, Step [0050/0050],                        [loss_record5: 0.6412]
2021-03-02 06:58:15.157 | INFO     | network.models.trainer:fit:247 - 2021-03-02 06:58:15.157406 Epoch [014/014], with lr = 8e-05, Step [0025/0050],                        [loss_record5: 0.6248]
2021-03-02 06:58:33.905 | INFO     | network.models.trainer:fit:247 - 2021-03-02 06:58:33.905241 Epoch [014/014], with lr = 8e-05, Step [0050/0050],                        [loss_record5: 0.6254]
2021-03-02 06:58:52.746 | INFO     | network.models.trainer:fit:247 - 2021-03-02 06:58:52.746212 Epoch [015/015], with lr = 8e-05, Step [0025/0050],                        [loss_record5: 0.6150]
2021-03-02 06:59:11.379 | INFO     | network.models.trainer:fit:247 - 2021-03-02 06:59:11.379259 Epoch [015/015], with lr = 8e-05, Step [0050/0050],                        [loss_record5: 0.5950]
2021-03-02 06:59:30.156 | INFO     | network.models.trainer:fit:247 - 2021-03-02 06:59:30.156134 Epoch [016/016], with lr = 8e-05, Step [0025/0050],                        [loss_record5: 0.5914]
2021-03-02 06:59:48.856 | INFO     | network.models.trainer:fit:247 - 2021-03-02 06:59:48.856711 Epoch [016/016], with lr = 8e-05, Step [0050/0050],                        [loss_record5: 0.5634]
2021-03-02 07:00:07.586 | INFO     | network.models.trainer:fit:247 - 2021-03-02 07:00:07.585865 Epoch [017/017], with lr = 8e-05, Step [0025/0050],                        [loss_record5: 0.5404]
2021-03-02 07:00:26.136 | INFO     | network.models.trainer:fit:247 - 2021-03-02 07:00:26.136698 Epoch [017/017], with lr = 8e-05, Step [0050/0050],                        [loss_record5: 0.5318]
2021-03-02 07:00:44.865 | INFO     | network.models.trainer:fit:247 - 2021-03-02 07:00:44.865440 Epoch [018/018], with lr = 8e-05, Step [0025/0050],                        [loss_record5: 0.5350]
2021-03-02 07:01:03.392 | INFO     | network.models.trainer:fit:247 - 2021-03-02 07:01:03.392665 Epoch [018/018], with lr = 8e-05, Step [0050/0050],                        [loss_record5: 0.5523]
2021-03-02 07:01:22.197 | INFO     | network.models.trainer:fit:247 - 2021-03-02 07:01:22.196808 Epoch [019/019], with lr = 8e-05, Step [0025/0050],                        [loss_record5: 0.5141]
2021-03-02 07:01:40.816 | INFO     | network.models.trainer:fit:247 - 2021-03-02 07:01:40.816063 Epoch [019/019], with lr = 8e-05, Step [0050/0050],                        [loss_record5: 0.4895]
2021-03-02 07:01:59.536 | INFO     | network.models.trainer:fit:247 - 2021-03-02 07:01:59.536202 Epoch [020/020], with lr = 8e-05, Step [0025/0050],                        [loss_record5: 0.5622]
2021-03-02 07:02:18.343 | INFO     | network.models.trainer:fit:247 - 2021-03-02 07:02:18.342833 Epoch [020/020], with lr = 8e-05, Step [0050/0050],                        [loss_record5: 0.5529]
2021-03-02 07:02:37.236 | INFO     | network.models.trainer:fit:247 - 2021-03-02 07:02:37.235834 Epoch [021/021], with lr = 8e-05, Step [0025/0050],                        [loss_record5: 0.4990]
2021-03-02 07:02:55.896 | INFO     | network.models.trainer:fit:247 - 2021-03-02 07:02:55.896144 Epoch [021/021], with lr = 8e-05, Step [0050/0050],                        [loss_record5: 0.5044]
2021-03-02 07:03:14.709 | INFO     | network.models.trainer:fit:247 - 2021-03-02 07:03:14.709390 Epoch [022/022], with lr = 8e-05, Step [0025/0050],                        [loss_record5: 0.4849]
2021-03-02 07:03:33.339 | INFO     | network.models.trainer:fit:247 - 2021-03-02 07:03:33.339216 Epoch [022/022], with lr = 8e-05, Step [0050/0050],                        [loss_record5: 0.4578]
2021-03-02 07:03:52.120 | INFO     | network.models.trainer:fit:247 - 2021-03-02 07:03:52.120746 Epoch [023/023], with lr = 8e-05, Step [0025/0050],                        [loss_record5: 0.5105]
2021-03-02 07:04:10.803 | INFO     | network.models.trainer:fit:247 - 2021-03-02 07:04:10.803059 Epoch [023/023], with lr = 8e-05, Step [0050/0050],                        [loss_record5: 0.4823]
2021-03-02 07:04:11.642 | INFO     | network.models.trainer:fit:256 - [Saving Snapshot:]/home/admin_mcn/hung/polyp_segmentation/snapshots/TransUnet/PraNetDG-fold2-23.pth
2021-03-02 07:04:30.437 | INFO     | network.models.trainer:fit:247 - 2021-03-02 07:04:30.437460 Epoch [024/024], with lr = 8e-05, Step [0025/0050],                        [loss_record5: 0.4640]
2021-03-02 07:04:49.072 | INFO     | network.models.trainer:fit:247 - 2021-03-02 07:04:49.072565 Epoch [024/024], with lr = 8e-05, Step [0050/0050],                        [loss_record5: 0.4695]
2021-03-02 07:05:07.631 | INFO     | network.models.trainer:fit:247 - 2021-03-02 07:05:07.630798 Epoch [025/025], with lr = 8e-05, Step [0025/0050],                        [loss_record5: 0.4619]
2021-03-02 07:05:26.401 | INFO     | network.models.trainer:fit:247 - 2021-03-02 07:05:26.401603 Epoch [025/025], with lr = 8e-05, Step [0050/0050],                        [loss_record5: 0.4510]
2021-03-02 07:05:45.156 | INFO     | network.models.trainer:fit:247 - 2021-03-02 07:05:45.156524 Epoch [026/026], with lr = 8e-05, Step [0025/0050],                        [loss_record5: 0.4795]
2021-03-02 07:06:03.940 | INFO     | network.models.trainer:fit:247 - 2021-03-02 07:06:03.940713 Epoch [026/026], with lr = 8e-05, Step [0050/0050],                        [loss_record5: 0.4569]
2021-03-02 07:06:22.721 | INFO     | network.models.trainer:fit:247 - 2021-03-02 07:06:22.721434 Epoch [027/027], with lr = 8e-05, Step [0025/0050],                        [loss_record5: 0.4627]
2021-03-02 07:06:41.393 | INFO     | network.models.trainer:fit:247 - 2021-03-02 07:06:41.393065 Epoch [027/027], with lr = 8e-05, Step [0050/0050],                        [loss_record5: 0.4707]
2021-03-02 07:07:00.058 | INFO     | network.models.trainer:fit:247 - 2021-03-02 07:07:00.058459 Epoch [028/028], with lr = 8e-05, Step [0025/0050],                        [loss_record5: 0.4885]
2021-03-02 07:07:18.748 | INFO     | network.models.trainer:fit:247 - 2021-03-02 07:07:18.747975 Epoch [028/028], with lr = 8e-05, Step [0050/0050],                        [loss_record5: 0.4551]
2021-03-02 07:07:37.542 | INFO     | network.models.trainer:fit:247 - 2021-03-02 07:07:37.542523 Epoch [029/029], with lr = 8e-05, Step [0025/0050],                        [loss_record5: 0.4403]
2021-03-02 07:07:56.128 | INFO     | network.models.trainer:fit:247 - 2021-03-02 07:07:56.127828 Epoch [029/029], with lr = 8e-05, Step [0050/0050],                        [loss_record5: 0.4596]
2021-03-02 07:08:14.777 | INFO     | network.models.trainer:fit:247 - 2021-03-02 07:08:14.777053 Epoch [030/030], with lr = 8e-05, Step [0025/0050],                        [loss_record5: 0.4430]
2021-03-02 07:08:33.661 | INFO     | network.models.trainer:fit:247 - 2021-03-02 07:08:33.660982 Epoch [030/030], with lr = 8e-05, Step [0050/0050],                        [loss_record5: 0.4153]
2021-03-02 07:08:52.421 | INFO     | network.models.trainer:fit:247 - 2021-03-02 07:08:52.421515 Epoch [031/031], with lr = 8e-05, Step [0025/0050],                        [loss_record5: 0.4506]
2021-03-02 07:09:10.986 | INFO     | network.models.trainer:fit:247 - 2021-03-02 07:09:10.986492 Epoch [031/031], with lr = 8e-05, Step [0050/0050],                        [loss_record5: 0.4492]
2021-03-02 07:09:29.668 | INFO     | network.models.trainer:fit:247 - 2021-03-02 07:09:29.668588 Epoch [032/032], with lr = 8e-05, Step [0025/0050],                        [loss_record5: 0.4533]
2021-03-02 07:09:48.197 | INFO     | network.models.trainer:fit:247 - 2021-03-02 07:09:48.197566 Epoch [032/032], with lr = 8e-05, Step [0050/0050],                        [loss_record5: 0.4745]
2021-03-02 07:10:06.940 | INFO     | network.models.trainer:fit:247 - 2021-03-02 07:10:06.939854 Epoch [033/033], with lr = 8e-05, Step [0025/0050],                        [loss_record5: 0.4239]
2021-03-02 07:10:25.653 | INFO     | network.models.trainer:fit:247 - 2021-03-02 07:10:25.653001 Epoch [033/033], with lr = 8e-05, Step [0050/0050],                        [loss_record5: 0.4182]
2021-03-02 07:10:44.419 | INFO     | network.models.trainer:fit:247 - 2021-03-02 07:10:44.419320 Epoch [034/034], with lr = 8e-05, Step [0025/0050],                        [loss_record5: 0.4562]
2021-03-02 07:11:03.035 | INFO     | network.models.trainer:fit:247 - 2021-03-02 07:11:03.034862 Epoch [034/034], with lr = 8e-05, Step [0050/0050],                        [loss_record5: 0.4067]
2021-03-02 07:11:21.678 | INFO     | network.models.trainer:fit:247 - 2021-03-02 07:11:21.678283 Epoch [035/035], with lr = 8e-05, Step [0025/0050],                        [loss_record5: 0.4806]
2021-03-02 07:11:40.410 | INFO     | network.models.trainer:fit:247 - 2021-03-02 07:11:40.410379 Epoch [035/035], with lr = 8e-05, Step [0050/0050],                        [loss_record5: 0.4240]
2021-03-02 07:11:58.984 | INFO     | network.models.trainer:fit:247 - 2021-03-02 07:11:58.984099 Epoch [036/036], with lr = 8e-05, Step [0025/0050],                        [loss_record5: 0.4071]
2021-03-02 07:12:17.666 | INFO     | network.models.trainer:fit:247 - 2021-03-02 07:12:17.666128 Epoch [036/036], with lr = 8e-05, Step [0050/0050],                        [loss_record5: 0.4228]
2021-03-02 07:12:36.386 | INFO     | network.models.trainer:fit:247 - 2021-03-02 07:12:36.385983 Epoch [037/037], with lr = 8e-05, Step [0025/0050],                        [loss_record5: 0.4387]
2021-03-02 07:12:55.149 | INFO     | network.models.trainer:fit:247 - 2021-03-02 07:12:55.149724 Epoch [037/037], with lr = 8e-05, Step [0050/0050],                        [loss_record5: 0.3790]
2021-03-02 07:13:13.915 | INFO     | network.models.trainer:fit:247 - 2021-03-02 07:13:13.915377 Epoch [038/038], with lr = 8e-05, Step [0025/0050],                        [loss_record5: 0.4191]
2021-03-02 07:13:32.660 | INFO     | network.models.trainer:fit:247 - 2021-03-02 07:13:32.660202 Epoch [038/038], with lr = 8e-05, Step [0050/0050],                        [loss_record5: 0.4170]
2021-03-02 07:13:51.304 | INFO     | network.models.trainer:fit:247 - 2021-03-02 07:13:51.303997 Epoch [039/039], with lr = 8e-05, Step [0025/0050],                        [loss_record5: 0.3977]
2021-03-02 07:14:09.977 | INFO     | network.models.trainer:fit:247 - 2021-03-02 07:14:09.977453 Epoch [039/039], with lr = 8e-05, Step [0050/0050],                        [loss_record5: 0.3972]
2021-03-02 07:14:28.711 | INFO     | network.models.trainer:fit:247 - 2021-03-02 07:14:28.711556 Epoch [040/040], with lr = 8e-05, Step [0025/0050],                        [loss_record5: 0.3884]
2021-03-02 07:14:47.389 | INFO     | network.models.trainer:fit:247 - 2021-03-02 07:14:47.389543 Epoch [040/040], with lr = 8e-05, Step [0050/0050],                        [loss_record5: 0.4123]
2021-03-02 07:15:06.191 | INFO     | network.models.trainer:fit:247 - 2021-03-02 07:15:06.191681 Epoch [041/041], with lr = 8e-05, Step [0025/0050],                        [loss_record5: 0.3936]
2021-03-02 07:15:24.867 | INFO     | network.models.trainer:fit:247 - 2021-03-02 07:15:24.867492 Epoch [041/041], with lr = 8e-05, Step [0050/0050],                        [loss_record5: 0.3663]
2021-03-02 07:15:43.564 | INFO     | network.models.trainer:fit:247 - 2021-03-02 07:15:43.563975 Epoch [042/042], with lr = 8e-05, Step [0025/0050],                        [loss_record5: 0.3687]
2021-03-02 07:16:02.305 | INFO     | network.models.trainer:fit:247 - 2021-03-02 07:16:02.305312 Epoch [042/042], with lr = 8e-05, Step [0050/0050],                        [loss_record5: 0.3928]
2021-03-02 07:16:20.916 | INFO     | network.models.trainer:fit:247 - 2021-03-02 07:16:20.916643 Epoch [043/043], with lr = 8e-05, Step [0025/0050],                        [loss_record5: 0.3868]
2021-03-02 07:16:39.607 | INFO     | network.models.trainer:fit:247 - 2021-03-02 07:16:39.606879 Epoch [043/043], with lr = 8e-05, Step [0050/0050],                        [loss_record5: 0.3647]
2021-03-02 07:16:58.255 | INFO     | network.models.trainer:fit:247 - 2021-03-02 07:16:58.255232 Epoch [044/044], with lr = 8e-05, Step [0025/0050],                        [loss_record5: 0.3402]
2021-03-02 07:17:16.915 | INFO     | network.models.trainer:fit:247 - 2021-03-02 07:17:16.915272 Epoch [044/044], with lr = 8e-05, Step [0050/0050],                        [loss_record5: 0.3622]
2021-03-02 07:17:35.582 | INFO     | network.models.trainer:fit:247 - 2021-03-02 07:17:35.582023 Epoch [045/045], with lr = 8e-05, Step [0025/0050],                        [loss_record5: 0.4147]
2021-03-02 07:17:54.088 | INFO     | network.models.trainer:fit:247 - 2021-03-02 07:17:54.087765 Epoch [045/045], with lr = 8e-05, Step [0050/0050],                        [loss_record5: 0.4267]
2021-03-02 07:18:12.867 | INFO     | network.models.trainer:fit:247 - 2021-03-02 07:18:12.867194 Epoch [046/046], with lr = 8e-05, Step [0025/0050],                        [loss_record5: 0.4378]
2021-03-02 07:18:31.518 | INFO     | network.models.trainer:fit:247 - 2021-03-02 07:18:31.518741 Epoch [046/046], with lr = 8e-05, Step [0050/0050],                        [loss_record5: 0.3921]
2021-03-02 07:18:50.356 | INFO     | network.models.trainer:fit:247 - 2021-03-02 07:18:50.356316 Epoch [047/047], with lr = 8e-05, Step [0025/0050],                        [loss_record5: 0.3756]
2021-03-02 07:19:08.952 | INFO     | network.models.trainer:fit:247 - 2021-03-02 07:19:08.952564 Epoch [047/047], with lr = 8e-05, Step [0050/0050],                        [loss_record5: 0.3578]
2021-03-02 07:19:27.620 | INFO     | network.models.trainer:fit:247 - 2021-03-02 07:19:27.620586 Epoch [048/048], with lr = 8e-05, Step [0025/0050],                        [loss_record5: 0.3322]
2021-03-02 07:19:46.368 | INFO     | network.models.trainer:fit:247 - 2021-03-02 07:19:46.368686 Epoch [048/048], with lr = 8e-05, Step [0050/0050],                        [loss_record5: 0.3823]
2021-03-02 07:20:05.110 | INFO     | network.models.trainer:fit:247 - 2021-03-02 07:20:05.110122 Epoch [049/049], with lr = 8e-05, Step [0025/0050],                        [loss_record5: 0.4029]
2021-03-02 07:20:23.804 | INFO     | network.models.trainer:fit:247 - 2021-03-02 07:20:23.804270 Epoch [049/049], with lr = 8e-05, Step [0050/0050],                        [loss_record5: 0.4119]
2021-03-02 07:20:42.321 | INFO     | network.models.trainer:fit:247 - 2021-03-02 07:20:42.321278 Epoch [050/050], with lr = 8e-05, Step [0025/0050],                        [loss_record5: 0.3755]
2021-03-02 07:21:00.978 | INFO     | network.models.trainer:fit:247 - 2021-03-02 07:21:00.978670 Epoch [050/050], with lr = 8e-05, Step [0050/0050],                        [loss_record5: 0.3668]
2021-03-02 07:21:19.653 | INFO     | network.models.trainer:fit:247 - 2021-03-02 07:21:19.653067 Epoch [051/051], with lr = 8e-05, Step [0025/0050],                        [loss_record5: 0.4097]
2021-03-02 07:21:38.405 | INFO     | network.models.trainer:fit:247 - 2021-03-02 07:21:38.405679 Epoch [051/051], with lr = 8e-05, Step [0050/0050],                        [loss_record5: 0.4014]
2021-03-02 07:21:57.233 | INFO     | network.models.trainer:fit:247 - 2021-03-02 07:21:57.233216 Epoch [052/052], with lr = 8e-05, Step [0025/0050],                        [loss_record5: 0.4155]
2021-03-02 07:22:15.864 | INFO     | network.models.trainer:fit:247 - 2021-03-02 07:22:15.864215 Epoch [052/052], with lr = 8e-05, Step [0050/0050],                        [loss_record5: 0.3684]
2021-03-02 07:22:34.740 | INFO     | network.models.trainer:fit:247 - 2021-03-02 07:22:34.740558 Epoch [053/053], with lr = 8e-05, Step [0025/0050],                        [loss_record5: 0.3282]
2021-03-02 07:22:53.398 | INFO     | network.models.trainer:fit:247 - 2021-03-02 07:22:53.398240 Epoch [053/053], with lr = 8e-05, Step [0050/0050],                        [loss_record5: 0.3621]
2021-03-02 07:23:12.048 | INFO     | network.models.trainer:fit:247 - 2021-03-02 07:23:12.048295 Epoch [054/054], with lr = 8e-05, Step [0025/0050],                        [loss_record5: 0.3368]
2021-03-02 07:23:30.853 | INFO     | network.models.trainer:fit:247 - 2021-03-02 07:23:30.853237 Epoch [054/054], with lr = 8e-05, Step [0050/0050],                        [loss_record5: 0.3648]
2021-03-02 07:23:49.488 | INFO     | network.models.trainer:fit:247 - 2021-03-02 07:23:49.488068 Epoch [055/055], with lr = 8e-05, Step [0025/0050],                        [loss_record5: 0.3577]
2021-03-02 07:24:08.237 | INFO     | network.models.trainer:fit:247 - 2021-03-02 07:24:08.236776 Epoch [055/055], with lr = 8e-05, Step [0050/0050],                        [loss_record5: 0.3371]
2021-03-02 07:24:26.900 | INFO     | network.models.trainer:fit:247 - 2021-03-02 07:24:26.900439 Epoch [056/056], with lr = 8e-05, Step [0025/0050],                        [loss_record5: 0.3314]
2021-03-02 07:24:45.675 | INFO     | network.models.trainer:fit:247 - 2021-03-02 07:24:45.675356 Epoch [056/056], with lr = 8e-05, Step [0050/0050],                        [loss_record5: 0.3210]
2021-03-02 07:25:04.432 | INFO     | network.models.trainer:fit:247 - 2021-03-02 07:25:04.432417 Epoch [057/057], with lr = 8e-05, Step [0025/0050],                        [loss_record5: 0.3829]
2021-03-02 07:25:23.158 | INFO     | network.models.trainer:fit:247 - 2021-03-02 07:25:23.158194 Epoch [057/057], with lr = 8e-05, Step [0050/0050],                        [loss_record5: 0.3612]
2021-03-02 07:25:41.935 | INFO     | network.models.trainer:fit:247 - 2021-03-02 07:25:41.934696 Epoch [058/058], with lr = 8e-05, Step [0025/0050],                        [loss_record5: 0.3331]
2021-03-02 07:26:00.540 | INFO     | network.models.trainer:fit:247 - 2021-03-02 07:26:00.539901 Epoch [058/058], with lr = 8e-05, Step [0050/0050],                        [loss_record5: 0.3513]
2021-03-02 07:26:19.178 | INFO     | network.models.trainer:fit:247 - 2021-03-02 07:26:19.177923 Epoch [059/059], with lr = 8e-05, Step [0025/0050],                        [loss_record5: 0.3213]
2021-03-02 07:26:37.875 | INFO     | network.models.trainer:fit:247 - 2021-03-02 07:26:37.875699 Epoch [059/059], with lr = 8e-05, Step [0050/0050],                        [loss_record5: 0.3226]
2021-03-02 07:26:56.484 | INFO     | network.models.trainer:fit:247 - 2021-03-02 07:26:56.484284 Epoch [060/060], with lr = 8e-05, Step [0025/0050],                        [loss_record5: 0.3562]
2021-03-02 07:27:15.229 | INFO     | network.models.trainer:fit:247 - 2021-03-02 07:27:15.229297 Epoch [060/060], with lr = 8e-05, Step [0050/0050],                        [loss_record5: 0.3446]
2021-03-02 07:27:33.875 | INFO     | network.models.trainer:fit:247 - 2021-03-02 07:27:33.875552 Epoch [061/061], with lr = 8e-05, Step [0025/0050],                        [loss_record5: 0.3603]
2021-03-02 07:27:52.587 | INFO     | network.models.trainer:fit:247 - 2021-03-02 07:27:52.587446 Epoch [061/061], with lr = 8e-05, Step [0050/0050],                        [loss_record5: 0.3543]
2021-03-02 07:28:11.317 | INFO     | network.models.trainer:fit:247 - 2021-03-02 07:28:11.317337 Epoch [062/062], with lr = 8e-05, Step [0025/0050],                        [loss_record5: 0.3860]
2021-03-02 07:28:30.143 | INFO     | network.models.trainer:fit:247 - 2021-03-02 07:28:30.142952 Epoch [062/062], with lr = 8e-05, Step [0050/0050],                        [loss_record5: 0.3935]
2021-03-02 07:28:48.872 | INFO     | network.models.trainer:fit:247 - 2021-03-02 07:28:48.872678 Epoch [063/063], with lr = 8e-05, Step [0025/0050],                        [loss_record5: 0.3642]
2021-03-02 07:29:07.498 | INFO     | network.models.trainer:fit:247 - 2021-03-02 07:29:07.498779 Epoch [063/063], with lr = 8e-05, Step [0050/0050],                        [loss_record5: 0.3351]
2021-03-02 07:29:26.210 | INFO     | network.models.trainer:fit:247 - 2021-03-02 07:29:26.209905 Epoch [064/064], with lr = 8e-05, Step [0025/0050],                        [loss_record5: 0.3821]
2021-03-02 07:29:44.933 | INFO     | network.models.trainer:fit:247 - 2021-03-02 07:29:44.933609 Epoch [064/064], with lr = 8e-05, Step [0050/0050],                        [loss_record5: 0.4024]
2021-03-02 07:30:03.690 | INFO     | network.models.trainer:fit:247 - 2021-03-02 07:30:03.690164 Epoch [065/065], with lr = 8e-05, Step [0025/0050],                        [loss_record5: 0.3707]
2021-03-02 07:30:22.458 | INFO     | network.models.trainer:fit:247 - 2021-03-02 07:30:22.457961 Epoch [065/065], with lr = 8e-05, Step [0050/0050],                        [loss_record5: 0.3664]
2021-03-02 07:30:41.262 | INFO     | network.models.trainer:fit:247 - 2021-03-02 07:30:41.262351 Epoch [066/066], with lr = 8e-05, Step [0025/0050],                        [loss_record5: 0.3701]
2021-03-02 07:30:59.840 | INFO     | network.models.trainer:fit:247 - 2021-03-02 07:30:59.839821 Epoch [066/066], with lr = 8e-05, Step [0050/0050],                        [loss_record5: 0.3545]
2021-03-02 07:31:18.634 | INFO     | network.models.trainer:fit:247 - 2021-03-02 07:31:18.634524 Epoch [067/067], with lr = 8e-05, Step [0025/0050],                        [loss_record5: 0.3638]
2021-03-02 07:31:37.253 | INFO     | network.models.trainer:fit:247 - 2021-03-02 07:31:37.253106 Epoch [067/067], with lr = 8e-05, Step [0050/0050],                        [loss_record5: 0.3568]
2021-03-02 07:31:55.893 | INFO     | network.models.trainer:fit:247 - 2021-03-02 07:31:55.892865 Epoch [068/068], with lr = 8e-05, Step [0025/0050],                        [loss_record5: 0.3785]
2021-03-02 07:32:14.681 | INFO     | network.models.trainer:fit:247 - 2021-03-02 07:32:14.681424 Epoch [068/068], with lr = 8e-05, Step [0050/0050],                        [loss_record5: 0.3775]
2021-03-02 07:32:33.391 | INFO     | network.models.trainer:fit:247 - 2021-03-02 07:32:33.390886 Epoch [069/069], with lr = 8e-05, Step [0025/0050],                        [loss_record5: 0.3717]
2021-03-02 07:32:52.154 | INFO     | network.models.trainer:fit:247 - 2021-03-02 07:32:52.153835 Epoch [069/069], with lr = 8e-05, Step [0050/0050],                        [loss_record5: 0.3775]
2021-03-02 07:33:10.922 | INFO     | network.models.trainer:fit:247 - 2021-03-02 07:33:10.922776 Epoch [070/070], with lr = 8e-05, Step [0025/0050],                        [loss_record5: 0.3846]
2021-03-02 07:33:29.612 | INFO     | network.models.trainer:fit:247 - 2021-03-02 07:33:29.612100 Epoch [070/070], with lr = 8e-05, Step [0050/0050],                        [loss_record5: 0.3565]
2021-03-02 07:33:48.225 | INFO     | network.models.trainer:fit:247 - 2021-03-02 07:33:48.225569 Epoch [071/071], with lr = 8e-05, Step [0025/0050],                        [loss_record5: 0.3106]
2021-03-02 07:34:07.038 | INFO     | network.models.trainer:fit:247 - 2021-03-02 07:34:07.038742 Epoch [071/071], with lr = 8e-05, Step [0050/0050],                        [loss_record5: 0.3511]
2021-03-02 07:34:25.618 | INFO     | network.models.trainer:fit:247 - 2021-03-02 07:34:25.618567 Epoch [072/072], with lr = 8e-05, Step [0025/0050],                        [loss_record5: 0.3152]
2021-03-02 07:34:44.407 | INFO     | network.models.trainer:fit:247 - 2021-03-02 07:34:44.407240 Epoch [072/072], with lr = 8e-05, Step [0050/0050],                        [loss_record5: 0.3546]
2021-03-02 07:35:03.072 | INFO     | network.models.trainer:fit:247 - 2021-03-02 07:35:03.072642 Epoch [073/073], with lr = 8e-05, Step [0025/0050],                        [loss_record5: 0.3672]
2021-03-02 07:35:21.770 | INFO     | network.models.trainer:fit:247 - 2021-03-02 07:35:21.770722 Epoch [073/073], with lr = 8e-05, Step [0050/0050],                        [loss_record5: 0.3544]
2021-03-02 07:35:40.547 | INFO     | network.models.trainer:fit:247 - 2021-03-02 07:35:40.547336 Epoch [074/074], with lr = 8e-05, Step [0025/0050],                        [loss_record5: 0.3348]
2021-03-02 07:35:59.140 | INFO     | network.models.trainer:fit:247 - 2021-03-02 07:35:59.140528 Epoch [074/074], with lr = 8e-05, Step [0050/0050],                        [loss_record5: 0.3231]
2021-03-02 07:36:17.833 | INFO     | network.models.trainer:fit:247 - 2021-03-02 07:36:17.833176 Epoch [075/075], with lr = 8e-05, Step [0025/0050],                        [loss_record5: 0.3395]
2021-03-02 07:36:36.629 | INFO     | network.models.trainer:fit:247 - 2021-03-02 07:36:36.628864 Epoch [075/075], with lr = 8e-05, Step [0050/0050],                        [loss_record5: 0.3500]
2021-03-02 07:36:55.215 | INFO     | network.models.trainer:fit:247 - 2021-03-02 07:36:55.214816 Epoch [076/076], with lr = 8e-05, Step [0025/0050],                        [loss_record5: 0.3456]
2021-03-02 07:37:13.982 | INFO     | network.models.trainer:fit:247 - 2021-03-02 07:37:13.982108 Epoch [076/076], with lr = 8e-05, Step [0050/0050],                        [loss_record5: 0.3369]
2021-03-02 07:37:32.689 | INFO     | network.models.trainer:fit:247 - 2021-03-02 07:37:32.689092 Epoch [077/077], with lr = 8e-05, Step [0025/0050],                        [loss_record5: 0.3316]
2021-03-02 07:37:51.494 | INFO     | network.models.trainer:fit:247 - 2021-03-02 07:37:51.494026 Epoch [077/077], with lr = 8e-05, Step [0050/0050],                        [loss_record5: 0.3622]
2021-03-02 07:38:09.971 | INFO     | network.models.trainer:fit:247 - 2021-03-02 07:38:09.971196 Epoch [078/078], with lr = 8e-05, Step [0025/0050],                        [loss_record5: 0.3143]
2021-03-02 07:38:28.671 | INFO     | network.models.trainer:fit:247 - 2021-03-02 07:38:28.671349 Epoch [078/078], with lr = 8e-05, Step [0050/0050],                        [loss_record5: 0.3475]
2021-03-02 07:38:47.508 | INFO     | network.models.trainer:fit:247 - 2021-03-02 07:38:47.508332 Epoch [079/079], with lr = 8e-05, Step [0025/0050],                        [loss_record5: 0.3445]
2021-03-02 07:39:06.248 | INFO     | network.models.trainer:fit:247 - 2021-03-02 07:39:06.248721 Epoch [079/079], with lr = 8e-05, Step [0050/0050],                        [loss_record5: 0.3480]
2021-03-02 07:39:25.151 | INFO     | network.models.trainer:fit:247 - 2021-03-02 07:39:25.151081 Epoch [080/080], with lr = 8e-05, Step [0025/0050],                        [loss_record5: 0.3129]
2021-03-02 07:39:43.812 | INFO     | network.models.trainer:fit:247 - 2021-03-02 07:39:43.811912 Epoch [080/080], with lr = 8e-05, Step [0050/0050],                        [loss_record5: 0.3184]
2021-03-02 07:40:02.568 | INFO     | network.models.trainer:fit:247 - 2021-03-02 07:40:02.568386 Epoch [081/081], with lr = 8e-05, Step [0025/0050],                        [loss_record5: 0.3206]
2021-03-02 07:40:21.235 | INFO     | network.models.trainer:fit:247 - 2021-03-02 07:40:21.235494 Epoch [081/081], with lr = 8e-05, Step [0050/0050],                        [loss_record5: 0.3084]
2021-03-02 07:40:39.939 | INFO     | network.models.trainer:fit:247 - 2021-03-02 07:40:39.939118 Epoch [082/082], with lr = 8e-05, Step [0025/0050],                        [loss_record5: 0.3185]
2021-03-02 07:40:58.783 | INFO     | network.models.trainer:fit:247 - 2021-03-02 07:40:58.782814 Epoch [082/082], with lr = 8e-05, Step [0050/0050],                        [loss_record5: 0.3217]
2021-03-02 07:41:17.557 | INFO     | network.models.trainer:fit:247 - 2021-03-02 07:41:17.557830 Epoch [083/083], with lr = 8e-05, Step [0025/0050],                        [loss_record5: 0.3279]
2021-03-02 07:41:36.200 | INFO     | network.models.trainer:fit:247 - 2021-03-02 07:41:36.200046 Epoch [083/083], with lr = 8e-05, Step [0050/0050],                        [loss_record5: 0.3221]
2021-03-02 07:41:36.956 | INFO     | network.models.trainer:fit:256 - [Saving Snapshot:]/home/admin_mcn/hung/polyp_segmentation/snapshots/TransUnet/PraNetDG-fold2-83.pth
2021-03-02 07:41:55.739 | INFO     | network.models.trainer:fit:247 - 2021-03-02 07:41:55.738987 Epoch [084/084], with lr = 8e-05, Step [0025/0050],                        [loss_record5: 0.3329]
2021-03-02 07:42:14.418 | INFO     | network.models.trainer:fit:247 - 2021-03-02 07:42:14.417998 Epoch [084/084], with lr = 8e-05, Step [0050/0050],                        [loss_record5: 0.3487]
2021-03-02 07:42:33.296 | INFO     | network.models.trainer:fit:247 - 2021-03-02 07:42:33.296418 Epoch [085/085], with lr = 8e-05, Step [0025/0050],                        [loss_record5: 0.3525]
2021-03-02 07:42:51.949 | INFO     | network.models.trainer:fit:247 - 2021-03-02 07:42:51.949478 Epoch [085/085], with lr = 8e-05, Step [0050/0050],                        [loss_record5: 0.3292]
2021-03-02 07:43:10.671 | INFO     | network.models.trainer:fit:247 - 2021-03-02 07:43:10.671079 Epoch [086/086], with lr = 8e-05, Step [0025/0050],                        [loss_record5: 0.3305]
2021-03-02 07:43:29.432 | INFO     | network.models.trainer:fit:247 - 2021-03-02 07:43:29.431876 Epoch [086/086], with lr = 8e-05, Step [0050/0050],                        [loss_record5: 0.3187]
2021-03-02 07:43:30.108 | INFO     | network.models.trainer:fit:256 - [Saving Snapshot:]/home/admin_mcn/hung/polyp_segmentation/snapshots/TransUnet/PraNetDG-fold2-86.pth
2021-03-02 07:43:48.966 | INFO     | network.models.trainer:fit:247 - 2021-03-02 07:43:48.966515 Epoch [087/087], with lr = 8e-05, Step [0025/0050],                        [loss_record5: 0.3036]
2021-03-02 07:44:07.556 | INFO     | network.models.trainer:fit:247 - 2021-03-02 07:44:07.556411 Epoch [087/087], with lr = 8e-05, Step [0050/0050],                        [loss_record5: 0.3127]
2021-03-02 07:44:26.179 | INFO     | network.models.trainer:fit:247 - 2021-03-02 07:44:26.178984 Epoch [088/088], with lr = 8e-05, Step [0025/0050],                        [loss_record5: 0.3298]
2021-03-02 07:44:44.928 | INFO     | network.models.trainer:fit:247 - 2021-03-02 07:44:44.928704 Epoch [088/088], with lr = 8e-05, Step [0050/0050],                        [loss_record5: 0.3319]
2021-03-02 07:45:03.736 | INFO     | network.models.trainer:fit:247 - 2021-03-02 07:45:03.736243 Epoch [089/089], with lr = 8e-05, Step [0025/0050],                        [loss_record5: 0.3249]
2021-03-02 07:45:22.473 | INFO     | network.models.trainer:fit:247 - 2021-03-02 07:45:22.472834 Epoch [089/089], with lr = 8e-05, Step [0050/0050],                        [loss_record5: 0.3476]
2021-03-02 07:45:23.138 | INFO     | network.models.trainer:fit:256 - [Saving Snapshot:]/home/admin_mcn/hung/polyp_segmentation/snapshots/TransUnet/PraNetDG-fold2-89.pth
2021-03-02 07:45:41.924 | INFO     | network.models.trainer:fit:247 - 2021-03-02 07:45:41.923847 Epoch [090/090], with lr = 8e-05, Step [0025/0050],                        [loss_record5: 0.3304]
2021-03-02 07:46:00.618 | INFO     | network.models.trainer:fit:247 - 2021-03-02 07:46:00.618025 Epoch [090/090], with lr = 8e-05, Step [0050/0050],                        [loss_record5: 0.3389]
2021-03-02 07:46:19.374 | INFO     | network.models.trainer:fit:247 - 2021-03-02 07:46:19.374640 Epoch [091/091], with lr = 8e-05, Step [0025/0050],                        [loss_record5: 0.3544]
2021-03-02 07:46:37.983 | INFO     | network.models.trainer:fit:247 - 2021-03-02 07:46:37.982766 Epoch [091/091], with lr = 8e-05, Step [0050/0050],                        [loss_record5: 0.3465]
2021-03-02 07:46:56.603 | INFO     | network.models.trainer:fit:247 - 2021-03-02 07:46:56.603596 Epoch [092/092], with lr = 8e-05, Step [0025/0050],                        [loss_record5: 0.2893]
2021-03-02 07:47:15.340 | INFO     | network.models.trainer:fit:247 - 2021-03-02 07:47:15.340339 Epoch [092/092], with lr = 8e-05, Step [0050/0050],                        [loss_record5: 0.2948]
2021-03-02 07:47:16.000 | INFO     | network.models.trainer:fit:256 - [Saving Snapshot:]/home/admin_mcn/hung/polyp_segmentation/snapshots/TransUnet/PraNetDG-fold2-92.pth
2021-03-02 07:47:34.860 | INFO     | network.models.trainer:fit:247 - 2021-03-02 07:47:34.859849 Epoch [093/093], with lr = 8e-05, Step [0025/0050],                        [loss_record5: 0.3952]
2021-03-02 07:47:53.704 | INFO     | network.models.trainer:fit:247 - 2021-03-02 07:47:53.704064 Epoch [093/093], with lr = 8e-05, Step [0050/0050],                        [loss_record5: 0.3684]
2021-03-02 07:48:12.439 | INFO     | network.models.trainer:fit:247 - 2021-03-02 07:48:12.439356 Epoch [094/094], with lr = 8e-05, Step [0025/0050],                        [loss_record5: 0.3357]
2021-03-02 07:48:31.077 | INFO     | network.models.trainer:fit:247 - 2021-03-02 07:48:31.077084 Epoch [094/094], with lr = 8e-05, Step [0050/0050],                        [loss_record5: 0.3218]
2021-03-02 07:48:49.829 | INFO     | network.models.trainer:fit:247 - 2021-03-02 07:48:49.829362 Epoch [095/095], with lr = 8e-05, Step [0025/0050],                        [loss_record5: 0.3196]
2021-03-02 07:49:08.584 | INFO     | network.models.trainer:fit:247 - 2021-03-02 07:49:08.583894 Epoch [095/095], with lr = 8e-05, Step [0050/0050],                        [loss_record5: 0.3087]
2021-03-02 07:49:09.243 | INFO     | network.models.trainer:fit:256 - [Saving Snapshot:]/home/admin_mcn/hung/polyp_segmentation/snapshots/TransUnet/PraNetDG-fold2-95.pth
2021-03-02 07:49:27.905 | INFO     | network.models.trainer:fit:247 - 2021-03-02 07:49:27.904792 Epoch [096/096], with lr = 8e-05, Step [0025/0050],                        [loss_record5: 0.2979]
2021-03-02 07:49:46.653 | INFO     | network.models.trainer:fit:247 - 2021-03-02 07:49:46.653331 Epoch [096/096], with lr = 8e-05, Step [0050/0050],                        [loss_record5: 0.3147]
2021-03-02 07:50:05.391 | INFO     | network.models.trainer:fit:247 - 2021-03-02 07:50:05.391148 Epoch [097/097], with lr = 8e-05, Step [0025/0050],                        [loss_record5: 0.3011]
2021-03-02 07:50:24.057 | INFO     | network.models.trainer:fit:247 - 2021-03-02 07:50:24.056995 Epoch [097/097], with lr = 8e-05, Step [0050/0050],                        [loss_record5: 0.3507]
2021-03-02 07:50:42.773 | INFO     | network.models.trainer:fit:247 - 2021-03-02 07:50:42.773127 Epoch [098/098], with lr = 8e-05, Step [0025/0050],                        [loss_record5: 0.3454]
2021-03-02 07:51:01.433 | INFO     | network.models.trainer:fit:247 - 2021-03-02 07:51:01.433288 Epoch [098/098], with lr = 8e-05, Step [0050/0050],                        [loss_record5: 0.3367]
2021-03-02 07:51:02.103 | INFO     | network.models.trainer:fit:256 - [Saving Snapshot:]/home/admin_mcn/hung/polyp_segmentation/snapshots/TransUnet/PraNetDG-fold2-98.pth
2021-03-02 07:51:20.844 | INFO     | network.models.trainer:fit:247 - 2021-03-02 07:51:20.844479 Epoch [099/099], with lr = 8e-05, Step [0025/0050],                        [loss_record5: 0.2949]
2021-03-02 07:51:39.732 | INFO     | network.models.trainer:fit:247 - 2021-03-02 07:51:39.732323 Epoch [099/099], with lr = 8e-05, Step [0050/0050],                        [loss_record5: 0.3073]
2021-03-02 07:51:58.499 | INFO     | network.models.trainer:fit:247 - 2021-03-02 07:51:58.499334 Epoch [100/100], with lr = 8e-05, Step [0025/0050],                        [loss_record5: 0.3361]
2021-03-02 07:52:17.229 | INFO     | network.models.trainer:fit:247 - 2021-03-02 07:52:17.228920 Epoch [100/100], with lr = 8e-05, Step [0050/0050],                        [loss_record5: 0.3116]
2021-03-02 07:52:36.012 | INFO     | network.models.trainer:fit:247 - 2021-03-02 07:52:36.011814 Epoch [101/101], with lr = 8e-05, Step [0025/0050],                        [loss_record5: 0.3318]
2021-03-02 07:52:54.543 | INFO     | network.models.trainer:fit:247 - 2021-03-02 07:52:54.543017 Epoch [101/101], with lr = 8e-05, Step [0050/0050],                        [loss_record5: 0.3025]
2021-03-02 07:52:55.196 | INFO     | network.models.trainer:fit:256 - [Saving Snapshot:]/home/admin_mcn/hung/polyp_segmentation/snapshots/TransUnet/PraNetDG-fold2-101.pth
2021-03-02 07:53:13.857 | INFO     | network.models.trainer:fit:247 - 2021-03-02 07:53:13.856988 Epoch [102/102], with lr = 8e-05, Step [0025/0050],                        [loss_record5: 0.2997]
2021-03-02 07:53:32.623 | INFO     | network.models.trainer:fit:247 - 2021-03-02 07:53:32.623735 Epoch [102/102], with lr = 8e-05, Step [0050/0050],                        [loss_record5: 0.3330]
2021-03-02 07:53:51.195 | INFO     | network.models.trainer:fit:247 - 2021-03-02 07:53:51.195161 Epoch [103/103], with lr = 8e-05, Step [0025/0050],                        [loss_record5: 0.3132]
2021-03-02 07:54:09.883 | INFO     | network.models.trainer:fit:247 - 2021-03-02 07:54:09.883112 Epoch [103/103], with lr = 8e-05, Step [0050/0050],                        [loss_record5: 0.3279]
2021-03-02 07:54:28.596 | INFO     | network.models.trainer:fit:247 - 2021-03-02 07:54:28.595992 Epoch [104/104], with lr = 8e-05, Step [0025/0050],                        [loss_record5: 0.2801]
2021-03-02 07:54:47.237 | INFO     | network.models.trainer:fit:247 - 2021-03-02 07:54:47.237725 Epoch [104/104], with lr = 8e-05, Step [0050/0050],                        [loss_record5: 0.2779]
2021-03-02 07:54:47.896 | INFO     | network.models.trainer:fit:256 - [Saving Snapshot:]/home/admin_mcn/hung/polyp_segmentation/snapshots/TransUnet/PraNetDG-fold2-104.pth
2021-03-02 07:55:06.603 | INFO     | network.models.trainer:fit:247 - 2021-03-02 07:55:06.603401 Epoch [105/105], with lr = 8e-05, Step [0025/0050],                        [loss_record5: 0.2931]
2021-03-02 07:55:25.181 | INFO     | network.models.trainer:fit:247 - 2021-03-02 07:55:25.180783 Epoch [105/105], with lr = 8e-05, Step [0050/0050],                        [loss_record5: 0.3198]
2021-03-02 07:55:43.824 | INFO     | network.models.trainer:fit:247 - 2021-03-02 07:55:43.823967 Epoch [106/106], with lr = 8e-05, Step [0025/0050],                        [loss_record5: 0.2851]
2021-03-02 07:56:02.526 | INFO     | network.models.trainer:fit:247 - 2021-03-02 07:56:02.525946 Epoch [106/106], with lr = 8e-05, Step [0050/0050],                        [loss_record5: 0.3284]
2021-03-02 07:56:21.255 | INFO     | network.models.trainer:fit:247 - 2021-03-02 07:56:21.255051 Epoch [107/107], with lr = 8e-05, Step [0025/0050],                        [loss_record5: 0.3270]
2021-03-02 07:56:40.017 | INFO     | network.models.trainer:fit:247 - 2021-03-02 07:56:40.017073 Epoch [107/107], with lr = 8e-05, Step [0050/0050],                        [loss_record5: 0.3379]
2021-03-02 07:56:40.708 | INFO     | network.models.trainer:fit:256 - [Saving Snapshot:]/home/admin_mcn/hung/polyp_segmentation/snapshots/TransUnet/PraNetDG-fold2-107.pth
2021-03-02 07:56:59.451 | INFO     | network.models.trainer:fit:247 - 2021-03-02 07:56:59.451131 Epoch [108/108], with lr = 8e-05, Step [0025/0050],                        [loss_record5: 0.3184]
2021-03-02 07:57:18.072 | INFO     | network.models.trainer:fit:247 - 2021-03-02 07:57:18.071836 Epoch [108/108], with lr = 8e-05, Step [0050/0050],                        [loss_record5: 0.3178]
2021-03-02 07:57:36.736 | INFO     | network.models.trainer:fit:247 - 2021-03-02 07:57:36.736339 Epoch [109/109], with lr = 8e-05, Step [0025/0050],                        [loss_record5: 0.3772]
2021-03-02 07:57:55.495 | INFO     | network.models.trainer:fit:247 - 2021-03-02 07:57:55.495368 Epoch [109/109], with lr = 8e-05, Step [0050/0050],                        [loss_record5: 0.3617]
2021-03-02 07:58:14.209 | INFO     | network.models.trainer:fit:247 - 2021-03-02 07:58:14.208849 Epoch [110/110], with lr = 8e-05, Step [0025/0050],                        [loss_record5: 0.2981]
2021-03-02 07:58:32.952 | INFO     | network.models.trainer:fit:247 - 2021-03-02 07:58:32.952077 Epoch [110/110], with lr = 8e-05, Step [0050/0050],                        [loss_record5: 0.2982]
2021-03-02 07:58:33.610 | INFO     | network.models.trainer:fit:256 - [Saving Snapshot:]/home/admin_mcn/hung/polyp_segmentation/snapshots/TransUnet/PraNetDG-fold2-110.pth
2021-03-02 07:58:52.320 | INFO     | network.models.trainer:fit:247 - 2021-03-02 07:58:52.319902 Epoch [111/111], with lr = 8e-05, Step [0025/0050],                        [loss_record5: 0.2726]
2021-03-02 07:59:11.158 | INFO     | network.models.trainer:fit:247 - 2021-03-02 07:59:11.157851 Epoch [111/111], with lr = 8e-05, Step [0050/0050],                        [loss_record5: 0.3220]
2021-03-02 07:59:29.828 | INFO     | network.models.trainer:fit:247 - 2021-03-02 07:59:29.828068 Epoch [112/112], with lr = 8e-05, Step [0025/0050],                        [loss_record5: 0.3087]
2021-03-02 07:59:48.673 | INFO     | network.models.trainer:fit:247 - 2021-03-02 07:59:48.673426 Epoch [112/112], with lr = 8e-05, Step [0050/0050],                        [loss_record5: 0.3029]
2021-03-02 08:00:07.392 | INFO     | network.models.trainer:fit:247 - 2021-03-02 08:00:07.392557 Epoch [113/113], with lr = 8e-05, Step [0025/0050],                        [loss_record5: 0.3183]
2021-03-02 08:00:26.095 | INFO     | network.models.trainer:fit:247 - 2021-03-02 08:00:26.095162 Epoch [113/113], with lr = 8e-05, Step [0050/0050],                        [loss_record5: 0.3170]
2021-03-02 08:00:26.754 | INFO     | network.models.trainer:fit:256 - [Saving Snapshot:]/home/admin_mcn/hung/polyp_segmentation/snapshots/TransUnet/PraNetDG-fold2-113.pth
2021-03-02 08:00:45.411 | INFO     | network.models.trainer:fit:247 - 2021-03-02 08:00:45.411780 Epoch [114/114], with lr = 8e-05, Step [0025/0050],                        [loss_record5: 0.3474]
2021-03-02 08:01:04.189 | INFO     | network.models.trainer:fit:247 - 2021-03-02 08:01:04.189240 Epoch [114/114], with lr = 8e-05, Step [0050/0050],                        [loss_record5: 0.3140]
2021-03-02 08:01:22.961 | INFO     | network.models.trainer:fit:247 - 2021-03-02 08:01:22.961386 Epoch [115/115], with lr = 8e-05, Step [0025/0050],                        [loss_record5: 0.3439]
2021-03-02 08:01:41.605 | INFO     | network.models.trainer:fit:247 - 2021-03-02 08:01:41.604864 Epoch [115/115], with lr = 8e-05, Step [0050/0050],                        [loss_record5: 0.3252]
2021-03-02 08:02:00.293 | INFO     | network.models.trainer:fit:247 - 2021-03-02 08:02:00.293336 Epoch [116/116], with lr = 8e-05, Step [0025/0050],                        [loss_record5: 0.3014]
2021-03-02 08:02:19.043 | INFO     | network.models.trainer:fit:247 - 2021-03-02 08:02:19.043080 Epoch [116/116], with lr = 8e-05, Step [0050/0050],                        [loss_record5: 0.2960]
2021-03-02 08:02:19.698 | INFO     | network.models.trainer:fit:256 - [Saving Snapshot:]/home/admin_mcn/hung/polyp_segmentation/snapshots/TransUnet/PraNetDG-fold2-116.pth
2021-03-02 08:02:38.306 | INFO     | network.models.trainer:fit:247 - 2021-03-02 08:02:38.306526 Epoch [117/117], with lr = 8e-05, Step [0025/0050],                        [loss_record5: 0.3104]
2021-03-02 08:02:57.038 | INFO     | network.models.trainer:fit:247 - 2021-03-02 08:02:57.038054 Epoch [117/117], with lr = 8e-05, Step [0050/0050],                        [loss_record5: 0.3233]
2021-03-02 08:03:15.771 | INFO     | network.models.trainer:fit:247 - 2021-03-02 08:03:15.771210 Epoch [118/118], with lr = 8e-05, Step [0025/0050],                        [loss_record5: 0.3270]
2021-03-02 08:03:34.344 | INFO     | network.models.trainer:fit:247 - 2021-03-02 08:03:34.343967 Epoch [118/118], with lr = 8e-05, Step [0050/0050],                        [loss_record5: 0.3098]
2021-03-02 08:03:53.093 | INFO     | network.models.trainer:fit:247 - 2021-03-02 08:03:53.092980 Epoch [119/119], with lr = 8e-05, Step [0025/0050],                        [loss_record5: 0.3118]
2021-03-02 08:04:11.778 | INFO     | network.models.trainer:fit:247 - 2021-03-02 08:04:11.778671 Epoch [119/119], with lr = 8e-05, Step [0050/0050],                        [loss_record5: 0.2963]
2021-03-02 08:04:12.435 | INFO     | network.models.trainer:fit:256 - [Saving Snapshot:]/home/admin_mcn/hung/polyp_segmentation/snapshots/TransUnet/PraNetDG-fold2-119.pth
2021-03-02 08:04:31.134 | INFO     | network.models.trainer:fit:247 - 2021-03-02 08:04:31.134625 Epoch [120/120], with lr = 8e-05, Step [0025/0050],                        [loss_record5: 0.3271]
2021-03-02 08:04:49.827 | INFO     | network.models.trainer:fit:247 - 2021-03-02 08:04:49.827706 Epoch [120/120], with lr = 8e-05, Step [0050/0050],                        [loss_record5: 0.3243]
2021-03-02 08:05:08.457 | INFO     | network.models.trainer:fit:247 - 2021-03-02 08:05:08.457664 Epoch [121/121], with lr = 8e-05, Step [0025/0050],                        [loss_record5: 0.3034]
2021-03-02 08:05:27.213 | INFO     | network.models.trainer:fit:247 - 2021-03-02 08:05:27.213701 Epoch [121/121], with lr = 8e-05, Step [0050/0050],                        [loss_record5: 0.3398]
2021-03-02 08:05:45.969 | INFO     | network.models.trainer:fit:247 - 2021-03-02 08:05:45.969318 Epoch [122/122], with lr = 8e-05, Step [0025/0050],                        [loss_record5: 0.2754]
2021-03-02 08:06:04.635 | INFO     | network.models.trainer:fit:247 - 2021-03-02 08:06:04.634813 Epoch [122/122], with lr = 8e-05, Step [0050/0050],                        [loss_record5: 0.2930]
2021-03-02 08:06:05.321 | INFO     | network.models.trainer:fit:256 - [Saving Snapshot:]/home/admin_mcn/hung/polyp_segmentation/snapshots/TransUnet/PraNetDG-fold2-122.pth
2021-03-02 08:06:24.044 | INFO     | network.models.trainer:fit:247 - 2021-03-02 08:06:24.044327 Epoch [123/123], with lr = 8e-05, Step [0025/0050],                        [loss_record5: 0.2713]
2021-03-02 08:06:42.760 | INFO     | network.models.trainer:fit:247 - 2021-03-02 08:06:42.760436 Epoch [123/123], with lr = 8e-05, Step [0050/0050],                        [loss_record5: 0.2680]
2021-03-02 08:07:01.442 | INFO     | network.models.trainer:fit:247 - 2021-03-02 08:07:01.442451 Epoch [124/124], with lr = 8e-05, Step [0025/0050],                        [loss_record5: 0.3292]
2021-03-02 08:07:20.133 | INFO     | network.models.trainer:fit:247 - 2021-03-02 08:07:20.132999 Epoch [124/124], with lr = 8e-05, Step [0050/0050],                        [loss_record5: 0.3099]
2021-03-02 08:07:38.841 | INFO     | network.models.trainer:fit:247 - 2021-03-02 08:07:38.841595 Epoch [125/125], with lr = 8e-05, Step [0025/0050],                        [loss_record5: 0.2318]
2021-03-02 08:07:57.623 | INFO     | network.models.trainer:fit:247 - 2021-03-02 08:07:57.622908 Epoch [125/125], with lr = 8e-05, Step [0050/0050],                        [loss_record5: 0.2725]
2021-03-02 08:07:58.326 | INFO     | network.models.trainer:fit:256 - [Saving Snapshot:]/home/admin_mcn/hung/polyp_segmentation/snapshots/TransUnet/PraNetDG-fold2-125.pth
2021-03-02 08:08:16.978 | INFO     | network.models.trainer:fit:247 - 2021-03-02 08:08:16.978013 Epoch [126/126], with lr = 8e-05, Step [0025/0050],                        [loss_record5: 0.2912]
2021-03-02 08:08:35.562 | INFO     | network.models.trainer:fit:247 - 2021-03-02 08:08:35.561874 Epoch [126/126], with lr = 8e-05, Step [0050/0050],                        [loss_record5: 0.2954]
2021-03-02 08:08:54.221 | INFO     | network.models.trainer:fit:247 - 2021-03-02 08:08:54.221235 Epoch [127/127], with lr = 8e-05, Step [0025/0050],                        [loss_record5: 0.2904]
2021-03-02 08:09:12.909 | INFO     | network.models.trainer:fit:247 - 2021-03-02 08:09:12.908765 Epoch [127/127], with lr = 8e-05, Step [0050/0050],                        [loss_record5: 0.2813]
2021-03-02 08:09:31.545 | INFO     | network.models.trainer:fit:247 - 2021-03-02 08:09:31.545488 Epoch [128/128], with lr = 8e-05, Step [0025/0050],                        [loss_record5: 0.3591]
2021-03-02 08:09:50.232 | INFO     | network.models.trainer:fit:247 - 2021-03-02 08:09:50.232701 Epoch [128/128], with lr = 8e-05, Step [0050/0050],                        [loss_record5: 0.3664]
2021-03-02 08:09:50.884 | INFO     | network.models.trainer:fit:256 - [Saving Snapshot:]/home/admin_mcn/hung/polyp_segmentation/snapshots/TransUnet/PraNetDG-fold2-128.pth
2021-03-02 08:10:09.556 | INFO     | network.models.trainer:fit:247 - 2021-03-02 08:10:09.556502 Epoch [129/129], with lr = 8e-05, Step [0025/0050],                        [loss_record5: 0.3809]
2021-03-02 08:10:28.120 | INFO     | network.models.trainer:fit:247 - 2021-03-02 08:10:28.119835 Epoch [129/129], with lr = 8e-05, Step [0050/0050],                        [loss_record5: 0.4073]
2021-03-02 08:10:46.837 | INFO     | network.models.trainer:fit:247 - 2021-03-02 08:10:46.836763 Epoch [130/130], with lr = 8e-05, Step [0025/0050],                        [loss_record5: 0.3494]
2021-03-02 08:11:05.471 | INFO     | network.models.trainer:fit:247 - 2021-03-02 08:11:05.471190 Epoch [130/130], with lr = 8e-05, Step [0050/0050],                        [loss_record5: 0.3046]
2021-03-02 08:11:24.152 | INFO     | network.models.trainer:fit:247 - 2021-03-02 08:11:24.152003 Epoch [131/131], with lr = 8e-05, Step [0025/0050],                        [loss_record5: 0.3445]
2021-03-02 08:11:42.851 | INFO     | network.models.trainer:fit:247 - 2021-03-02 08:11:42.851465 Epoch [131/131], with lr = 8e-05, Step [0050/0050],                        [loss_record5: 0.3065]
2021-03-02 08:11:43.512 | INFO     | network.models.trainer:fit:256 - [Saving Snapshot:]/home/admin_mcn/hung/polyp_segmentation/snapshots/TransUnet/PraNetDG-fold2-131.pth
2021-03-02 08:12:02.220 | INFO     | network.models.trainer:fit:247 - 2021-03-02 08:12:02.220484 Epoch [132/132], with lr = 8e-05, Step [0025/0050],                        [loss_record5: 0.3383]
2021-03-02 08:12:21.069 | INFO     | network.models.trainer:fit:247 - 2021-03-02 08:12:21.068963 Epoch [132/132], with lr = 8e-05, Step [0050/0050],                        [loss_record5: 0.3260]
2021-03-02 08:12:39.741 | INFO     | network.models.trainer:fit:247 - 2021-03-02 08:12:39.741010 Epoch [133/133], with lr = 8e-05, Step [0025/0050],                        [loss_record5: 0.3072]
2021-03-02 08:12:58.432 | INFO     | network.models.trainer:fit:247 - 2021-03-02 08:12:58.432118 Epoch [133/133], with lr = 8e-05, Step [0050/0050],                        [loss_record5: 0.2957]
2021-03-02 08:13:17.151 | INFO     | network.models.trainer:fit:247 - 2021-03-02 08:13:17.151181 Epoch [134/134], with lr = 8e-05, Step [0025/0050],                        [loss_record5: 0.3189]
2021-03-02 08:13:35.820 | INFO     | network.models.trainer:fit:247 - 2021-03-02 08:13:35.820511 Epoch [134/134], with lr = 8e-05, Step [0050/0050],                        [loss_record5: 0.3040]
2021-03-02 08:13:36.477 | INFO     | network.models.trainer:fit:256 - [Saving Snapshot:]/home/admin_mcn/hung/polyp_segmentation/snapshots/TransUnet/PraNetDG-fold2-134.pth
2021-03-02 08:13:55.244 | INFO     | network.models.trainer:fit:247 - 2021-03-02 08:13:55.244693 Epoch [135/135], with lr = 8e-05, Step [0025/0050],                        [loss_record5: 0.2882]
2021-03-02 08:14:13.895 | INFO     | network.models.trainer:fit:247 - 2021-03-02 08:14:13.895023 Epoch [135/135], with lr = 8e-05, Step [0050/0050],                        [loss_record5: 0.2680]
2021-03-02 08:14:32.693 | INFO     | network.models.trainer:fit:247 - 2021-03-02 08:14:32.693010 Epoch [136/136], with lr = 8e-05, Step [0025/0050],                        [loss_record5: 0.2693]
2021-03-02 08:14:51.345 | INFO     | network.models.trainer:fit:247 - 2021-03-02 08:14:51.345323 Epoch [136/136], with lr = 8e-05, Step [0050/0050],                        [loss_record5: 0.2871]
2021-03-02 08:15:10.009 | INFO     | network.models.trainer:fit:247 - 2021-03-02 08:15:10.009615 Epoch [137/137], with lr = 8e-05, Step [0025/0050],                        [loss_record5: 0.2582]
2021-03-02 08:15:28.784 | INFO     | network.models.trainer:fit:247 - 2021-03-02 08:15:28.784371 Epoch [137/137], with lr = 8e-05, Step [0050/0050],                        [loss_record5: 0.2667]
2021-03-02 08:15:29.441 | INFO     | network.models.trainer:fit:256 - [Saving Snapshot:]/home/admin_mcn/hung/polyp_segmentation/snapshots/TransUnet/PraNetDG-fold2-137.pth
2021-03-02 08:15:48.088 | INFO     | network.models.trainer:fit:247 - 2021-03-02 08:15:48.088368 Epoch [138/138], with lr = 8e-05, Step [0025/0050],                        [loss_record5: 0.2756]
2021-03-02 08:16:06.785 | INFO     | network.models.trainer:fit:247 - 2021-03-02 08:16:06.785185 Epoch [138/138], with lr = 8e-05, Step [0050/0050],                        [loss_record5: 0.3024]
2021-03-02 08:16:25.424 | INFO     | network.models.trainer:fit:247 - 2021-03-02 08:16:25.423837 Epoch [139/139], with lr = 8e-05, Step [0025/0050],                        [loss_record5: 0.3574]
2021-03-02 08:16:44.249 | INFO     | network.models.trainer:fit:247 - 2021-03-02 08:16:44.249591 Epoch [139/139], with lr = 8e-05, Step [0050/0050],                        [loss_record5: 0.3123]
2021-03-02 08:17:03.001 | INFO     | network.models.trainer:fit:247 - 2021-03-02 08:17:03.001186 Epoch [140/140], with lr = 8e-05, Step [0025/0050],                        [loss_record5: 0.3550]
2021-03-02 08:17:21.629 | INFO     | network.models.trainer:fit:247 - 2021-03-02 08:17:21.629290 Epoch [140/140], with lr = 8e-05, Step [0050/0050],                        [loss_record5: 0.3081]
2021-03-02 08:17:22.289 | INFO     | network.models.trainer:fit:256 - [Saving Snapshot:]/home/admin_mcn/hung/polyp_segmentation/snapshots/TransUnet/PraNetDG-fold2-140.pth
2021-03-02 08:17:40.971 | INFO     | network.models.trainer:fit:247 - 2021-03-02 08:17:40.971124 Epoch [141/141], with lr = 8e-05, Step [0025/0050],                        [loss_record5: 0.2859]
2021-03-02 08:17:59.651 | INFO     | network.models.trainer:fit:247 - 2021-03-02 08:17:59.651435 Epoch [141/141], with lr = 8e-05, Step [0050/0050],                        [loss_record5: 0.2715]
2021-03-02 08:18:18.443 | INFO     | network.models.trainer:fit:247 - 2021-03-02 08:18:18.443555 Epoch [142/142], with lr = 8e-05, Step [0025/0050],                        [loss_record5: 0.2864]
2021-03-02 08:18:37.159 | INFO     | network.models.trainer:fit:247 - 2021-03-02 08:18:37.159089 Epoch [142/142], with lr = 8e-05, Step [0050/0050],                        [loss_record5: 0.2840]
2021-03-02 08:18:55.941 | INFO     | network.models.trainer:fit:247 - 2021-03-02 08:18:55.941195 Epoch [143/143], with lr = 8e-05, Step [0025/0050],                        [loss_record5: 0.2887]
2021-03-02 08:19:14.678 | INFO     | network.models.trainer:fit:247 - 2021-03-02 08:19:14.677814 Epoch [143/143], with lr = 8e-05, Step [0050/0050],                        [loss_record5: 0.2969]
2021-03-02 08:19:15.334 | INFO     | network.models.trainer:fit:256 - [Saving Snapshot:]/home/admin_mcn/hung/polyp_segmentation/snapshots/TransUnet/PraNetDG-fold2-143.pth
2021-03-02 08:19:33.972 | INFO     | network.models.trainer:fit:247 - 2021-03-02 08:19:33.972330 Epoch [144/144], with lr = 8e-05, Step [0025/0050],                        [loss_record5: 0.2773]
2021-03-02 08:19:52.608 | INFO     | network.models.trainer:fit:247 - 2021-03-02 08:19:52.608022 Epoch [144/144], with lr = 8e-05, Step [0050/0050],                        [loss_record5: 0.2951]
2021-03-02 08:20:11.300 | INFO     | network.models.trainer:fit:247 - 2021-03-02 08:20:11.300323 Epoch [145/145], with lr = 8e-05, Step [0025/0050],                        [loss_record5: 0.3397]
2021-03-02 08:20:29.926 | INFO     | network.models.trainer:fit:247 - 2021-03-02 08:20:29.925898 Epoch [145/145], with lr = 8e-05, Step [0050/0050],                        [loss_record5: 0.4121]
2021-03-02 08:20:48.658 | INFO     | network.models.trainer:fit:247 - 2021-03-02 08:20:48.657995 Epoch [146/146], with lr = 8e-05, Step [0025/0050],                        [loss_record5: 0.3064]
2021-03-02 08:21:07.418 | INFO     | network.models.trainer:fit:247 - 2021-03-02 08:21:07.418273 Epoch [146/146], with lr = 8e-05, Step [0050/0050],                        [loss_record5: 0.3238]
2021-03-02 08:21:08.077 | INFO     | network.models.trainer:fit:256 - [Saving Snapshot:]/home/admin_mcn/hung/polyp_segmentation/snapshots/TransUnet/PraNetDG-fold2-146.pth
2021-03-02 08:21:26.861 | INFO     | network.models.trainer:fit:247 - 2021-03-02 08:21:26.861356 Epoch [147/147], with lr = 8e-05, Step [0025/0050],                        [loss_record5: 0.3459]
2021-03-02 08:21:45.496 | INFO     | network.models.trainer:fit:247 - 2021-03-02 08:21:45.496550 Epoch [147/147], with lr = 8e-05, Step [0050/0050],                        [loss_record5: 0.3398]
2021-03-02 08:22:04.271 | INFO     | network.models.trainer:fit:247 - 2021-03-02 08:22:04.271392 Epoch [148/148], with lr = 8e-05, Step [0025/0050],                        [loss_record5: 0.3652]
2021-03-02 08:22:22.949 | INFO     | network.models.trainer:fit:247 - 2021-03-02 08:22:22.948995 Epoch [148/148], with lr = 8e-05, Step [0050/0050],                        [loss_record5: 0.3409]
2021-03-02 08:22:41.718 | INFO     | network.models.trainer:fit:247 - 2021-03-02 08:22:41.718717 Epoch [149/149], with lr = 8e-05, Step [0025/0050],                        [loss_record5: 0.3625]
2021-03-02 08:23:00.454 | INFO     | network.models.trainer:fit:247 - 2021-03-02 08:23:00.454234 Epoch [149/149], with lr = 8e-05, Step [0050/0050],                        [loss_record5: 0.3294]
2021-03-02 08:23:01.106 | INFO     | network.models.trainer:fit:256 - [Saving Snapshot:]/home/admin_mcn/hung/polyp_segmentation/snapshots/TransUnet/PraNetDG-fold2-149.pth
2021-03-02 08:23:19.823 | INFO     | network.models.trainer:fit:247 - 2021-03-02 08:23:19.823770 Epoch [150/150], with lr = 8e-05, Step [0025/0050],                        [loss_record5: 0.2915]
2021-03-02 08:23:38.592 | INFO     | network.models.trainer:fit:247 - 2021-03-02 08:23:38.592470 Epoch [150/150], with lr = 8e-05, Step [0050/0050],                        [loss_record5: 0.2953]
2021-03-02 08:23:57.308 | INFO     | network.models.trainer:fit:247 - 2021-03-02 08:23:57.307873 Epoch [151/151], with lr = 8e-05, Step [0025/0050],                        [loss_record5: 0.2676]
2021-03-02 08:24:15.990 | INFO     | network.models.trainer:fit:247 - 2021-03-02 08:24:15.989882 Epoch [151/151], with lr = 8e-05, Step [0050/0050],                        [loss_record5: 0.2595]
2021-03-02 08:24:34.712 | INFO     | network.models.trainer:fit:247 - 2021-03-02 08:24:34.711991 Epoch [152/152], with lr = 8e-05, Step [0025/0050],                        [loss_record5: 0.3182]
2021-03-02 08:24:53.358 | INFO     | network.models.trainer:fit:247 - 2021-03-02 08:24:53.358471 Epoch [152/152], with lr = 8e-05, Step [0050/0050],                        [loss_record5: 0.3004]
2021-03-02 08:24:54.002 | INFO     | network.models.trainer:fit:256 - [Saving Snapshot:]/home/admin_mcn/hung/polyp_segmentation/snapshots/TransUnet/PraNetDG-fold2-152.pth
2021-03-02 08:25:12.675 | INFO     | network.models.trainer:fit:247 - 2021-03-02 08:25:12.675385 Epoch [153/153], with lr = 8e-05, Step [0025/0050],                        [loss_record5: 0.2699]
2021-03-02 08:25:31.376 | INFO     | network.models.trainer:fit:247 - 2021-03-02 08:25:31.376660 Epoch [153/153], with lr = 8e-05, Step [0050/0050],                        [loss_record5: 0.3529]
2021-03-02 08:25:50.155 | INFO     | network.models.trainer:fit:247 - 2021-03-02 08:25:50.155172 Epoch [154/154], with lr = 8e-05, Step [0025/0050],                        [loss_record5: 0.3591]
2021-03-02 08:26:08.902 | INFO     | network.models.trainer:fit:247 - 2021-03-02 08:26:08.901814 Epoch [154/154], with lr = 8e-05, Step [0050/0050],                        [loss_record5: 0.3227]
2021-03-02 08:26:27.567 | INFO     | network.models.trainer:fit:247 - 2021-03-02 08:26:27.567659 Epoch [155/155], with lr = 8e-05, Step [0025/0050],                        [loss_record5: 0.2856]
2021-03-02 08:26:46.303 | INFO     | network.models.trainer:fit:247 - 2021-03-02 08:26:46.302885 Epoch [155/155], with lr = 8e-05, Step [0050/0050],                        [loss_record5: 0.2844]
2021-03-02 08:26:46.949 | INFO     | network.models.trainer:fit:256 - [Saving Snapshot:]/home/admin_mcn/hung/polyp_segmentation/snapshots/TransUnet/PraNetDG-fold2-155.pth
2021-03-02 08:27:05.638 | INFO     | network.models.trainer:fit:247 - 2021-03-02 08:27:05.638281 Epoch [156/156], with lr = 8e-05, Step [0025/0050],                        [loss_record5: 0.3012]
2021-03-02 08:27:24.380 | INFO     | network.models.trainer:fit:247 - 2021-03-02 08:27:24.380847 Epoch [156/156], with lr = 8e-05, Step [0050/0050],                        [loss_record5: 0.2926]
2021-03-02 08:27:43.068 | INFO     | network.models.trainer:fit:247 - 2021-03-02 08:27:43.067882 Epoch [157/157], with lr = 8e-05, Step [0025/0050],                        [loss_record5: 0.2730]
2021-03-02 08:28:01.775 | INFO     | network.models.trainer:fit:247 - 2021-03-02 08:28:01.775700 Epoch [157/157], with lr = 8e-05, Step [0050/0050],                        [loss_record5: 0.3235]
2021-03-02 08:28:20.588 | INFO     | network.models.trainer:fit:247 - 2021-03-02 08:28:20.588776 Epoch [158/158], with lr = 8e-05, Step [0025/0050],                        [loss_record5: 0.4654]
2021-03-02 08:28:39.256 | INFO     | network.models.trainer:fit:247 - 2021-03-02 08:28:39.256614 Epoch [158/158], with lr = 8e-05, Step [0050/0050],                        [loss_record5: 0.4091]
2021-03-02 08:28:39.919 | INFO     | network.models.trainer:fit:256 - [Saving Snapshot:]/home/admin_mcn/hung/polyp_segmentation/snapshots/TransUnet/PraNetDG-fold2-158.pth
2021-03-02 08:28:58.686 | INFO     | network.models.trainer:fit:247 - 2021-03-02 08:28:58.686194 Epoch [159/159], with lr = 8e-05, Step [0025/0050],                        [loss_record5: 0.3218]
2021-03-02 08:29:17.437 | INFO     | network.models.trainer:fit:247 - 2021-03-02 08:29:17.437457 Epoch [159/159], with lr = 8e-05, Step [0050/0050],                        [loss_record5: 0.3503]
2021-03-02 08:29:36.205 | INFO     | network.models.trainer:fit:247 - 2021-03-02 08:29:36.205583 Epoch [160/160], with lr = 8e-05, Step [0025/0050],                        [loss_record5: 0.2671]
2021-03-02 08:29:54.966 | INFO     | network.models.trainer:fit:247 - 2021-03-02 08:29:54.966477 Epoch [160/160], with lr = 8e-05, Step [0050/0050],                        [loss_record5: 0.2740]
2021-03-02 08:30:13.633 | INFO     | network.models.trainer:fit:247 - 2021-03-02 08:30:13.633681 Epoch [161/161], with lr = 8e-05, Step [0025/0050],                        [loss_record5: 0.2969]
2021-03-02 08:30:32.515 | INFO     | network.models.trainer:fit:247 - 2021-03-02 08:30:32.514861 Epoch [161/161], with lr = 8e-05, Step [0050/0050],                        [loss_record5: 0.3717]
2021-03-02 08:30:33.163 | INFO     | network.models.trainer:fit:256 - [Saving Snapshot:]/home/admin_mcn/hung/polyp_segmentation/snapshots/TransUnet/PraNetDG-fold2-161.pth
2021-03-02 08:30:51.842 | INFO     | network.models.trainer:fit:247 - 2021-03-02 08:30:51.842183 Epoch [162/162], with lr = 8e-05, Step [0025/0050],                        [loss_record5: 0.3659]
2021-03-02 08:31:10.589 | INFO     | network.models.trainer:fit:247 - 2021-03-02 08:31:10.589204 Epoch [162/162], with lr = 8e-05, Step [0050/0050],                        [loss_record5: 0.3356]
2021-03-02 08:31:29.261 | INFO     | network.models.trainer:fit:247 - 2021-03-02 08:31:29.261560 Epoch [163/163], with lr = 8e-05, Step [0025/0050],                        [loss_record5: 0.3445]
2021-03-02 08:31:48.086 | INFO     | network.models.trainer:fit:247 - 2021-03-02 08:31:48.085871 Epoch [163/163], with lr = 8e-05, Step [0050/0050],                        [loss_record5: 0.3685]
2021-03-02 08:32:06.875 | INFO     | network.models.trainer:fit:247 - 2021-03-02 08:32:06.875291 Epoch [164/164], with lr = 8e-05, Step [0025/0050],                        [loss_record5: 0.3067]
2021-03-02 08:32:25.713 | INFO     | network.models.trainer:fit:247 - 2021-03-02 08:32:25.713522 Epoch [164/164], with lr = 8e-05, Step [0050/0050],                        [loss_record5: 0.3096]
2021-03-02 08:32:26.405 | INFO     | network.models.trainer:fit:256 - [Saving Snapshot:]/home/admin_mcn/hung/polyp_segmentation/snapshots/TransUnet/PraNetDG-fold2-164.pth
2021-03-02 08:32:45.151 | INFO     | network.models.trainer:fit:247 - 2021-03-02 08:32:45.151601 Epoch [165/165], with lr = 8e-05, Step [0025/0050],                        [loss_record5: 0.2918]
2021-03-02 08:33:03.894 | INFO     | network.models.trainer:fit:247 - 2021-03-02 08:33:03.894650 Epoch [165/165], with lr = 8e-05, Step [0050/0050],                        [loss_record5: 0.3216]
2021-03-02 08:33:22.752 | INFO     | network.models.trainer:fit:247 - 2021-03-02 08:33:22.752670 Epoch [166/166], with lr = 8e-05, Step [0025/0050],                        [loss_record5: 0.3445]
2021-03-02 08:33:41.352 | INFO     | network.models.trainer:fit:247 - 2021-03-02 08:33:41.351925 Epoch [166/166], with lr = 8e-05, Step [0050/0050],                        [loss_record5: 0.3269]
2021-03-02 08:34:00.178 | INFO     | network.models.trainer:fit:247 - 2021-03-02 08:34:00.178114 Epoch [167/167], with lr = 8e-05, Step [0025/0050],                        [loss_record5: 0.2643]
2021-03-02 08:34:18.906 | INFO     | network.models.trainer:fit:247 - 2021-03-02 08:34:18.906026 Epoch [167/167], with lr = 8e-05, Step [0050/0050],                        [loss_record5: 0.2494]
2021-03-02 08:34:19.612 | INFO     | network.models.trainer:fit:256 - [Saving Snapshot:]/home/admin_mcn/hung/polyp_segmentation/snapshots/TransUnet/PraNetDG-fold2-167.pth
2021-03-02 08:34:38.324 | INFO     | network.models.trainer:fit:247 - 2021-03-02 08:34:38.324209 Epoch [168/168], with lr = 8e-05, Step [0025/0050],                        [loss_record5: 0.2951]
2021-03-02 08:34:57.171 | INFO     | network.models.trainer:fit:247 - 2021-03-02 08:34:57.171374 Epoch [168/168], with lr = 8e-05, Step [0050/0050],                        [loss_record5: 0.2663]
2021-03-02 08:35:15.901 | INFO     | network.models.trainer:fit:247 - 2021-03-02 08:35:15.901811 Epoch [169/169], with lr = 8e-05, Step [0025/0050],                        [loss_record5: 0.3114]
2021-03-02 08:35:34.632 | INFO     | network.models.trainer:fit:247 - 2021-03-02 08:35:34.632669 Epoch [169/169], with lr = 8e-05, Step [0050/0050],                        [loss_record5: 0.2865]
2021-03-02 08:35:53.440 | INFO     | network.models.trainer:fit:247 - 2021-03-02 08:35:53.440037 Epoch [170/170], with lr = 8e-05, Step [0025/0050],                        [loss_record5: 0.2419]
2021-03-02 08:36:12.161 | INFO     | network.models.trainer:fit:247 - 2021-03-02 08:36:12.160833 Epoch [170/170], with lr = 8e-05, Step [0050/0050],                        [loss_record5: 0.2685]
2021-03-02 08:36:12.880 | INFO     | network.models.trainer:fit:256 - [Saving Snapshot:]/home/admin_mcn/hung/polyp_segmentation/snapshots/TransUnet/PraNetDG-fold2-170.pth
2021-03-02 08:36:31.613 | INFO     | network.models.trainer:fit:247 - 2021-03-02 08:36:31.613518 Epoch [171/171], with lr = 8e-05, Step [0025/0050],                        [loss_record5: 0.3140]
2021-03-02 08:36:50.319 | INFO     | network.models.trainer:fit:247 - 2021-03-02 08:36:50.319433 Epoch [171/171], with lr = 8e-05, Step [0050/0050],                        [loss_record5: 0.2769]
2021-03-02 08:37:09.062 | INFO     | network.models.trainer:fit:247 - 2021-03-02 08:37:09.062151 Epoch [172/172], with lr = 8e-05, Step [0025/0050],                        [loss_record5: 0.2569]
2021-03-02 08:37:27.819 | INFO     | network.models.trainer:fit:247 - 2021-03-02 08:37:27.819399 Epoch [172/172], with lr = 8e-05, Step [0050/0050],                        [loss_record5: 0.2718]
2021-03-02 08:37:46.558 | INFO     | network.models.trainer:fit:247 - 2021-03-02 08:37:46.558031 Epoch [173/173], with lr = 8e-05, Step [0025/0050],                        [loss_record5: 0.2941]
2021-03-02 08:38:05.338 | INFO     | network.models.trainer:fit:247 - 2021-03-02 08:38:05.338627 Epoch [173/173], with lr = 8e-05, Step [0050/0050],                        [loss_record5: 0.2929]
2021-03-02 08:38:06.059 | INFO     | network.models.trainer:fit:256 - [Saving Snapshot:]/home/admin_mcn/hung/polyp_segmentation/snapshots/TransUnet/PraNetDG-fold2-173.pth
2021-03-02 08:38:24.689 | INFO     | network.models.trainer:fit:247 - 2021-03-02 08:38:24.688884 Epoch [174/174], with lr = 8e-05, Step [0025/0050],                        [loss_record5: 0.2558]
2021-03-02 08:38:43.470 | INFO     | network.models.trainer:fit:247 - 2021-03-02 08:38:43.469960 Epoch [174/174], with lr = 8e-05, Step [0050/0050],                        [loss_record5: 0.2721]
2021-03-02 08:39:02.194 | INFO     | network.models.trainer:fit:247 - 2021-03-02 08:39:02.193875 Epoch [175/175], with lr = 8e-05, Step [0025/0050],                        [loss_record5: 0.2586]
2021-03-02 08:39:20.951 | INFO     | network.models.trainer:fit:247 - 2021-03-02 08:39:20.951072 Epoch [175/175], with lr = 8e-05, Step [0050/0050],                        [loss_record5: 0.3689]
2021-03-02 08:39:39.734 | INFO     | network.models.trainer:fit:247 - 2021-03-02 08:39:39.733959 Epoch [176/176], with lr = 8e-05, Step [0025/0050],                        [loss_record5: 0.3877]
2021-03-02 08:39:58.436 | INFO     | network.models.trainer:fit:247 - 2021-03-02 08:39:58.436139 Epoch [176/176], with lr = 8e-05, Step [0050/0050],                        [loss_record5: 0.3597]
2021-03-02 08:39:59.150 | INFO     | network.models.trainer:fit:256 - [Saving Snapshot:]/home/admin_mcn/hung/polyp_segmentation/snapshots/TransUnet/PraNetDG-fold2-176.pth
2021-03-02 08:40:17.765 | INFO     | network.models.trainer:fit:247 - 2021-03-02 08:40:17.765400 Epoch [177/177], with lr = 8e-05, Step [0025/0050],                        [loss_record5: 0.3083]
2021-03-02 08:40:36.514 | INFO     | network.models.trainer:fit:247 - 2021-03-02 08:40:36.514192 Epoch [177/177], with lr = 8e-05, Step [0050/0050],                        [loss_record5: 0.2966]
2021-03-02 08:40:55.083 | INFO     | network.models.trainer:fit:247 - 2021-03-02 08:40:55.082703 Epoch [178/178], with lr = 8e-05, Step [0025/0050],                        [loss_record5: 0.2860]
2021-03-02 08:41:13.772 | INFO     | network.models.trainer:fit:247 - 2021-03-02 08:41:13.771849 Epoch [178/178], with lr = 8e-05, Step [0050/0050],                        [loss_record5: 0.2956]
2021-03-02 08:41:32.403 | INFO     | network.models.trainer:fit:247 - 2021-03-02 08:41:32.403327 Epoch [179/179], with lr = 8e-05, Step [0025/0050],                        [loss_record5: 0.2980]
2021-03-02 08:41:51.140 | INFO     | network.models.trainer:fit:247 - 2021-03-02 08:41:51.140073 Epoch [179/179], with lr = 8e-05, Step [0050/0050],                        [loss_record5: 0.2916]
2021-03-02 08:41:51.887 | INFO     | network.models.trainer:fit:256 - [Saving Snapshot:]/home/admin_mcn/hung/polyp_segmentation/snapshots/TransUnet/PraNetDG-fold2-179.pth
2021-03-02 08:42:10.542 | INFO     | network.models.trainer:fit:247 - 2021-03-02 08:42:10.542699 Epoch [180/180], with lr = 8e-05, Step [0025/0050],                        [loss_record5: 0.2630]
2021-03-02 08:42:29.175 | INFO     | network.models.trainer:fit:247 - 2021-03-02 08:42:29.175284 Epoch [180/180], with lr = 8e-05, Step [0050/0050],                        [loss_record5: 0.2427]
2021-03-02 08:42:47.840 | INFO     | network.models.trainer:fit:247 - 2021-03-02 08:42:47.840610 Epoch [181/181], with lr = 8e-05, Step [0025/0050],                        [loss_record5: 0.2978]
2021-03-02 08:43:06.568 | INFO     | network.models.trainer:fit:247 - 2021-03-02 08:43:06.568381 Epoch [181/181], with lr = 8e-05, Step [0050/0050],                        [loss_record5: 0.3456]
2021-03-02 08:43:25.260 | INFO     | network.models.trainer:fit:247 - 2021-03-02 08:43:25.260484 Epoch [182/182], with lr = 8e-05, Step [0025/0050],                        [loss_record5: 0.2816]
2021-03-02 08:43:44.004 | INFO     | network.models.trainer:fit:247 - 2021-03-02 08:43:44.004327 Epoch [182/182], with lr = 8e-05, Step [0050/0050],                        [loss_record5: 0.2637]
2021-03-02 08:43:44.685 | INFO     | network.models.trainer:fit:256 - [Saving Snapshot:]/home/admin_mcn/hung/polyp_segmentation/snapshots/TransUnet/PraNetDG-fold2-182.pth
2021-03-02 08:44:03.344 | INFO     | network.models.trainer:fit:247 - 2021-03-02 08:44:03.344168 Epoch [183/183], with lr = 8e-05, Step [0025/0050],                        [loss_record5: 0.2673]
2021-03-02 08:44:22.072 | INFO     | network.models.trainer:fit:247 - 2021-03-02 08:44:22.072422 Epoch [183/183], with lr = 8e-05, Step [0050/0050],                        [loss_record5: 0.2755]
2021-03-02 08:44:40.780 | INFO     | network.models.trainer:fit:247 - 2021-03-02 08:44:40.780167 Epoch [184/184], with lr = 8e-05, Step [0025/0050],                        [loss_record5: 0.2685]
2021-03-02 08:44:59.559 | INFO     | network.models.trainer:fit:247 - 2021-03-02 08:44:59.559358 Epoch [184/184], with lr = 8e-05, Step [0050/0050],                        [loss_record5: 0.2479]
2021-03-02 08:45:18.162 | INFO     | network.models.trainer:fit:247 - 2021-03-02 08:45:18.162049 Epoch [185/185], with lr = 8e-05, Step [0025/0050],                        [loss_record5: 0.2163]
2021-03-02 08:45:36.977 | INFO     | network.models.trainer:fit:247 - 2021-03-02 08:45:36.977686 Epoch [185/185], with lr = 8e-05, Step [0050/0050],                        [loss_record5: 0.2374]
2021-03-02 08:45:37.669 | INFO     | network.models.trainer:fit:256 - [Saving Snapshot:]/home/admin_mcn/hung/polyp_segmentation/snapshots/TransUnet/PraNetDG-fold2-185.pth
2021-03-02 08:45:56.385 | INFO     | network.models.trainer:fit:247 - 2021-03-02 08:45:56.385179 Epoch [186/186], with lr = 8e-05, Step [0025/0050],                        [loss_record5: 0.2222]
2021-03-02 08:46:15.108 | INFO     | network.models.trainer:fit:247 - 2021-03-02 08:46:15.108467 Epoch [186/186], with lr = 8e-05, Step [0050/0050],                        [loss_record5: 0.2774]
2021-03-02 08:46:33.730 | INFO     | network.models.trainer:fit:247 - 2021-03-02 08:46:33.730658 Epoch [187/187], with lr = 8e-05, Step [0025/0050],                        [loss_record5: 0.2609]
2021-03-02 08:46:52.422 | INFO     | network.models.trainer:fit:247 - 2021-03-02 08:46:52.422405 Epoch [187/187], with lr = 8e-05, Step [0050/0050],                        [loss_record5: 0.3670]
2021-03-02 08:47:11.146 | INFO     | network.models.trainer:fit:247 - 2021-03-02 08:47:11.145761 Epoch [188/188], with lr = 8e-05, Step [0025/0050],                        [loss_record5: 0.5562]
2021-03-02 08:47:29.718 | INFO     | network.models.trainer:fit:247 - 2021-03-02 08:47:29.718094 Epoch [188/188], with lr = 8e-05, Step [0050/0050],                        [loss_record5: 0.4445]
2021-03-02 08:47:30.412 | INFO     | network.models.trainer:fit:256 - [Saving Snapshot:]/home/admin_mcn/hung/polyp_segmentation/snapshots/TransUnet/PraNetDG-fold2-188.pth
2021-03-02 08:47:49.179 | INFO     | network.models.trainer:fit:247 - 2021-03-02 08:47:49.178971 Epoch [189/189], with lr = 8e-05, Step [0025/0050],                        [loss_record5: 0.3710]
2021-03-02 08:48:07.795 | INFO     | network.models.trainer:fit:247 - 2021-03-02 08:48:07.795594 Epoch [189/189], with lr = 8e-05, Step [0050/0050],                        [loss_record5: 0.3340]
2021-03-02 08:48:26.414 | INFO     | network.models.trainer:fit:247 - 2021-03-02 08:48:26.414641 Epoch [190/190], with lr = 8e-05, Step [0025/0050],                        [loss_record5: 0.3481]
2021-03-02 08:48:45.212 | INFO     | network.models.trainer:fit:247 - 2021-03-02 08:48:45.212806 Epoch [190/190], with lr = 8e-05, Step [0050/0050],                        [loss_record5: 0.3333]
2021-03-02 08:49:03.955 | INFO     | network.models.trainer:fit:247 - 2021-03-02 08:49:03.955603 Epoch [191/191], with lr = 8e-05, Step [0025/0050],                        [loss_record5: 0.3095]
2021-03-02 08:49:22.737 | INFO     | network.models.trainer:fit:247 - 2021-03-02 08:49:22.737364 Epoch [191/191], with lr = 8e-05, Step [0050/0050],                        [loss_record5: 0.3150]
2021-03-02 08:49:23.434 | INFO     | network.models.trainer:fit:256 - [Saving Snapshot:]/home/admin_mcn/hung/polyp_segmentation/snapshots/TransUnet/PraNetDG-fold2-191.pth
2021-03-02 08:49:45.784 | INFO     | network.models.trainer:fit:247 - 2021-03-02 08:49:45.783985 Epoch [192/192], with lr = 8e-05, Step [0025/0050],                        [loss_record5: 0.3782]
2021-03-02 08:50:04.406 | INFO     | network.models.trainer:fit:247 - 2021-03-02 08:50:04.406370 Epoch [192/192], with lr = 8e-05, Step [0050/0050],                        [loss_record5: 0.3424]
2021-03-02 08:50:26.715 | INFO     | network.models.trainer:fit:247 - 2021-03-02 08:50:26.715474 Epoch [193/193], with lr = 8e-05, Step [0025/0050],                        [loss_record5: 0.2655]
2021-03-02 08:50:45.622 | INFO     | network.models.trainer:fit:247 - 2021-03-02 08:50:45.622610 Epoch [193/193], with lr = 8e-05, Step [0050/0050],                        [loss_record5: 0.2905]
2021-03-02 08:51:04.393 | INFO     | network.models.trainer:fit:247 - 2021-03-02 08:51:04.392907 Epoch [194/194], with lr = 8e-05, Step [0025/0050],                        [loss_record5: 0.2722]
2021-03-02 08:51:22.986 | INFO     | network.models.trainer:fit:247 - 2021-03-02 08:51:22.986269 Epoch [194/194], with lr = 8e-05, Step [0050/0050],                        [loss_record5: 0.2728]
2021-03-02 08:51:23.708 | INFO     | network.models.trainer:fit:256 - [Saving Snapshot:]/home/admin_mcn/hung/polyp_segmentation/snapshots/TransUnet/PraNetDG-fold2-194.pth
2021-03-02 08:51:42.348 | INFO     | network.models.trainer:fit:247 - 2021-03-02 08:51:42.348610 Epoch [195/195], with lr = 8e-05, Step [0025/0050],                        [loss_record5: 0.2829]
2021-03-02 08:52:01.012 | INFO     | network.models.trainer:fit:247 - 2021-03-02 08:52:01.011905 Epoch [195/195], with lr = 8e-05, Step [0050/0050],                        [loss_record5: 0.3472]
2021-03-02 08:52:19.669 | INFO     | network.models.trainer:fit:247 - 2021-03-02 08:52:19.668883 Epoch [196/196], with lr = 8e-05, Step [0025/0050],                        [loss_record5: 0.3207]
2021-03-02 08:52:38.446 | INFO     | network.models.trainer:fit:247 - 2021-03-02 08:52:38.446104 Epoch [196/196], with lr = 8e-05, Step [0050/0050],                        [loss_record5: 0.2843]
2021-03-02 08:52:57.198 | INFO     | network.models.trainer:fit:247 - 2021-03-02 08:52:57.198119 Epoch [197/197], with lr = 8e-05, Step [0025/0050],                        [loss_record5: 0.2998]
2021-03-02 08:53:15.749 | INFO     | network.models.trainer:fit:247 - 2021-03-02 08:53:15.749501 Epoch [197/197], with lr = 8e-05, Step [0050/0050],                        [loss_record5: 0.2585]
2021-03-02 08:53:16.438 | INFO     | network.models.trainer:fit:256 - [Saving Snapshot:]/home/admin_mcn/hung/polyp_segmentation/snapshots/TransUnet/PraNetDG-fold2-197.pth
2021-03-02 08:53:35.186 | INFO     | network.models.trainer:fit:247 - 2021-03-02 08:53:35.186358 Epoch [198/198], with lr = 8e-05, Step [0025/0050],                        [loss_record5: 0.3367]
2021-03-02 08:53:53.797 | INFO     | network.models.trainer:fit:247 - 2021-03-02 08:53:53.797512 Epoch [198/198], with lr = 8e-05, Step [0050/0050],                        [loss_record5: 0.3021]
2021-03-02 08:54:12.530 | INFO     | network.models.trainer:fit:247 - 2021-03-02 08:54:12.530444 Epoch [199/199], with lr = 8e-05, Step [0025/0050],                        [loss_record5: 0.2545]
2021-03-02 08:54:31.466 | INFO     | network.models.trainer:fit:247 - 2021-03-02 08:54:31.465830 Epoch [199/199], with lr = 8e-05, Step [0050/0050],                        [loss_record5: 0.2392]
2021-03-02 08:54:31.466 | INFO     | network.models.trainer:fit:264 - Training cost: 7519.665423778002seconds
