2021-03-02 13:25:39.501 | INFO     | __main__:main:25 - Load config from configs/transunet_config.yaml
2021-03-02 13:25:39.502 | INFO     | __main__:main:26 - {'dataset': {'data_path': '/home/admin_mcn/hung/polyp_segmentation/data/Kvasir_fold_new', 'train_data_path': ['/home/admin_mcn/hung/polyp_segmentation/data/Kvasir_fold_new/fold_2', '/home/admin_mcn/hung/polyp_segmentation/data/Kvasir_fold_new/fold_4', '/home/admin_mcn/hung/polyp_segmentation/data/Kvasir_fold_new/fold_0', '/home/admin_mcn/hung/polyp_segmentation/data/Kvasir_fold_new/fold_3'], 'test_data_path': ['/home/admin_mcn/hung/polyp_segmentation/data/Kvasir_fold_new/fold_1'], 'fold': 1, 'img_size': 352}, 'model': {'save_dir': '/home/admin_mcn/hung/polyp_segmentation/snapshots', 'arch': 'TransUnet', 'save_from': 80, 'start_from': 0, 'num_epochs': 200}, 'optimizer': {'name': 'adam', 'lr': 8e-05, 'clip': 0.5, 'scheduler': 'cosine_warmup', 'num_warmup_epoch': 5, 'loss': 'structure_loss'}, 'train': {'fold': 1, 'is_val': False, 'dataloader': {'batchsize': 16, 'shuffle': True, 'img_size': 352, 'pin_memory': True, 'drop_last': True}, 'augment': {'prob': 0.7, 'blur_prob': 0.7, 'jitter_prob': 0.7, 'rotate_prob': 0.7, 'flip_prob': 0.7}}, 'test': {'folds': {4: [82, 168]}, 'visualize': False, 'visualize_dir': '/home/admin_mcn/hung/polyp_segmentation/results/PraNet_kfold', 'vis_x': 180, 'vis_overwrite': False, 'dataloader': {'batchsize': 1, 'shuffle': False, 'img_size': 352, 'pin_memory': True, 'drop_last': True}, 'augment': {'prob': 0, 'blur_prob': 0, 'jitter_prob': 0, 'rotate_prob': 0, 'flip_prob': 0}}}
2021-03-02 13:25:39.502 | INFO     | __main__:main:29 - Getting datapath
2021-03-02 13:25:39.506 | INFO     | __main__:main:49 - Loading data
2021-03-02 13:25:39.507 | INFO     | __main__:main:73 - Loading model
2021-03-02 13:25:42.737 | INFO     | __main__:main:132 - ####################
2021-03-02 13:26:03.072 | INFO     | network.models.trainer:fit:384 - 2021-03-02 13:26:03.071933 Epoch [000/000], with lr = 1e-05, Step [0025/0050],                        [loss_record5: 1.5350]
2021-03-02 13:26:21.789 | INFO     | network.models.trainer:fit:384 - 2021-03-02 13:26:21.789555 Epoch [000/000], with lr = 1e-05, Step [0050/0050],                        [loss_record5: 1.4646]
2021-03-02 13:26:40.660 | INFO     | network.models.trainer:fit:384 - 2021-03-02 13:26:40.660102 Epoch [001/001], with lr = 2.4e-05, Step [0025/0050],                        [loss_record5: 1.3709]
2021-03-02 13:26:59.552 | INFO     | network.models.trainer:fit:384 - 2021-03-02 13:26:59.551868 Epoch [001/001], with lr = 2.4e-05, Step [0050/0050],                        [loss_record5: 1.3288]
2021-03-02 13:27:18.382 | INFO     | network.models.trainer:fit:384 - 2021-03-02 13:27:18.382528 Epoch [002/002], with lr = 3.8e-05, Step [0025/0050],                        [loss_record5: 1.3007]
2021-03-02 13:27:37.227 | INFO     | network.models.trainer:fit:384 - 2021-03-02 13:27:37.227665 Epoch [002/002], with lr = 3.8e-05, Step [0050/0050],                        [loss_record5: 1.2546]
2021-03-02 13:27:56.136 | INFO     | network.models.trainer:fit:384 - 2021-03-02 13:27:56.136090 Epoch [003/003], with lr = 5.2000000000000004e-05, Step [0025/0050],                        [loss_record5: 1.2036]
2021-03-02 13:28:15.664 | INFO     | network.models.trainer:fit:384 - 2021-03-02 13:28:15.664134 Epoch [003/003], with lr = 5.2000000000000004e-05, Step [0050/0050],                        [loss_record5: 1.1954]
2021-03-02 13:28:41.018 | INFO     | network.models.trainer:fit:384 - 2021-03-02 13:28:41.018343 Epoch [004/004], with lr = 6.6e-05, Step [0025/0050],                        [loss_record5: 1.1513]
2021-03-02 13:29:05.980 | INFO     | network.models.trainer:fit:384 - 2021-03-02 13:29:05.980569 Epoch [004/004], with lr = 6.6e-05, Step [0050/0050],                        [loss_record5: 1.1351]
2021-03-02 13:29:30.929 | INFO     | network.models.trainer:fit:384 - 2021-03-02 13:29:30.929292 Epoch [005/005], with lr = 8e-05, Step [0025/0050],                        [loss_record5: 1.0949]
2021-03-02 13:29:55.592 | INFO     | network.models.trainer:fit:384 - 2021-03-02 13:29:55.591858 Epoch [005/005], with lr = 8e-05, Step [0050/0050],                        [loss_record5: 1.0670]
2021-03-02 13:30:20.796 | INFO     | network.models.trainer:fit:384 - 2021-03-02 13:30:20.796033 Epoch [006/006], with lr = 8e-05, Step [0025/0050],                        [loss_record5: 1.0253]
2021-03-02 13:30:45.883 | INFO     | network.models.trainer:fit:384 - 2021-03-02 13:30:45.881209 Epoch [006/006], with lr = 8e-05, Step [0050/0050],                        [loss_record5: 0.9958]
2021-03-02 13:31:10.489 | INFO     | network.models.trainer:fit:384 - 2021-03-02 13:31:10.487790 Epoch [007/007], with lr = 8e-05, Step [0025/0050],                        [loss_record5: 0.9613]
2021-03-02 13:31:35.003 | INFO     | network.models.trainer:fit:384 - 2021-03-02 13:31:35.003550 Epoch [007/007], with lr = 8e-05, Step [0050/0050],                        [loss_record5: 0.9508]
2021-03-02 13:32:00.350 | INFO     | network.models.trainer:fit:384 - 2021-03-02 13:32:00.349443 Epoch [008/008], with lr = 8e-05, Step [0025/0050],                        [loss_record5: 0.9318]
2021-03-02 13:32:24.822 | INFO     | network.models.trainer:fit:384 - 2021-03-02 13:32:24.820159 Epoch [008/008], with lr = 8e-05, Step [0050/0050],                        [loss_record5: 0.9110]
2021-03-02 13:32:49.507 | INFO     | network.models.trainer:fit:384 - 2021-03-02 13:32:49.505730 Epoch [009/009], with lr = 8e-05, Step [0025/0050],                        [loss_record5: 0.8929]
2021-03-02 13:33:14.418 | INFO     | network.models.trainer:fit:384 - 2021-03-02 13:33:14.418765 Epoch [009/009], with lr = 8e-05, Step [0050/0050],                        [loss_record5: 0.8531]
2021-03-02 13:33:39.430 | INFO     | network.models.trainer:fit:384 - 2021-03-02 13:33:39.430418 Epoch [010/010], with lr = 8e-05, Step [0025/0050],                        [loss_record5: 0.8196]
2021-03-02 13:34:04.236 | INFO     | network.models.trainer:fit:384 - 2021-03-02 13:34:04.236520 Epoch [010/010], with lr = 8e-05, Step [0050/0050],                        [loss_record5: 0.8139]
2021-03-02 13:34:28.654 | INFO     | network.models.trainer:fit:384 - 2021-03-02 13:34:28.654393 Epoch [011/011], with lr = 8e-05, Step [0025/0050],                        [loss_record5: 0.7577]
2021-03-02 13:34:53.931 | INFO     | network.models.trainer:fit:384 - 2021-03-02 13:34:53.931019 Epoch [011/011], with lr = 8e-05, Step [0050/0050],                        [loss_record5: 0.7415]
2021-03-02 13:35:18.360 | INFO     | network.models.trainer:fit:384 - 2021-03-02 13:35:18.360653 Epoch [012/012], with lr = 8e-05, Step [0025/0050],                        [loss_record5: 0.7388]
2021-03-02 13:35:43.031 | INFO     | network.models.trainer:fit:384 - 2021-03-02 13:35:43.028945 Epoch [012/012], with lr = 8e-05, Step [0050/0050],                        [loss_record5: 0.7197]
2021-03-02 13:36:08.022 | INFO     | network.models.trainer:fit:384 - 2021-03-02 13:36:08.022197 Epoch [013/013], with lr = 8e-05, Step [0025/0050],                        [loss_record5: 0.7205]
2021-03-02 13:36:32.812 | INFO     | network.models.trainer:fit:384 - 2021-03-02 13:36:32.809985 Epoch [013/013], with lr = 8e-05, Step [0050/0050],                        [loss_record5: 0.7136]
2021-03-02 13:36:57.358 | INFO     | network.models.trainer:fit:384 - 2021-03-02 13:36:57.357980 Epoch [014/014], with lr = 8e-05, Step [0025/0050],                        [loss_record5: 0.6503]
2021-03-02 13:37:22.137 | INFO     | network.models.trainer:fit:384 - 2021-03-02 13:37:22.137400 Epoch [014/014], with lr = 8e-05, Step [0050/0050],                        [loss_record5: 0.6620]
2021-03-02 13:37:44.352 | INFO     | network.models.trainer:fit:384 - 2021-03-02 13:37:44.352582 Epoch [015/015], with lr = 8e-05, Step [0025/0050],                        [loss_record5: 0.6845]
2021-03-02 13:38:03.416 | INFO     | network.models.trainer:fit:384 - 2021-03-02 13:38:03.416373 Epoch [015/015], with lr = 8e-05, Step [0050/0050],                        [loss_record5: 0.6546]
2021-03-02 13:38:22.445 | INFO     | network.models.trainer:fit:384 - 2021-03-02 13:38:22.444937 Epoch [016/016], with lr = 8e-05, Step [0025/0050],                        [loss_record5: 0.6249]
2021-03-02 13:38:41.080 | INFO     | network.models.trainer:fit:384 - 2021-03-02 13:38:41.080282 Epoch [016/016], with lr = 8e-05, Step [0050/0050],                        [loss_record5: 0.6121]
2021-03-02 13:38:59.782 | INFO     | network.models.trainer:fit:384 - 2021-03-02 13:38:59.781924 Epoch [017/017], with lr = 8e-05, Step [0025/0050],                        [loss_record5: 0.5903]
2021-03-02 13:39:18.597 | INFO     | network.models.trainer:fit:384 - 2021-03-02 13:39:18.596952 Epoch [017/017], with lr = 8e-05, Step [0050/0050],                        [loss_record5: 0.5883]
2021-03-02 13:39:37.395 | INFO     | network.models.trainer:fit:384 - 2021-03-02 13:39:37.394773 Epoch [018/018], with lr = 8e-05, Step [0025/0050],                        [loss_record5: 0.5930]
2021-03-02 13:39:56.250 | INFO     | network.models.trainer:fit:384 - 2021-03-02 13:39:56.249876 Epoch [018/018], with lr = 8e-05, Step [0050/0050],                        [loss_record5: 0.5979]
2021-03-02 13:40:15.115 | INFO     | network.models.trainer:fit:384 - 2021-03-02 13:40:15.114774 Epoch [019/019], with lr = 8e-05, Step [0025/0050],                        [loss_record5: 0.5602]
2021-03-02 13:40:34.007 | INFO     | network.models.trainer:fit:384 - 2021-03-02 13:40:34.007603 Epoch [019/019], with lr = 8e-05, Step [0050/0050],                        [loss_record5: 0.5645]
2021-03-02 13:40:52.883 | INFO     | network.models.trainer:fit:384 - 2021-03-02 13:40:52.882771 Epoch [020/020], with lr = 8e-05, Step [0025/0050],                        [loss_record5: 0.5368]
2021-03-02 13:41:11.706 | INFO     | network.models.trainer:fit:384 - 2021-03-02 13:41:11.705973 Epoch [020/020], with lr = 8e-05, Step [0050/0050],                        [loss_record5: 0.5548]
2021-03-02 13:41:30.430 | INFO     | network.models.trainer:fit:384 - 2021-03-02 13:41:30.429813 Epoch [021/021], with lr = 8e-05, Step [0025/0050],                        [loss_record5: 0.5249]
2021-03-02 13:41:49.311 | INFO     | network.models.trainer:fit:384 - 2021-03-02 13:41:49.311591 Epoch [021/021], with lr = 8e-05, Step [0050/0050],                        [loss_record5: 0.5061]
2021-03-02 13:42:08.041 | INFO     | network.models.trainer:fit:384 - 2021-03-02 13:42:08.041560 Epoch [022/022], with lr = 8e-05, Step [0025/0050],                        [loss_record5: 0.5200]
2021-03-02 13:42:26.960 | INFO     | network.models.trainer:fit:384 - 2021-03-02 13:42:26.960002 Epoch [022/022], with lr = 8e-05, Step [0050/0050],                        [loss_record5: 0.4974]
2021-03-02 13:42:45.741 | INFO     | network.models.trainer:fit:384 - 2021-03-02 13:42:45.740887 Epoch [023/023], with lr = 8e-05, Step [0025/0050],                        [loss_record5: 0.5335]
2021-03-02 13:43:04.591 | INFO     | network.models.trainer:fit:384 - 2021-03-02 13:43:04.591243 Epoch [023/023], with lr = 8e-05, Step [0050/0050],                        [loss_record5: 0.5185]
2021-03-02 13:43:05.442 | INFO     | network.models.trainer:fit:405 - [Saving Snapshot:]/home/admin_mcn/hung/polyp_segmentation/snapshots/TransUnet/PraNetDG-fold1-23.pth
2021-03-02 13:43:24.309 | INFO     | network.models.trainer:fit:384 - 2021-03-02 13:43:24.309160 Epoch [024/024], with lr = 8e-05, Step [0025/0050],                        [loss_record5: 0.4791]
2021-03-02 13:43:43.083 | INFO     | network.models.trainer:fit:384 - 2021-03-02 13:43:43.083023 Epoch [024/024], with lr = 8e-05, Step [0050/0050],                        [loss_record5: 0.4702]
2021-03-02 13:44:01.973 | INFO     | network.models.trainer:fit:384 - 2021-03-02 13:44:01.972934 Epoch [025/025], with lr = 8e-05, Step [0025/0050],                        [loss_record5: 0.5220]
2021-03-02 13:44:20.747 | INFO     | network.models.trainer:fit:384 - 2021-03-02 13:44:20.747406 Epoch [025/025], with lr = 8e-05, Step [0050/0050],                        [loss_record5: 0.5127]
2021-03-02 13:44:39.553 | INFO     | network.models.trainer:fit:384 - 2021-03-02 13:44:39.553419 Epoch [026/026], with lr = 8e-05, Step [0025/0050],                        [loss_record5: 0.4647]
2021-03-02 13:44:58.184 | INFO     | network.models.trainer:fit:384 - 2021-03-02 13:44:58.183876 Epoch [026/026], with lr = 8e-05, Step [0050/0050],                        [loss_record5: 0.4421]
2021-03-02 13:45:16.804 | INFO     | network.models.trainer:fit:384 - 2021-03-02 13:45:16.804565 Epoch [027/027], with lr = 8e-05, Step [0025/0050],                        [loss_record5: 0.4748]
2021-03-02 13:45:35.825 | INFO     | network.models.trainer:fit:384 - 2021-03-02 13:45:35.824932 Epoch [027/027], with lr = 8e-05, Step [0050/0050],                        [loss_record5: 0.4720]
2021-03-02 13:45:54.609 | INFO     | network.models.trainer:fit:384 - 2021-03-02 13:45:54.609443 Epoch [028/028], with lr = 8e-05, Step [0025/0050],                        [loss_record5: 0.4286]
2021-03-02 13:46:13.391 | INFO     | network.models.trainer:fit:384 - 2021-03-02 13:46:13.391234 Epoch [028/028], with lr = 8e-05, Step [0050/0050],                        [loss_record5: 0.4382]
2021-03-02 13:46:32.171 | INFO     | network.models.trainer:fit:384 - 2021-03-02 13:46:32.171727 Epoch [029/029], with lr = 8e-05, Step [0025/0050],                        [loss_record5: 0.4656]
2021-03-02 13:46:50.993 | INFO     | network.models.trainer:fit:384 - 2021-03-02 13:46:50.993427 Epoch [029/029], with lr = 8e-05, Step [0050/0050],                        [loss_record5: 0.4409]
2021-03-02 13:47:09.863 | INFO     | network.models.trainer:fit:384 - 2021-03-02 13:47:09.862826 Epoch [030/030], with lr = 8e-05, Step [0025/0050],                        [loss_record5: 0.4744]
2021-03-02 13:47:28.733 | INFO     | network.models.trainer:fit:384 - 2021-03-02 13:47:28.733473 Epoch [030/030], with lr = 8e-05, Step [0050/0050],                        [loss_record5: 0.4671]
2021-03-02 13:47:47.587 | INFO     | network.models.trainer:fit:384 - 2021-03-02 13:47:47.586695 Epoch [031/031], with lr = 8e-05, Step [0025/0050],                        [loss_record5: 0.4628]
2021-03-02 13:48:06.375 | INFO     | network.models.trainer:fit:384 - 2021-03-02 13:48:06.374954 Epoch [031/031], with lr = 8e-05, Step [0050/0050],                        [loss_record5: 0.4363]
2021-03-02 13:48:25.111 | INFO     | network.models.trainer:fit:384 - 2021-03-02 13:48:25.111273 Epoch [032/032], with lr = 8e-05, Step [0025/0050],                        [loss_record5: 0.4162]
2021-03-02 13:48:43.883 | INFO     | network.models.trainer:fit:384 - 2021-03-02 13:48:43.883659 Epoch [032/032], with lr = 8e-05, Step [0050/0050],                        [loss_record5: 0.4320]
2021-03-02 13:49:02.808 | INFO     | network.models.trainer:fit:384 - 2021-03-02 13:49:02.807980 Epoch [033/033], with lr = 8e-05, Step [0025/0050],                        [loss_record5: 0.3844]
2021-03-02 13:49:21.647 | INFO     | network.models.trainer:fit:384 - 2021-03-02 13:49:21.646788 Epoch [033/033], with lr = 8e-05, Step [0050/0050],                        [loss_record5: 0.3882]
2021-03-02 13:49:40.463 | INFO     | network.models.trainer:fit:384 - 2021-03-02 13:49:40.463172 Epoch [034/034], with lr = 8e-05, Step [0025/0050],                        [loss_record5: 0.4320]
2021-03-02 13:49:59.356 | INFO     | network.models.trainer:fit:384 - 2021-03-02 13:49:59.355818 Epoch [034/034], with lr = 8e-05, Step [0050/0050],                        [loss_record5: 0.4281]
2021-03-02 13:50:18.140 | INFO     | network.models.trainer:fit:384 - 2021-03-02 13:50:18.140597 Epoch [035/035], with lr = 8e-05, Step [0025/0050],                        [loss_record5: 0.4217]
2021-03-02 13:50:36.975 | INFO     | network.models.trainer:fit:384 - 2021-03-02 13:50:36.975102 Epoch [035/035], with lr = 8e-05, Step [0050/0050],                        [loss_record5: 0.4257]
2021-03-02 13:50:55.884 | INFO     | network.models.trainer:fit:384 - 2021-03-02 13:50:55.884368 Epoch [036/036], with lr = 8e-05, Step [0025/0050],                        [loss_record5: 0.4400]
2021-03-02 13:51:14.749 | INFO     | network.models.trainer:fit:384 - 2021-03-02 13:51:14.749064 Epoch [036/036], with lr = 8e-05, Step [0050/0050],                        [loss_record5: 0.4454]
2021-03-02 13:51:33.567 | INFO     | network.models.trainer:fit:384 - 2021-03-02 13:51:33.567100 Epoch [037/037], with lr = 8e-05, Step [0025/0050],                        [loss_record5: 0.4061]
2021-03-02 13:51:52.235 | INFO     | network.models.trainer:fit:384 - 2021-03-02 13:51:52.234857 Epoch [037/037], with lr = 8e-05, Step [0050/0050],                        [loss_record5: 0.4217]
2021-03-02 13:52:11.077 | INFO     | network.models.trainer:fit:384 - 2021-03-02 13:52:11.077592 Epoch [038/038], with lr = 8e-05, Step [0025/0050],                        [loss_record5: 0.4306]
2021-03-02 13:52:29.927 | INFO     | network.models.trainer:fit:384 - 2021-03-02 13:52:29.927034 Epoch [038/038], with lr = 8e-05, Step [0050/0050],                        [loss_record5: 0.3964]
2021-03-02 13:52:48.794 | INFO     | network.models.trainer:fit:384 - 2021-03-02 13:52:48.794334 Epoch [039/039], with lr = 8e-05, Step [0025/0050],                        [loss_record5: 0.4441]
2021-03-02 13:53:07.567 | INFO     | network.models.trainer:fit:384 - 2021-03-02 13:53:07.567563 Epoch [039/039], with lr = 8e-05, Step [0050/0050],                        [loss_record5: 0.4051]
2021-03-02 13:53:26.394 | INFO     | network.models.trainer:fit:384 - 2021-03-02 13:53:26.394236 Epoch [040/040], with lr = 8e-05, Step [0025/0050],                        [loss_record5: 0.3826]
2021-03-02 13:53:45.335 | INFO     | network.models.trainer:fit:384 - 2021-03-02 13:53:45.335383 Epoch [040/040], with lr = 8e-05, Step [0050/0050],                        [loss_record5: 0.4048]
2021-03-02 13:54:04.200 | INFO     | network.models.trainer:fit:384 - 2021-03-02 13:54:04.200088 Epoch [041/041], with lr = 8e-05, Step [0025/0050],                        [loss_record5: 0.4282]
2021-03-02 13:54:23.000 | INFO     | network.models.trainer:fit:384 - 2021-03-02 13:54:23.000130 Epoch [041/041], with lr = 8e-05, Step [0050/0050],                        [loss_record5: 0.4068]
2021-03-02 13:54:41.829 | INFO     | network.models.trainer:fit:384 - 2021-03-02 13:54:41.829458 Epoch [042/042], with lr = 8e-05, Step [0025/0050],                        [loss_record5: 0.3675]
2021-03-02 13:55:00.713 | INFO     | network.models.trainer:fit:384 - 2021-03-02 13:55:00.713652 Epoch [042/042], with lr = 8e-05, Step [0050/0050],                        [loss_record5: 0.3768]
2021-03-02 13:55:19.562 | INFO     | network.models.trainer:fit:384 - 2021-03-02 13:55:19.562674 Epoch [043/043], with lr = 8e-05, Step [0025/0050],                        [loss_record5: 0.4050]
2021-03-02 13:55:38.474 | INFO     | network.models.trainer:fit:384 - 2021-03-02 13:55:38.473762 Epoch [043/043], with lr = 8e-05, Step [0050/0050],                        [loss_record5: 0.3963]
2021-03-02 13:55:57.310 | INFO     | network.models.trainer:fit:384 - 2021-03-02 13:55:57.309853 Epoch [044/044], with lr = 8e-05, Step [0025/0050],                        [loss_record5: 0.3817]
2021-03-02 13:56:16.283 | INFO     | network.models.trainer:fit:384 - 2021-03-02 13:56:16.282888 Epoch [044/044], with lr = 8e-05, Step [0050/0050],                        [loss_record5: 0.3939]
2021-03-02 13:56:35.169 | INFO     | network.models.trainer:fit:384 - 2021-03-02 13:56:35.168961 Epoch [045/045], with lr = 8e-05, Step [0025/0050],                        [loss_record5: 0.3797]
2021-03-02 13:56:53.958 | INFO     | network.models.trainer:fit:384 - 2021-03-02 13:56:53.958518 Epoch [045/045], with lr = 8e-05, Step [0050/0050],                        [loss_record5: 0.3861]
2021-03-02 13:57:12.680 | INFO     | network.models.trainer:fit:384 - 2021-03-02 13:57:12.680465 Epoch [046/046], with lr = 8e-05, Step [0025/0050],                        [loss_record5: 0.3875]
2021-03-02 13:57:31.543 | INFO     | network.models.trainer:fit:384 - 2021-03-02 13:57:31.542780 Epoch [046/046], with lr = 8e-05, Step [0050/0050],                        [loss_record5: 0.3626]
2021-03-02 13:57:50.343 | INFO     | network.models.trainer:fit:384 - 2021-03-02 13:57:50.343373 Epoch [047/047], with lr = 8e-05, Step [0025/0050],                        [loss_record5: 0.3920]
2021-03-02 13:58:09.336 | INFO     | network.models.trainer:fit:384 - 2021-03-02 13:58:09.335808 Epoch [047/047], with lr = 8e-05, Step [0050/0050],                        [loss_record5: 0.3686]
2021-03-02 13:58:28.275 | INFO     | network.models.trainer:fit:384 - 2021-03-02 13:58:28.275662 Epoch [048/048], with lr = 8e-05, Step [0025/0050],                        [loss_record5: 0.4082]
2021-03-02 13:58:46.932 | INFO     | network.models.trainer:fit:384 - 2021-03-02 13:58:46.932070 Epoch [048/048], with lr = 8e-05, Step [0050/0050],                        [loss_record5: 0.4181]
2021-03-02 13:59:05.800 | INFO     | network.models.trainer:fit:384 - 2021-03-02 13:59:05.800564 Epoch [049/049], with lr = 8e-05, Step [0025/0050],                        [loss_record5: 0.4165]
2021-03-02 13:59:24.630 | INFO     | network.models.trainer:fit:384 - 2021-03-02 13:59:24.630214 Epoch [049/049], with lr = 8e-05, Step [0050/0050],                        [loss_record5: 0.3877]
2021-03-02 13:59:43.606 | INFO     | network.models.trainer:fit:384 - 2021-03-02 13:59:43.605774 Epoch [050/050], with lr = 8e-05, Step [0025/0050],                        [loss_record5: 0.3792]
2021-03-02 14:00:02.292 | INFO     | network.models.trainer:fit:384 - 2021-03-02 14:00:02.292197 Epoch [050/050], with lr = 8e-05, Step [0050/0050],                        [loss_record5: 0.3824]
2021-03-02 14:00:21.056 | INFO     | network.models.trainer:fit:384 - 2021-03-02 14:00:21.056458 Epoch [051/051], with lr = 8e-05, Step [0025/0050],                        [loss_record5: 0.3789]
2021-03-02 14:00:40.020 | INFO     | network.models.trainer:fit:384 - 2021-03-02 14:00:40.019844 Epoch [051/051], with lr = 8e-05, Step [0050/0050],                        [loss_record5: 0.3461]
2021-03-02 14:00:58.757 | INFO     | network.models.trainer:fit:384 - 2021-03-02 14:00:58.757362 Epoch [052/052], with lr = 8e-05, Step [0025/0050],                        [loss_record5: 0.3054]
2021-03-02 14:01:17.635 | INFO     | network.models.trainer:fit:384 - 2021-03-02 14:01:17.635322 Epoch [052/052], with lr = 8e-05, Step [0050/0050],                        [loss_record5: 0.3219]
2021-03-02 14:01:36.538 | INFO     | network.models.trainer:fit:384 - 2021-03-02 14:01:36.538649 Epoch [053/053], with lr = 8e-05, Step [0025/0050],                        [loss_record5: 0.3729]
2021-03-02 14:01:55.387 | INFO     | network.models.trainer:fit:384 - 2021-03-02 14:01:55.387522 Epoch [053/053], with lr = 8e-05, Step [0050/0050],                        [loss_record5: 0.3524]
2021-03-02 14:02:14.162 | INFO     | network.models.trainer:fit:384 - 2021-03-02 14:02:14.162546 Epoch [054/054], with lr = 8e-05, Step [0025/0050],                        [loss_record5: 0.3165]
2021-03-02 14:02:32.979 | INFO     | network.models.trainer:fit:384 - 2021-03-02 14:02:32.979059 Epoch [054/054], with lr = 8e-05, Step [0050/0050],                        [loss_record5: 0.3183]
2021-03-02 14:02:51.858 | INFO     | network.models.trainer:fit:384 - 2021-03-02 14:02:51.857925 Epoch [055/055], with lr = 8e-05, Step [0025/0050],                        [loss_record5: 0.3603]
2021-03-02 14:03:10.512 | INFO     | network.models.trainer:fit:384 - 2021-03-02 14:03:10.512654 Epoch [055/055], with lr = 8e-05, Step [0050/0050],                        [loss_record5: 0.3638]
2021-03-02 14:03:29.375 | INFO     | network.models.trainer:fit:384 - 2021-03-02 14:03:29.374941 Epoch [056/056], with lr = 8e-05, Step [0025/0050],                        [loss_record5: 0.3622]
2021-03-02 14:03:48.194 | INFO     | network.models.trainer:fit:384 - 2021-03-02 14:03:48.194180 Epoch [056/056], with lr = 8e-05, Step [0050/0050],                        [loss_record5: 0.3763]
2021-03-02 14:04:07.127 | INFO     | network.models.trainer:fit:384 - 2021-03-02 14:04:07.127445 Epoch [057/057], with lr = 8e-05, Step [0025/0050],                        [loss_record5: 0.3652]
2021-03-02 14:04:25.881 | INFO     | network.models.trainer:fit:384 - 2021-03-02 14:04:25.881665 Epoch [057/057], with lr = 8e-05, Step [0050/0050],                        [loss_record5: 0.3441]
2021-03-02 14:04:44.778 | INFO     | network.models.trainer:fit:384 - 2021-03-02 14:04:44.778314 Epoch [058/058], with lr = 8e-05, Step [0025/0050],                        [loss_record5: 0.3843]
2021-03-02 14:05:03.632 | INFO     | network.models.trainer:fit:384 - 2021-03-02 14:05:03.632185 Epoch [058/058], with lr = 8e-05, Step [0050/0050],                        [loss_record5: 0.4065]
2021-03-02 14:05:22.492 | INFO     | network.models.trainer:fit:384 - 2021-03-02 14:05:22.492283 Epoch [059/059], with lr = 8e-05, Step [0025/0050],                        [loss_record5: 0.3635]
2021-03-02 14:05:41.295 | INFO     | network.models.trainer:fit:384 - 2021-03-02 14:05:41.294948 Epoch [059/059], with lr = 8e-05, Step [0050/0050],                        [loss_record5: 0.3344]
2021-03-02 14:06:00.174 | INFO     | network.models.trainer:fit:384 - 2021-03-02 14:06:00.174362 Epoch [060/060], with lr = 8e-05, Step [0025/0050],                        [loss_record5: 0.3374]
2021-03-02 14:06:19.051 | INFO     | network.models.trainer:fit:384 - 2021-03-02 14:06:19.051228 Epoch [060/060], with lr = 8e-05, Step [0050/0050],                        [loss_record5: 0.3393]
2021-03-02 14:06:37.953 | INFO     | network.models.trainer:fit:384 - 2021-03-02 14:06:37.953538 Epoch [061/061], with lr = 8e-05, Step [0025/0050],                        [loss_record5: 0.3855]
2021-03-02 14:06:56.892 | INFO     | network.models.trainer:fit:384 - 2021-03-02 14:06:56.892507 Epoch [061/061], with lr = 8e-05, Step [0050/0050],                        [loss_record5: 0.3523]
2021-03-02 14:07:15.703 | INFO     | network.models.trainer:fit:384 - 2021-03-02 14:07:15.702908 Epoch [062/062], with lr = 8e-05, Step [0025/0050],                        [loss_record5: 0.3530]
2021-03-02 14:07:34.663 | INFO     | network.models.trainer:fit:384 - 2021-03-02 14:07:34.663491 Epoch [062/062], with lr = 8e-05, Step [0050/0050],                        [loss_record5: 0.3436]
2021-03-02 14:07:53.524 | INFO     | network.models.trainer:fit:384 - 2021-03-02 14:07:53.524162 Epoch [063/063], with lr = 8e-05, Step [0025/0050],                        [loss_record5: 0.3227]
2021-03-02 14:08:12.312 | INFO     | network.models.trainer:fit:384 - 2021-03-02 14:08:12.312680 Epoch [063/063], with lr = 8e-05, Step [0050/0050],                        [loss_record5: 0.3281]
2021-03-02 14:08:31.160 | INFO     | network.models.trainer:fit:384 - 2021-03-02 14:08:31.160525 Epoch [064/064], with lr = 8e-05, Step [0025/0050],                        [loss_record5: 0.3640]
2021-03-02 14:08:50.016 | INFO     | network.models.trainer:fit:384 - 2021-03-02 14:08:50.016012 Epoch [064/064], with lr = 8e-05, Step [0050/0050],                        [loss_record5: 0.3273]
2021-03-02 14:09:08.830 | INFO     | network.models.trainer:fit:384 - 2021-03-02 14:09:08.830534 Epoch [065/065], with lr = 8e-05, Step [0025/0050],                        [loss_record5: 0.3569]
2021-03-02 14:09:27.702 | INFO     | network.models.trainer:fit:384 - 2021-03-02 14:09:27.702719 Epoch [065/065], with lr = 8e-05, Step [0050/0050],                        [loss_record5: 0.3782]
2021-03-02 14:09:46.578 | INFO     | network.models.trainer:fit:384 - 2021-03-02 14:09:46.578453 Epoch [066/066], with lr = 8e-05, Step [0025/0050],                        [loss_record5: 0.3620]
2021-03-02 14:10:05.339 | INFO     | network.models.trainer:fit:384 - 2021-03-02 14:10:05.339430 Epoch [066/066], with lr = 8e-05, Step [0050/0050],                        [loss_record5: 0.3758]
2021-03-02 14:10:24.279 | INFO     | network.models.trainer:fit:384 - 2021-03-02 14:10:24.279650 Epoch [067/067], with lr = 8e-05, Step [0025/0050],                        [loss_record5: 0.3327]
2021-03-02 14:10:43.083 | INFO     | network.models.trainer:fit:384 - 2021-03-02 14:10:43.083250 Epoch [067/067], with lr = 8e-05, Step [0050/0050],                        [loss_record5: 0.3219]
2021-03-02 14:11:01.935 | INFO     | network.models.trainer:fit:384 - 2021-03-02 14:11:01.934894 Epoch [068/068], with lr = 8e-05, Step [0025/0050],                        [loss_record5: 0.3631]
2021-03-02 14:11:20.835 | INFO     | network.models.trainer:fit:384 - 2021-03-02 14:11:20.834964 Epoch [068/068], with lr = 8e-05, Step [0050/0050],                        [loss_record5: 0.3504]
2021-03-02 14:11:39.586 | INFO     | network.models.trainer:fit:384 - 2021-03-02 14:11:39.586447 Epoch [069/069], with lr = 8e-05, Step [0025/0050],                        [loss_record5: 0.3565]
2021-03-02 14:11:58.540 | INFO     | network.models.trainer:fit:384 - 2021-03-02 14:11:58.539814 Epoch [069/069], with lr = 8e-05, Step [0050/0050],                        [loss_record5: 0.3695]
2021-03-02 14:12:17.429 | INFO     | network.models.trainer:fit:384 - 2021-03-02 14:12:17.428808 Epoch [070/070], with lr = 8e-05, Step [0025/0050],                        [loss_record5: 0.3696]
2021-03-02 14:12:36.363 | INFO     | network.models.trainer:fit:384 - 2021-03-02 14:12:36.363119 Epoch [070/070], with lr = 8e-05, Step [0050/0050],                        [loss_record5: 0.3578]
2021-03-02 14:12:55.212 | INFO     | network.models.trainer:fit:384 - 2021-03-02 14:12:55.211872 Epoch [071/071], with lr = 8e-05, Step [0025/0050],                        [loss_record5: 0.3261]
2021-03-02 14:13:14.020 | INFO     | network.models.trainer:fit:384 - 2021-03-02 14:13:14.020318 Epoch [071/071], with lr = 8e-05, Step [0050/0050],                        [loss_record5: 0.3176]
2021-03-02 14:13:32.850 | INFO     | network.models.trainer:fit:384 - 2021-03-02 14:13:32.850612 Epoch [072/072], with lr = 8e-05, Step [0025/0050],                        [loss_record5: 0.3101]
2021-03-02 14:13:51.812 | INFO     | network.models.trainer:fit:384 - 2021-03-02 14:13:51.811778 Epoch [072/072], with lr = 8e-05, Step [0050/0050],                        [loss_record5: 0.3249]
2021-03-02 14:14:10.694 | INFO     | network.models.trainer:fit:384 - 2021-03-02 14:14:10.694665 Epoch [073/073], with lr = 8e-05, Step [0025/0050],                        [loss_record5: 0.3266]
2021-03-02 14:14:29.383 | INFO     | network.models.trainer:fit:384 - 2021-03-02 14:14:29.383462 Epoch [073/073], with lr = 8e-05, Step [0050/0050],                        [loss_record5: 0.3352]
2021-03-02 14:14:48.183 | INFO     | network.models.trainer:fit:384 - 2021-03-02 14:14:48.183361 Epoch [074/074], with lr = 8e-05, Step [0025/0050],                        [loss_record5: 0.3277]
2021-03-02 14:15:07.049 | INFO     | network.models.trainer:fit:384 - 2021-03-02 14:15:07.049243 Epoch [074/074], with lr = 8e-05, Step [0050/0050],                        [loss_record5: 0.3098]
2021-03-02 14:15:25.911 | INFO     | network.models.trainer:fit:384 - 2021-03-02 14:15:25.911467 Epoch [075/075], with lr = 8e-05, Step [0025/0050],                        [loss_record5: 0.3286]
2021-03-02 14:15:44.831 | INFO     | network.models.trainer:fit:384 - 2021-03-02 14:15:44.831432 Epoch [075/075], with lr = 8e-05, Step [0050/0050],                        [loss_record5: 0.3639]
2021-03-02 14:16:03.862 | INFO     | network.models.trainer:fit:384 - 2021-03-02 14:16:03.862320 Epoch [076/076], with lr = 8e-05, Step [0025/0050],                        [loss_record5: 0.3494]
2021-03-02 14:16:22.582 | INFO     | network.models.trainer:fit:384 - 2021-03-02 14:16:22.582545 Epoch [076/076], with lr = 8e-05, Step [0050/0050],                        [loss_record5: 0.3235]
2021-03-02 14:16:41.371 | INFO     | network.models.trainer:fit:384 - 2021-03-02 14:16:41.370826 Epoch [077/077], with lr = 8e-05, Step [0025/0050],                        [loss_record5: 0.3576]
2021-03-02 14:17:00.127 | INFO     | network.models.trainer:fit:384 - 2021-03-02 14:17:00.127374 Epoch [077/077], with lr = 8e-05, Step [0050/0050],                        [loss_record5: 0.3446]
2021-03-02 14:17:18.943 | INFO     | network.models.trainer:fit:384 - 2021-03-02 14:17:18.943532 Epoch [078/078], with lr = 8e-05, Step [0025/0050],                        [loss_record5: 0.3153]
2021-03-02 14:17:37.714 | INFO     | network.models.trainer:fit:384 - 2021-03-02 14:17:37.713877 Epoch [078/078], with lr = 8e-05, Step [0050/0050],                        [loss_record5: 0.3337]
2021-03-02 14:17:56.632 | INFO     | network.models.trainer:fit:384 - 2021-03-02 14:17:56.631857 Epoch [079/079], with lr = 8e-05, Step [0025/0050],                        [loss_record5: 0.2951]
2021-03-02 14:18:15.626 | INFO     | network.models.trainer:fit:384 - 2021-03-02 14:18:15.626393 Epoch [079/079], with lr = 8e-05, Step [0050/0050],                        [loss_record5: 0.3290]
2021-03-02 14:18:34.431 | INFO     | network.models.trainer:fit:384 - 2021-03-02 14:18:34.430907 Epoch [080/080], with lr = 8e-05, Step [0025/0050],                        [loss_record5: 0.3228]
2021-03-02 14:18:53.200 | INFO     | network.models.trainer:fit:384 - 2021-03-02 14:18:53.199863 Epoch [080/080], with lr = 8e-05, Step [0050/0050],                        [loss_record5: 0.3478]
2021-03-02 14:19:12.015 | INFO     | network.models.trainer:fit:384 - 2021-03-02 14:19:12.014988 Epoch [081/081], with lr = 8e-05, Step [0025/0050],                        [loss_record5: 0.2863]
2021-03-02 14:19:30.905 | INFO     | network.models.trainer:fit:384 - 2021-03-02 14:19:30.905645 Epoch [081/081], with lr = 8e-05, Step [0050/0050],                        [loss_record5: 0.3033]
2021-03-02 14:19:49.810 | INFO     | network.models.trainer:fit:384 - 2021-03-02 14:19:49.809881 Epoch [082/082], with lr = 8e-05, Step [0025/0050],                        [loss_record5: 0.3256]
2021-03-02 14:20:08.705 | INFO     | network.models.trainer:fit:384 - 2021-03-02 14:20:08.705436 Epoch [082/082], with lr = 8e-05, Step [0050/0050],                        [loss_record5: 0.3384]
2021-03-02 14:20:27.643 | INFO     | network.models.trainer:fit:384 - 2021-03-02 14:20:27.643003 Epoch [083/083], with lr = 8e-05, Step [0025/0050],                        [loss_record5: 0.2951]
2021-03-02 14:20:46.514 | INFO     | network.models.trainer:fit:384 - 2021-03-02 14:20:46.513912 Epoch [083/083], with lr = 8e-05, Step [0050/0050],                        [loss_record5: 0.2810]
2021-03-02 14:20:47.319 | INFO     | network.models.trainer:fit:405 - [Saving Snapshot:]/home/admin_mcn/hung/polyp_segmentation/snapshots/TransUnet/PraNetDG-fold1-83.pth
2021-03-02 14:21:06.054 | INFO     | network.models.trainer:fit:384 - 2021-03-02 14:21:06.053762 Epoch [084/084], with lr = 8e-05, Step [0025/0050],                        [loss_record5: 0.4231]
2021-03-02 14:21:25.009 | INFO     | network.models.trainer:fit:384 - 2021-03-02 14:21:25.009720 Epoch [084/084], with lr = 8e-05, Step [0050/0050],                        [loss_record5: 0.4052]
2021-03-02 14:21:43.923 | INFO     | network.models.trainer:fit:384 - 2021-03-02 14:21:43.923414 Epoch [085/085], with lr = 8e-05, Step [0025/0050],                        [loss_record5: 0.3512]
2021-03-02 14:22:02.695 | INFO     | network.models.trainer:fit:384 - 2021-03-02 14:22:02.694952 Epoch [085/085], with lr = 8e-05, Step [0050/0050],                        [loss_record5: 0.3262]
2021-03-02 14:22:21.503 | INFO     | network.models.trainer:fit:384 - 2021-03-02 14:22:21.503601 Epoch [086/086], with lr = 8e-05, Step [0025/0050],                        [loss_record5: 0.3035]
2021-03-02 14:22:40.281 | INFO     | network.models.trainer:fit:384 - 2021-03-02 14:22:40.281086 Epoch [086/086], with lr = 8e-05, Step [0050/0050],                        [loss_record5: 0.3107]
2021-03-02 14:22:41.118 | INFO     | network.models.trainer:fit:405 - [Saving Snapshot:]/home/admin_mcn/hung/polyp_segmentation/snapshots/TransUnet/PraNetDG-fold1-86.pth
2021-03-02 14:22:59.865 | INFO     | network.models.trainer:fit:384 - 2021-03-02 14:22:59.864859 Epoch [087/087], with lr = 8e-05, Step [0025/0050],                        [loss_record5: 0.3176]
2021-03-02 14:23:18.759 | INFO     | network.models.trainer:fit:384 - 2021-03-02 14:23:18.758876 Epoch [087/087], with lr = 8e-05, Step [0050/0050],                        [loss_record5: 0.3166]
2021-03-02 14:23:37.562 | INFO     | network.models.trainer:fit:384 - 2021-03-02 14:23:37.562235 Epoch [088/088], with lr = 8e-05, Step [0025/0050],                        [loss_record5: 0.3478]
2021-03-02 14:23:56.516 | INFO     | network.models.trainer:fit:384 - 2021-03-02 14:23:56.516691 Epoch [088/088], with lr = 8e-05, Step [0050/0050],                        [loss_record5: 0.3194]
2021-03-02 14:24:15.276 | INFO     | network.models.trainer:fit:384 - 2021-03-02 14:24:15.276295 Epoch [089/089], with lr = 8e-05, Step [0025/0050],                        [loss_record5: 0.3310]
2021-03-02 14:24:34.231 | INFO     | network.models.trainer:fit:384 - 2021-03-02 14:24:34.231727 Epoch [089/089], with lr = 8e-05, Step [0050/0050],                        [loss_record5: 0.3943]
2021-03-02 14:24:34.991 | INFO     | network.models.trainer:fit:405 - [Saving Snapshot:]/home/admin_mcn/hung/polyp_segmentation/snapshots/TransUnet/PraNetDG-fold1-89.pth
2021-03-02 14:24:53.581 | INFO     | network.models.trainer:fit:384 - 2021-03-02 14:24:53.581204 Epoch [090/090], with lr = 8e-05, Step [0025/0050],                        [loss_record5: 0.3128]
2021-03-02 14:25:12.515 | INFO     | network.models.trainer:fit:384 - 2021-03-02 14:25:12.515760 Epoch [090/090], with lr = 8e-05, Step [0050/0050],                        [loss_record5: 0.3069]
2021-03-02 14:25:31.259 | INFO     | network.models.trainer:fit:384 - 2021-03-02 14:25:31.259576 Epoch [091/091], with lr = 8e-05, Step [0025/0050],                        [loss_record5: 0.3085]
2021-03-02 14:25:50.223 | INFO     | network.models.trainer:fit:384 - 2021-03-02 14:25:50.223655 Epoch [091/091], with lr = 8e-05, Step [0050/0050],                        [loss_record5: 0.3253]
2021-03-02 14:26:09.142 | INFO     | network.models.trainer:fit:384 - 2021-03-02 14:26:09.141999 Epoch [092/092], with lr = 8e-05, Step [0025/0050],                        [loss_record5: 0.3076]
2021-03-02 14:26:27.864 | INFO     | network.models.trainer:fit:384 - 2021-03-02 14:26:27.863942 Epoch [092/092], with lr = 8e-05, Step [0050/0050],                        [loss_record5: 0.2832]
2021-03-02 14:26:28.631 | INFO     | network.models.trainer:fit:405 - [Saving Snapshot:]/home/admin_mcn/hung/polyp_segmentation/snapshots/TransUnet/PraNetDG-fold1-92.pth
2021-03-02 14:26:47.323 | INFO     | network.models.trainer:fit:384 - 2021-03-02 14:26:47.323668 Epoch [093/093], with lr = 8e-05, Step [0025/0050],                        [loss_record5: 0.2971]
2021-03-02 14:27:06.138 | INFO     | network.models.trainer:fit:384 - 2021-03-02 14:27:06.138640 Epoch [093/093], with lr = 8e-05, Step [0050/0050],                        [loss_record5: 0.3131]
2021-03-02 14:27:24.901 | INFO     | network.models.trainer:fit:384 - 2021-03-02 14:27:24.900989 Epoch [094/094], with lr = 8e-05, Step [0025/0050],                        [loss_record5: 0.3247]
2021-03-02 14:27:43.839 | INFO     | network.models.trainer:fit:384 - 2021-03-02 14:27:43.839221 Epoch [094/094], with lr = 8e-05, Step [0050/0050],                        [loss_record5: 0.3155]
2021-03-02 14:28:02.633 | INFO     | network.models.trainer:fit:384 - 2021-03-02 14:28:02.633620 Epoch [095/095], with lr = 8e-05, Step [0025/0050],                        [loss_record5: 0.3102]
2021-03-02 14:28:21.462 | INFO     | network.models.trainer:fit:384 - 2021-03-02 14:28:21.462694 Epoch [095/095], with lr = 8e-05, Step [0050/0050],                        [loss_record5: 0.3147]
2021-03-02 14:28:22.207 | INFO     | network.models.trainer:fit:405 - [Saving Snapshot:]/home/admin_mcn/hung/polyp_segmentation/snapshots/TransUnet/PraNetDG-fold1-95.pth
2021-03-02 14:28:40.904 | INFO     | network.models.trainer:fit:384 - 2021-03-02 14:28:40.904343 Epoch [096/096], with lr = 8e-05, Step [0025/0050],                        [loss_record5: 0.2900]
2021-03-02 14:28:59.815 | INFO     | network.models.trainer:fit:384 - 2021-03-02 14:28:59.815627 Epoch [096/096], with lr = 8e-05, Step [0050/0050],                        [loss_record5: 0.3147]
2021-03-02 14:29:18.813 | INFO     | network.models.trainer:fit:384 - 2021-03-02 14:29:18.812699 Epoch [097/097], with lr = 8e-05, Step [0025/0050],                        [loss_record5: 0.3415]
2021-03-02 14:29:37.579 | INFO     | network.models.trainer:fit:384 - 2021-03-02 14:29:37.578985 Epoch [097/097], with lr = 8e-05, Step [0050/0050],                        [loss_record5: 0.3161]
2021-03-02 14:29:56.374 | INFO     | network.models.trainer:fit:384 - 2021-03-02 14:29:56.374259 Epoch [098/098], with lr = 8e-05, Step [0025/0050],                        [loss_record5: 0.3057]
2021-03-02 14:30:15.370 | INFO     | network.models.trainer:fit:384 - 2021-03-02 14:30:15.369729 Epoch [098/098], with lr = 8e-05, Step [0050/0050],                        [loss_record5: 0.3247]
2021-03-02 14:30:16.136 | INFO     | network.models.trainer:fit:405 - [Saving Snapshot:]/home/admin_mcn/hung/polyp_segmentation/snapshots/TransUnet/PraNetDG-fold1-98.pth
2021-03-02 14:30:34.955 | INFO     | network.models.trainer:fit:384 - 2021-03-02 14:30:34.955137 Epoch [099/099], with lr = 8e-05, Step [0025/0050],                        [loss_record5: 0.3025]
2021-03-02 14:30:53.679 | INFO     | network.models.trainer:fit:384 - 2021-03-02 14:30:53.679108 Epoch [099/099], with lr = 8e-05, Step [0050/0050],                        [loss_record5: 0.2879]
2021-03-02 14:31:12.371 | INFO     | network.models.trainer:fit:384 - 2021-03-02 14:31:12.371480 Epoch [100/100], with lr = 8e-05, Step [0025/0050],                        [loss_record5: 0.2816]
2021-03-02 14:31:31.371 | INFO     | network.models.trainer:fit:384 - 2021-03-02 14:31:31.370873 Epoch [100/100], with lr = 8e-05, Step [0050/0050],                        [loss_record5: 0.2912]
2021-03-02 14:31:50.117 | INFO     | network.models.trainer:fit:384 - 2021-03-02 14:31:50.117183 Epoch [101/101], with lr = 8e-05, Step [0025/0050],                        [loss_record5: 0.3065]
2021-03-02 14:32:08.918 | INFO     | network.models.trainer:fit:384 - 2021-03-02 14:32:08.917827 Epoch [101/101], with lr = 8e-05, Step [0050/0050],                        [loss_record5: 0.3142]
2021-03-02 14:32:09.646 | INFO     | network.models.trainer:fit:405 - [Saving Snapshot:]/home/admin_mcn/hung/polyp_segmentation/snapshots/TransUnet/PraNetDG-fold1-101.pth
2021-03-02 14:32:28.298 | INFO     | network.models.trainer:fit:384 - 2021-03-02 14:32:28.298485 Epoch [102/102], with lr = 8e-05, Step [0025/0050],                        [loss_record5: 0.2902]
2021-03-02 14:32:47.220 | INFO     | network.models.trainer:fit:384 - 2021-03-02 14:32:47.220126 Epoch [102/102], with lr = 8e-05, Step [0050/0050],                        [loss_record5: 0.3023]
2021-03-02 14:33:05.944 | INFO     | network.models.trainer:fit:384 - 2021-03-02 14:33:05.944052 Epoch [103/103], with lr = 8e-05, Step [0025/0050],                        [loss_record5: 0.2760]
2021-03-02 14:33:24.828 | INFO     | network.models.trainer:fit:384 - 2021-03-02 14:33:24.828548 Epoch [103/103], with lr = 8e-05, Step [0050/0050],                        [loss_record5: 0.2797]
2021-03-02 14:33:43.672 | INFO     | network.models.trainer:fit:384 - 2021-03-02 14:33:43.671785 Epoch [104/104], with lr = 8e-05, Step [0025/0050],                        [loss_record5: 0.2989]
2021-03-02 14:34:02.556 | INFO     | network.models.trainer:fit:384 - 2021-03-02 14:34:02.556045 Epoch [104/104], with lr = 8e-05, Step [0050/0050],                        [loss_record5: 0.3379]
2021-03-02 14:34:03.273 | INFO     | network.models.trainer:fit:405 - [Saving Snapshot:]/home/admin_mcn/hung/polyp_segmentation/snapshots/TransUnet/PraNetDG-fold1-104.pth
2021-03-02 14:34:22.146 | INFO     | network.models.trainer:fit:384 - 2021-03-02 14:34:22.146503 Epoch [105/105], with lr = 8e-05, Step [0025/0050],                        [loss_record5: 0.3137]
2021-03-02 14:34:41.081 | INFO     | network.models.trainer:fit:384 - 2021-03-02 14:34:41.080967 Epoch [105/105], with lr = 8e-05, Step [0050/0050],                        [loss_record5: 0.3052]
2021-03-02 14:34:59.933 | INFO     | network.models.trainer:fit:384 - 2021-03-02 14:34:59.932830 Epoch [106/106], with lr = 8e-05, Step [0025/0050],                        [loss_record5: 0.2914]
2021-03-02 14:35:18.890 | INFO     | network.models.trainer:fit:384 - 2021-03-02 14:35:18.889793 Epoch [106/106], with lr = 8e-05, Step [0050/0050],                        [loss_record5: 0.3003]
2021-03-02 14:35:37.752 | INFO     | network.models.trainer:fit:384 - 2021-03-02 14:35:37.751773 Epoch [107/107], with lr = 8e-05, Step [0025/0050],                        [loss_record5: 0.2670]
2021-03-02 14:35:56.705 | INFO     | network.models.trainer:fit:384 - 2021-03-02 14:35:56.705204 Epoch [107/107], with lr = 8e-05, Step [0050/0050],                        [loss_record5: 0.3211]
2021-03-02 14:35:57.455 | INFO     | network.models.trainer:fit:405 - [Saving Snapshot:]/home/admin_mcn/hung/polyp_segmentation/snapshots/TransUnet/PraNetDG-fold1-107.pth
2021-03-02 14:36:16.374 | INFO     | network.models.trainer:fit:384 - 2021-03-02 14:36:16.374650 Epoch [108/108], with lr = 8e-05, Step [0025/0050],                        [loss_record5: 0.2622]
2021-03-02 14:36:35.235 | INFO     | network.models.trainer:fit:384 - 2021-03-02 14:36:35.235491 Epoch [108/108], with lr = 8e-05, Step [0050/0050],                        [loss_record5: 0.3068]
2021-03-02 14:36:53.999 | INFO     | network.models.trainer:fit:384 - 2021-03-02 14:36:53.999592 Epoch [109/109], with lr = 8e-05, Step [0025/0050],                        [loss_record5: 0.3030]
2021-03-02 14:37:12.866 | INFO     | network.models.trainer:fit:384 - 2021-03-02 14:37:12.866036 Epoch [109/109], with lr = 8e-05, Step [0050/0050],                        [loss_record5: 0.3163]
2021-03-02 14:37:31.723 | INFO     | network.models.trainer:fit:384 - 2021-03-02 14:37:31.722838 Epoch [110/110], with lr = 8e-05, Step [0025/0050],                        [loss_record5: 0.3069]
2021-03-02 14:37:50.587 | INFO     | network.models.trainer:fit:384 - 2021-03-02 14:37:50.587209 Epoch [110/110], with lr = 8e-05, Step [0050/0050],                        [loss_record5: 0.3149]
2021-03-02 14:37:51.296 | INFO     | network.models.trainer:fit:405 - [Saving Snapshot:]/home/admin_mcn/hung/polyp_segmentation/snapshots/TransUnet/PraNetDG-fold1-110.pth
2021-03-02 14:38:10.227 | INFO     | network.models.trainer:fit:384 - 2021-03-02 14:38:10.227143 Epoch [111/111], with lr = 8e-05, Step [0025/0050],                        [loss_record5: 0.2942]
2021-03-02 14:38:28.956 | INFO     | network.models.trainer:fit:384 - 2021-03-02 14:38:28.956526 Epoch [111/111], with lr = 8e-05, Step [0050/0050],                        [loss_record5: 0.2844]
2021-03-02 14:38:47.655 | INFO     | network.models.trainer:fit:384 - 2021-03-02 14:38:47.654962 Epoch [112/112], with lr = 8e-05, Step [0025/0050],                        [loss_record5: 0.3098]
2021-03-02 14:39:06.527 | INFO     | network.models.trainer:fit:384 - 2021-03-02 14:39:06.527097 Epoch [112/112], with lr = 8e-05, Step [0050/0050],                        [loss_record5: 0.2862]
2021-03-02 14:39:25.238 | INFO     | network.models.trainer:fit:384 - 2021-03-02 14:39:25.238399 Epoch [113/113], with lr = 8e-05, Step [0025/0050],                        [loss_record5: 0.2671]
2021-03-02 14:39:43.994 | INFO     | network.models.trainer:fit:384 - 2021-03-02 14:39:43.993913 Epoch [113/113], with lr = 8e-05, Step [0050/0050],                        [loss_record5: 0.2623]
2021-03-02 14:39:44.702 | INFO     | network.models.trainer:fit:405 - [Saving Snapshot:]/home/admin_mcn/hung/polyp_segmentation/snapshots/TransUnet/PraNetDG-fold1-113.pth
2021-03-02 14:40:03.551 | INFO     | network.models.trainer:fit:384 - 2021-03-02 14:40:03.551650 Epoch [114/114], with lr = 8e-05, Step [0025/0050],                        [loss_record5: 0.2859]
2021-03-02 14:40:22.380 | INFO     | network.models.trainer:fit:384 - 2021-03-02 14:40:22.379885 Epoch [114/114], with lr = 8e-05, Step [0050/0050],                        [loss_record5: 0.2908]
2021-03-02 14:40:41.211 | INFO     | network.models.trainer:fit:384 - 2021-03-02 14:40:41.211654 Epoch [115/115], with lr = 8e-05, Step [0025/0050],                        [loss_record5: 0.3333]
2021-03-02 14:41:00.015 | INFO     | network.models.trainer:fit:384 - 2021-03-02 14:41:00.015148 Epoch [115/115], with lr = 8e-05, Step [0050/0050],                        [loss_record5: 0.3271]
2021-03-02 14:41:18.880 | INFO     | network.models.trainer:fit:384 - 2021-03-02 14:41:18.880624 Epoch [116/116], with lr = 8e-05, Step [0025/0050],                        [loss_record5: 0.3359]
2021-03-02 14:41:37.793 | INFO     | network.models.trainer:fit:384 - 2021-03-02 14:41:37.792811 Epoch [116/116], with lr = 8e-05, Step [0050/0050],                        [loss_record5: 0.3174]
2021-03-02 14:41:38.566 | INFO     | network.models.trainer:fit:405 - [Saving Snapshot:]/home/admin_mcn/hung/polyp_segmentation/snapshots/TransUnet/PraNetDG-fold1-116.pth
2021-03-02 14:41:57.544 | INFO     | network.models.trainer:fit:384 - 2021-03-02 14:41:57.544299 Epoch [117/117], with lr = 8e-05, Step [0025/0050],                        [loss_record5: 0.2984]
2021-03-02 14:42:16.373 | INFO     | network.models.trainer:fit:384 - 2021-03-02 14:42:16.373717 Epoch [117/117], with lr = 8e-05, Step [0050/0050],                        [loss_record5: 0.2857]
2021-03-02 14:42:35.283 | INFO     | network.models.trainer:fit:384 - 2021-03-02 14:42:35.282762 Epoch [118/118], with lr = 8e-05, Step [0025/0050],                        [loss_record5: 0.3039]
2021-03-02 14:42:54.141 | INFO     | network.models.trainer:fit:384 - 2021-03-02 14:42:54.141701 Epoch [118/118], with lr = 8e-05, Step [0050/0050],                        [loss_record5: 0.3017]
2021-03-02 14:43:13.020 | INFO     | network.models.trainer:fit:384 - 2021-03-02 14:43:13.020686 Epoch [119/119], with lr = 8e-05, Step [0025/0050],                        [loss_record5: 0.3315]
2021-03-02 14:43:31.920 | INFO     | network.models.trainer:fit:384 - 2021-03-02 14:43:31.920076 Epoch [119/119], with lr = 8e-05, Step [0050/0050],                        [loss_record5: 0.3145]
2021-03-02 14:43:32.663 | INFO     | network.models.trainer:fit:405 - [Saving Snapshot:]/home/admin_mcn/hung/polyp_segmentation/snapshots/TransUnet/PraNetDG-fold1-119.pth
2021-03-02 14:43:51.542 | INFO     | network.models.trainer:fit:384 - 2021-03-02 14:43:51.542095 Epoch [120/120], with lr = 8e-05, Step [0025/0050],                        [loss_record5: 0.3293]
2021-03-02 14:44:10.518 | INFO     | network.models.trainer:fit:384 - 2021-03-02 14:44:10.517965 Epoch [120/120], with lr = 8e-05, Step [0050/0050],                        [loss_record5: 0.3084]
2021-03-02 14:44:29.544 | INFO     | network.models.trainer:fit:384 - 2021-03-02 14:44:29.543978 Epoch [121/121], with lr = 8e-05, Step [0025/0050],                        [loss_record5: 0.2855]
2021-03-02 14:44:48.378 | INFO     | network.models.trainer:fit:384 - 2021-03-02 14:44:48.377845 Epoch [121/121], with lr = 8e-05, Step [0050/0050],                        [loss_record5: 0.2651]
2021-03-02 14:45:07.138 | INFO     | network.models.trainer:fit:384 - 2021-03-02 14:45:07.138248 Epoch [122/122], with lr = 8e-05, Step [0025/0050],                        [loss_record5: 0.3175]
2021-03-02 14:45:25.983 | INFO     | network.models.trainer:fit:384 - 2021-03-02 14:45:25.983073 Epoch [122/122], with lr = 8e-05, Step [0050/0050],                        [loss_record5: 0.3058]
2021-03-02 14:45:26.690 | INFO     | network.models.trainer:fit:405 - [Saving Snapshot:]/home/admin_mcn/hung/polyp_segmentation/snapshots/TransUnet/PraNetDG-fold1-122.pth
2021-03-02 14:45:45.605 | INFO     | network.models.trainer:fit:384 - 2021-03-02 14:45:45.605602 Epoch [123/123], with lr = 8e-05, Step [0025/0050],                        [loss_record5: 0.2954]
2021-03-02 14:46:04.535 | INFO     | network.models.trainer:fit:384 - 2021-03-02 14:46:04.535568 Epoch [123/123], with lr = 8e-05, Step [0050/0050],                        [loss_record5: 0.2894]
2021-03-02 14:46:23.395 | INFO     | network.models.trainer:fit:384 - 2021-03-02 14:46:23.395082 Epoch [124/124], with lr = 8e-05, Step [0025/0050],                        [loss_record5: 0.3202]
2021-03-02 14:46:42.176 | INFO     | network.models.trainer:fit:384 - 2021-03-02 14:46:42.176497 Epoch [124/124], with lr = 8e-05, Step [0050/0050],                        [loss_record5: 0.3055]
2021-03-02 14:47:01.005 | INFO     | network.models.trainer:fit:384 - 2021-03-02 14:47:01.004884 Epoch [125/125], with lr = 8e-05, Step [0025/0050],                        [loss_record5: 0.3360]
2021-03-02 14:47:19.872 | INFO     | network.models.trainer:fit:384 - 2021-03-02 14:47:19.872106 Epoch [125/125], with lr = 8e-05, Step [0050/0050],                        [loss_record5: 0.2894]
2021-03-02 14:47:20.579 | INFO     | network.models.trainer:fit:405 - [Saving Snapshot:]/home/admin_mcn/hung/polyp_segmentation/snapshots/TransUnet/PraNetDG-fold1-125.pth
2021-03-02 14:47:39.483 | INFO     | network.models.trainer:fit:384 - 2021-03-02 14:47:39.483412 Epoch [126/126], with lr = 8e-05, Step [0025/0050],                        [loss_record5: 0.2762]
2021-03-02 14:47:58.354 | INFO     | network.models.trainer:fit:384 - 2021-03-02 14:47:58.353927 Epoch [126/126], with lr = 8e-05, Step [0050/0050],                        [loss_record5: 0.2905]
2021-03-02 14:48:17.273 | INFO     | network.models.trainer:fit:384 - 2021-03-02 14:48:17.273506 Epoch [127/127], with lr = 8e-05, Step [0025/0050],                        [loss_record5: 0.2961]
2021-03-02 14:48:35.963 | INFO     | network.models.trainer:fit:384 - 2021-03-02 14:48:35.963411 Epoch [127/127], with lr = 8e-05, Step [0050/0050],                        [loss_record5: 0.3101]
2021-03-02 14:48:54.784 | INFO     | network.models.trainer:fit:384 - 2021-03-02 14:48:54.783881 Epoch [128/128], with lr = 8e-05, Step [0025/0050],                        [loss_record5: 0.2311]
2021-03-02 14:49:13.588 | INFO     | network.models.trainer:fit:384 - 2021-03-02 14:49:13.588136 Epoch [128/128], with lr = 8e-05, Step [0050/0050],                        [loss_record5: 0.2689]
2021-03-02 14:49:14.286 | INFO     | network.models.trainer:fit:405 - [Saving Snapshot:]/home/admin_mcn/hung/polyp_segmentation/snapshots/TransUnet/PraNetDG-fold1-128.pth
2021-03-02 14:49:33.088 | INFO     | network.models.trainer:fit:384 - 2021-03-02 14:49:33.088207 Epoch [129/129], with lr = 8e-05, Step [0025/0050],                        [loss_record5: 0.2987]
2021-03-02 14:49:51.796 | INFO     | network.models.trainer:fit:384 - 2021-03-02 14:49:51.796211 Epoch [129/129], with lr = 8e-05, Step [0050/0050],                        [loss_record5: 0.2944]
2021-03-02 14:50:10.606 | INFO     | network.models.trainer:fit:384 - 2021-03-02 14:50:10.606551 Epoch [130/130], with lr = 8e-05, Step [0025/0050],                        [loss_record5: 0.2912]
2021-03-02 14:50:29.495 | INFO     | network.models.trainer:fit:384 - 2021-03-02 14:50:29.495554 Epoch [130/130], with lr = 8e-05, Step [0050/0050],                        [loss_record5: 0.2648]
2021-03-02 14:50:48.294 | INFO     | network.models.trainer:fit:384 - 2021-03-02 14:50:48.294053 Epoch [131/131], with lr = 8e-05, Step [0025/0050],                        [loss_record5: 0.3189]
2021-03-02 14:51:07.218 | INFO     | network.models.trainer:fit:384 - 2021-03-02 14:51:07.218106 Epoch [131/131], with lr = 8e-05, Step [0050/0050],                        [loss_record5: 0.3132]
2021-03-02 14:51:07.931 | INFO     | network.models.trainer:fit:405 - [Saving Snapshot:]/home/admin_mcn/hung/polyp_segmentation/snapshots/TransUnet/PraNetDG-fold1-131.pth
2021-03-02 14:51:26.764 | INFO     | network.models.trainer:fit:384 - 2021-03-02 14:51:26.763905 Epoch [132/132], with lr = 8e-05, Step [0025/0050],                        [loss_record5: 0.2896]
2021-03-02 14:51:45.579 | INFO     | network.models.trainer:fit:384 - 2021-03-02 14:51:45.578988 Epoch [132/132], with lr = 8e-05, Step [0050/0050],                        [loss_record5: 0.2606]
2021-03-02 14:52:04.343 | INFO     | network.models.trainer:fit:384 - 2021-03-02 14:52:04.343495 Epoch [133/133], with lr = 8e-05, Step [0025/0050],                        [loss_record5: 0.3217]
2021-03-02 14:52:23.394 | INFO     | network.models.trainer:fit:384 - 2021-03-02 14:52:23.394359 Epoch [133/133], with lr = 8e-05, Step [0050/0050],                        [loss_record5: 0.3183]
2021-03-02 14:52:42.276 | INFO     | network.models.trainer:fit:384 - 2021-03-02 14:52:42.276487 Epoch [134/134], with lr = 8e-05, Step [0025/0050],                        [loss_record5: 0.3179]
2021-03-02 14:53:01.155 | INFO     | network.models.trainer:fit:384 - 2021-03-02 14:53:01.155391 Epoch [134/134], with lr = 8e-05, Step [0050/0050],                        [loss_record5: 0.3099]
2021-03-02 14:53:01.851 | INFO     | network.models.trainer:fit:405 - [Saving Snapshot:]/home/admin_mcn/hung/polyp_segmentation/snapshots/TransUnet/PraNetDG-fold1-134.pth
2021-03-02 14:53:20.659 | INFO     | network.models.trainer:fit:384 - 2021-03-02 14:53:20.659655 Epoch [135/135], with lr = 8e-05, Step [0025/0050],                        [loss_record5: 0.2871]
2021-03-02 14:53:39.317 | INFO     | network.models.trainer:fit:384 - 2021-03-02 14:53:39.317279 Epoch [135/135], with lr = 8e-05, Step [0050/0050],                        [loss_record5: 0.2901]
2021-03-02 14:53:58.123 | INFO     | network.models.trainer:fit:384 - 2021-03-02 14:53:58.122821 Epoch [136/136], with lr = 8e-05, Step [0025/0050],                        [loss_record5: 0.3252]
2021-03-02 14:54:17.038 | INFO     | network.models.trainer:fit:384 - 2021-03-02 14:54:17.037972 Epoch [136/136], with lr = 8e-05, Step [0050/0050],                        [loss_record5: 0.3297]
2021-03-02 14:54:35.922 | INFO     | network.models.trainer:fit:384 - 2021-03-02 14:54:35.922562 Epoch [137/137], with lr = 8e-05, Step [0025/0050],                        [loss_record5: 0.3025]
2021-03-02 14:54:54.684 | INFO     | network.models.trainer:fit:384 - 2021-03-02 14:54:54.684723 Epoch [137/137], with lr = 8e-05, Step [0050/0050],                        [loss_record5: 0.2978]
2021-03-02 14:54:55.381 | INFO     | network.models.trainer:fit:405 - [Saving Snapshot:]/home/admin_mcn/hung/polyp_segmentation/snapshots/TransUnet/PraNetDG-fold1-137.pth
2021-03-02 14:55:14.145 | INFO     | network.models.trainer:fit:384 - 2021-03-02 14:55:14.144882 Epoch [138/138], with lr = 8e-05, Step [0025/0050],                        [loss_record5: 0.2675]
2021-03-02 14:55:33.050 | INFO     | network.models.trainer:fit:384 - 2021-03-02 14:55:33.050424 Epoch [138/138], with lr = 8e-05, Step [0050/0050],                        [loss_record5: 0.3019]
2021-03-02 14:55:51.833 | INFO     | network.models.trainer:fit:384 - 2021-03-02 14:55:51.832766 Epoch [139/139], with lr = 8e-05, Step [0025/0050],                        [loss_record5: 0.3544]
2021-03-02 14:56:10.730 | INFO     | network.models.trainer:fit:384 - 2021-03-02 14:56:10.730603 Epoch [139/139], with lr = 8e-05, Step [0050/0050],                        [loss_record5: 0.3381]
2021-03-02 14:56:29.789 | INFO     | network.models.trainer:fit:384 - 2021-03-02 14:56:29.789143 Epoch [140/140], with lr = 8e-05, Step [0025/0050],                        [loss_record5: 0.2875]
2021-03-02 14:56:48.621 | INFO     | network.models.trainer:fit:384 - 2021-03-02 14:56:48.621585 Epoch [140/140], with lr = 8e-05, Step [0050/0050],                        [loss_record5: 0.2803]
2021-03-02 14:56:49.323 | INFO     | network.models.trainer:fit:405 - [Saving Snapshot:]/home/admin_mcn/hung/polyp_segmentation/snapshots/TransUnet/PraNetDG-fold1-140.pth
2021-03-02 14:57:08.118 | INFO     | network.models.trainer:fit:384 - 2021-03-02 14:57:08.117925 Epoch [141/141], with lr = 8e-05, Step [0025/0050],                        [loss_record5: 0.3021]
2021-03-02 14:57:27.023 | INFO     | network.models.trainer:fit:384 - 2021-03-02 14:57:27.022925 Epoch [141/141], with lr = 8e-05, Step [0050/0050],                        [loss_record5: 0.3211]
2021-03-02 14:57:45.882 | INFO     | network.models.trainer:fit:384 - 2021-03-02 14:57:45.881964 Epoch [142/142], with lr = 8e-05, Step [0025/0050],                        [loss_record5: 0.3086]
2021-03-02 14:58:04.700 | INFO     | network.models.trainer:fit:384 - 2021-03-02 14:58:04.700401 Epoch [142/142], with lr = 8e-05, Step [0050/0050],                        [loss_record5: 0.2836]
2021-03-02 14:58:23.331 | INFO     | network.models.trainer:fit:384 - 2021-03-02 14:58:23.331311 Epoch [143/143], with lr = 8e-05, Step [0025/0050],                        [loss_record5: 0.2983]
2021-03-02 14:58:42.250 | INFO     | network.models.trainer:fit:384 - 2021-03-02 14:58:42.249843 Epoch [143/143], with lr = 8e-05, Step [0050/0050],                        [loss_record5: 0.2934]
2021-03-02 14:58:42.942 | INFO     | network.models.trainer:fit:405 - [Saving Snapshot:]/home/admin_mcn/hung/polyp_segmentation/snapshots/TransUnet/PraNetDG-fold1-143.pth
2021-03-02 14:59:01.569 | INFO     | network.models.trainer:fit:384 - 2021-03-02 14:59:01.569299 Epoch [144/144], with lr = 8e-05, Step [0025/0050],                        [loss_record5: 0.2602]
2021-03-02 14:59:20.592 | INFO     | network.models.trainer:fit:384 - 2021-03-02 14:59:20.592100 Epoch [144/144], with lr = 8e-05, Step [0050/0050],                        [loss_record5: 0.2977]
2021-03-02 14:59:39.393 | INFO     | network.models.trainer:fit:384 - 2021-03-02 14:59:39.392799 Epoch [145/145], with lr = 8e-05, Step [0025/0050],                        [loss_record5: 0.3312]
2021-03-02 14:59:58.169 | INFO     | network.models.trainer:fit:384 - 2021-03-02 14:59:58.169351 Epoch [145/145], with lr = 8e-05, Step [0050/0050],                        [loss_record5: 0.3046]
2021-03-02 15:00:16.933 | INFO     | network.models.trainer:fit:384 - 2021-03-02 15:00:16.933058 Epoch [146/146], with lr = 8e-05, Step [0025/0050],                        [loss_record5: 0.3216]
2021-03-02 15:00:35.723 | INFO     | network.models.trainer:fit:384 - 2021-03-02 15:00:35.722751 Epoch [146/146], with lr = 8e-05, Step [0050/0050],                        [loss_record5: 0.3074]
2021-03-02 15:00:36.449 | INFO     | network.models.trainer:fit:405 - [Saving Snapshot:]/home/admin_mcn/hung/polyp_segmentation/snapshots/TransUnet/PraNetDG-fold1-146.pth
2021-03-02 15:00:55.172 | INFO     | network.models.trainer:fit:384 - 2021-03-02 15:00:55.171808 Epoch [147/147], with lr = 8e-05, Step [0025/0050],                        [loss_record5: 0.2929]
2021-03-02 15:01:14.167 | INFO     | network.models.trainer:fit:384 - 2021-03-02 15:01:14.166911 Epoch [147/147], with lr = 8e-05, Step [0050/0050],                        [loss_record5: 0.2806]
2021-03-02 15:01:32.990 | INFO     | network.models.trainer:fit:384 - 2021-03-02 15:01:32.990385 Epoch [148/148], with lr = 8e-05, Step [0025/0050],                        [loss_record5: 0.2821]
2021-03-02 15:01:51.765 | INFO     | network.models.trainer:fit:384 - 2021-03-02 15:01:51.765278 Epoch [148/148], with lr = 8e-05, Step [0050/0050],                        [loss_record5: 0.2940]
2021-03-02 15:02:10.548 | INFO     | network.models.trainer:fit:384 - 2021-03-02 15:02:10.548226 Epoch [149/149], with lr = 8e-05, Step [0025/0050],                        [loss_record5: 0.2572]
2021-03-02 15:02:29.330 | INFO     | network.models.trainer:fit:384 - 2021-03-02 15:02:29.330289 Epoch [149/149], with lr = 8e-05, Step [0050/0050],                        [loss_record5: 0.2734]
2021-03-02 15:02:30.044 | INFO     | network.models.trainer:fit:405 - [Saving Snapshot:]/home/admin_mcn/hung/polyp_segmentation/snapshots/TransUnet/PraNetDG-fold1-149.pth
2021-03-02 15:02:48.765 | INFO     | network.models.trainer:fit:384 - 2021-03-02 15:02:48.765732 Epoch [150/150], with lr = 8e-05, Step [0025/0050],                        [loss_record5: 0.2868]
2021-03-02 15:03:07.638 | INFO     | network.models.trainer:fit:384 - 2021-03-02 15:03:07.638233 Epoch [150/150], with lr = 8e-05, Step [0050/0050],                        [loss_record5: 0.3041]
2021-03-02 15:03:26.420 | INFO     | network.models.trainer:fit:384 - 2021-03-02 15:03:26.420283 Epoch [151/151], with lr = 8e-05, Step [0025/0050],                        [loss_record5: 0.2843]
2021-03-02 15:03:45.355 | INFO     | network.models.trainer:fit:384 - 2021-03-02 15:03:45.354815 Epoch [151/151], with lr = 8e-05, Step [0050/0050],                        [loss_record5: 0.3029]
2021-03-02 15:04:04.412 | INFO     | network.models.trainer:fit:384 - 2021-03-02 15:04:04.411724 Epoch [152/152], with lr = 8e-05, Step [0025/0050],                        [loss_record5: 0.4376]
2021-03-02 15:04:23.271 | INFO     | network.models.trainer:fit:384 - 2021-03-02 15:04:23.270761 Epoch [152/152], with lr = 8e-05, Step [0050/0050],                        [loss_record5: 0.4077]
2021-03-02 15:04:24.021 | INFO     | network.models.trainer:fit:405 - [Saving Snapshot:]/home/admin_mcn/hung/polyp_segmentation/snapshots/TransUnet/PraNetDG-fold1-152.pth
2021-03-02 15:04:42.908 | INFO     | network.models.trainer:fit:384 - 2021-03-02 15:04:42.907854 Epoch [153/153], with lr = 8e-05, Step [0025/0050],                        [loss_record5: 0.3084]
2021-03-02 15:05:01.811 | INFO     | network.models.trainer:fit:384 - 2021-03-02 15:05:01.811421 Epoch [153/153], with lr = 8e-05, Step [0050/0050],                        [loss_record5: 0.3923]
2021-03-02 15:05:20.647 | INFO     | network.models.trainer:fit:384 - 2021-03-02 15:05:20.647082 Epoch [154/154], with lr = 8e-05, Step [0025/0050],                        [loss_record5: 0.3404]
2021-03-02 15:05:39.534 | INFO     | network.models.trainer:fit:384 - 2021-03-02 15:05:39.534764 Epoch [154/154], with lr = 8e-05, Step [0050/0050],                        [loss_record5: 0.3154]
2021-03-02 15:05:58.474 | INFO     | network.models.trainer:fit:384 - 2021-03-02 15:05:58.474338 Epoch [155/155], with lr = 8e-05, Step [0025/0050],                        [loss_record5: 0.3098]
2021-03-02 15:06:17.428 | INFO     | network.models.trainer:fit:384 - 2021-03-02 15:06:17.428678 Epoch [155/155], with lr = 8e-05, Step [0050/0050],                        [loss_record5: 0.2963]
2021-03-02 15:06:18.109 | INFO     | network.models.trainer:fit:405 - [Saving Snapshot:]/home/admin_mcn/hung/polyp_segmentation/snapshots/TransUnet/PraNetDG-fold1-155.pth
2021-03-02 15:06:37.061 | INFO     | network.models.trainer:fit:384 - 2021-03-02 15:06:37.060770 Epoch [156/156], with lr = 8e-05, Step [0025/0050],                        [loss_record5: 0.2916]
2021-03-02 15:06:55.786 | INFO     | network.models.trainer:fit:384 - 2021-03-02 15:06:55.786427 Epoch [156/156], with lr = 8e-05, Step [0050/0050],                        [loss_record5: 0.2787]
2021-03-02 15:07:14.621 | INFO     | network.models.trainer:fit:384 - 2021-03-02 15:07:14.620885 Epoch [157/157], with lr = 8e-05, Step [0025/0050],                        [loss_record5: 0.2706]
2021-03-02 15:07:33.534 | INFO     | network.models.trainer:fit:384 - 2021-03-02 15:07:33.534488 Epoch [157/157], with lr = 8e-05, Step [0050/0050],                        [loss_record5: 0.2772]
2021-03-02 15:07:52.297 | INFO     | network.models.trainer:fit:384 - 2021-03-02 15:07:52.297616 Epoch [158/158], with lr = 8e-05, Step [0025/0050],                        [loss_record5: 0.3636]
2021-03-02 15:08:11.276 | INFO     | network.models.trainer:fit:384 - 2021-03-02 15:08:11.276137 Epoch [158/158], with lr = 8e-05, Step [0050/0050],                        [loss_record5: 0.3154]
2021-03-02 15:08:11.965 | INFO     | network.models.trainer:fit:405 - [Saving Snapshot:]/home/admin_mcn/hung/polyp_segmentation/snapshots/TransUnet/PraNetDG-fold1-158.pth
2021-03-02 15:08:30.707 | INFO     | network.models.trainer:fit:384 - 2021-03-02 15:08:30.707127 Epoch [159/159], with lr = 8e-05, Step [0025/0050],                        [loss_record5: 0.2852]
2021-03-02 15:08:49.508 | INFO     | network.models.trainer:fit:384 - 2021-03-02 15:08:49.508670 Epoch [159/159], with lr = 8e-05, Step [0050/0050],                        [loss_record5: 0.3045]
2021-03-02 15:09:08.241 | INFO     | network.models.trainer:fit:384 - 2021-03-02 15:09:08.241042 Epoch [160/160], with lr = 8e-05, Step [0025/0050],                        [loss_record5: 0.2843]
2021-03-02 15:09:27.161 | INFO     | network.models.trainer:fit:384 - 2021-03-02 15:09:27.161350 Epoch [160/160], with lr = 8e-05, Step [0050/0050],                        [loss_record5: 0.3234]
2021-03-02 15:09:45.971 | INFO     | network.models.trainer:fit:384 - 2021-03-02 15:09:45.970785 Epoch [161/161], with lr = 8e-05, Step [0025/0050],                        [loss_record5: 0.3601]
2021-03-02 15:10:04.923 | INFO     | network.models.trainer:fit:384 - 2021-03-02 15:10:04.923468 Epoch [161/161], with lr = 8e-05, Step [0050/0050],                        [loss_record5: 0.3029]
2021-03-02 15:10:05.671 | INFO     | network.models.trainer:fit:405 - [Saving Snapshot:]/home/admin_mcn/hung/polyp_segmentation/snapshots/TransUnet/PraNetDG-fold1-161.pth
2021-03-02 15:10:24.777 | INFO     | network.models.trainer:fit:384 - 2021-03-02 15:10:24.777198 Epoch [162/162], with lr = 8e-05, Step [0025/0050],                        [loss_record5: 0.3038]
2021-03-02 15:10:43.454 | INFO     | network.models.trainer:fit:384 - 2021-03-02 15:10:43.454664 Epoch [162/162], with lr = 8e-05, Step [0050/0050],                        [loss_record5: 0.3046]
2021-03-02 15:11:02.478 | INFO     | network.models.trainer:fit:384 - 2021-03-02 15:11:02.478258 Epoch [163/163], with lr = 8e-05, Step [0025/0050],                        [loss_record5: 0.2817]
2021-03-02 15:11:21.232 | INFO     | network.models.trainer:fit:384 - 2021-03-02 15:11:21.232573 Epoch [163/163], with lr = 8e-05, Step [0050/0050],                        [loss_record5: 0.2784]
2021-03-02 15:11:40.127 | INFO     | network.models.trainer:fit:384 - 2021-03-02 15:11:40.127360 Epoch [164/164], with lr = 8e-05, Step [0025/0050],                        [loss_record5: 0.3069]
2021-03-02 15:11:58.928 | INFO     | network.models.trainer:fit:384 - 2021-03-02 15:11:58.927744 Epoch [164/164], with lr = 8e-05, Step [0050/0050],                        [loss_record5: 0.3394]
2021-03-02 15:11:59.668 | INFO     | network.models.trainer:fit:405 - [Saving Snapshot:]/home/admin_mcn/hung/polyp_segmentation/snapshots/TransUnet/PraNetDG-fold1-164.pth
2021-03-02 15:12:18.499 | INFO     | network.models.trainer:fit:384 - 2021-03-02 15:12:18.498763 Epoch [165/165], with lr = 8e-05, Step [0025/0050],                        [loss_record5: 0.2976]
2021-03-02 15:12:37.338 | INFO     | network.models.trainer:fit:384 - 2021-03-02 15:12:37.338686 Epoch [165/165], with lr = 8e-05, Step [0050/0050],                        [loss_record5: 0.2874]
2021-03-02 15:12:56.124 | INFO     | network.models.trainer:fit:384 - 2021-03-02 15:12:56.124538 Epoch [166/166], with lr = 8e-05, Step [0025/0050],                        [loss_record5: 0.3230]
2021-03-02 15:13:14.986 | INFO     | network.models.trainer:fit:384 - 2021-03-02 15:13:14.986190 Epoch [166/166], with lr = 8e-05, Step [0050/0050],                        [loss_record5: 0.3558]
2021-03-02 15:13:33.760 | INFO     | network.models.trainer:fit:384 - 2021-03-02 15:13:33.760573 Epoch [167/167], with lr = 8e-05, Step [0025/0050],                        [loss_record5: 0.3022]
2021-03-02 15:13:52.624 | INFO     | network.models.trainer:fit:384 - 2021-03-02 15:13:52.624441 Epoch [167/167], with lr = 8e-05, Step [0050/0050],                        [loss_record5: 0.3017]
2021-03-02 15:13:53.304 | INFO     | network.models.trainer:fit:405 - [Saving Snapshot:]/home/admin_mcn/hung/polyp_segmentation/snapshots/TransUnet/PraNetDG-fold1-167.pth
2021-03-02 15:14:12.331 | INFO     | network.models.trainer:fit:384 - 2021-03-02 15:14:12.331034 Epoch [168/168], with lr = 8e-05, Step [0025/0050],                        [loss_record5: 0.2916]
2021-03-02 15:14:31.064 | INFO     | network.models.trainer:fit:384 - 2021-03-02 15:14:31.064487 Epoch [168/168], with lr = 8e-05, Step [0050/0050],                        [loss_record5: 0.3217]
2021-03-02 15:14:50.010 | INFO     | network.models.trainer:fit:384 - 2021-03-02 15:14:50.010657 Epoch [169/169], with lr = 8e-05, Step [0025/0050],                        [loss_record5: 0.2653]
2021-03-02 15:15:08.826 | INFO     | network.models.trainer:fit:384 - 2021-03-02 15:15:08.826486 Epoch [169/169], with lr = 8e-05, Step [0050/0050],                        [loss_record5: 0.2695]
2021-03-02 15:15:27.462 | INFO     | network.models.trainer:fit:384 - 2021-03-02 15:15:27.461986 Epoch [170/170], with lr = 8e-05, Step [0025/0050],                        [loss_record5: 0.2596]
2021-03-02 15:15:46.236 | INFO     | network.models.trainer:fit:384 - 2021-03-02 15:15:46.236017 Epoch [170/170], with lr = 8e-05, Step [0050/0050],                        [loss_record5: 0.2743]
2021-03-02 15:15:46.923 | INFO     | network.models.trainer:fit:405 - [Saving Snapshot:]/home/admin_mcn/hung/polyp_segmentation/snapshots/TransUnet/PraNetDG-fold1-170.pth
2021-03-02 15:16:05.680 | INFO     | network.models.trainer:fit:384 - 2021-03-02 15:16:05.680100 Epoch [171/171], with lr = 8e-05, Step [0025/0050],                        [loss_record5: 0.2820]
2021-03-02 15:16:24.600 | INFO     | network.models.trainer:fit:384 - 2021-03-02 15:16:24.600450 Epoch [171/171], with lr = 8e-05, Step [0050/0050],                        [loss_record5: 0.3184]
2021-03-02 15:16:43.363 | INFO     | network.models.trainer:fit:384 - 2021-03-02 15:16:43.362749 Epoch [172/172], with lr = 8e-05, Step [0025/0050],                        [loss_record5: 0.2966]
2021-03-02 15:17:02.215 | INFO     | network.models.trainer:fit:384 - 2021-03-02 15:17:02.215238 Epoch [172/172], with lr = 8e-05, Step [0050/0050],                        [loss_record5: 0.2700]
2021-03-02 15:17:21.063 | INFO     | network.models.trainer:fit:384 - 2021-03-02 15:17:21.063586 Epoch [173/173], with lr = 8e-05, Step [0025/0050],                        [loss_record5: 0.2911]
2021-03-02 15:17:39.907 | INFO     | network.models.trainer:fit:384 - 2021-03-02 15:17:39.907371 Epoch [173/173], with lr = 8e-05, Step [0050/0050],                        [loss_record5: 0.2879]
2021-03-02 15:17:40.611 | INFO     | network.models.trainer:fit:405 - [Saving Snapshot:]/home/admin_mcn/hung/polyp_segmentation/snapshots/TransUnet/PraNetDG-fold1-173.pth
2021-03-02 15:17:59.600 | INFO     | network.models.trainer:fit:384 - 2021-03-02 15:17:59.600440 Epoch [174/174], with lr = 8e-05, Step [0025/0050],                        [loss_record5: 0.2678]
2021-03-02 15:18:18.448 | INFO     | network.models.trainer:fit:384 - 2021-03-02 15:18:18.448338 Epoch [174/174], with lr = 8e-05, Step [0050/0050],                        [loss_record5: 0.2828]
2021-03-02 15:18:37.230 | INFO     | network.models.trainer:fit:384 - 2021-03-02 15:18:37.230181 Epoch [175/175], with lr = 8e-05, Step [0025/0050],                        [loss_record5: 0.2921]
2021-03-02 15:18:56.177 | INFO     | network.models.trainer:fit:384 - 2021-03-02 15:18:56.177465 Epoch [175/175], with lr = 8e-05, Step [0050/0050],                        [loss_record5: 0.3718]
2021-03-02 15:19:15.101 | INFO     | network.models.trainer:fit:384 - 2021-03-02 15:19:15.101422 Epoch [176/176], with lr = 8e-05, Step [0025/0050],                        [loss_record5: 0.3353]
2021-03-02 15:19:33.891 | INFO     | network.models.trainer:fit:384 - 2021-03-02 15:19:33.891414 Epoch [176/176], with lr = 8e-05, Step [0050/0050],                        [loss_record5: 0.3208]
2021-03-02 15:19:34.617 | INFO     | network.models.trainer:fit:405 - [Saving Snapshot:]/home/admin_mcn/hung/polyp_segmentation/snapshots/TransUnet/PraNetDG-fold1-176.pth
2021-03-02 15:19:53.503 | INFO     | network.models.trainer:fit:384 - 2021-03-02 15:19:53.502851 Epoch [177/177], with lr = 8e-05, Step [0025/0050],                        [loss_record5: 0.2903]
2021-03-02 15:20:12.327 | INFO     | network.models.trainer:fit:384 - 2021-03-02 15:20:12.327432 Epoch [177/177], with lr = 8e-05, Step [0050/0050],                        [loss_record5: 0.3109]
2021-03-02 15:20:31.230 | INFO     | network.models.trainer:fit:384 - 2021-03-02 15:20:31.230355 Epoch [178/178], with lr = 8e-05, Step [0025/0050],                        [loss_record5: 0.3163]
2021-03-02 15:20:49.941 | INFO     | network.models.trainer:fit:384 - 2021-03-02 15:20:49.940763 Epoch [178/178], with lr = 8e-05, Step [0050/0050],                        [loss_record5: 0.2864]
2021-03-02 15:21:08.654 | INFO     | network.models.trainer:fit:384 - 2021-03-02 15:21:08.653814 Epoch [179/179], with lr = 8e-05, Step [0025/0050],                        [loss_record5: 0.2623]
2021-03-02 15:21:27.495 | INFO     | network.models.trainer:fit:384 - 2021-03-02 15:21:27.494995 Epoch [179/179], with lr = 8e-05, Step [0050/0050],                        [loss_record5: 0.2775]
2021-03-02 15:21:28.181 | INFO     | network.models.trainer:fit:405 - [Saving Snapshot:]/home/admin_mcn/hung/polyp_segmentation/snapshots/TransUnet/PraNetDG-fold1-179.pth
2021-03-02 15:21:46.937 | INFO     | network.models.trainer:fit:384 - 2021-03-02 15:21:46.937231 Epoch [180/180], with lr = 8e-05, Step [0025/0050],                        [loss_record5: 0.3226]
2021-03-02 15:22:05.846 | INFO     | network.models.trainer:fit:384 - 2021-03-02 15:22:05.846221 Epoch [180/180], with lr = 8e-05, Step [0050/0050],                        [loss_record5: 0.4194]
2021-03-02 15:22:24.588 | INFO     | network.models.trainer:fit:384 - 2021-03-02 15:22:24.587852 Epoch [181/181], with lr = 8e-05, Step [0025/0050],                        [loss_record5: 0.4161]
2021-03-02 15:22:43.518 | INFO     | network.models.trainer:fit:384 - 2021-03-02 15:22:43.517730 Epoch [181/181], with lr = 8e-05, Step [0050/0050],                        [loss_record5: 0.3736]
2021-03-02 15:23:02.476 | INFO     | network.models.trainer:fit:384 - 2021-03-02 15:23:02.476630 Epoch [182/182], with lr = 8e-05, Step [0025/0050],                        [loss_record5: 0.3103]
2021-03-02 15:23:21.246 | INFO     | network.models.trainer:fit:384 - 2021-03-02 15:23:21.246369 Epoch [182/182], with lr = 8e-05, Step [0050/0050],                        [loss_record5: 0.3130]
2021-03-02 15:23:21.962 | INFO     | network.models.trainer:fit:405 - [Saving Snapshot:]/home/admin_mcn/hung/polyp_segmentation/snapshots/TransUnet/PraNetDG-fold1-182.pth
2021-03-02 15:23:40.865 | INFO     | network.models.trainer:fit:384 - 2021-03-02 15:23:40.865608 Epoch [183/183], with lr = 8e-05, Step [0025/0050],                        [loss_record5: 0.2938]
2021-03-02 15:23:59.798 | INFO     | network.models.trainer:fit:384 - 2021-03-02 15:23:59.798245 Epoch [183/183], with lr = 8e-05, Step [0050/0050],                        [loss_record5: 0.2794]
2021-03-02 15:24:18.579 | INFO     | network.models.trainer:fit:384 - 2021-03-02 15:24:18.578856 Epoch [184/184], with lr = 8e-05, Step [0025/0050],                        [loss_record5: 0.2938]
2021-03-02 15:24:37.428 | INFO     | network.models.trainer:fit:384 - 2021-03-02 15:24:37.427918 Epoch [184/184], with lr = 8e-05, Step [0050/0050],                        [loss_record5: 0.3564]
2021-03-02 15:24:56.100 | INFO     | network.models.trainer:fit:384 - 2021-03-02 15:24:56.099993 Epoch [185/185], with lr = 8e-05, Step [0025/0050],                        [loss_record5: 0.3532]
2021-03-02 15:25:15.051 | INFO     | network.models.trainer:fit:384 - 2021-03-02 15:25:15.051419 Epoch [185/185], with lr = 8e-05, Step [0050/0050],                        [loss_record5: 0.2927]
2021-03-02 15:25:15.757 | INFO     | network.models.trainer:fit:405 - [Saving Snapshot:]/home/admin_mcn/hung/polyp_segmentation/snapshots/TransUnet/PraNetDG-fold1-185.pth
2021-03-02 15:25:34.681 | INFO     | network.models.trainer:fit:384 - 2021-03-02 15:25:34.681136 Epoch [186/186], with lr = 8e-05, Step [0025/0050],                        [loss_record5: 0.3022]
2021-03-02 15:25:53.476 | INFO     | network.models.trainer:fit:384 - 2021-03-02 15:25:53.475844 Epoch [186/186], with lr = 8e-05, Step [0050/0050],                        [loss_record5: 0.2995]
2021-03-02 15:26:12.342 | INFO     | network.models.trainer:fit:384 - 2021-03-02 15:26:12.342743 Epoch [187/187], with lr = 8e-05, Step [0025/0050],                        [loss_record5: 0.2871]
2021-03-02 15:26:31.291 | INFO     | network.models.trainer:fit:384 - 2021-03-02 15:26:31.291772 Epoch [187/187], with lr = 8e-05, Step [0050/0050],                        [loss_record5: 0.2833]
2021-03-02 15:26:50.171 | INFO     | network.models.trainer:fit:384 - 2021-03-02 15:26:50.171349 Epoch [188/188], with lr = 8e-05, Step [0025/0050],                        [loss_record5: 0.2704]
2021-03-02 15:27:09.098 | INFO     | network.models.trainer:fit:384 - 2021-03-02 15:27:09.098449 Epoch [188/188], with lr = 8e-05, Step [0050/0050],                        [loss_record5: 0.3148]
2021-03-02 15:27:09.810 | INFO     | network.models.trainer:fit:405 - [Saving Snapshot:]/home/admin_mcn/hung/polyp_segmentation/snapshots/TransUnet/PraNetDG-fold1-188.pth
2021-03-02 15:27:28.689 | INFO     | network.models.trainer:fit:384 - 2021-03-02 15:27:28.689696 Epoch [189/189], with lr = 8e-05, Step [0025/0050],                        [loss_record5: 0.2772]
2021-03-02 15:27:47.486 | INFO     | network.models.trainer:fit:384 - 2021-03-02 15:27:47.486207 Epoch [189/189], with lr = 8e-05, Step [0050/0050],                        [loss_record5: 0.2799]
2021-03-02 15:28:06.325 | INFO     | network.models.trainer:fit:384 - 2021-03-02 15:28:06.325190 Epoch [190/190], with lr = 8e-05, Step [0025/0050],                        [loss_record5: 0.2570]
2021-03-02 15:28:25.154 | INFO     | network.models.trainer:fit:384 - 2021-03-02 15:28:25.154568 Epoch [190/190], with lr = 8e-05, Step [0050/0050],                        [loss_record5: 0.2671]
2021-03-02 15:28:44.065 | INFO     | network.models.trainer:fit:384 - 2021-03-02 15:28:44.065100 Epoch [191/191], with lr = 8e-05, Step [0025/0050],                        [loss_record5: 0.2390]
2021-03-02 15:29:02.746 | INFO     | network.models.trainer:fit:384 - 2021-03-02 15:29:02.746638 Epoch [191/191], with lr = 8e-05, Step [0050/0050],                        [loss_record5: 0.2592]
2021-03-02 15:29:03.434 | INFO     | network.models.trainer:fit:405 - [Saving Snapshot:]/home/admin_mcn/hung/polyp_segmentation/snapshots/TransUnet/PraNetDG-fold1-191.pth
2021-03-02 15:29:22.259 | INFO     | network.models.trainer:fit:384 - 2021-03-02 15:29:22.259084 Epoch [192/192], with lr = 8e-05, Step [0025/0050],                        [loss_record5: 0.2603]
2021-03-02 15:29:41.127 | INFO     | network.models.trainer:fit:384 - 2021-03-02 15:29:41.127505 Epoch [192/192], with lr = 8e-05, Step [0050/0050],                        [loss_record5: 0.2590]
2021-03-02 15:30:00.030 | INFO     | network.models.trainer:fit:384 - 2021-03-02 15:30:00.030670 Epoch [193/193], with lr = 8e-05, Step [0025/0050],                        [loss_record5: 0.2429]
2021-03-02 15:30:18.798 | INFO     | network.models.trainer:fit:384 - 2021-03-02 15:30:18.798761 Epoch [193/193], with lr = 8e-05, Step [0050/0050],                        [loss_record5: 0.2394]
2021-03-02 15:30:37.482 | INFO     | network.models.trainer:fit:384 - 2021-03-02 15:30:37.482028 Epoch [194/194], with lr = 8e-05, Step [0025/0050],                        [loss_record5: 0.2316]
2021-03-02 15:30:56.471 | INFO     | network.models.trainer:fit:384 - 2021-03-02 15:30:56.470922 Epoch [194/194], with lr = 8e-05, Step [0050/0050],                        [loss_record5: 0.2866]
2021-03-02 15:30:57.174 | INFO     | network.models.trainer:fit:405 - [Saving Snapshot:]/home/admin_mcn/hung/polyp_segmentation/snapshots/TransUnet/PraNetDG-fold1-194.pth
2021-03-02 15:31:16.075 | INFO     | network.models.trainer:fit:384 - 2021-03-02 15:31:16.075284 Epoch [195/195], with lr = 8e-05, Step [0025/0050],                        [loss_record5: 0.2721]
2021-03-02 15:31:34.872 | INFO     | network.models.trainer:fit:384 - 2021-03-02 15:31:34.872669 Epoch [195/195], with lr = 8e-05, Step [0050/0050],                        [loss_record5: 0.2920]
2021-03-02 15:31:53.616 | INFO     | network.models.trainer:fit:384 - 2021-03-02 15:31:53.616062 Epoch [196/196], with lr = 8e-05, Step [0025/0050],                        [loss_record5: 0.3427]
2021-03-02 15:32:12.502 | INFO     | network.models.trainer:fit:384 - 2021-03-02 15:32:12.502128 Epoch [196/196], with lr = 8e-05, Step [0050/0050],                        [loss_record5: 0.2869]
2021-03-02 15:32:31.384 | INFO     | network.models.trainer:fit:384 - 2021-03-02 15:32:31.384590 Epoch [197/197], with lr = 8e-05, Step [0025/0050],                        [loss_record5: 0.2805]
2021-03-02 15:32:50.238 | INFO     | network.models.trainer:fit:384 - 2021-03-02 15:32:50.238261 Epoch [197/197], with lr = 8e-05, Step [0050/0050],                        [loss_record5: 0.2482]
2021-03-02 15:32:50.916 | INFO     | network.models.trainer:fit:405 - [Saving Snapshot:]/home/admin_mcn/hung/polyp_segmentation/snapshots/TransUnet/PraNetDG-fold1-197.pth
2021-03-02 15:33:09.900 | INFO     | network.models.trainer:fit:384 - 2021-03-02 15:33:09.900447 Epoch [198/198], with lr = 8e-05, Step [0025/0050],                        [loss_record5: 0.3126]
2021-03-02 15:33:31.716 | INFO     | network.models.trainer:fit:384 - 2021-03-02 15:33:31.713893 Epoch [198/198], with lr = 8e-05, Step [0050/0050],                        [loss_record5: 0.3186]
2021-03-02 15:33:56.365 | INFO     | network.models.trainer:fit:384 - 2021-03-02 15:33:56.362916 Epoch [199/199], with lr = 8e-05, Step [0025/0050],                        [loss_record5: 0.3303]
2021-03-02 15:34:21.129 | INFO     | network.models.trainer:fit:384 - 2021-03-02 15:34:21.129275 Epoch [199/199], with lr = 8e-05, Step [0050/0050],                        [loss_record5: 0.3034]
2021-03-02 15:34:21.130 | INFO     | network.models.trainer:fit:415 - Training cost: 7717.501794388983seconds
