2021-03-02 01:33:03.725 | INFO     | __main__:main:22 - Load config from configs/transunet_config.yaml
2021-03-02 01:33:03.726 | INFO     | __main__:main:23 - {'dataset': {'data_path': '/home/admin_mcn/hung/polyp_segmentation/data/Kvasir_fold_new', 'train_data_path': ['/home/admin_mcn/hung/polyp_segmentation/data/Kvasir_fold_new/fold_4', '/home/admin_mcn/hung/polyp_segmentation/data/Kvasir_fold_new/fold_1', '/home/admin_mcn/hung/polyp_segmentation/data/Kvasir_fold_new/fold_2', '/home/admin_mcn/hung/polyp_segmentation/data/Kvasir_fold_new/fold_3'], 'test_data_path': ['/home/admin_mcn/hung/polyp_segmentation/data/Kvasir_fold_new/fold_0'], 'fold': 0, 'img_size': 224}, 'model': {'save_dir': '/home/admin_mcn/hung/polyp_segmentation/snapshots', 'arch': 'TransUnet', 'save_from': 80, 'start_from': 0, 'num_epochs': 200}, 'optimizer': {'name': 'adam', 'lr': 8e-05, 'clip': 0.5, 'scheduler': 'cosine_warmup', 'num_warmup_epoch': 5, 'loss': 'structure_loss'}, 'train': {'fold': 0, 'is_val': False, 'dataloader': {'batchsize': 16, 'shuffle': True, 'img_size': 224, 'pin_memory': True, 'drop_last': True}, 'augment': {'prob': 0.7, 'blur_prob': 0.7, 'jitter_prob': 0.7, 'rotate_prob': 0.7, 'flip_prob': 0.7}}, 'test': {'folds': {4: 191}, 'visualize': False, 'visualize_dir': '/home/admin_mcn/hung/polyp_segmentation/results/PraNet_kfold', 'vis_x': 180, 'vis_overwrite': False, 'dataloader': {'batchsize': 1, 'shuffle': False, 'img_size': 224, 'pin_memory': True, 'drop_last': True}, 'augment': {'prob': 0, 'blur_prob': 0, 'jitter_prob': 0, 'rotate_prob': 0, 'flip_prob': 0}}}
2021-03-02 01:33:03.726 | INFO     | __main__:main:29 - Getting datapath
2021-03-02 01:33:03.730 | INFO     | __main__:main:50 - Loading data
2021-03-02 01:33:03.730 | INFO     | __main__:main:63 - Loading model
2021-03-02 01:33:06.611 | INFO     | __main__:main:120 - ####################
2021-03-02 01:33:18.060 | INFO     | network.models.trainer:fit:245 - 2021-03-02 01:33:18.059976 Epoch [000/000], with lr = 1e-05, Step [0025/0050],                        [loss_record5: 1.4474]
2021-03-02 01:33:27.883 | INFO     | network.models.trainer:fit:245 - 2021-03-02 01:33:27.883211 Epoch [000/000], with lr = 1e-05, Step [0050/0050],                        [loss_record5: 1.3970]
2021-03-02 01:33:37.627 | INFO     | network.models.trainer:fit:245 - 2021-03-02 01:33:37.627159 Epoch [001/001], with lr = 2.4e-05, Step [0025/0050],                        [loss_record5: 1.3139]
2021-03-02 01:33:47.690 | INFO     | network.models.trainer:fit:245 - 2021-03-02 01:33:47.689897 Epoch [001/001], with lr = 2.4e-05, Step [0050/0050],                        [loss_record5: 1.2548]
2021-03-02 01:33:57.589 | INFO     | network.models.trainer:fit:245 - 2021-03-02 01:33:57.588883 Epoch [002/002], with lr = 3.8e-05, Step [0025/0050],                        [loss_record5: 1.1781]
2021-03-02 01:34:07.570 | INFO     | network.models.trainer:fit:245 - 2021-03-02 01:34:07.570243 Epoch [002/002], with lr = 3.8e-05, Step [0050/0050],                        [loss_record5: 1.1660]
2021-03-02 01:34:17.499 | INFO     | network.models.trainer:fit:245 - 2021-03-02 01:34:17.499421 Epoch [003/003], with lr = 5.2000000000000004e-05, Step [0025/0050],                        [loss_record5: 1.1105]
2021-03-02 01:34:27.359 | INFO     | network.models.trainer:fit:245 - 2021-03-02 01:34:27.358982 Epoch [003/003], with lr = 5.2000000000000004e-05, Step [0050/0050],                        [loss_record5: 1.0865]
2021-03-02 01:34:37.542 | INFO     | network.models.trainer:fit:245 - 2021-03-02 01:34:37.541940 Epoch [004/004], with lr = 6.6e-05, Step [0025/0050],                        [loss_record5: 1.0579]
2021-03-02 01:34:47.233 | INFO     | network.models.trainer:fit:245 - 2021-03-02 01:34:47.233682 Epoch [004/004], with lr = 6.6e-05, Step [0050/0050],                        [loss_record5: 1.0184]
2021-03-02 01:34:57.181 | INFO     | network.models.trainer:fit:245 - 2021-03-02 01:34:57.180717 Epoch [005/005], with lr = 8e-05, Step [0025/0050],                        [loss_record5: 0.9603]
2021-03-02 01:35:07.470 | INFO     | network.models.trainer:fit:245 - 2021-03-02 01:35:07.469961 Epoch [005/005], with lr = 8e-05, Step [0050/0050],                        [loss_record5: 0.9345]
2021-03-02 01:35:17.324 | INFO     | network.models.trainer:fit:245 - 2021-03-02 01:35:17.324111 Epoch [006/006], with lr = 8e-05, Step [0025/0050],                        [loss_record5: 0.8938]
2021-03-02 01:35:27.141 | INFO     | network.models.trainer:fit:245 - 2021-03-02 01:35:27.141377 Epoch [006/006], with lr = 8e-05, Step [0050/0050],                        [loss_record5: 0.8665]
2021-03-02 01:35:36.959 | INFO     | network.models.trainer:fit:245 - 2021-03-02 01:35:36.959172 Epoch [007/007], with lr = 8e-05, Step [0025/0050],                        [loss_record5: 0.7943]
2021-03-02 01:35:46.974 | INFO     | network.models.trainer:fit:245 - 2021-03-02 01:35:46.974591 Epoch [007/007], with lr = 8e-05, Step [0050/0050],                        [loss_record5: 0.7928]
2021-03-02 01:35:56.757 | INFO     | network.models.trainer:fit:245 - 2021-03-02 01:35:56.756866 Epoch [008/008], with lr = 8e-05, Step [0025/0050],                        [loss_record5: 0.7918]
2021-03-02 01:36:06.702 | INFO     | network.models.trainer:fit:245 - 2021-03-02 01:36:06.701953 Epoch [008/008], with lr = 8e-05, Step [0050/0050],                        [loss_record5: 0.7494]
2021-03-02 01:36:16.385 | INFO     | network.models.trainer:fit:245 - 2021-03-02 01:36:16.385037 Epoch [009/009], with lr = 8e-05, Step [0025/0050],                        [loss_record5: 0.7166]
2021-03-02 01:36:26.512 | INFO     | network.models.trainer:fit:245 - 2021-03-02 01:36:26.512494 Epoch [009/009], with lr = 8e-05, Step [0050/0050],                        [loss_record5: 0.7314]
2021-03-02 01:36:36.508 | INFO     | network.models.trainer:fit:245 - 2021-03-02 01:36:36.508069 Epoch [010/010], with lr = 8e-05, Step [0025/0050],                        [loss_record5: 0.6743]
2021-03-02 01:36:46.330 | INFO     | network.models.trainer:fit:245 - 2021-03-02 01:36:46.330703 Epoch [010/010], with lr = 8e-05, Step [0050/0050],                        [loss_record5: 0.6617]
2021-03-02 01:36:56.335 | INFO     | network.models.trainer:fit:245 - 2021-03-02 01:36:56.335248 Epoch [011/011], with lr = 8e-05, Step [0025/0050],                        [loss_record5: 0.6066]
2021-03-02 01:37:06.137 | INFO     | network.models.trainer:fit:245 - 2021-03-02 01:37:06.137091 Epoch [011/011], with lr = 8e-05, Step [0050/0050],                        [loss_record5: 0.6451]
2021-03-02 01:37:15.912 | INFO     | network.models.trainer:fit:245 - 2021-03-02 01:37:15.912125 Epoch [012/012], with lr = 8e-05, Step [0025/0050],                        [loss_record5: 0.6183]
2021-03-02 01:37:25.783 | INFO     | network.models.trainer:fit:245 - 2021-03-02 01:37:25.782849 Epoch [012/012], with lr = 8e-05, Step [0050/0050],                        [loss_record5: 0.5770]
2021-03-02 01:37:35.413 | INFO     | network.models.trainer:fit:245 - 2021-03-02 01:37:35.413258 Epoch [013/013], with lr = 8e-05, Step [0025/0050],                        [loss_record5: 0.5942]
2021-03-02 01:37:45.458 | INFO     | network.models.trainer:fit:245 - 2021-03-02 01:37:45.458571 Epoch [013/013], with lr = 8e-05, Step [0050/0050],                        [loss_record5: 0.5710]
2021-03-02 01:37:55.136 | INFO     | network.models.trainer:fit:245 - 2021-03-02 01:37:55.135955 Epoch [014/014], with lr = 8e-05, Step [0025/0050],                        [loss_record5: 0.5593]
2021-03-02 01:38:05.023 | INFO     | network.models.trainer:fit:245 - 2021-03-02 01:38:05.023194 Epoch [014/014], with lr = 8e-05, Step [0050/0050],                        [loss_record5: 0.5148]
2021-03-02 01:38:15.029 | INFO     | network.models.trainer:fit:245 - 2021-03-02 01:38:15.029574 Epoch [015/015], with lr = 8e-05, Step [0025/0050],                        [loss_record5: 0.5828]
2021-03-02 01:38:24.849 | INFO     | network.models.trainer:fit:245 - 2021-03-02 01:38:24.849413 Epoch [015/015], with lr = 8e-05, Step [0050/0050],                        [loss_record5: 0.5730]
2021-03-02 01:38:34.691 | INFO     | network.models.trainer:fit:245 - 2021-03-02 01:38:34.691135 Epoch [016/016], with lr = 8e-05, Step [0025/0050],                        [loss_record5: 0.5024]
2021-03-02 01:38:44.681 | INFO     | network.models.trainer:fit:245 - 2021-03-02 01:38:44.681463 Epoch [016/016], with lr = 8e-05, Step [0050/0050],                        [loss_record5: 0.5100]
2021-03-02 01:38:54.527 | INFO     | network.models.trainer:fit:245 - 2021-03-02 01:38:54.526940 Epoch [017/017], with lr = 8e-05, Step [0025/0050],                        [loss_record5: 0.5182]
2021-03-02 01:39:04.459 | INFO     | network.models.trainer:fit:245 - 2021-03-02 01:39:04.459351 Epoch [017/017], with lr = 8e-05, Step [0050/0050],                        [loss_record5: 0.5057]
2021-03-02 01:39:14.296 | INFO     | network.models.trainer:fit:245 - 2021-03-02 01:39:14.296175 Epoch [018/018], with lr = 8e-05, Step [0025/0050],                        [loss_record5: 0.4794]
2021-03-02 01:39:24.272 | INFO     | network.models.trainer:fit:245 - 2021-03-02 01:39:24.272558 Epoch [018/018], with lr = 8e-05, Step [0050/0050],                        [loss_record5: 0.4454]
2021-03-02 01:39:34.391 | INFO     | network.models.trainer:fit:245 - 2021-03-02 01:39:34.391058 Epoch [019/019], with lr = 8e-05, Step [0025/0050],                        [loss_record5: 0.4883]
2021-03-02 01:39:44.218 | INFO     | network.models.trainer:fit:245 - 2021-03-02 01:39:44.218229 Epoch [019/019], with lr = 8e-05, Step [0050/0050],                        [loss_record5: 0.4871]
2021-03-02 01:39:54.067 | INFO     | network.models.trainer:fit:245 - 2021-03-02 01:39:54.067135 Epoch [020/020], with lr = 8e-05, Step [0025/0050],                        [loss_record5: 0.4678]
2021-03-02 01:40:03.917 | INFO     | network.models.trainer:fit:245 - 2021-03-02 01:40:03.916934 Epoch [020/020], with lr = 8e-05, Step [0050/0050],                        [loss_record5: 0.4351]
2021-03-02 01:40:13.787 | INFO     | network.models.trainer:fit:245 - 2021-03-02 01:40:13.787696 Epoch [021/021], with lr = 8e-05, Step [0025/0050],                        [loss_record5: 0.4537]
2021-03-02 01:40:23.692 | INFO     | network.models.trainer:fit:245 - 2021-03-02 01:40:23.692506 Epoch [021/021], with lr = 8e-05, Step [0050/0050],                        [loss_record5: 0.4634]
2021-03-02 01:40:33.827 | INFO     | network.models.trainer:fit:245 - 2021-03-02 01:40:33.827233 Epoch [022/022], with lr = 8e-05, Step [0025/0050],                        [loss_record5: 0.4634]
2021-03-02 01:40:43.723 | INFO     | network.models.trainer:fit:245 - 2021-03-02 01:40:43.723249 Epoch [022/022], with lr = 8e-05, Step [0050/0050],                        [loss_record5: 0.4643]
2021-03-02 01:40:53.685 | INFO     | network.models.trainer:fit:245 - 2021-03-02 01:40:53.685024 Epoch [023/023], with lr = 8e-05, Step [0025/0050],                        [loss_record5: 0.4196]
2021-03-02 01:41:03.556 | INFO     | network.models.trainer:fit:245 - 2021-03-02 01:41:03.556188 Epoch [023/023], with lr = 8e-05, Step [0050/0050],                        [loss_record5: 0.4242]
2021-03-02 01:41:04.018 | INFO     | network.models.trainer:fit:254 - [Saving Snapshot:]/home/admin_mcn/hung/polyp_segmentation/snapshots/TransUnet/PraNetDG-fold0-23.pth
2021-03-02 01:41:13.966 | INFO     | network.models.trainer:fit:245 - 2021-03-02 01:41:13.965958 Epoch [024/024], with lr = 8e-05, Step [0025/0050],                        [loss_record5: 0.4355]
2021-03-02 01:41:23.722 | INFO     | network.models.trainer:fit:245 - 2021-03-02 01:41:23.722028 Epoch [024/024], with lr = 8e-05, Step [0050/0050],                        [loss_record5: 0.4343]
2021-03-02 01:41:33.517 | INFO     | network.models.trainer:fit:245 - 2021-03-02 01:41:33.517731 Epoch [025/025], with lr = 8e-05, Step [0025/0050],                        [loss_record5: 0.4032]
2021-03-02 01:41:43.321 | INFO     | network.models.trainer:fit:245 - 2021-03-02 01:41:43.321430 Epoch [025/025], with lr = 8e-05, Step [0050/0050],                        [loss_record5: 0.4028]
2021-03-02 01:41:53.221 | INFO     | network.models.trainer:fit:245 - 2021-03-02 01:41:53.221266 Epoch [026/026], with lr = 8e-05, Step [0025/0050],                        [loss_record5: 0.4329]
2021-03-02 01:42:03.070 | INFO     | network.models.trainer:fit:245 - 2021-03-02 01:42:03.070601 Epoch [026/026], with lr = 8e-05, Step [0050/0050],                        [loss_record5: 0.4141]
2021-03-02 01:42:12.954 | INFO     | network.models.trainer:fit:245 - 2021-03-02 01:42:12.953936 Epoch [027/027], with lr = 8e-05, Step [0025/0050],                        [loss_record5: 0.4971]
2021-03-02 01:42:22.782 | INFO     | network.models.trainer:fit:245 - 2021-03-02 01:42:22.782245 Epoch [027/027], with lr = 8e-05, Step [0050/0050],                        [loss_record5: 0.4628]
2021-03-02 01:42:32.658 | INFO     | network.models.trainer:fit:245 - 2021-03-02 01:42:32.658351 Epoch [028/028], with lr = 8e-05, Step [0025/0050],                        [loss_record5: 0.4018]
2021-03-02 01:42:42.386 | INFO     | network.models.trainer:fit:245 - 2021-03-02 01:42:42.386255 Epoch [028/028], with lr = 8e-05, Step [0050/0050],                        [loss_record5: 0.4439]
2021-03-02 01:42:52.187 | INFO     | network.models.trainer:fit:245 - 2021-03-02 01:42:52.187687 Epoch [029/029], with lr = 8e-05, Step [0025/0050],                        [loss_record5: 0.4210]
2021-03-02 01:43:02.066 | INFO     | network.models.trainer:fit:245 - 2021-03-02 01:43:02.066783 Epoch [029/029], with lr = 8e-05, Step [0050/0050],                        [loss_record5: 0.4440]
2021-03-02 01:43:11.831 | INFO     | network.models.trainer:fit:245 - 2021-03-02 01:43:11.831339 Epoch [030/030], with lr = 8e-05, Step [0025/0050],                        [loss_record5: 0.4981]
2021-03-02 01:43:21.681 | INFO     | network.models.trainer:fit:245 - 2021-03-02 01:43:21.681627 Epoch [030/030], with lr = 8e-05, Step [0050/0050],                        [loss_record5: 0.4623]
2021-03-02 01:43:31.466 | INFO     | network.models.trainer:fit:245 - 2021-03-02 01:43:31.466193 Epoch [031/031], with lr = 8e-05, Step [0025/0050],                        [loss_record5: 0.4399]
2021-03-02 01:43:41.368 | INFO     | network.models.trainer:fit:245 - 2021-03-02 01:43:41.368237 Epoch [031/031], with lr = 8e-05, Step [0050/0050],                        [loss_record5: 0.4119]
2021-03-02 01:43:51.403 | INFO     | network.models.trainer:fit:245 - 2021-03-02 01:43:51.403461 Epoch [032/032], with lr = 8e-05, Step [0025/0050],                        [loss_record5: 0.4137]
2021-03-02 01:44:01.212 | INFO     | network.models.trainer:fit:245 - 2021-03-02 01:44:01.212533 Epoch [032/032], with lr = 8e-05, Step [0050/0050],                        [loss_record5: 0.3875]
2021-03-02 01:44:11.102 | INFO     | network.models.trainer:fit:245 - 2021-03-02 01:44:11.102746 Epoch [033/033], with lr = 8e-05, Step [0025/0050],                        [loss_record5: 0.3955]
2021-03-02 01:44:21.027 | INFO     | network.models.trainer:fit:245 - 2021-03-02 01:44:21.026973 Epoch [033/033], with lr = 8e-05, Step [0050/0050],                        [loss_record5: 0.3737]
2021-03-02 01:44:30.925 | INFO     | network.models.trainer:fit:245 - 2021-03-02 01:44:30.924922 Epoch [034/034], with lr = 8e-05, Step [0025/0050],                        [loss_record5: 0.3573]
2021-03-02 01:44:40.932 | INFO     | network.models.trainer:fit:245 - 2021-03-02 01:44:40.932259 Epoch [034/034], with lr = 8e-05, Step [0050/0050],                        [loss_record5: 0.3457]
2021-03-02 01:44:50.870 | INFO     | network.models.trainer:fit:245 - 2021-03-02 01:44:50.869993 Epoch [035/035], with lr = 8e-05, Step [0025/0050],                        [loss_record5: 0.3501]
2021-03-02 01:45:00.737 | INFO     | network.models.trainer:fit:245 - 2021-03-02 01:45:00.737638 Epoch [035/035], with lr = 8e-05, Step [0050/0050],                        [loss_record5: 0.3873]
2021-03-02 01:45:10.748 | INFO     | network.models.trainer:fit:245 - 2021-03-02 01:45:10.747828 Epoch [036/036], with lr = 8e-05, Step [0025/0050],                        [loss_record5: 0.3519]
2021-03-02 01:45:20.419 | INFO     | network.models.trainer:fit:245 - 2021-03-02 01:45:20.419374 Epoch [036/036], with lr = 8e-05, Step [0050/0050],                        [loss_record5: 0.3686]
2021-03-02 01:45:30.202 | INFO     | network.models.trainer:fit:245 - 2021-03-02 01:45:30.201890 Epoch [037/037], with lr = 8e-05, Step [0025/0050],                        [loss_record5: 0.3610]
2021-03-02 01:45:40.102 | INFO     | network.models.trainer:fit:245 - 2021-03-02 01:45:40.102298 Epoch [037/037], with lr = 8e-05, Step [0050/0050],                        [loss_record5: 0.3521]
2021-03-02 01:45:49.931 | INFO     | network.models.trainer:fit:245 - 2021-03-02 01:45:49.931025 Epoch [038/038], with lr = 8e-05, Step [0025/0050],                        [loss_record5: 0.3558]
2021-03-02 01:45:59.884 | INFO     | network.models.trainer:fit:245 - 2021-03-02 01:45:59.884514 Epoch [038/038], with lr = 8e-05, Step [0050/0050],                        [loss_record5: 0.3707]
2021-03-02 01:46:09.841 | INFO     | network.models.trainer:fit:245 - 2021-03-02 01:46:09.840961 Epoch [039/039], with lr = 8e-05, Step [0025/0050],                        [loss_record5: 0.3418]
2021-03-02 01:46:19.732 | INFO     | network.models.trainer:fit:245 - 2021-03-02 01:46:19.732207 Epoch [039/039], with lr = 8e-05, Step [0050/0050],                        [loss_record5: 0.3603]
2021-03-02 01:46:29.662 | INFO     | network.models.trainer:fit:245 - 2021-03-02 01:46:29.662666 Epoch [040/040], with lr = 8e-05, Step [0025/0050],                        [loss_record5: 0.4023]
2021-03-02 01:46:39.577 | INFO     | network.models.trainer:fit:245 - 2021-03-02 01:46:39.577485 Epoch [040/040], with lr = 8e-05, Step [0050/0050],                        [loss_record5: 0.3487]
2021-03-02 01:46:49.469 | INFO     | network.models.trainer:fit:245 - 2021-03-02 01:46:49.469729 Epoch [041/041], with lr = 8e-05, Step [0025/0050],                        [loss_record5: 0.3194]
2021-03-02 01:46:59.338 | INFO     | network.models.trainer:fit:245 - 2021-03-02 01:46:59.338771 Epoch [041/041], with lr = 8e-05, Step [0050/0050],                        [loss_record5: 0.3318]
2021-03-02 01:47:09.110 | INFO     | network.models.trainer:fit:245 - 2021-03-02 01:47:09.109915 Epoch [042/042], with lr = 8e-05, Step [0025/0050],                        [loss_record5: 0.3381]
2021-03-02 01:47:18.959 | INFO     | network.models.trainer:fit:245 - 2021-03-02 01:47:18.959268 Epoch [042/042], with lr = 8e-05, Step [0050/0050],                        [loss_record5: 0.3439]
2021-03-02 01:47:28.725 | INFO     | network.models.trainer:fit:245 - 2021-03-02 01:47:28.725544 Epoch [043/043], with lr = 8e-05, Step [0025/0050],                        [loss_record5: 0.3508]
2021-03-02 01:47:38.911 | INFO     | network.models.trainer:fit:245 - 2021-03-02 01:47:38.911332 Epoch [043/043], with lr = 8e-05, Step [0050/0050],                        [loss_record5: 0.3245]
2021-03-02 01:47:48.817 | INFO     | network.models.trainer:fit:245 - 2021-03-02 01:47:48.817542 Epoch [044/044], with lr = 8e-05, Step [0025/0050],                        [loss_record5: 0.3217]
2021-03-02 01:47:58.729 | INFO     | network.models.trainer:fit:245 - 2021-03-02 01:47:58.728896 Epoch [044/044], with lr = 8e-05, Step [0050/0050],                        [loss_record5: 0.3392]
2021-03-02 01:48:08.513 | INFO     | network.models.trainer:fit:245 - 2021-03-02 01:48:08.513743 Epoch [045/045], with lr = 8e-05, Step [0025/0050],                        [loss_record5: 0.3319]
2021-03-02 01:48:18.369 | INFO     | network.models.trainer:fit:245 - 2021-03-02 01:48:18.369105 Epoch [045/045], with lr = 8e-05, Step [0050/0050],                        [loss_record5: 0.3438]
2021-03-02 01:48:28.072 | INFO     | network.models.trainer:fit:245 - 2021-03-02 01:48:28.072143 Epoch [046/046], with lr = 8e-05, Step [0025/0050],                        [loss_record5: 0.3578]
2021-03-02 01:48:37.914 | INFO     | network.models.trainer:fit:245 - 2021-03-02 01:48:37.913876 Epoch [046/046], with lr = 8e-05, Step [0050/0050],                        [loss_record5: 0.3811]
2021-03-02 01:48:47.872 | INFO     | network.models.trainer:fit:245 - 2021-03-02 01:48:47.872486 Epoch [047/047], with lr = 8e-05, Step [0025/0050],                        [loss_record5: 0.3612]
2021-03-02 01:48:57.937 | INFO     | network.models.trainer:fit:245 - 2021-03-02 01:48:57.937589 Epoch [047/047], with lr = 8e-05, Step [0050/0050],                        [loss_record5: 0.3376]
2021-03-02 01:49:07.872 | INFO     | network.models.trainer:fit:245 - 2021-03-02 01:49:07.872181 Epoch [048/048], with lr = 8e-05, Step [0025/0050],                        [loss_record5: 0.2937]
2021-03-02 01:49:17.678 | INFO     | network.models.trainer:fit:245 - 2021-03-02 01:49:17.678720 Epoch [048/048], with lr = 8e-05, Step [0050/0050],                        [loss_record5: 0.3255]
2021-03-02 01:49:27.514 | INFO     | network.models.trainer:fit:245 - 2021-03-02 01:49:27.514358 Epoch [049/049], with lr = 8e-05, Step [0025/0050],                        [loss_record5: 0.3204]
2021-03-02 01:49:37.509 | INFO     | network.models.trainer:fit:245 - 2021-03-02 01:49:37.509034 Epoch [049/049], with lr = 8e-05, Step [0050/0050],                        [loss_record5: 0.3202]
2021-03-02 01:49:47.432 | INFO     | network.models.trainer:fit:245 - 2021-03-02 01:49:47.432758 Epoch [050/050], with lr = 8e-05, Step [0025/0050],                        [loss_record5: 0.3463]
2021-03-02 01:49:57.167 | INFO     | network.models.trainer:fit:245 - 2021-03-02 01:49:57.167721 Epoch [050/050], with lr = 8e-05, Step [0050/0050],                        [loss_record5: 0.3206]
2021-03-02 01:50:06.931 | INFO     | network.models.trainer:fit:245 - 2021-03-02 01:50:06.931603 Epoch [051/051], with lr = 8e-05, Step [0025/0050],                        [loss_record5: 0.3196]
2021-03-02 01:50:16.806 | INFO     | network.models.trainer:fit:245 - 2021-03-02 01:50:16.806702 Epoch [051/051], with lr = 8e-05, Step [0050/0050],                        [loss_record5: 0.3210]
2021-03-02 01:50:26.676 | INFO     | network.models.trainer:fit:245 - 2021-03-02 01:50:26.676491 Epoch [052/052], with lr = 8e-05, Step [0025/0050],                        [loss_record5: 0.3160]
2021-03-02 01:50:36.486 | INFO     | network.models.trainer:fit:245 - 2021-03-02 01:50:36.486571 Epoch [052/052], with lr = 8e-05, Step [0050/0050],                        [loss_record5: 0.3516]
2021-03-02 01:50:46.468 | INFO     | network.models.trainer:fit:245 - 2021-03-02 01:50:46.468020 Epoch [053/053], with lr = 8e-05, Step [0025/0050],                        [loss_record5: 0.3435]
2021-03-02 01:50:56.339 | INFO     | network.models.trainer:fit:245 - 2021-03-02 01:50:56.339458 Epoch [053/053], with lr = 8e-05, Step [0050/0050],                        [loss_record5: 0.3353]
2021-03-02 01:51:06.196 | INFO     | network.models.trainer:fit:245 - 2021-03-02 01:51:06.196637 Epoch [054/054], with lr = 8e-05, Step [0025/0050],                        [loss_record5: 0.3457]
2021-03-02 01:51:16.018 | INFO     | network.models.trainer:fit:245 - 2021-03-02 01:51:16.018449 Epoch [054/054], with lr = 8e-05, Step [0050/0050],                        [loss_record5: 0.3657]
2021-03-02 01:51:25.857 | INFO     | network.models.trainer:fit:245 - 2021-03-02 01:51:25.857123 Epoch [055/055], with lr = 8e-05, Step [0025/0050],                        [loss_record5: 0.3339]
2021-03-02 01:51:35.738 | INFO     | network.models.trainer:fit:245 - 2021-03-02 01:51:35.738588 Epoch [055/055], with lr = 8e-05, Step [0050/0050],                        [loss_record5: 0.3522]
2021-03-02 01:51:45.413 | INFO     | network.models.trainer:fit:245 - 2021-03-02 01:51:45.413113 Epoch [056/056], with lr = 8e-05, Step [0025/0050],                        [loss_record5: 0.2981]
2021-03-02 01:51:55.407 | INFO     | network.models.trainer:fit:245 - 2021-03-02 01:51:55.407013 Epoch [056/056], with lr = 8e-05, Step [0050/0050],                        [loss_record5: 0.2894]
2021-03-02 01:52:05.145 | INFO     | network.models.trainer:fit:245 - 2021-03-02 01:52:05.145189 Epoch [057/057], with lr = 8e-05, Step [0025/0050],                        [loss_record5: 0.3139]
2021-03-02 01:52:15.410 | INFO     | network.models.trainer:fit:245 - 2021-03-02 01:52:15.409900 Epoch [057/057], with lr = 8e-05, Step [0050/0050],                        [loss_record5: 0.3681]
2021-03-02 01:52:25.378 | INFO     | network.models.trainer:fit:245 - 2021-03-02 01:52:25.378142 Epoch [058/058], with lr = 8e-05, Step [0025/0050],                        [loss_record5: 0.3521]
2021-03-02 01:52:35.077 | INFO     | network.models.trainer:fit:245 - 2021-03-02 01:52:35.077729 Epoch [058/058], with lr = 8e-05, Step [0050/0050],                        [loss_record5: 0.3329]
2021-03-02 01:52:45.259 | INFO     | network.models.trainer:fit:245 - 2021-03-02 01:52:45.259670 Epoch [059/059], with lr = 8e-05, Step [0025/0050],                        [loss_record5: 0.2776]
2021-03-02 01:52:55.088 | INFO     | network.models.trainer:fit:245 - 2021-03-02 01:52:55.088774 Epoch [059/059], with lr = 8e-05, Step [0050/0050],                        [loss_record5: 0.2812]
2021-03-02 01:53:04.964 | INFO     | network.models.trainer:fit:245 - 2021-03-02 01:53:04.963840 Epoch [060/060], with lr = 8e-05, Step [0025/0050],                        [loss_record5: 0.3186]
2021-03-02 01:53:14.916 | INFO     | network.models.trainer:fit:245 - 2021-03-02 01:53:14.916414 Epoch [060/060], with lr = 8e-05, Step [0050/0050],                        [loss_record5: 0.3247]
2021-03-02 01:53:24.870 | INFO     | network.models.trainer:fit:245 - 2021-03-02 01:53:24.870051 Epoch [061/061], with lr = 8e-05, Step [0025/0050],                        [loss_record5: 0.3212]
