2021-03-02 15:35:51.531 | INFO     | __main__:main:25 - Load config from configs/transunet_config.yaml
2021-03-02 15:35:51.531 | INFO     | __main__:main:26 - {'dataset': {'data_path': '/home/admin_mcn/hung/polyp_segmentation/data/Kvasir_fold_new', 'train_data_path': ['/home/admin_mcn/hung/polyp_segmentation/data/Kvasir_fold_new/fold_2', '/home/admin_mcn/hung/polyp_segmentation/data/Kvasir_fold_new/fold_4', '/home/admin_mcn/hung/polyp_segmentation/data/Kvasir_fold_new/fold_0', '/home/admin_mcn/hung/polyp_segmentation/data/Kvasir_fold_new/fold_1'], 'test_data_path': ['/home/admin_mcn/hung/polyp_segmentation/data/Kvasir_fold_new/fold_3'], 'fold': 3, 'img_size': 352}, 'model': {'save_dir': '/home/admin_mcn/hung/polyp_segmentation/snapshots', 'arch': 'TransUnet', 'save_from': 80, 'start_from': 0, 'num_epochs': 200}, 'optimizer': {'name': 'adam', 'lr': 8e-05, 'clip': 0.5, 'scheduler': 'cosine_warmup', 'num_warmup_epoch': 5, 'loss': 'structure_loss'}, 'train': {'fold': 3, 'is_val': False, 'dataloader': {'batchsize': 16, 'shuffle': True, 'img_size': 352, 'pin_memory': True, 'drop_last': True}, 'augment': {'prob': 0.7, 'blur_prob': 0.7, 'jitter_prob': 0.7, 'rotate_prob': 0.7, 'flip_prob': 0.7}}, 'test': {'folds': {1: [82, 200]}, 'visualize': False, 'visualize_dir': '/home/admin_mcn/hung/polyp_segmentation/results/PraNet_kfold', 'vis_x': 180, 'vis_overwrite': False, 'dataloader': {'batchsize': 1, 'shuffle': False, 'img_size': 352, 'pin_memory': True, 'drop_last': True}, 'augment': {'prob': 0, 'blur_prob': 0, 'jitter_prob': 0, 'rotate_prob': 0, 'flip_prob': 0}}}
2021-03-02 15:35:51.531 | INFO     | __main__:main:29 - Getting datapath
2021-03-02 15:35:51.536 | INFO     | __main__:main:49 - Loading data
2021-03-02 15:35:51.536 | INFO     | __main__:main:73 - Loading model
2021-03-02 15:35:54.737 | INFO     | __main__:main:132 - ####################
2021-03-02 15:36:21.280 | INFO     | network.models.trainer:fit:384 - 2021-03-02 15:36:21.280422 Epoch [000/000], with lr = 1e-05, Step [0025/0050],                        [loss_record5: 1.5882]
2021-03-02 15:36:46.056 | INFO     | network.models.trainer:fit:384 - 2021-03-02 15:36:46.053777 Epoch [000/000], with lr = 1e-05, Step [0050/0050],                        [loss_record5: 1.4797]
2021-03-02 15:37:10.922 | INFO     | network.models.trainer:fit:384 - 2021-03-02 15:37:10.922007 Epoch [001/001], with lr = 2.4e-05, Step [0025/0050],                        [loss_record5: 1.3500]
2021-03-02 15:37:35.786 | INFO     | network.models.trainer:fit:384 - 2021-03-02 15:37:35.786123 Epoch [001/001], with lr = 2.4e-05, Step [0050/0050],                        [loss_record5: 1.3053]
2021-03-02 15:38:00.571 | INFO     | network.models.trainer:fit:384 - 2021-03-02 15:38:00.570713 Epoch [002/002], with lr = 3.8e-05, Step [0025/0050],                        [loss_record5: 1.2169]
2021-03-02 15:38:25.743 | INFO     | network.models.trainer:fit:384 - 2021-03-02 15:38:25.741263 Epoch [002/002], with lr = 3.8e-05, Step [0050/0050],                        [loss_record5: 1.2291]
2021-03-02 15:38:50.579 | INFO     | network.models.trainer:fit:384 - 2021-03-02 15:38:50.579380 Epoch [003/003], with lr = 5.2000000000000004e-05, Step [0025/0050],                        [loss_record5: 1.1846]
2021-03-02 15:39:15.532 | INFO     | network.models.trainer:fit:384 - 2021-03-02 15:39:15.531800 Epoch [003/003], with lr = 5.2000000000000004e-05, Step [0050/0050],                        [loss_record5: 1.1530]
2021-03-02 15:39:40.354 | INFO     | network.models.trainer:fit:384 - 2021-03-02 15:39:40.354017 Epoch [004/004], with lr = 6.6e-05, Step [0025/0050],                        [loss_record5: 1.1507]
2021-03-02 15:40:05.806 | INFO     | network.models.trainer:fit:384 - 2021-03-02 15:40:05.805699 Epoch [004/004], with lr = 6.6e-05, Step [0050/0050],                        [loss_record5: 1.1362]
2021-03-02 15:40:30.518 | INFO     | network.models.trainer:fit:384 - 2021-03-02 15:40:30.517066 Epoch [005/005], with lr = 8e-05, Step [0025/0050],                        [loss_record5: 1.1067]
2021-03-02 15:40:55.385 | INFO     | network.models.trainer:fit:384 - 2021-03-02 15:40:55.383268 Epoch [005/005], with lr = 8e-05, Step [0050/0050],                        [loss_record5: 1.0933]
2021-03-02 15:41:20.331 | INFO     | network.models.trainer:fit:384 - 2021-03-02 15:41:20.329741 Epoch [006/006], with lr = 8e-05, Step [0025/0050],                        [loss_record5: 1.0191]
2021-03-02 15:41:45.473 | INFO     | network.models.trainer:fit:384 - 2021-03-02 15:41:45.473051 Epoch [006/006], with lr = 8e-05, Step [0050/0050],                        [loss_record5: 1.0269]
2021-03-02 15:42:07.841 | INFO     | network.models.trainer:fit:384 - 2021-03-02 15:42:07.841568 Epoch [007/007], with lr = 8e-05, Step [0025/0050],                        [loss_record5: 1.0043]
2021-03-02 15:42:26.666 | INFO     | network.models.trainer:fit:384 - 2021-03-02 15:42:26.666026 Epoch [007/007], with lr = 8e-05, Step [0050/0050],                        [loss_record5: 1.0083]
2021-03-02 15:42:45.692 | INFO     | network.models.trainer:fit:384 - 2021-03-02 15:42:45.692443 Epoch [008/008], with lr = 8e-05, Step [0025/0050],                        [loss_record5: 0.9349]
2021-03-02 15:43:04.440 | INFO     | network.models.trainer:fit:384 - 2021-03-02 15:43:04.439996 Epoch [008/008], with lr = 8e-05, Step [0050/0050],                        [loss_record5: 0.9384]
2021-03-02 15:43:23.449 | INFO     | network.models.trainer:fit:384 - 2021-03-02 15:43:23.448806 Epoch [009/009], with lr = 8e-05, Step [0025/0050],                        [loss_record5: 0.9082]
2021-03-02 15:43:42.161 | INFO     | network.models.trainer:fit:384 - 2021-03-02 15:43:42.161401 Epoch [009/009], with lr = 8e-05, Step [0050/0050],                        [loss_record5: 0.9268]
2021-03-02 15:44:00.925 | INFO     | network.models.trainer:fit:384 - 2021-03-02 15:44:00.925412 Epoch [010/010], with lr = 8e-05, Step [0025/0050],                        [loss_record5: 0.8921]
2021-03-02 15:44:19.800 | INFO     | network.models.trainer:fit:384 - 2021-03-02 15:44:19.800744 Epoch [010/010], with lr = 8e-05, Step [0050/0050],                        [loss_record5: 0.8894]
2021-03-02 15:44:38.549 | INFO     | network.models.trainer:fit:384 - 2021-03-02 15:44:38.548838 Epoch [011/011], with lr = 8e-05, Step [0025/0050],                        [loss_record5: 0.8481]
2021-03-02 15:44:57.396 | INFO     | network.models.trainer:fit:384 - 2021-03-02 15:44:57.396492 Epoch [011/011], with lr = 8e-05, Step [0050/0050],                        [loss_record5: 0.8268]
2021-03-02 15:45:16.322 | INFO     | network.models.trainer:fit:384 - 2021-03-02 15:45:16.322042 Epoch [012/012], with lr = 8e-05, Step [0025/0050],                        [loss_record5: 0.8170]
2021-03-02 15:45:34.925 | INFO     | network.models.trainer:fit:384 - 2021-03-02 15:45:34.925573 Epoch [012/012], with lr = 8e-05, Step [0050/0050],                        [loss_record5: 0.8044]
2021-03-02 15:45:53.849 | INFO     | network.models.trainer:fit:384 - 2021-03-02 15:45:53.849460 Epoch [013/013], with lr = 8e-05, Step [0025/0050],                        [loss_record5: 0.7878]
2021-03-02 15:46:12.600 | INFO     | network.models.trainer:fit:384 - 2021-03-02 15:46:12.600552 Epoch [013/013], with lr = 8e-05, Step [0050/0050],                        [loss_record5: 0.7579]
2021-03-02 15:46:31.444 | INFO     | network.models.trainer:fit:384 - 2021-03-02 15:46:31.444325 Epoch [014/014], with lr = 8e-05, Step [0025/0050],                        [loss_record5: 0.7831]
2021-03-02 15:46:50.289 | INFO     | network.models.trainer:fit:384 - 2021-03-02 15:46:50.289144 Epoch [014/014], with lr = 8e-05, Step [0050/0050],                        [loss_record5: 0.7610]
2021-03-02 15:47:09.198 | INFO     | network.models.trainer:fit:384 - 2021-03-02 15:47:09.198738 Epoch [015/015], with lr = 8e-05, Step [0025/0050],                        [loss_record5: 0.7173]
2021-03-02 15:47:27.987 | INFO     | network.models.trainer:fit:384 - 2021-03-02 15:47:27.986791 Epoch [015/015], with lr = 8e-05, Step [0050/0050],                        [loss_record5: 0.7267]
2021-03-02 15:47:46.961 | INFO     | network.models.trainer:fit:384 - 2021-03-02 15:47:46.961655 Epoch [016/016], with lr = 8e-05, Step [0025/0050],                        [loss_record5: 0.6839]
2021-03-02 15:48:05.793 | INFO     | network.models.trainer:fit:384 - 2021-03-02 15:48:05.793414 Epoch [016/016], with lr = 8e-05, Step [0050/0050],                        [loss_record5: 0.6888]
2021-03-02 15:48:24.877 | INFO     | network.models.trainer:fit:384 - 2021-03-02 15:48:24.877579 Epoch [017/017], with lr = 8e-05, Step [0025/0050],                        [loss_record5: 0.6837]
2021-03-02 15:48:43.533 | INFO     | network.models.trainer:fit:384 - 2021-03-02 15:48:43.533705 Epoch [017/017], with lr = 8e-05, Step [0050/0050],                        [loss_record5: 0.6726]
2021-03-02 15:49:02.369 | INFO     | network.models.trainer:fit:384 - 2021-03-02 15:49:02.369209 Epoch [018/018], with lr = 8e-05, Step [0025/0050],                        [loss_record5: 0.6572]
2021-03-02 15:49:21.198 | INFO     | network.models.trainer:fit:384 - 2021-03-02 15:49:21.198382 Epoch [018/018], with lr = 8e-05, Step [0050/0050],                        [loss_record5: 0.6698]
2021-03-02 15:49:39.890 | INFO     | network.models.trainer:fit:384 - 2021-03-02 15:49:39.890471 Epoch [019/019], with lr = 8e-05, Step [0025/0050],                        [loss_record5: 0.6415]
2021-03-02 15:49:58.813 | INFO     | network.models.trainer:fit:384 - 2021-03-02 15:49:58.812948 Epoch [019/019], with lr = 8e-05, Step [0050/0050],                        [loss_record5: 0.6177]
2021-03-02 15:50:17.758 | INFO     | network.models.trainer:fit:384 - 2021-03-02 15:50:17.758567 Epoch [020/020], with lr = 8e-05, Step [0025/0050],                        [loss_record5: 0.6375]
2021-03-02 15:50:36.637 | INFO     | network.models.trainer:fit:384 - 2021-03-02 15:50:36.637348 Epoch [020/020], with lr = 8e-05, Step [0050/0050],                        [loss_record5: 0.6297]
2021-03-02 15:50:55.541 | INFO     | network.models.trainer:fit:384 - 2021-03-02 15:50:55.541081 Epoch [021/021], with lr = 8e-05, Step [0025/0050],                        [loss_record5: 0.5887]
2021-03-02 15:51:14.289 | INFO     | network.models.trainer:fit:384 - 2021-03-02 15:51:14.288800 Epoch [021/021], with lr = 8e-05, Step [0050/0050],                        [loss_record5: 0.6068]
2021-03-02 15:51:33.036 | INFO     | network.models.trainer:fit:384 - 2021-03-02 15:51:33.036564 Epoch [022/022], with lr = 8e-05, Step [0025/0050],                        [loss_record5: 0.5485]
2021-03-02 15:51:51.770 | INFO     | network.models.trainer:fit:384 - 2021-03-02 15:51:51.769832 Epoch [022/022], with lr = 8e-05, Step [0050/0050],                        [loss_record5: 0.5877]
2021-03-02 15:52:10.563 | INFO     | network.models.trainer:fit:384 - 2021-03-02 15:52:10.563011 Epoch [023/023], with lr = 8e-05, Step [0025/0050],                        [loss_record5: 0.5675]
2021-03-02 15:52:29.420 | INFO     | network.models.trainer:fit:384 - 2021-03-02 15:52:29.419910 Epoch [023/023], with lr = 8e-05, Step [0050/0050],                        [loss_record5: 0.5650]
2021-03-02 15:52:30.286 | INFO     | network.models.trainer:fit:405 - [Saving Snapshot:]/home/admin_mcn/hung/polyp_segmentation/snapshots/TransUnet/PraNetDG-fold3-23.pth
2021-03-02 15:52:49.227 | INFO     | network.models.trainer:fit:384 - 2021-03-02 15:52:49.227672 Epoch [024/024], with lr = 8e-05, Step [0025/0050],                        [loss_record5: 0.5757]
2021-03-02 15:53:08.104 | INFO     | network.models.trainer:fit:384 - 2021-03-02 15:53:08.104193 Epoch [024/024], with lr = 8e-05, Step [0050/0050],                        [loss_record5: 0.5639]
2021-03-02 15:53:27.125 | INFO     | network.models.trainer:fit:384 - 2021-03-02 15:53:27.125786 Epoch [025/025], with lr = 8e-05, Step [0025/0050],                        [loss_record5: 0.5924]
2021-03-02 15:53:45.797 | INFO     | network.models.trainer:fit:384 - 2021-03-02 15:53:45.796938 Epoch [025/025], with lr = 8e-05, Step [0050/0050],                        [loss_record5: 0.5678]
2021-03-02 15:54:04.628 | INFO     | network.models.trainer:fit:384 - 2021-03-02 15:54:04.627817 Epoch [026/026], with lr = 8e-05, Step [0025/0050],                        [loss_record5: 0.5379]
2021-03-02 15:54:23.489 | INFO     | network.models.trainer:fit:384 - 2021-03-02 15:54:23.489273 Epoch [026/026], with lr = 8e-05, Step [0050/0050],                        [loss_record5: 0.5287]
2021-03-02 15:54:42.268 | INFO     | network.models.trainer:fit:384 - 2021-03-02 15:54:42.268756 Epoch [027/027], with lr = 8e-05, Step [0025/0050],                        [loss_record5: 0.4940]
2021-03-02 15:55:01.080 | INFO     | network.models.trainer:fit:384 - 2021-03-02 15:55:01.080589 Epoch [027/027], with lr = 8e-05, Step [0050/0050],                        [loss_record5: 0.5072]
2021-03-02 15:55:19.836 | INFO     | network.models.trainer:fit:384 - 2021-03-02 15:55:19.836421 Epoch [028/028], with lr = 8e-05, Step [0025/0050],                        [loss_record5: 0.5200]
2021-03-02 15:55:38.555 | INFO     | network.models.trainer:fit:384 - 2021-03-02 15:55:38.554981 Epoch [028/028], with lr = 8e-05, Step [0050/0050],                        [loss_record5: 0.4933]
2021-03-02 15:55:57.389 | INFO     | network.models.trainer:fit:384 - 2021-03-02 15:55:57.389351 Epoch [029/029], with lr = 8e-05, Step [0025/0050],                        [loss_record5: 0.4991]
2021-03-02 15:56:16.281 | INFO     | network.models.trainer:fit:384 - 2021-03-02 15:56:16.281273 Epoch [029/029], with lr = 8e-05, Step [0050/0050],                        [loss_record5: 0.5099]
2021-03-02 15:56:35.032 | INFO     | network.models.trainer:fit:384 - 2021-03-02 15:56:35.032526 Epoch [030/030], with lr = 8e-05, Step [0025/0050],                        [loss_record5: 0.5099]
2021-03-02 15:56:53.872 | INFO     | network.models.trainer:fit:384 - 2021-03-02 15:56:53.871969 Epoch [030/030], with lr = 8e-05, Step [0050/0050],                        [loss_record5: 0.4834]
2021-03-02 15:57:12.773 | INFO     | network.models.trainer:fit:384 - 2021-03-02 15:57:12.772982 Epoch [031/031], with lr = 8e-05, Step [0025/0050],                        [loss_record5: 0.4695]
2021-03-02 15:57:31.690 | INFO     | network.models.trainer:fit:384 - 2021-03-02 15:57:31.690117 Epoch [031/031], with lr = 8e-05, Step [0050/0050],                        [loss_record5: 0.4981]
2021-03-02 15:57:50.555 | INFO     | network.models.trainer:fit:384 - 2021-03-02 15:57:50.555046 Epoch [032/032], with lr = 8e-05, Step [0025/0050],                        [loss_record5: 0.4766]
2021-03-02 15:58:09.385 | INFO     | network.models.trainer:fit:384 - 2021-03-02 15:58:09.385216 Epoch [032/032], with lr = 8e-05, Step [0050/0050],                        [loss_record5: 0.4916]
2021-03-02 15:58:28.067 | INFO     | network.models.trainer:fit:384 - 2021-03-02 15:58:28.066736 Epoch [033/033], with lr = 8e-05, Step [0025/0050],                        [loss_record5: 0.4547]
2021-03-02 15:58:47.116 | INFO     | network.models.trainer:fit:384 - 2021-03-02 15:58:47.116057 Epoch [033/033], with lr = 8e-05, Step [0050/0050],                        [loss_record5: 0.4692]
2021-03-02 15:59:05.942 | INFO     | network.models.trainer:fit:384 - 2021-03-02 15:59:05.941921 Epoch [034/034], with lr = 8e-05, Step [0025/0050],                        [loss_record5: 0.4200]
2021-03-02 15:59:24.804 | INFO     | network.models.trainer:fit:384 - 2021-03-02 15:59:24.804193 Epoch [034/034], with lr = 8e-05, Step [0050/0050],                        [loss_record5: 0.4478]
2021-03-02 15:59:43.686 | INFO     | network.models.trainer:fit:384 - 2021-03-02 15:59:43.686099 Epoch [035/035], with lr = 8e-05, Step [0025/0050],                        [loss_record5: 0.4534]
2021-03-02 16:00:02.550 | INFO     | network.models.trainer:fit:384 - 2021-03-02 16:00:02.550305 Epoch [035/035], with lr = 8e-05, Step [0050/0050],                        [loss_record5: 0.4374]
2021-03-02 16:00:21.483 | INFO     | network.models.trainer:fit:384 - 2021-03-02 16:00:21.482787 Epoch [036/036], with lr = 8e-05, Step [0025/0050],                        [loss_record5: 0.4672]
2021-03-02 16:00:40.373 | INFO     | network.models.trainer:fit:384 - 2021-03-02 16:00:40.373534 Epoch [036/036], with lr = 8e-05, Step [0050/0050],                        [loss_record5: 0.4516]
2021-03-02 16:00:59.168 | INFO     | network.models.trainer:fit:384 - 2021-03-02 16:00:59.168134 Epoch [037/037], with lr = 8e-05, Step [0025/0050],                        [loss_record5: 0.4215]
2021-03-02 16:01:18.079 | INFO     | network.models.trainer:fit:384 - 2021-03-02 16:01:18.079478 Epoch [037/037], with lr = 8e-05, Step [0050/0050],                        [loss_record5: 0.4303]
2021-03-02 16:01:37.038 | INFO     | network.models.trainer:fit:384 - 2021-03-02 16:01:37.038637 Epoch [038/038], with lr = 8e-05, Step [0025/0050],                        [loss_record5: 0.4100]
2021-03-02 16:01:55.846 | INFO     | network.models.trainer:fit:384 - 2021-03-02 16:01:55.846226 Epoch [038/038], with lr = 8e-05, Step [0050/0050],                        [loss_record5: 0.4071]
2021-03-02 16:02:15.008 | INFO     | network.models.trainer:fit:384 - 2021-03-02 16:02:15.008484 Epoch [039/039], with lr = 8e-05, Step [0025/0050],                        [loss_record5: 0.4287]
2021-03-02 16:02:33.644 | INFO     | network.models.trainer:fit:384 - 2021-03-02 16:02:33.644356 Epoch [039/039], with lr = 8e-05, Step [0050/0050],                        [loss_record5: 0.4136]
2021-03-02 16:02:52.575 | INFO     | network.models.trainer:fit:384 - 2021-03-02 16:02:52.575701 Epoch [040/040], with lr = 8e-05, Step [0025/0050],                        [loss_record5: 0.4187]
2021-03-02 16:03:11.418 | INFO     | network.models.trainer:fit:384 - 2021-03-02 16:03:11.418221 Epoch [040/040], with lr = 8e-05, Step [0050/0050],                        [loss_record5: 0.4420]
2021-03-02 16:03:30.404 | INFO     | network.models.trainer:fit:384 - 2021-03-02 16:03:30.404422 Epoch [041/041], with lr = 8e-05, Step [0025/0050],                        [loss_record5: 0.4113]
2021-03-02 16:03:49.196 | INFO     | network.models.trainer:fit:384 - 2021-03-02 16:03:49.196125 Epoch [041/041], with lr = 8e-05, Step [0050/0050],                        [loss_record5: 0.4293]
2021-03-02 16:04:07.965 | INFO     | network.models.trainer:fit:384 - 2021-03-02 16:04:07.965147 Epoch [042/042], with lr = 8e-05, Step [0025/0050],                        [loss_record5: 0.4042]
2021-03-02 16:04:26.940 | INFO     | network.models.trainer:fit:384 - 2021-03-02 16:04:26.940054 Epoch [042/042], with lr = 8e-05, Step [0050/0050],                        [loss_record5: 0.4269]
2021-03-02 16:04:45.846 | INFO     | network.models.trainer:fit:384 - 2021-03-02 16:04:45.846027 Epoch [043/043], with lr = 8e-05, Step [0025/0050],                        [loss_record5: 0.4306]
2021-03-02 16:05:04.728 | INFO     | network.models.trainer:fit:384 - 2021-03-02 16:05:04.728004 Epoch [043/043], with lr = 8e-05, Step [0050/0050],                        [loss_record5: 0.4374]
2021-03-02 16:05:23.574 | INFO     | network.models.trainer:fit:384 - 2021-03-02 16:05:23.573929 Epoch [044/044], with lr = 8e-05, Step [0025/0050],                        [loss_record5: 0.4528]
2021-03-02 16:05:42.451 | INFO     | network.models.trainer:fit:384 - 2021-03-02 16:05:42.451644 Epoch [044/044], with lr = 8e-05, Step [0050/0050],                        [loss_record5: 0.4126]
2021-03-02 16:06:01.311 | INFO     | network.models.trainer:fit:384 - 2021-03-02 16:06:01.311363 Epoch [045/045], with lr = 8e-05, Step [0025/0050],                        [loss_record5: 0.3928]
2021-03-02 16:06:20.018 | INFO     | network.models.trainer:fit:384 - 2021-03-02 16:06:20.018805 Epoch [045/045], with lr = 8e-05, Step [0050/0050],                        [loss_record5: 0.3854]
2021-03-02 16:06:38.848 | INFO     | network.models.trainer:fit:384 - 2021-03-02 16:06:38.848279 Epoch [046/046], with lr = 8e-05, Step [0025/0050],                        [loss_record5: 0.4093]
2021-03-02 16:06:57.729 | INFO     | network.models.trainer:fit:384 - 2021-03-02 16:06:57.729314 Epoch [046/046], with lr = 8e-05, Step [0050/0050],                        [loss_record5: 0.4204]
2021-03-02 16:07:16.539 | INFO     | network.models.trainer:fit:384 - 2021-03-02 16:07:16.539308 Epoch [047/047], with lr = 8e-05, Step [0025/0050],                        [loss_record5: 0.3848]
2021-03-02 16:07:35.382 | INFO     | network.models.trainer:fit:384 - 2021-03-02 16:07:35.382347 Epoch [047/047], with lr = 8e-05, Step [0050/0050],                        [loss_record5: 0.4094]
2021-03-02 16:07:54.210 | INFO     | network.models.trainer:fit:384 - 2021-03-02 16:07:54.209868 Epoch [048/048], with lr = 8e-05, Step [0025/0050],                        [loss_record5: 0.4054]
2021-03-02 16:08:13.082 | INFO     | network.models.trainer:fit:384 - 2021-03-02 16:08:13.082357 Epoch [048/048], with lr = 8e-05, Step [0050/0050],                        [loss_record5: 0.3895]
2021-03-02 16:08:31.730 | INFO     | network.models.trainer:fit:384 - 2021-03-02 16:08:31.730023 Epoch [049/049], with lr = 8e-05, Step [0025/0050],                        [loss_record5: 0.3751]
2021-03-02 16:08:50.576 | INFO     | network.models.trainer:fit:384 - 2021-03-02 16:08:50.576580 Epoch [049/049], with lr = 8e-05, Step [0050/0050],                        [loss_record5: 0.3867]
2021-03-02 16:09:09.594 | INFO     | network.models.trainer:fit:384 - 2021-03-02 16:09:09.594049 Epoch [050/050], with lr = 8e-05, Step [0025/0050],                        [loss_record5: 0.3793]
2021-03-02 16:09:28.370 | INFO     | network.models.trainer:fit:384 - 2021-03-02 16:09:28.370526 Epoch [050/050], with lr = 8e-05, Step [0050/0050],                        [loss_record5: 0.3611]
2021-03-02 16:09:47.225 | INFO     | network.models.trainer:fit:384 - 2021-03-02 16:09:47.224916 Epoch [051/051], with lr = 8e-05, Step [0025/0050],                        [loss_record5: 0.3565]
2021-03-02 16:10:06.166 | INFO     | network.models.trainer:fit:384 - 2021-03-02 16:10:06.165691 Epoch [051/051], with lr = 8e-05, Step [0050/0050],                        [loss_record5: 0.3858]
2021-03-02 16:10:24.969 | INFO     | network.models.trainer:fit:384 - 2021-03-02 16:10:24.969665 Epoch [052/052], with lr = 8e-05, Step [0025/0050],                        [loss_record5: 0.3711]
2021-03-02 16:10:43.921 | INFO     | network.models.trainer:fit:384 - 2021-03-02 16:10:43.921326 Epoch [052/052], with lr = 8e-05, Step [0050/0050],                        [loss_record5: 0.3576]
2021-03-02 16:11:02.676 | INFO     | network.models.trainer:fit:384 - 2021-03-02 16:11:02.676366 Epoch [053/053], with lr = 8e-05, Step [0025/0050],                        [loss_record5: 0.4202]
2021-03-02 16:11:21.617 | INFO     | network.models.trainer:fit:384 - 2021-03-02 16:11:21.616946 Epoch [053/053], with lr = 8e-05, Step [0050/0050],                        [loss_record5: 0.3877]
2021-03-02 16:11:40.473 | INFO     | network.models.trainer:fit:384 - 2021-03-02 16:11:40.473414 Epoch [054/054], with lr = 8e-05, Step [0025/0050],                        [loss_record5: 0.4029]
2021-03-02 16:11:59.425 | INFO     | network.models.trainer:fit:384 - 2021-03-02 16:11:59.425162 Epoch [054/054], with lr = 8e-05, Step [0050/0050],                        [loss_record5: 0.3993]
2021-03-02 16:12:18.163 | INFO     | network.models.trainer:fit:384 - 2021-03-02 16:12:18.163012 Epoch [055/055], with lr = 8e-05, Step [0025/0050],                        [loss_record5: 0.3576]
2021-03-02 16:12:36.960 | INFO     | network.models.trainer:fit:384 - 2021-03-02 16:12:36.960314 Epoch [055/055], with lr = 8e-05, Step [0050/0050],                        [loss_record5: 0.3784]
2021-03-02 16:12:55.963 | INFO     | network.models.trainer:fit:384 - 2021-03-02 16:12:55.963086 Epoch [056/056], with lr = 8e-05, Step [0025/0050],                        [loss_record5: 0.3846]
2021-03-02 16:13:14.637 | INFO     | network.models.trainer:fit:384 - 2021-03-02 16:13:14.637394 Epoch [056/056], with lr = 8e-05, Step [0050/0050],                        [loss_record5: 0.3473]
2021-03-02 16:13:33.539 | INFO     | network.models.trainer:fit:384 - 2021-03-02 16:13:33.539131 Epoch [057/057], with lr = 8e-05, Step [0025/0050],                        [loss_record5: 0.3314]
2021-03-02 16:13:52.266 | INFO     | network.models.trainer:fit:384 - 2021-03-02 16:13:52.266603 Epoch [057/057], with lr = 8e-05, Step [0050/0050],                        [loss_record5: 0.3407]
2021-03-02 16:14:11.222 | INFO     | network.models.trainer:fit:384 - 2021-03-02 16:14:11.221983 Epoch [058/058], with lr = 8e-05, Step [0025/0050],                        [loss_record5: 0.3872]
2021-03-02 16:14:29.968 | INFO     | network.models.trainer:fit:384 - 2021-03-02 16:14:29.968292 Epoch [058/058], with lr = 8e-05, Step [0050/0050],                        [loss_record5: 0.3648]
2021-03-02 16:14:48.651 | INFO     | network.models.trainer:fit:384 - 2021-03-02 16:14:48.650981 Epoch [059/059], with lr = 8e-05, Step [0025/0050],                        [loss_record5: 0.4070]
2021-03-02 16:15:07.656 | INFO     | network.models.trainer:fit:384 - 2021-03-02 16:15:07.656565 Epoch [059/059], with lr = 8e-05, Step [0050/0050],                        [loss_record5: 0.4086]
2021-03-02 16:15:26.464 | INFO     | network.models.trainer:fit:384 - 2021-03-02 16:15:26.464683 Epoch [060/060], with lr = 8e-05, Step [0025/0050],                        [loss_record5: 0.3802]
2021-03-02 16:15:45.353 | INFO     | network.models.trainer:fit:384 - 2021-03-02 16:15:45.353490 Epoch [060/060], with lr = 8e-05, Step [0050/0050],                        [loss_record5: 0.3964]
2021-03-02 16:16:04.238 | INFO     | network.models.trainer:fit:384 - 2021-03-02 16:16:04.238697 Epoch [061/061], with lr = 8e-05, Step [0025/0050],                        [loss_record5: 0.3470]
2021-03-02 16:16:23.127 | INFO     | network.models.trainer:fit:384 - 2021-03-02 16:16:23.127575 Epoch [061/061], with lr = 8e-05, Step [0050/0050],                        [loss_record5: 0.3500]
2021-03-02 16:16:41.908 | INFO     | network.models.trainer:fit:384 - 2021-03-02 16:16:41.907902 Epoch [062/062], with lr = 8e-05, Step [0025/0050],                        [loss_record5: 0.3296]
2021-03-02 16:17:00.785 | INFO     | network.models.trainer:fit:384 - 2021-03-02 16:17:00.784970 Epoch [062/062], with lr = 8e-05, Step [0050/0050],                        [loss_record5: 0.3480]
2021-03-02 16:17:19.612 | INFO     | network.models.trainer:fit:384 - 2021-03-02 16:17:19.612586 Epoch [063/063], with lr = 8e-05, Step [0025/0050],                        [loss_record5: 0.3513]
2021-03-02 16:17:38.539 | INFO     | network.models.trainer:fit:384 - 2021-03-02 16:17:38.539367 Epoch [063/063], with lr = 8e-05, Step [0050/0050],                        [loss_record5: 0.3446]
2021-03-02 16:17:57.444 | INFO     | network.models.trainer:fit:384 - 2021-03-02 16:17:57.444140 Epoch [064/064], with lr = 8e-05, Step [0025/0050],                        [loss_record5: 0.3466]
2021-03-02 16:18:16.285 | INFO     | network.models.trainer:fit:384 - 2021-03-02 16:18:16.284858 Epoch [064/064], with lr = 8e-05, Step [0050/0050],                        [loss_record5: 0.3491]
2021-03-02 16:18:35.210 | INFO     | network.models.trainer:fit:384 - 2021-03-02 16:18:35.210670 Epoch [065/065], with lr = 8e-05, Step [0025/0050],                        [loss_record5: 0.3550]
2021-03-02 16:18:54.194 | INFO     | network.models.trainer:fit:384 - 2021-03-02 16:18:54.194450 Epoch [065/065], with lr = 8e-05, Step [0050/0050],                        [loss_record5: 0.3402]
2021-03-02 16:19:13.069 | INFO     | network.models.trainer:fit:384 - 2021-03-02 16:19:13.069377 Epoch [066/066], with lr = 8e-05, Step [0025/0050],                        [loss_record5: 0.3753]
2021-03-02 16:19:31.974 | INFO     | network.models.trainer:fit:384 - 2021-03-02 16:19:31.974506 Epoch [066/066], with lr = 8e-05, Step [0050/0050],                        [loss_record5: 0.3623]
2021-03-02 16:19:50.856 | INFO     | network.models.trainer:fit:384 - 2021-03-02 16:19:50.856681 Epoch [067/067], with lr = 8e-05, Step [0025/0050],                        [loss_record5: 0.3511]
2021-03-02 16:20:09.819 | INFO     | network.models.trainer:fit:384 - 2021-03-02 16:20:09.819523 Epoch [067/067], with lr = 8e-05, Step [0050/0050],                        [loss_record5: 0.3421]
2021-03-02 16:20:28.778 | INFO     | network.models.trainer:fit:384 - 2021-03-02 16:20:28.778318 Epoch [068/068], with lr = 8e-05, Step [0025/0050],                        [loss_record5: 0.3646]
2021-03-02 16:20:47.554 | INFO     | network.models.trainer:fit:384 - 2021-03-02 16:20:47.554049 Epoch [068/068], with lr = 8e-05, Step [0050/0050],                        [loss_record5: 0.3661]
2021-03-02 16:21:06.425 | INFO     | network.models.trainer:fit:384 - 2021-03-02 16:21:06.425257 Epoch [069/069], with lr = 8e-05, Step [0025/0050],                        [loss_record5: 0.3041]
2021-03-02 16:21:25.319 | INFO     | network.models.trainer:fit:384 - 2021-03-02 16:21:25.319513 Epoch [069/069], with lr = 8e-05, Step [0050/0050],                        [loss_record5: 0.3049]
2021-03-02 16:21:44.139 | INFO     | network.models.trainer:fit:384 - 2021-03-02 16:21:44.139672 Epoch [070/070], with lr = 8e-05, Step [0025/0050],                        [loss_record5: 0.3674]
2021-03-02 16:22:03.062 | INFO     | network.models.trainer:fit:384 - 2021-03-02 16:22:03.061964 Epoch [070/070], with lr = 8e-05, Step [0050/0050],                        [loss_record5: 0.3437]
2021-03-02 16:22:21.991 | INFO     | network.models.trainer:fit:384 - 2021-03-02 16:22:21.991402 Epoch [071/071], with lr = 8e-05, Step [0025/0050],                        [loss_record5: 0.3766]
2021-03-02 16:22:40.632 | INFO     | network.models.trainer:fit:384 - 2021-03-02 16:22:40.632135 Epoch [071/071], with lr = 8e-05, Step [0050/0050],                        [loss_record5: 0.3220]
2021-03-02 16:22:59.571 | INFO     | network.models.trainer:fit:384 - 2021-03-02 16:22:59.570957 Epoch [072/072], with lr = 8e-05, Step [0025/0050],                        [loss_record5: 0.3598]
2021-03-02 16:23:18.332 | INFO     | network.models.trainer:fit:384 - 2021-03-02 16:23:18.332097 Epoch [072/072], with lr = 8e-05, Step [0050/0050],                        [loss_record5: 0.3571]
2021-03-02 16:23:37.112 | INFO     | network.models.trainer:fit:384 - 2021-03-02 16:23:37.112123 Epoch [073/073], with lr = 8e-05, Step [0025/0050],                        [loss_record5: 0.3428]
2021-03-02 16:23:56.083 | INFO     | network.models.trainer:fit:384 - 2021-03-02 16:23:56.083478 Epoch [073/073], with lr = 8e-05, Step [0050/0050],                        [loss_record5: 0.3617]
2021-03-02 16:24:15.002 | INFO     | network.models.trainer:fit:384 - 2021-03-02 16:24:15.002278 Epoch [074/074], with lr = 8e-05, Step [0025/0050],                        [loss_record5: 0.3448]
2021-03-02 16:24:33.796 | INFO     | network.models.trainer:fit:384 - 2021-03-02 16:24:33.795932 Epoch [074/074], with lr = 8e-05, Step [0050/0050],                        [loss_record5: 0.3556]
2021-03-02 16:24:52.601 | INFO     | network.models.trainer:fit:384 - 2021-03-02 16:24:52.601243 Epoch [075/075], with lr = 8e-05, Step [0025/0050],                        [loss_record5: 0.3530]
2021-03-02 16:25:11.504 | INFO     | network.models.trainer:fit:384 - 2021-03-02 16:25:11.504466 Epoch [075/075], with lr = 8e-05, Step [0050/0050],                        [loss_record5: 0.3302]
2021-03-02 16:25:30.297 | INFO     | network.models.trainer:fit:384 - 2021-03-02 16:25:30.296900 Epoch [076/076], with lr = 8e-05, Step [0025/0050],                        [loss_record5: 0.3206]
2021-03-02 16:25:49.385 | INFO     | network.models.trainer:fit:384 - 2021-03-02 16:25:49.385226 Epoch [076/076], with lr = 8e-05, Step [0050/0050],                        [loss_record5: 0.3368]
2021-03-02 16:26:08.221 | INFO     | network.models.trainer:fit:384 - 2021-03-02 16:26:08.220864 Epoch [077/077], with lr = 8e-05, Step [0025/0050],                        [loss_record5: 0.3654]
2021-03-02 16:26:27.161 | INFO     | network.models.trainer:fit:384 - 2021-03-02 16:26:27.160762 Epoch [077/077], with lr = 8e-05, Step [0050/0050],                        [loss_record5: 0.3115]
2021-03-02 16:26:46.077 | INFO     | network.models.trainer:fit:384 - 2021-03-02 16:26:46.077188 Epoch [078/078], with lr = 8e-05, Step [0025/0050],                        [loss_record5: 0.3466]
2021-03-02 16:27:04.938 | INFO     | network.models.trainer:fit:384 - 2021-03-02 16:27:04.938444 Epoch [078/078], with lr = 8e-05, Step [0050/0050],                        [loss_record5: 0.3358]
2021-03-02 16:27:23.769 | INFO     | network.models.trainer:fit:384 - 2021-03-02 16:27:23.769754 Epoch [079/079], with lr = 8e-05, Step [0025/0050],                        [loss_record5: 0.3292]
2021-03-02 16:27:42.542 | INFO     | network.models.trainer:fit:384 - 2021-03-02 16:27:42.541943 Epoch [079/079], with lr = 8e-05, Step [0050/0050],                        [loss_record5: 0.3461]
2021-03-02 16:28:01.587 | INFO     | network.models.trainer:fit:384 - 2021-03-02 16:28:01.586997 Epoch [080/080], with lr = 8e-05, Step [0025/0050],                        [loss_record5: 0.3277]
2021-03-02 16:28:20.355 | INFO     | network.models.trainer:fit:384 - 2021-03-02 16:28:20.355687 Epoch [080/080], with lr = 8e-05, Step [0050/0050],                        [loss_record5: 0.3642]
2021-03-02 16:28:39.347 | INFO     | network.models.trainer:fit:384 - 2021-03-02 16:28:39.346850 Epoch [081/081], with lr = 8e-05, Step [0025/0050],                        [loss_record5: 0.3986]
2021-03-02 16:28:58.095 | INFO     | network.models.trainer:fit:384 - 2021-03-02 16:28:58.095217 Epoch [081/081], with lr = 8e-05, Step [0050/0050],                        [loss_record5: 0.3563]
2021-03-02 16:29:17.024 | INFO     | network.models.trainer:fit:384 - 2021-03-02 16:29:17.024111 Epoch [082/082], with lr = 8e-05, Step [0025/0050],                        [loss_record5: 0.3027]
2021-03-02 16:29:35.824 | INFO     | network.models.trainer:fit:384 - 2021-03-02 16:29:35.823853 Epoch [082/082], with lr = 8e-05, Step [0050/0050],                        [loss_record5: 0.3161]
2021-03-02 16:29:54.660 | INFO     | network.models.trainer:fit:384 - 2021-03-02 16:29:54.659867 Epoch [083/083], with lr = 8e-05, Step [0025/0050],                        [loss_record5: 0.3160]
2021-03-02 16:30:13.345 | INFO     | network.models.trainer:fit:384 - 2021-03-02 16:30:13.345411 Epoch [083/083], with lr = 8e-05, Step [0050/0050],                        [loss_record5: 0.3353]
2021-03-02 16:30:14.142 | INFO     | network.models.trainer:fit:405 - [Saving Snapshot:]/home/admin_mcn/hung/polyp_segmentation/snapshots/TransUnet/PraNetDG-fold3-83.pth
2021-03-02 16:30:33.081 | INFO     | network.models.trainer:fit:384 - 2021-03-02 16:30:33.080980 Epoch [084/084], with lr = 8e-05, Step [0025/0050],                        [loss_record5: 0.2943]
2021-03-02 16:30:51.827 | INFO     | network.models.trainer:fit:384 - 2021-03-02 16:30:51.827378 Epoch [084/084], with lr = 8e-05, Step [0050/0050],                        [loss_record5: 0.3123]
2021-03-02 16:31:10.636 | INFO     | network.models.trainer:fit:384 - 2021-03-02 16:31:10.635743 Epoch [085/085], with lr = 8e-05, Step [0025/0050],                        [loss_record5: 0.3102]
2021-03-02 16:31:29.517 | INFO     | network.models.trainer:fit:384 - 2021-03-02 16:31:29.516897 Epoch [085/085], with lr = 8e-05, Step [0050/0050],                        [loss_record5: 0.3413]
2021-03-02 16:31:48.285 | INFO     | network.models.trainer:fit:384 - 2021-03-02 16:31:48.285289 Epoch [086/086], with lr = 8e-05, Step [0025/0050],                        [loss_record5: 0.3077]
2021-03-02 16:32:07.168 | INFO     | network.models.trainer:fit:384 - 2021-03-02 16:32:07.167956 Epoch [086/086], with lr = 8e-05, Step [0050/0050],                        [loss_record5: 0.3466]
2021-03-02 16:32:07.957 | INFO     | network.models.trainer:fit:405 - [Saving Snapshot:]/home/admin_mcn/hung/polyp_segmentation/snapshots/TransUnet/PraNetDG-fold3-86.pth
2021-03-02 16:32:26.750 | INFO     | network.models.trainer:fit:384 - 2021-03-02 16:32:26.750728 Epoch [087/087], with lr = 8e-05, Step [0025/0050],                        [loss_record5: 0.3038]
2021-03-02 16:32:45.660 | INFO     | network.models.trainer:fit:384 - 2021-03-02 16:32:45.660548 Epoch [087/087], with lr = 8e-05, Step [0050/0050],                        [loss_record5: 0.3248]
2021-03-02 16:33:04.399 | INFO     | network.models.trainer:fit:384 - 2021-03-02 16:33:04.399242 Epoch [088/088], with lr = 8e-05, Step [0025/0050],                        [loss_record5: 0.2993]
2021-03-02 16:33:23.462 | INFO     | network.models.trainer:fit:384 - 2021-03-02 16:33:23.462168 Epoch [088/088], with lr = 8e-05, Step [0050/0050],                        [loss_record5: 0.3105]
2021-03-02 16:33:42.368 | INFO     | network.models.trainer:fit:384 - 2021-03-02 16:33:42.368148 Epoch [089/089], with lr = 8e-05, Step [0025/0050],                        [loss_record5: 0.2944]
2021-03-02 16:34:01.231 | INFO     | network.models.trainer:fit:384 - 2021-03-02 16:34:01.231058 Epoch [089/089], with lr = 8e-05, Step [0050/0050],                        [loss_record5: 0.3282]
2021-03-02 16:34:02.023 | INFO     | network.models.trainer:fit:405 - [Saving Snapshot:]/home/admin_mcn/hung/polyp_segmentation/snapshots/TransUnet/PraNetDG-fold3-89.pth
2021-03-02 16:34:20.781 | INFO     | network.models.trainer:fit:384 - 2021-03-02 16:34:20.781286 Epoch [090/090], with lr = 8e-05, Step [0025/0050],                        [loss_record5: 0.3025]
2021-03-02 16:34:39.593 | INFO     | network.models.trainer:fit:384 - 2021-03-02 16:34:39.593310 Epoch [090/090], with lr = 8e-05, Step [0050/0050],                        [loss_record5: 0.3149]
2021-03-02 16:34:58.361 | INFO     | network.models.trainer:fit:384 - 2021-03-02 16:34:58.361626 Epoch [091/091], with lr = 8e-05, Step [0025/0050],                        [loss_record5: 0.3325]
2021-03-02 16:35:17.261 | INFO     | network.models.trainer:fit:384 - 2021-03-02 16:35:17.261625 Epoch [091/091], with lr = 8e-05, Step [0050/0050],                        [loss_record5: 0.3750]
2021-03-02 16:35:36.144 | INFO     | network.models.trainer:fit:384 - 2021-03-02 16:35:36.144133 Epoch [092/092], with lr = 8e-05, Step [0025/0050],                        [loss_record5: 0.3909]
2021-03-02 16:35:54.965 | INFO     | network.models.trainer:fit:384 - 2021-03-02 16:35:54.964864 Epoch [092/092], with lr = 8e-05, Step [0050/0050],                        [loss_record5: 0.3474]
2021-03-02 16:35:55.746 | INFO     | network.models.trainer:fit:405 - [Saving Snapshot:]/home/admin_mcn/hung/polyp_segmentation/snapshots/TransUnet/PraNetDG-fold3-92.pth
2021-03-02 16:36:14.577 | INFO     | network.models.trainer:fit:384 - 2021-03-02 16:36:14.577380 Epoch [093/093], with lr = 8e-05, Step [0025/0050],                        [loss_record5: 0.3070]
2021-03-02 16:36:33.330 | INFO     | network.models.trainer:fit:384 - 2021-03-02 16:36:33.330644 Epoch [093/093], with lr = 8e-05, Step [0050/0050],                        [loss_record5: 0.3056]
2021-03-02 16:36:52.091 | INFO     | network.models.trainer:fit:384 - 2021-03-02 16:36:52.091312 Epoch [094/094], with lr = 8e-05, Step [0025/0050],                        [loss_record5: 0.3010]
2021-03-02 16:37:10.911 | INFO     | network.models.trainer:fit:384 - 2021-03-02 16:37:10.911411 Epoch [094/094], with lr = 8e-05, Step [0050/0050],                        [loss_record5: 0.3243]
2021-03-02 16:37:29.855 | INFO     | network.models.trainer:fit:384 - 2021-03-02 16:37:29.855179 Epoch [095/095], with lr = 8e-05, Step [0025/0050],                        [loss_record5: 0.3468]
2021-03-02 16:37:48.677 | INFO     | network.models.trainer:fit:384 - 2021-03-02 16:37:48.677529 Epoch [095/095], with lr = 8e-05, Step [0050/0050],                        [loss_record5: 0.3329]
2021-03-02 16:37:49.466 | INFO     | network.models.trainer:fit:405 - [Saving Snapshot:]/home/admin_mcn/hung/polyp_segmentation/snapshots/TransUnet/PraNetDG-fold3-95.pth
2021-03-02 16:38:08.483 | INFO     | network.models.trainer:fit:384 - 2021-03-02 16:38:08.483239 Epoch [096/096], with lr = 8e-05, Step [0025/0050],                        [loss_record5: 0.3550]
2021-03-02 16:38:27.215 | INFO     | network.models.trainer:fit:384 - 2021-03-02 16:38:27.215669 Epoch [096/096], with lr = 8e-05, Step [0050/0050],                        [loss_record5: 0.3355]
2021-03-02 16:38:46.025 | INFO     | network.models.trainer:fit:384 - 2021-03-02 16:38:46.025169 Epoch [097/097], with lr = 8e-05, Step [0025/0050],                        [loss_record5: 0.3134]
2021-03-02 16:39:04.810 | INFO     | network.models.trainer:fit:384 - 2021-03-02 16:39:04.809695 Epoch [097/097], with lr = 8e-05, Step [0050/0050],                        [loss_record5: 0.3023]
2021-03-02 16:39:23.616 | INFO     | network.models.trainer:fit:384 - 2021-03-02 16:39:23.616680 Epoch [098/098], with lr = 8e-05, Step [0025/0050],                        [loss_record5: 0.3023]
2021-03-02 16:39:42.475 | INFO     | network.models.trainer:fit:384 - 2021-03-02 16:39:42.474890 Epoch [098/098], with lr = 8e-05, Step [0050/0050],                        [loss_record5: 0.2975]
2021-03-02 16:39:43.288 | INFO     | network.models.trainer:fit:405 - [Saving Snapshot:]/home/admin_mcn/hung/polyp_segmentation/snapshots/TransUnet/PraNetDG-fold3-98.pth
2021-03-02 16:40:02.262 | INFO     | network.models.trainer:fit:384 - 2021-03-02 16:40:02.262030 Epoch [099/099], with lr = 8e-05, Step [0025/0050],                        [loss_record5: 0.2893]
2021-03-02 16:40:21.024 | INFO     | network.models.trainer:fit:384 - 2021-03-02 16:40:21.024200 Epoch [099/099], with lr = 8e-05, Step [0050/0050],                        [loss_record5: 0.2871]
2021-03-02 16:40:39.800 | INFO     | network.models.trainer:fit:384 - 2021-03-02 16:40:39.800327 Epoch [100/100], with lr = 8e-05, Step [0025/0050],                        [loss_record5: 0.3204]
2021-03-02 16:40:58.609 | INFO     | network.models.trainer:fit:384 - 2021-03-02 16:40:58.609219 Epoch [100/100], with lr = 8e-05, Step [0050/0050],                        [loss_record5: 0.3259]
2021-03-02 16:41:17.440 | INFO     | network.models.trainer:fit:384 - 2021-03-02 16:41:17.439740 Epoch [101/101], with lr = 8e-05, Step [0025/0050],                        [loss_record5: 0.3337]
2021-03-02 16:41:36.305 | INFO     | network.models.trainer:fit:384 - 2021-03-02 16:41:36.305563 Epoch [101/101], with lr = 8e-05, Step [0050/0050],                        [loss_record5: 0.3152]
2021-03-02 16:41:37.083 | INFO     | network.models.trainer:fit:405 - [Saving Snapshot:]/home/admin_mcn/hung/polyp_segmentation/snapshots/TransUnet/PraNetDG-fold3-101.pth
2021-03-02 16:41:55.938 | INFO     | network.models.trainer:fit:384 - 2021-03-02 16:41:55.938053 Epoch [102/102], with lr = 8e-05, Step [0025/0050],                        [loss_record5: 0.2813]
2021-03-02 16:42:14.769 | INFO     | network.models.trainer:fit:384 - 2021-03-02 16:42:14.769211 Epoch [102/102], with lr = 8e-05, Step [0050/0050],                        [loss_record5: 0.3041]
2021-03-02 16:42:33.669 | INFO     | network.models.trainer:fit:384 - 2021-03-02 16:42:33.669225 Epoch [103/103], with lr = 8e-05, Step [0025/0050],                        [loss_record5: 0.2858]
2021-03-02 16:42:52.474 | INFO     | network.models.trainer:fit:384 - 2021-03-02 16:42:52.474396 Epoch [103/103], with lr = 8e-05, Step [0050/0050],                        [loss_record5: 0.3155]
2021-03-02 16:43:11.132 | INFO     | network.models.trainer:fit:384 - 2021-03-02 16:43:11.132568 Epoch [104/104], with lr = 8e-05, Step [0025/0050],                        [loss_record5: 0.3067]
2021-03-02 16:43:30.179 | INFO     | network.models.trainer:fit:384 - 2021-03-02 16:43:30.179163 Epoch [104/104], with lr = 8e-05, Step [0050/0050],                        [loss_record5: 0.3185]
2021-03-02 16:43:30.941 | INFO     | network.models.trainer:fit:405 - [Saving Snapshot:]/home/admin_mcn/hung/polyp_segmentation/snapshots/TransUnet/PraNetDG-fold3-104.pth
2021-03-02 16:43:50.002 | INFO     | network.models.trainer:fit:384 - 2021-03-02 16:43:50.002479 Epoch [105/105], with lr = 8e-05, Step [0025/0050],                        [loss_record5: 0.2823]
2021-03-02 16:44:08.835 | INFO     | network.models.trainer:fit:384 - 2021-03-02 16:44:08.835532 Epoch [105/105], with lr = 8e-05, Step [0050/0050],                        [loss_record5: 0.2772]
2021-03-02 16:44:27.732 | INFO     | network.models.trainer:fit:384 - 2021-03-02 16:44:27.731811 Epoch [106/106], with lr = 8e-05, Step [0025/0050],                        [loss_record5: 0.3473]
2021-03-02 16:44:46.558 | INFO     | network.models.trainer:fit:384 - 2021-03-02 16:44:46.558487 Epoch [106/106], with lr = 8e-05, Step [0050/0050],                        [loss_record5: 0.3149]
2021-03-02 16:45:05.431 | INFO     | network.models.trainer:fit:384 - 2021-03-02 16:45:05.431520 Epoch [107/107], with lr = 8e-05, Step [0025/0050],                        [loss_record5: 0.2878]
2021-03-02 16:45:24.130 | INFO     | network.models.trainer:fit:384 - 2021-03-02 16:45:24.130226 Epoch [107/107], with lr = 8e-05, Step [0050/0050],                        [loss_record5: 0.3040]
2021-03-02 16:45:24.900 | INFO     | network.models.trainer:fit:405 - [Saving Snapshot:]/home/admin_mcn/hung/polyp_segmentation/snapshots/TransUnet/PraNetDG-fold3-107.pth
2021-03-02 16:45:43.715 | INFO     | network.models.trainer:fit:384 - 2021-03-02 16:45:43.715583 Epoch [108/108], with lr = 8e-05, Step [0025/0050],                        [loss_record5: 0.3237]
2021-03-02 16:46:02.585 | INFO     | network.models.trainer:fit:384 - 2021-03-02 16:46:02.584974 Epoch [108/108], with lr = 8e-05, Step [0050/0050],                        [loss_record5: 0.3030]
2021-03-02 16:46:21.482 | INFO     | network.models.trainer:fit:384 - 2021-03-02 16:46:21.482453 Epoch [109/109], with lr = 8e-05, Step [0025/0050],                        [loss_record5: 0.3608]
2021-03-02 16:46:40.329 | INFO     | network.models.trainer:fit:384 - 2021-03-02 16:46:40.329490 Epoch [109/109], with lr = 8e-05, Step [0050/0050],                        [loss_record5: 0.3120]
2021-03-02 16:46:59.232 | INFO     | network.models.trainer:fit:384 - 2021-03-02 16:46:59.232276 Epoch [110/110], with lr = 8e-05, Step [0025/0050],                        [loss_record5: 0.2906]
2021-03-02 16:47:18.152 | INFO     | network.models.trainer:fit:384 - 2021-03-02 16:47:18.151903 Epoch [110/110], with lr = 8e-05, Step [0050/0050],                        [loss_record5: 0.2848]
2021-03-02 16:47:18.909 | INFO     | network.models.trainer:fit:405 - [Saving Snapshot:]/home/admin_mcn/hung/polyp_segmentation/snapshots/TransUnet/PraNetDG-fold3-110.pth
2021-03-02 16:47:37.734 | INFO     | network.models.trainer:fit:384 - 2021-03-02 16:47:37.733855 Epoch [111/111], with lr = 8e-05, Step [0025/0050],                        [loss_record5: 0.2734]
2021-03-02 16:47:56.551 | INFO     | network.models.trainer:fit:384 - 2021-03-02 16:47:56.551064 Epoch [111/111], with lr = 8e-05, Step [0050/0050],                        [loss_record5: 0.2948]
2021-03-02 16:48:15.404 | INFO     | network.models.trainer:fit:384 - 2021-03-02 16:48:15.403827 Epoch [112/112], with lr = 8e-05, Step [0025/0050],                        [loss_record5: 0.2796]
2021-03-02 16:48:34.088 | INFO     | network.models.trainer:fit:384 - 2021-03-02 16:48:34.088081 Epoch [112/112], with lr = 8e-05, Step [0050/0050],                        [loss_record5: 0.2876]
2021-03-02 16:48:52.910 | INFO     | network.models.trainer:fit:384 - 2021-03-02 16:48:52.909890 Epoch [113/113], with lr = 8e-05, Step [0025/0050],                        [loss_record5: 0.2795]
2021-03-02 16:49:11.644 | INFO     | network.models.trainer:fit:384 - 2021-03-02 16:49:11.644486 Epoch [113/113], with lr = 8e-05, Step [0050/0050],                        [loss_record5: 0.2990]
2021-03-02 16:49:12.401 | INFO     | network.models.trainer:fit:405 - [Saving Snapshot:]/home/admin_mcn/hung/polyp_segmentation/snapshots/TransUnet/PraNetDG-fold3-113.pth
2021-03-02 16:49:31.027 | INFO     | network.models.trainer:fit:384 - 2021-03-02 16:49:31.027674 Epoch [114/114], with lr = 8e-05, Step [0025/0050],                        [loss_record5: 0.2933]
2021-03-02 16:49:49.832 | INFO     | network.models.trainer:fit:384 - 2021-03-02 16:49:49.831991 Epoch [114/114], with lr = 8e-05, Step [0050/0050],                        [loss_record5: 0.2971]
2021-03-02 16:50:08.565 | INFO     | network.models.trainer:fit:384 - 2021-03-02 16:50:08.565201 Epoch [115/115], with lr = 8e-05, Step [0025/0050],                        [loss_record5: 0.3307]
2021-03-02 16:50:27.410 | INFO     | network.models.trainer:fit:384 - 2021-03-02 16:50:27.410230 Epoch [115/115], with lr = 8e-05, Step [0050/0050],                        [loss_record5: 0.3168]
2021-03-02 16:50:46.371 | INFO     | network.models.trainer:fit:384 - 2021-03-02 16:50:46.371130 Epoch [116/116], with lr = 8e-05, Step [0025/0050],                        [loss_record5: 0.3108]
2021-03-02 16:51:05.202 | INFO     | network.models.trainer:fit:384 - 2021-03-02 16:51:05.202253 Epoch [116/116], with lr = 8e-05, Step [0050/0050],                        [loss_record5: 0.3238]
2021-03-02 16:51:05.947 | INFO     | network.models.trainer:fit:405 - [Saving Snapshot:]/home/admin_mcn/hung/polyp_segmentation/snapshots/TransUnet/PraNetDG-fold3-116.pth
2021-03-02 16:51:25.005 | INFO     | network.models.trainer:fit:384 - 2021-03-02 16:51:25.005244 Epoch [117/117], with lr = 8e-05, Step [0025/0050],                        [loss_record5: 0.3093]
2021-03-02 16:51:43.613 | INFO     | network.models.trainer:fit:384 - 2021-03-02 16:51:43.612911 Epoch [117/117], with lr = 8e-05, Step [0050/0050],                        [loss_record5: 0.2942]
2021-03-02 16:52:02.437 | INFO     | network.models.trainer:fit:384 - 2021-03-02 16:52:02.436910 Epoch [118/118], with lr = 8e-05, Step [0025/0050],                        [loss_record5: 0.2877]
2021-03-02 16:52:21.198 | INFO     | network.models.trainer:fit:384 - 2021-03-02 16:52:21.198150 Epoch [118/118], with lr = 8e-05, Step [0050/0050],                        [loss_record5: 0.3106]
2021-03-02 16:52:40.074 | INFO     | network.models.trainer:fit:384 - 2021-03-02 16:52:40.074464 Epoch [119/119], with lr = 8e-05, Step [0025/0050],                        [loss_record5: 0.3141]
2021-03-02 16:52:59.031 | INFO     | network.models.trainer:fit:384 - 2021-03-02 16:52:59.031644 Epoch [119/119], with lr = 8e-05, Step [0050/0050],                        [loss_record5: 0.3043]
2021-03-02 16:52:59.785 | INFO     | network.models.trainer:fit:405 - [Saving Snapshot:]/home/admin_mcn/hung/polyp_segmentation/snapshots/TransUnet/PraNetDG-fold3-119.pth
2021-03-02 16:53:18.590 | INFO     | network.models.trainer:fit:384 - 2021-03-02 16:53:18.590209 Epoch [120/120], with lr = 8e-05, Step [0025/0050],                        [loss_record5: 0.3172]
2021-03-02 16:53:37.507 | INFO     | network.models.trainer:fit:384 - 2021-03-02 16:53:37.507545 Epoch [120/120], with lr = 8e-05, Step [0050/0050],                        [loss_record5: 0.3023]
2021-03-02 16:53:56.381 | INFO     | network.models.trainer:fit:384 - 2021-03-02 16:53:56.381453 Epoch [121/121], with lr = 8e-05, Step [0025/0050],                        [loss_record5: 0.2787]
2021-03-02 16:54:15.376 | INFO     | network.models.trainer:fit:384 - 2021-03-02 16:54:15.376424 Epoch [121/121], with lr = 8e-05, Step [0050/0050],                        [loss_record5: 0.2883]
2021-03-02 16:54:34.126 | INFO     | network.models.trainer:fit:384 - 2021-03-02 16:54:34.126316 Epoch [122/122], with lr = 8e-05, Step [0025/0050],                        [loss_record5: 0.2968]
2021-03-02 16:54:53.073 | INFO     | network.models.trainer:fit:384 - 2021-03-02 16:54:53.073406 Epoch [122/122], with lr = 8e-05, Step [0050/0050],                        [loss_record5: 0.2949]
2021-03-02 16:54:53.822 | INFO     | network.models.trainer:fit:405 - [Saving Snapshot:]/home/admin_mcn/hung/polyp_segmentation/snapshots/TransUnet/PraNetDG-fold3-122.pth
2021-03-02 16:55:12.780 | INFO     | network.models.trainer:fit:384 - 2021-03-02 16:55:12.780029 Epoch [123/123], with lr = 8e-05, Step [0025/0050],                        [loss_record5: 0.2792]
2021-03-02 16:55:31.479 | INFO     | network.models.trainer:fit:384 - 2021-03-02 16:55:31.479173 Epoch [123/123], with lr = 8e-05, Step [0050/0050],                        [loss_record5: 0.3063]
2021-03-02 16:55:50.370 | INFO     | network.models.trainer:fit:384 - 2021-03-02 16:55:50.370673 Epoch [124/124], with lr = 8e-05, Step [0025/0050],                        [loss_record5: 0.3187]
2021-03-02 16:56:09.162 | INFO     | network.models.trainer:fit:384 - 2021-03-02 16:56:09.162433 Epoch [124/124], with lr = 8e-05, Step [0050/0050],                        [loss_record5: 0.2942]
2021-03-02 16:56:27.996 | INFO     | network.models.trainer:fit:384 - 2021-03-02 16:56:27.996574 Epoch [125/125], with lr = 8e-05, Step [0025/0050],                        [loss_record5: 0.2851]
2021-03-02 16:56:46.890 | INFO     | network.models.trainer:fit:384 - 2021-03-02 16:56:46.889966 Epoch [125/125], with lr = 8e-05, Step [0050/0050],                        [loss_record5: 0.3264]
2021-03-02 16:56:47.632 | INFO     | network.models.trainer:fit:405 - [Saving Snapshot:]/home/admin_mcn/hung/polyp_segmentation/snapshots/TransUnet/PraNetDG-fold3-125.pth
2021-03-02 16:57:06.635 | INFO     | network.models.trainer:fit:384 - 2021-03-02 16:57:06.634907 Epoch [126/126], with lr = 8e-05, Step [0025/0050],                        [loss_record5: 0.3127]
2021-03-02 16:57:25.549 | INFO     | network.models.trainer:fit:384 - 2021-03-02 16:57:25.549392 Epoch [126/126], with lr = 8e-05, Step [0050/0050],                        [loss_record5: 0.3095]
2021-03-02 16:57:44.517 | INFO     | network.models.trainer:fit:384 - 2021-03-02 16:57:44.517573 Epoch [127/127], with lr = 8e-05, Step [0025/0050],                        [loss_record5: 0.2834]
2021-03-02 16:58:03.370 | INFO     | network.models.trainer:fit:384 - 2021-03-02 16:58:03.370343 Epoch [127/127], with lr = 8e-05, Step [0050/0050],                        [loss_record5: 0.2850]
2021-03-02 16:58:22.026 | INFO     | network.models.trainer:fit:384 - 2021-03-02 16:58:22.026406 Epoch [128/128], with lr = 8e-05, Step [0025/0050],                        [loss_record5: 0.2970]
2021-03-02 16:58:40.966 | INFO     | network.models.trainer:fit:384 - 2021-03-02 16:58:40.966582 Epoch [128/128], with lr = 8e-05, Step [0050/0050],                        [loss_record5: 0.3023]
2021-03-02 16:58:41.700 | INFO     | network.models.trainer:fit:405 - [Saving Snapshot:]/home/admin_mcn/hung/polyp_segmentation/snapshots/TransUnet/PraNetDG-fold3-128.pth
2021-03-02 16:59:00.494 | INFO     | network.models.trainer:fit:384 - 2021-03-02 16:59:00.494084 Epoch [129/129], with lr = 8e-05, Step [0025/0050],                        [loss_record5: 0.3306]
2021-03-02 16:59:19.221 | INFO     | network.models.trainer:fit:384 - 2021-03-02 16:59:19.221218 Epoch [129/129], with lr = 8e-05, Step [0050/0050],                        [loss_record5: 0.3347]
2021-03-02 16:59:38.094 | INFO     | network.models.trainer:fit:384 - 2021-03-02 16:59:38.094565 Epoch [130/130], with lr = 8e-05, Step [0025/0050],                        [loss_record5: 0.3005]
2021-03-02 16:59:56.960 | INFO     | network.models.trainer:fit:384 - 2021-03-02 16:59:56.960133 Epoch [130/130], with lr = 8e-05, Step [0050/0050],                        [loss_record5: 0.2862]
2021-03-02 17:00:15.722 | INFO     | network.models.trainer:fit:384 - 2021-03-02 17:00:15.722553 Epoch [131/131], with lr = 8e-05, Step [0025/0050],                        [loss_record5: 0.2990]
2021-03-02 17:00:34.787 | INFO     | network.models.trainer:fit:384 - 2021-03-02 17:00:34.786915 Epoch [131/131], with lr = 8e-05, Step [0050/0050],                        [loss_record5: 0.3044]
2021-03-02 17:00:35.517 | INFO     | network.models.trainer:fit:405 - [Saving Snapshot:]/home/admin_mcn/hung/polyp_segmentation/snapshots/TransUnet/PraNetDG-fold3-131.pth
2021-03-02 17:00:54.255 | INFO     | network.models.trainer:fit:384 - 2021-03-02 17:00:54.255694 Epoch [132/132], with lr = 8e-05, Step [0025/0050],                        [loss_record5: 0.2434]
2021-03-02 17:01:13.089 | INFO     | network.models.trainer:fit:384 - 2021-03-02 17:01:13.089206 Epoch [132/132], with lr = 8e-05, Step [0050/0050],                        [loss_record5: 0.2882]
2021-03-02 17:01:31.995 | INFO     | network.models.trainer:fit:384 - 2021-03-02 17:01:31.994834 Epoch [133/133], with lr = 8e-05, Step [0025/0050],                        [loss_record5: 0.2979]
2021-03-02 17:01:50.802 | INFO     | network.models.trainer:fit:384 - 2021-03-02 17:01:50.801996 Epoch [133/133], with lr = 8e-05, Step [0050/0050],                        [loss_record5: 0.2815]
2021-03-02 17:02:09.741 | INFO     | network.models.trainer:fit:384 - 2021-03-02 17:02:09.740953 Epoch [134/134], with lr = 8e-05, Step [0025/0050],                        [loss_record5: 0.2763]
2021-03-02 17:02:28.608 | INFO     | network.models.trainer:fit:384 - 2021-03-02 17:02:28.608423 Epoch [134/134], with lr = 8e-05, Step [0050/0050],                        [loss_record5: 0.3039]
2021-03-02 17:02:29.331 | INFO     | network.models.trainer:fit:405 - [Saving Snapshot:]/home/admin_mcn/hung/polyp_segmentation/snapshots/TransUnet/PraNetDG-fold3-134.pth
2021-03-02 17:02:48.157 | INFO     | network.models.trainer:fit:384 - 2021-03-02 17:02:48.156907 Epoch [135/135], with lr = 8e-05, Step [0025/0050],                        [loss_record5: 0.2856]
2021-03-02 17:03:06.894 | INFO     | network.models.trainer:fit:384 - 2021-03-02 17:03:06.894212 Epoch [135/135], with lr = 8e-05, Step [0050/0050],                        [loss_record5: 0.2647]
2021-03-02 17:03:25.716 | INFO     | network.models.trainer:fit:384 - 2021-03-02 17:03:25.715859 Epoch [136/136], with lr = 8e-05, Step [0025/0050],                        [loss_record5: 0.3070]
2021-03-02 17:03:44.472 | INFO     | network.models.trainer:fit:384 - 2021-03-02 17:03:44.472122 Epoch [136/136], with lr = 8e-05, Step [0050/0050],                        [loss_record5: 0.2675]
2021-03-02 17:04:03.314 | INFO     | network.models.trainer:fit:384 - 2021-03-02 17:04:03.314276 Epoch [137/137], with lr = 8e-05, Step [0025/0050],                        [loss_record5: 0.2972]
2021-03-02 17:04:22.244 | INFO     | network.models.trainer:fit:384 - 2021-03-02 17:04:22.244576 Epoch [137/137], with lr = 8e-05, Step [0050/0050],                        [loss_record5: 0.2818]
2021-03-02 17:04:22.982 | INFO     | network.models.trainer:fit:405 - [Saving Snapshot:]/home/admin_mcn/hung/polyp_segmentation/snapshots/TransUnet/PraNetDG-fold3-137.pth
2021-03-02 17:04:41.806 | INFO     | network.models.trainer:fit:384 - 2021-03-02 17:04:41.806504 Epoch [138/138], with lr = 8e-05, Step [0025/0050],                        [loss_record5: 0.2670]
2021-03-02 17:05:00.716 | INFO     | network.models.trainer:fit:384 - 2021-03-02 17:05:00.716470 Epoch [138/138], with lr = 8e-05, Step [0050/0050],                        [loss_record5: 0.2613]
2021-03-02 17:05:19.511 | INFO     | network.models.trainer:fit:384 - 2021-03-02 17:05:19.511090 Epoch [139/139], with lr = 8e-05, Step [0025/0050],                        [loss_record5: 0.2830]
2021-03-02 17:05:38.448 | INFO     | network.models.trainer:fit:384 - 2021-03-02 17:05:38.447948 Epoch [139/139], with lr = 8e-05, Step [0050/0050],                        [loss_record5: 0.2920]
2021-03-02 17:05:57.402 | INFO     | network.models.trainer:fit:384 - 2021-03-02 17:05:57.402271 Epoch [140/140], with lr = 8e-05, Step [0025/0050],                        [loss_record5: 0.3024]
2021-03-02 17:06:16.241 | INFO     | network.models.trainer:fit:384 - 2021-03-02 17:06:16.241290 Epoch [140/140], with lr = 8e-05, Step [0050/0050],                        [loss_record5: 0.3175]
2021-03-02 17:06:16.975 | INFO     | network.models.trainer:fit:405 - [Saving Snapshot:]/home/admin_mcn/hung/polyp_segmentation/snapshots/TransUnet/PraNetDG-fold3-140.pth
2021-03-02 17:06:35.817 | INFO     | network.models.trainer:fit:384 - 2021-03-02 17:06:35.816829 Epoch [141/141], with lr = 8e-05, Step [0025/0050],                        [loss_record5: 0.2818]
2021-03-02 17:06:54.785 | INFO     | network.models.trainer:fit:384 - 2021-03-02 17:06:54.785640 Epoch [141/141], with lr = 8e-05, Step [0050/0050],                        [loss_record5: 0.3028]
2021-03-02 17:07:13.608 | INFO     | network.models.trainer:fit:384 - 2021-03-02 17:07:13.608211 Epoch [142/142], with lr = 8e-05, Step [0025/0050],                        [loss_record5: 0.2777]
2021-03-02 17:07:32.442 | INFO     | network.models.trainer:fit:384 - 2021-03-02 17:07:32.441964 Epoch [142/142], with lr = 8e-05, Step [0050/0050],                        [loss_record5: 0.2747]
2021-03-02 17:07:51.200 | INFO     | network.models.trainer:fit:384 - 2021-03-02 17:07:51.200284 Epoch [143/143], with lr = 8e-05, Step [0025/0050],                        [loss_record5: 0.2911]
2021-03-02 17:08:10.221 | INFO     | network.models.trainer:fit:384 - 2021-03-02 17:08:10.221187 Epoch [143/143], with lr = 8e-05, Step [0050/0050],                        [loss_record5: 0.2897]
2021-03-02 17:08:10.955 | INFO     | network.models.trainer:fit:405 - [Saving Snapshot:]/home/admin_mcn/hung/polyp_segmentation/snapshots/TransUnet/PraNetDG-fold3-143.pth
2021-03-02 17:08:29.766 | INFO     | network.models.trainer:fit:384 - 2021-03-02 17:08:29.766435 Epoch [144/144], with lr = 8e-05, Step [0025/0050],                        [loss_record5: 0.2885]
2021-03-02 17:08:48.538 | INFO     | network.models.trainer:fit:384 - 2021-03-02 17:08:48.538509 Epoch [144/144], with lr = 8e-05, Step [0050/0050],                        [loss_record5: 0.2724]
2021-03-02 17:09:07.274 | INFO     | network.models.trainer:fit:384 - 2021-03-02 17:09:07.274220 Epoch [145/145], with lr = 8e-05, Step [0025/0050],                        [loss_record5: 0.3007]
2021-03-02 17:09:25.990 | INFO     | network.models.trainer:fit:384 - 2021-03-02 17:09:25.990017 Epoch [145/145], with lr = 8e-05, Step [0050/0050],                        [loss_record5: 0.2806]
2021-03-02 17:09:44.713 | INFO     | network.models.trainer:fit:384 - 2021-03-02 17:09:44.713497 Epoch [146/146], with lr = 8e-05, Step [0025/0050],                        [loss_record5: 0.2576]
2021-03-02 17:10:03.585 | INFO     | network.models.trainer:fit:384 - 2021-03-02 17:10:03.584879 Epoch [146/146], with lr = 8e-05, Step [0050/0050],                        [loss_record5: 0.2574]
2021-03-02 17:10:04.308 | INFO     | network.models.trainer:fit:405 - [Saving Snapshot:]/home/admin_mcn/hung/polyp_segmentation/snapshots/TransUnet/PraNetDG-fold3-146.pth
2021-03-02 17:10:23.172 | INFO     | network.models.trainer:fit:384 - 2021-03-02 17:10:23.172634 Epoch [147/147], with lr = 8e-05, Step [0025/0050],                        [loss_record5: 0.2754]
2021-03-02 17:10:41.879 | INFO     | network.models.trainer:fit:384 - 2021-03-02 17:10:41.879071 Epoch [147/147], with lr = 8e-05, Step [0050/0050],                        [loss_record5: 0.2832]
2021-03-02 17:11:00.683 | INFO     | network.models.trainer:fit:384 - 2021-03-02 17:11:00.682893 Epoch [148/148], with lr = 8e-05, Step [0025/0050],                        [loss_record5: 0.2897]
2021-03-02 17:11:19.588 | INFO     | network.models.trainer:fit:384 - 2021-03-02 17:11:19.587960 Epoch [148/148], with lr = 8e-05, Step [0050/0050],                        [loss_record5: 0.3005]
2021-03-02 17:11:38.301 | INFO     | network.models.trainer:fit:384 - 2021-03-02 17:11:38.300975 Epoch [149/149], with lr = 8e-05, Step [0025/0050],                        [loss_record5: 0.2484]
2021-03-02 17:11:57.234 | INFO     | network.models.trainer:fit:384 - 2021-03-02 17:11:57.233850 Epoch [149/149], with lr = 8e-05, Step [0050/0050],                        [loss_record5: 0.3255]
2021-03-02 17:11:57.955 | INFO     | network.models.trainer:fit:405 - [Saving Snapshot:]/home/admin_mcn/hung/polyp_segmentation/snapshots/TransUnet/PraNetDG-fold3-149.pth
2021-03-02 17:12:16.796 | INFO     | network.models.trainer:fit:384 - 2021-03-02 17:12:16.795837 Epoch [150/150], with lr = 8e-05, Step [0025/0050],                        [loss_record5: 0.3379]
2021-03-02 17:12:35.651 | INFO     | network.models.trainer:fit:384 - 2021-03-02 17:12:35.651635 Epoch [150/150], with lr = 8e-05, Step [0050/0050],                        [loss_record5: 0.3387]
2021-03-02 17:12:54.411 | INFO     | network.models.trainer:fit:384 - 2021-03-02 17:12:54.411326 Epoch [151/151], with lr = 8e-05, Step [0025/0050],                        [loss_record5: 0.2864]
2021-03-02 17:13:13.284 | INFO     | network.models.trainer:fit:384 - 2021-03-02 17:13:13.284660 Epoch [151/151], with lr = 8e-05, Step [0050/0050],                        [loss_record5: 0.2991]
2021-03-02 17:13:32.127 | INFO     | network.models.trainer:fit:384 - 2021-03-02 17:13:32.127102 Epoch [152/152], with lr = 8e-05, Step [0025/0050],                        [loss_record5: 0.3005]
2021-03-02 17:13:51.054 | INFO     | network.models.trainer:fit:384 - 2021-03-02 17:13:51.053705 Epoch [152/152], with lr = 8e-05, Step [0050/0050],                        [loss_record5: 0.3130]
2021-03-02 17:13:51.772 | INFO     | network.models.trainer:fit:405 - [Saving Snapshot:]/home/admin_mcn/hung/polyp_segmentation/snapshots/TransUnet/PraNetDG-fold3-152.pth
2021-03-02 17:14:10.536 | INFO     | network.models.trainer:fit:384 - 2021-03-02 17:14:10.536003 Epoch [153/153], with lr = 8e-05, Step [0025/0050],                        [loss_record5: 0.2568]
2021-03-02 17:14:29.347 | INFO     | network.models.trainer:fit:384 - 2021-03-02 17:14:29.347478 Epoch [153/153], with lr = 8e-05, Step [0050/0050],                        [loss_record5: 0.2470]
2021-03-02 17:14:48.182 | INFO     | network.models.trainer:fit:384 - 2021-03-02 17:14:48.182242 Epoch [154/154], with lr = 8e-05, Step [0025/0050],                        [loss_record5: 0.2642]
2021-03-02 17:15:06.977 | INFO     | network.models.trainer:fit:384 - 2021-03-02 17:15:06.977616 Epoch [154/154], with lr = 8e-05, Step [0050/0050],                        [loss_record5: 0.2718]
2021-03-02 17:15:25.820 | INFO     | network.models.trainer:fit:384 - 2021-03-02 17:15:25.820322 Epoch [155/155], with lr = 8e-05, Step [0025/0050],                        [loss_record5: 0.2953]
2021-03-02 17:15:44.777 | INFO     | network.models.trainer:fit:384 - 2021-03-02 17:15:44.777712 Epoch [155/155], with lr = 8e-05, Step [0050/0050],                        [loss_record5: 0.2875]
2021-03-02 17:15:45.503 | INFO     | network.models.trainer:fit:405 - [Saving Snapshot:]/home/admin_mcn/hung/polyp_segmentation/snapshots/TransUnet/PraNetDG-fold3-155.pth
2021-03-02 17:16:04.197 | INFO     | network.models.trainer:fit:384 - 2021-03-02 17:16:04.197411 Epoch [156/156], with lr = 8e-05, Step [0025/0050],                        [loss_record5: 0.2855]
2021-03-02 17:16:23.043 | INFO     | network.models.trainer:fit:384 - 2021-03-02 17:16:23.043616 Epoch [156/156], with lr = 8e-05, Step [0050/0050],                        [loss_record5: 0.2499]
2021-03-02 17:16:41.971 | INFO     | network.models.trainer:fit:384 - 2021-03-02 17:16:41.970889 Epoch [157/157], with lr = 8e-05, Step [0025/0050],                        [loss_record5: 0.2692]
2021-03-02 17:17:00.831 | INFO     | network.models.trainer:fit:384 - 2021-03-02 17:17:00.831484 Epoch [157/157], with lr = 8e-05, Step [0050/0050],                        [loss_record5: 0.2972]
2021-03-02 17:17:19.752 | INFO     | network.models.trainer:fit:384 - 2021-03-02 17:17:19.751872 Epoch [158/158], with lr = 8e-05, Step [0025/0050],                        [loss_record5: 0.3625]
2021-03-02 17:17:38.505 | INFO     | network.models.trainer:fit:384 - 2021-03-02 17:17:38.504775 Epoch [158/158], with lr = 8e-05, Step [0050/0050],                        [loss_record5: 0.3363]
2021-03-02 17:17:39.231 | INFO     | network.models.trainer:fit:405 - [Saving Snapshot:]/home/admin_mcn/hung/polyp_segmentation/snapshots/TransUnet/PraNetDG-fold3-158.pth
2021-03-02 17:17:58.142 | INFO     | network.models.trainer:fit:384 - 2021-03-02 17:17:58.141968 Epoch [159/159], with lr = 8e-05, Step [0025/0050],                        [loss_record5: 0.2862]
2021-03-02 17:18:17.001 | INFO     | network.models.trainer:fit:384 - 2021-03-02 17:18:17.001273 Epoch [159/159], with lr = 8e-05, Step [0050/0050],                        [loss_record5: 0.2750]
2021-03-02 17:18:35.786 | INFO     | network.models.trainer:fit:384 - 2021-03-02 17:18:35.786030 Epoch [160/160], with lr = 8e-05, Step [0025/0050],                        [loss_record5: 0.2488]
2021-03-02 17:18:54.731 | INFO     | network.models.trainer:fit:384 - 2021-03-02 17:18:54.731516 Epoch [160/160], with lr = 8e-05, Step [0050/0050],                        [loss_record5: 0.2649]
2021-03-02 17:19:13.490 | INFO     | network.models.trainer:fit:384 - 2021-03-02 17:19:13.490636 Epoch [161/161], with lr = 8e-05, Step [0025/0050],                        [loss_record5: 0.2870]
2021-03-02 17:19:32.331 | INFO     | network.models.trainer:fit:384 - 2021-03-02 17:19:32.331458 Epoch [161/161], with lr = 8e-05, Step [0050/0050],                        [loss_record5: 0.2891]
2021-03-02 17:19:33.043 | INFO     | network.models.trainer:fit:405 - [Saving Snapshot:]/home/admin_mcn/hung/polyp_segmentation/snapshots/TransUnet/PraNetDG-fold3-161.pth
2021-03-02 17:19:51.767 | INFO     | network.models.trainer:fit:384 - 2021-03-02 17:19:51.767187 Epoch [162/162], with lr = 8e-05, Step [0025/0050],                        [loss_record5: 0.2797]
2021-03-02 17:20:10.700 | INFO     | network.models.trainer:fit:384 - 2021-03-02 17:20:10.699927 Epoch [162/162], with lr = 8e-05, Step [0050/0050],                        [loss_record5: 0.2695]
2021-03-02 17:20:29.753 | INFO     | network.models.trainer:fit:384 - 2021-03-02 17:20:29.752886 Epoch [163/163], with lr = 8e-05, Step [0025/0050],                        [loss_record5: 0.2892]
2021-03-02 17:20:48.384 | INFO     | network.models.trainer:fit:384 - 2021-03-02 17:20:48.384443 Epoch [163/163], with lr = 8e-05, Step [0050/0050],                        [loss_record5: 0.2781]
2021-03-02 17:21:07.024 | INFO     | network.models.trainer:fit:384 - 2021-03-02 17:21:07.024074 Epoch [164/164], with lr = 8e-05, Step [0025/0050],                        [loss_record5: 0.3059]
2021-03-02 17:21:25.932 | INFO     | network.models.trainer:fit:384 - 2021-03-02 17:21:25.932289 Epoch [164/164], with lr = 8e-05, Step [0050/0050],                        [loss_record5: 0.5027]
2021-03-02 17:21:26.641 | INFO     | network.models.trainer:fit:405 - [Saving Snapshot:]/home/admin_mcn/hung/polyp_segmentation/snapshots/TransUnet/PraNetDG-fold3-164.pth
2021-03-02 17:21:45.430 | INFO     | network.models.trainer:fit:384 - 2021-03-02 17:21:45.430213 Epoch [165/165], with lr = 8e-05, Step [0025/0050],                        [loss_record5: 0.5108]
2021-03-02 17:22:04.359 | INFO     | network.models.trainer:fit:384 - 2021-03-02 17:22:04.359385 Epoch [165/165], with lr = 8e-05, Step [0050/0050],                        [loss_record5: 0.4402]
2021-03-02 17:22:23.234 | INFO     | network.models.trainer:fit:384 - 2021-03-02 17:22:23.233771 Epoch [166/166], with lr = 8e-05, Step [0025/0050],                        [loss_record5: 0.4062]
2021-03-02 17:22:42.062 | INFO     | network.models.trainer:fit:384 - 2021-03-02 17:22:42.061746 Epoch [166/166], with lr = 8e-05, Step [0050/0050],                        [loss_record5: 0.4014]
2021-03-02 17:23:00.793 | INFO     | network.models.trainer:fit:384 - 2021-03-02 17:23:00.793448 Epoch [167/167], with lr = 8e-05, Step [0025/0050],                        [loss_record5: 0.3687]
2021-03-02 17:23:19.678 | INFO     | network.models.trainer:fit:384 - 2021-03-02 17:23:19.678578 Epoch [167/167], with lr = 8e-05, Step [0050/0050],                        [loss_record5: 0.3298]
2021-03-02 17:23:20.400 | INFO     | network.models.trainer:fit:405 - [Saving Snapshot:]/home/admin_mcn/hung/polyp_segmentation/snapshots/TransUnet/PraNetDG-fold3-167.pth
2021-03-02 17:23:39.121 | INFO     | network.models.trainer:fit:384 - 2021-03-02 17:23:39.121476 Epoch [168/168], with lr = 8e-05, Step [0025/0050],                        [loss_record5: 0.3560]
2021-03-02 17:23:58.206 | INFO     | network.models.trainer:fit:384 - 2021-03-02 17:23:58.205893 Epoch [168/168], with lr = 8e-05, Step [0050/0050],                        [loss_record5: 0.3174]
2021-03-02 17:24:17.201 | INFO     | network.models.trainer:fit:384 - 2021-03-02 17:24:17.200773 Epoch [169/169], with lr = 8e-05, Step [0025/0050],                        [loss_record5: 0.3158]
2021-03-02 17:24:36.082 | INFO     | network.models.trainer:fit:384 - 2021-03-02 17:24:36.081917 Epoch [169/169], with lr = 8e-05, Step [0050/0050],                        [loss_record5: 0.3068]
2021-03-02 17:24:55.071 | INFO     | network.models.trainer:fit:384 - 2021-03-02 17:24:55.070836 Epoch [170/170], with lr = 8e-05, Step [0025/0050],                        [loss_record5: 0.3184]
2021-03-02 17:25:13.826 | INFO     | network.models.trainer:fit:384 - 2021-03-02 17:25:13.826045 Epoch [170/170], with lr = 8e-05, Step [0050/0050],                        [loss_record5: 0.2971]
2021-03-02 17:25:14.538 | INFO     | network.models.trainer:fit:405 - [Saving Snapshot:]/home/admin_mcn/hung/polyp_segmentation/snapshots/TransUnet/PraNetDG-fold3-170.pth
2021-03-02 17:25:33.437 | INFO     | network.models.trainer:fit:384 - 2021-03-02 17:25:33.437314 Epoch [171/171], with lr = 8e-05, Step [0025/0050],                        [loss_record5: 0.2655]
2021-03-02 17:25:52.335 | INFO     | network.models.trainer:fit:384 - 2021-03-02 17:25:52.335136 Epoch [171/171], with lr = 8e-05, Step [0050/0050],                        [loss_record5: 0.2761]
2021-03-02 17:26:11.330 | INFO     | network.models.trainer:fit:384 - 2021-03-02 17:26:11.329918 Epoch [172/172], with lr = 8e-05, Step [0025/0050],                        [loss_record5: 0.3085]
2021-03-02 17:26:30.096 | INFO     | network.models.trainer:fit:384 - 2021-03-02 17:26:30.096078 Epoch [172/172], with lr = 8e-05, Step [0050/0050],                        [loss_record5: 0.3031]
2021-03-02 17:26:48.873 | INFO     | network.models.trainer:fit:384 - 2021-03-02 17:26:48.872960 Epoch [173/173], with lr = 8e-05, Step [0025/0050],                        [loss_record5: 0.3079]
2021-03-02 17:27:07.739 | INFO     | network.models.trainer:fit:384 - 2021-03-02 17:27:07.739601 Epoch [173/173], with lr = 8e-05, Step [0050/0050],                        [loss_record5: 0.2868]
2021-03-02 17:27:08.457 | INFO     | network.models.trainer:fit:405 - [Saving Snapshot:]/home/admin_mcn/hung/polyp_segmentation/snapshots/TransUnet/PraNetDG-fold3-173.pth
2021-03-02 17:27:27.473 | INFO     | network.models.trainer:fit:384 - 2021-03-02 17:27:27.473609 Epoch [174/174], with lr = 8e-05, Step [0025/0050],                        [loss_record5: 0.3176]
2021-03-02 17:27:46.403 | INFO     | network.models.trainer:fit:384 - 2021-03-02 17:27:46.403386 Epoch [174/174], with lr = 8e-05, Step [0050/0050],                        [loss_record5: 0.3229]
2021-03-02 17:28:05.236 | INFO     | network.models.trainer:fit:384 - 2021-03-02 17:28:05.236175 Epoch [175/175], with lr = 8e-05, Step [0025/0050],                        [loss_record5: 0.2917]
2021-03-02 17:28:24.108 | INFO     | network.models.trainer:fit:384 - 2021-03-02 17:28:24.108736 Epoch [175/175], with lr = 8e-05, Step [0050/0050],                        [loss_record5: 0.2953]
2021-03-02 17:28:42.918 | INFO     | network.models.trainer:fit:384 - 2021-03-02 17:28:42.918346 Epoch [176/176], with lr = 8e-05, Step [0025/0050],                        [loss_record5: 0.2609]
2021-03-02 17:29:01.664 | INFO     | network.models.trainer:fit:384 - 2021-03-02 17:29:01.664350 Epoch [176/176], with lr = 8e-05, Step [0050/0050],                        [loss_record5: 0.2840]
2021-03-02 17:29:02.372 | INFO     | network.models.trainer:fit:405 - [Saving Snapshot:]/home/admin_mcn/hung/polyp_segmentation/snapshots/TransUnet/PraNetDG-fold3-176.pth
2021-03-02 17:29:21.311 | INFO     | network.models.trainer:fit:384 - 2021-03-02 17:29:21.310846 Epoch [177/177], with lr = 8e-05, Step [0025/0050],                        [loss_record5: 0.2777]
2021-03-02 17:29:40.217 | INFO     | network.models.trainer:fit:384 - 2021-03-02 17:29:40.216845 Epoch [177/177], with lr = 8e-05, Step [0050/0050],                        [loss_record5: 0.2951]
2021-03-02 17:29:59.019 | INFO     | network.models.trainer:fit:384 - 2021-03-02 17:29:59.019692 Epoch [178/178], with lr = 8e-05, Step [0025/0050],                        [loss_record5: 0.2984]
2021-03-02 17:30:18.041 | INFO     | network.models.trainer:fit:384 - 2021-03-02 17:30:18.041596 Epoch [178/178], with lr = 8e-05, Step [0050/0050],                        [loss_record5: 0.2943]
2021-03-02 17:30:36.892 | INFO     | network.models.trainer:fit:384 - 2021-03-02 17:30:36.892062 Epoch [179/179], with lr = 8e-05, Step [0025/0050],                        [loss_record5: 0.2878]
2021-03-02 17:30:55.828 | INFO     | network.models.trainer:fit:384 - 2021-03-02 17:30:55.828205 Epoch [179/179], with lr = 8e-05, Step [0050/0050],                        [loss_record5: 0.2841]
2021-03-02 17:30:56.533 | INFO     | network.models.trainer:fit:405 - [Saving Snapshot:]/home/admin_mcn/hung/polyp_segmentation/snapshots/TransUnet/PraNetDG-fold3-179.pth
2021-03-02 17:31:15.482 | INFO     | network.models.trainer:fit:384 - 2021-03-02 17:31:15.481783 Epoch [180/180], with lr = 8e-05, Step [0025/0050],                        [loss_record5: 0.2650]
2021-03-02 17:31:34.265 | INFO     | network.models.trainer:fit:384 - 2021-03-02 17:31:34.265341 Epoch [180/180], with lr = 8e-05, Step [0050/0050],                        [loss_record5: 0.2721]
2021-03-02 17:31:53.076 | INFO     | network.models.trainer:fit:384 - 2021-03-02 17:31:53.076625 Epoch [181/181], with lr = 8e-05, Step [0025/0050],                        [loss_record5: 0.2511]
2021-03-02 17:32:11.989 | INFO     | network.models.trainer:fit:384 - 2021-03-02 17:32:11.989316 Epoch [181/181], with lr = 8e-05, Step [0050/0050],                        [loss_record5: 0.2452]
2021-03-02 17:32:31.001 | INFO     | network.models.trainer:fit:384 - 2021-03-02 17:32:31.001496 Epoch [182/182], with lr = 8e-05, Step [0025/0050],                        [loss_record5: 0.2870]
2021-03-02 17:32:49.799 | INFO     | network.models.trainer:fit:384 - 2021-03-02 17:32:49.799088 Epoch [182/182], with lr = 8e-05, Step [0050/0050],                        [loss_record5: 0.2774]
2021-03-02 17:32:50.505 | INFO     | network.models.trainer:fit:405 - [Saving Snapshot:]/home/admin_mcn/hung/polyp_segmentation/snapshots/TransUnet/PraNetDG-fold3-182.pth
2021-03-02 17:33:09.364 | INFO     | network.models.trainer:fit:384 - 2021-03-02 17:33:09.364654 Epoch [183/183], with lr = 8e-05, Step [0025/0050],                        [loss_record5: 0.2595]
2021-03-02 17:33:28.210 | INFO     | network.models.trainer:fit:384 - 2021-03-02 17:33:28.210231 Epoch [183/183], with lr = 8e-05, Step [0050/0050],                        [loss_record5: 0.2519]
2021-03-02 17:33:47.060 | INFO     | network.models.trainer:fit:384 - 2021-03-02 17:33:47.059761 Epoch [184/184], with lr = 8e-05, Step [0025/0050],                        [loss_record5: 0.2809]
2021-03-02 17:34:05.926 | INFO     | network.models.trainer:fit:384 - 2021-03-02 17:34:05.926040 Epoch [184/184], with lr = 8e-05, Step [0050/0050],                        [loss_record5: 0.2548]
2021-03-02 17:34:24.763 | INFO     | network.models.trainer:fit:384 - 2021-03-02 17:34:24.763566 Epoch [185/185], with lr = 8e-05, Step [0025/0050],                        [loss_record5: 0.2731]
2021-03-02 17:34:43.672 | INFO     | network.models.trainer:fit:384 - 2021-03-02 17:34:43.671868 Epoch [185/185], with lr = 8e-05, Step [0050/0050],                        [loss_record5: 0.3225]
2021-03-02 17:34:44.380 | INFO     | network.models.trainer:fit:405 - [Saving Snapshot:]/home/admin_mcn/hung/polyp_segmentation/snapshots/TransUnet/PraNetDG-fold3-185.pth
2021-03-02 17:35:03.365 | INFO     | network.models.trainer:fit:384 - 2021-03-02 17:35:03.365519 Epoch [186/186], with lr = 8e-05, Step [0025/0050],                        [loss_record5: 0.3031]
2021-03-02 17:35:22.026 | INFO     | network.models.trainer:fit:384 - 2021-03-02 17:35:22.026044 Epoch [186/186], with lr = 8e-05, Step [0050/0050],                        [loss_record5: 0.4460]
2021-03-02 17:35:40.953 | INFO     | network.models.trainer:fit:384 - 2021-03-02 17:35:40.953723 Epoch [187/187], with lr = 8e-05, Step [0025/0050],                        [loss_record5: 0.3723]
2021-03-02 17:35:59.671 | INFO     | network.models.trainer:fit:384 - 2021-03-02 17:35:59.671545 Epoch [187/187], with lr = 8e-05, Step [0050/0050],                        [loss_record5: 0.3741]
2021-03-02 17:36:18.662 | INFO     | network.models.trainer:fit:384 - 2021-03-02 17:36:18.662677 Epoch [188/188], with lr = 8e-05, Step [0025/0050],                        [loss_record5: 0.3299]
2021-03-02 17:36:37.315 | INFO     | network.models.trainer:fit:384 - 2021-03-02 17:36:37.315390 Epoch [188/188], with lr = 8e-05, Step [0050/0050],                        [loss_record5: 0.3291]
2021-03-02 17:36:38.015 | INFO     | network.models.trainer:fit:405 - [Saving Snapshot:]/home/admin_mcn/hung/polyp_segmentation/snapshots/TransUnet/PraNetDG-fold3-188.pth
2021-03-02 17:36:56.827 | INFO     | network.models.trainer:fit:384 - 2021-03-02 17:36:56.827499 Epoch [189/189], with lr = 8e-05, Step [0025/0050],                        [loss_record5: 0.3516]
2021-03-02 17:37:15.651 | INFO     | network.models.trainer:fit:384 - 2021-03-02 17:37:15.651381 Epoch [189/189], with lr = 8e-05, Step [0050/0050],                        [loss_record5: 0.3038]
2021-03-02 17:37:34.564 | INFO     | network.models.trainer:fit:384 - 2021-03-02 17:37:34.564064 Epoch [190/190], with lr = 8e-05, Step [0025/0050],                        [loss_record5: 0.3083]
2021-03-02 17:37:53.389 | INFO     | network.models.trainer:fit:384 - 2021-03-02 17:37:53.389662 Epoch [190/190], with lr = 8e-05, Step [0050/0050],                        [loss_record5: 0.3048]
2021-03-02 17:38:12.204 | INFO     | network.models.trainer:fit:384 - 2021-03-02 17:38:12.204537 Epoch [191/191], with lr = 8e-05, Step [0025/0050],                        [loss_record5: 0.3054]
2021-03-02 17:38:30.939 | INFO     | network.models.trainer:fit:384 - 2021-03-02 17:38:30.939059 Epoch [191/191], with lr = 8e-05, Step [0050/0050],                        [loss_record5: 0.3274]
2021-03-02 17:38:31.638 | INFO     | network.models.trainer:fit:405 - [Saving Snapshot:]/home/admin_mcn/hung/polyp_segmentation/snapshots/TransUnet/PraNetDG-fold3-191.pth
2021-03-02 17:38:50.510 | INFO     | network.models.trainer:fit:384 - 2021-03-02 17:38:50.510503 Epoch [192/192], with lr = 8e-05, Step [0025/0050],                        [loss_record5: 0.3049]
2021-03-02 17:39:09.327 | INFO     | network.models.trainer:fit:384 - 2021-03-02 17:39:09.327426 Epoch [192/192], with lr = 8e-05, Step [0050/0050],                        [loss_record5: 0.2926]
2021-03-02 17:39:28.036 | INFO     | network.models.trainer:fit:384 - 2021-03-02 17:39:28.036455 Epoch [193/193], with lr = 8e-05, Step [0025/0050],                        [loss_record5: 0.2508]
2021-03-02 17:39:46.904 | INFO     | network.models.trainer:fit:384 - 2021-03-02 17:39:46.904110 Epoch [193/193], with lr = 8e-05, Step [0050/0050],                        [loss_record5: 0.2779]
2021-03-02 17:40:05.812 | INFO     | network.models.trainer:fit:384 - 2021-03-02 17:40:05.811908 Epoch [194/194], with lr = 8e-05, Step [0025/0050],                        [loss_record5: 0.2695]
2021-03-02 17:40:24.519 | INFO     | network.models.trainer:fit:384 - 2021-03-02 17:40:24.519380 Epoch [194/194], with lr = 8e-05, Step [0050/0050],                        [loss_record5: 0.3203]
2021-03-02 17:40:25.215 | INFO     | network.models.trainer:fit:405 - [Saving Snapshot:]/home/admin_mcn/hung/polyp_segmentation/snapshots/TransUnet/PraNetDG-fold3-194.pth
2021-03-02 17:40:44.095 | INFO     | network.models.trainer:fit:384 - 2021-03-02 17:40:44.095283 Epoch [195/195], with lr = 8e-05, Step [0025/0050],                        [loss_record5: 0.2858]
2021-03-02 17:41:02.879 | INFO     | network.models.trainer:fit:384 - 2021-03-02 17:41:02.879103 Epoch [195/195], with lr = 8e-05, Step [0050/0050],                        [loss_record5: 0.2912]
2021-03-02 17:41:21.846 | INFO     | network.models.trainer:fit:384 - 2021-03-02 17:41:21.845908 Epoch [196/196], with lr = 8e-05, Step [0025/0050],                        [loss_record5: 0.2533]
2021-03-02 17:41:40.624 | INFO     | network.models.trainer:fit:384 - 2021-03-02 17:41:40.624388 Epoch [196/196], with lr = 8e-05, Step [0050/0050],                        [loss_record5: 0.2691]
2021-03-02 17:41:59.571 | INFO     | network.models.trainer:fit:384 - 2021-03-02 17:41:59.571652 Epoch [197/197], with lr = 8e-05, Step [0025/0050],                        [loss_record5: 0.3113]
2021-03-02 17:42:18.291 | INFO     | network.models.trainer:fit:384 - 2021-03-02 17:42:18.290756 Epoch [197/197], with lr = 8e-05, Step [0050/0050],                        [loss_record5: 0.2985]
2021-03-02 17:42:18.989 | INFO     | network.models.trainer:fit:405 - [Saving Snapshot:]/home/admin_mcn/hung/polyp_segmentation/snapshots/TransUnet/PraNetDG-fold3-197.pth
2021-03-02 17:42:37.893 | INFO     | network.models.trainer:fit:384 - 2021-03-02 17:42:37.893262 Epoch [198/198], with lr = 8e-05, Step [0025/0050],                        [loss_record5: 0.2681]
2021-03-02 17:42:56.641 | INFO     | network.models.trainer:fit:384 - 2021-03-02 17:42:56.641231 Epoch [198/198], with lr = 8e-05, Step [0050/0050],                        [loss_record5: 0.2882]
2021-03-02 17:43:15.469 | INFO     | network.models.trainer:fit:384 - 2021-03-02 17:43:15.469040 Epoch [199/199], with lr = 8e-05, Step [0025/0050],                        [loss_record5: 0.2872]
2021-03-02 17:43:34.339 | INFO     | network.models.trainer:fit:384 - 2021-03-02 17:43:34.339277 Epoch [199/199], with lr = 8e-05, Step [0050/0050],                        [loss_record5: 0.2597]
2021-03-02 17:43:34.339 | INFO     | network.models.trainer:fit:415 - Training cost: 7658.706914937007seconds
